Log file open, 11/02/20 17:06:02
LogInit: Display: Running engine for game: CoopGame
LogPlatformFile: Not using cached read wrapper
LogTaskGraph: Started task graph with 5 named threads and 20 total threads with 3 sets of task threads.
LogStats: Stats thread started at 0.204832
LogD3D11RHI: Loaded GFSDK_Aftermath_Lib.x64.dll
LogICUInternationalization: ICU TimeZone Detection - Raw Offset: +9:00, Platform Override: ''
LogPluginManager: Mounting plugin Paper2D
LogPluginManager: Mounting plugin AISupport
LogPluginManager: Mounting plugin LightPropagationVolume
LogPluginManager: Mounting plugin CameraShakePreviewer
LogPluginManager: Mounting plugin ActorLayerUtilities
LogPluginManager: Mounting plugin AnimationSharing
LogPluginManager: Mounting plugin CLionSourceCodeAccess
LogPluginManager: Mounting plugin CodeLiteSourceCodeAccess
LogPluginManager: Mounting plugin GitSourceControl
LogPluginManager: Mounting plugin KDevelopSourceCodeAccess
LogPluginManager: Mounting plugin NullSourceCodeAccess
LogPluginManager: Mounting plugin PerforceSourceControl
LogPluginManager: Mounting plugin PlasticSourceControl
LogPluginManager: Mounting plugin RiderSourceCodeAccess
LogPluginManager: Mounting plugin SubversionSourceControl
LogPluginManager: Mounting plugin UObjectPlugin
LogPluginManager: Mounting plugin VisualStudioCodeSourceCodeAccess
LogPluginManager: Mounting plugin VisualStudioSourceCodeAccess
LogPluginManager: Mounting plugin XCodeSourceCodeAccess
LogPluginManager: Mounting plugin AssetManagerEditor
LogPluginManager: Mounting plugin CryptoKeys
LogPluginManager: Mounting plugin CurveEditorTools
LogPluginManager: Mounting plugin DataValidation
LogPluginManager: Mounting plugin EditorScriptingUtilities
LogPluginManager: Mounting plugin FacialAnimation
LogPluginManager: Mounting plugin GameplayTagsEditor
LogPluginManager: Mounting plugin GeometryMode
LogPluginManager: Mounting plugin MacGraphicsSwitching
LogPluginManager: Mounting plugin MaterialAnalyzer
LogPluginManager: Mounting plugin MobileLauncherProfileWizard
LogPluginManager: Mounting plugin PluginBrowser
LogPluginManager: Mounting plugin SpeedTreeImporter
LogPluginManager: Mounting plugin DatasmithContent
LogPluginManager: Mounting plugin VariantManagerContent
LogPluginManager: Mounting plugin AlembicImporter
LogPluginManager: Mounting plugin AutomationUtils
LogPluginManager: Mounting plugin BackChannel
LogPluginManager: Mounting plugin ChaosCloth
LogPluginManager: Mounting plugin ChaosClothEditor
LogPluginManager: Mounting plugin ChaosEditor
LogPluginManager: Mounting plugin ChaosNiagara
LogPluginManager: Mounting plugin ChaosSolverPlugin
LogPluginManager: Mounting plugin CharacterAI
LogPluginManager: Mounting plugin GeometryCache
LogPluginManager: Mounting plugin GeometryCollectionPlugin
LogPluginManager: Mounting plugin GeometryProcessing
LogPluginManager: Mounting plugin PlanarCut
LogPluginManager: Mounting plugin PlatformCrypto
LogPluginManager: Mounting plugin ProxyLODPlugin
LogPluginManager: Mounting plugin SkeletalReduction
LogPluginManager: Mounting plugin Niagara
LogPluginManager: Mounting plugin MagicLeap
LogPluginManager: Mounting plugin MagicLeapLightEstimation
LogPluginManager: Mounting plugin MagicLeapMedia
LogPluginManager: Mounting plugin MagicLeapPassableWorld
LogPluginManager: Mounting plugin MLSDK
LogPluginManager: Mounting plugin AndroidMedia
LogPluginManager: Mounting plugin AvfMedia
LogPluginManager: Mounting plugin ImgMedia
LogPluginManager: Mounting plugin MediaCompositing
LogPluginManager: Mounting plugin MediaPlayerEditor
LogPluginManager: Mounting plugin WebMMedia
LogPluginManager: Mounting plugin WmfMedia
LogPluginManager: Mounting plugin MeshPainting
LogPluginManager: Mounting plugin TcpMessaging
LogPluginManager: Mounting plugin UdpMessaging
LogPluginManager: Mounting plugin ActorSequence
LogPluginManager: Mounting plugin LevelSequenceEditor
LogPluginManager: Mounting plugin MatineeToLevelSequence
LogPluginManager: Mounting plugin MovieRenderPipeline
LogPluginManager: Mounting plugin TemplateSequence
LogPluginManager: Mounting plugin NetcodeUnitTest
LogPluginManager: Mounting plugin NUTUnrealEngine4
LogPluginManager: Mounting plugin OnlineSubsystemGooglePlay
LogPluginManager: Mounting plugin OnlineSubsystemIOS
LogPluginManager: Mounting plugin OnlineSubsystem
LogPluginManager: Mounting plugin OnlineSubsystemNull
LogPluginManager: Mounting plugin OnlineSubsystemUtils
LogPluginManager: Mounting plugin LauncherChunkInstaller
LogPluginManager: Mounting plugin AndroidDeviceProfileSelector
LogPluginManager: Mounting plugin AndroidMoviePlayer
LogPluginManager: Mounting plugin AndroidPermission
LogPluginManager: Mounting plugin AppleImageUtils
LogPluginManager: Mounting plugin AppleMoviePlayer
LogPluginManager: Mounting plugin ArchVisCharacter
LogPluginManager: Mounting plugin AssetTags
LogPluginManager: Mounting plugin AudioCapture
LogPluginManager: Mounting plugin CableComponent
LogPluginManager: Mounting plugin CustomMeshComponent
LogPluginManager: Mounting plugin EditableMesh
LogPluginManager: Mounting plugin ExampleDeviceProfileSelector
LogPluginManager: Mounting plugin GoogleCloudMessaging
LogPluginManager: Mounting plugin GooglePAD
LogPluginManager: Mounting plugin IOSDeviceProfileSelector
LogPluginManager: Mounting plugin LinuxDeviceProfileSelector
LogPluginManager: Mounting plugin LocationServicesBPLibrary
LogPluginManager: Mounting plugin MobilePatchingUtils
LogPluginManager: Mounting plugin OculusVR
LogPluginManager: Mounting plugin PhysXVehicles
LogPluginManager: Mounting plugin PostSplashScreen
LogPluginManager: Mounting plugin ProceduralMeshComponent
LogPluginManager: Mounting plugin RuntimePhysXCooking
LogPluginManager: Mounting plugin SignificanceManager
LogPluginManager: Mounting plugin SoundFields
LogPluginManager: Mounting plugin SteamVR
LogPluginManager: Mounting plugin Synthesis
LogPluginManager: Mounting plugin WebMMoviePlayer
LogPluginManager: Mounting plugin WindowsMoviePlayer
LogPluginManager: Mounting plugin ScreenshotTools
LogInit: Using libcurl 7.55.1-DEV
LogInit:  - built for x86_64-pc-win32
LogInit:  - supports SSL with OpenSSL/1.1.1
LogInit:  - supports HTTP deflate (compression) using libz 1.2.8
LogInit:  - other features:
LogInit:      CURL_VERSION_SSL
LogInit:      CURL_VERSION_LIBZ
LogInit:      CURL_VERSION_IPV6
LogInit:      CURL_VERSION_ASYNCHDNS
LogInit:      CURL_VERSION_LARGEFILE
LogInit:      CURL_VERSION_IDN
LogInit:  CurlRequestOptions (configurable via config and command line):
LogInit:  - bVerifyPeer = true  - Libcurl will verify peer certificate
LogInit:  - bUseHttpProxy = false  - Libcurl will NOT use HTTP proxy
LogInit:  - bDontReuseConnections = false  - Libcurl will reuse connections
LogInit:  - MaxHostConnections = 16  - Libcurl will limit the number of connections to a host
LogInit:  - LocalHostAddr = Default
LogInit:  - BufferSize = 65536
LogOnline: OSS: Creating online subsystem instance for: NULL
LogInit: WinSock: version 1.1 (2.2), MaxSocks=32767, MaxUdp=65467
LogOnline: OSS: TryLoadSubsystemAndSetDefault: Loaded subsystem for module [NULL]
LogInit: Build: ++UE4+Release-4.25-CL-14469661
LogInit: Engine Version: 4.25.4-14469661+++UE4+Release-4.25
LogInit: Compatible Engine Version: 4.25.0-13144385+++UE4+Release-4.25
LogInit: Net CL: 13144385
LogInit: OS: Windows 10 (Release 2004) (), CPU: Intel(R) Core(TM) i5-9600KF CPU @ 3.70GHz, GPU: NVIDIA GeForce RTX 2070 SUPER
LogInit: Compiled (64-bit): Oct 11 2020 08:10:49
LogInit: Compiled with Visual C++: 19.24.28315.00
LogInit: Build Configuration: Development
LogInit: Branch Name: ++UE4+Release-4.25
LogInit: Command Line:  -skipcompile
LogInit: Base Directory: C:/Program Files/Epic Games/UE_4.25/Engine/Binaries/Win64/
LogInit: Allocator: TBB
LogInit: Installed Engine Build: 1
LogDevObjectVersion: Number of dev versions registered: 26
LogDevObjectVersion:   Dev-Blueprints (B0D832E4-1F89-4F0D-ACCF-7EB736FD4AA2): 10
LogDevObjectVersion:   Dev-Build (E1C64328-A22C-4D53-A36C-8E866417BD8C): 0
LogDevObjectVersion:   Dev-Core (375EC13C-06E4-48FB-B500-84F0262A717E): 4
LogDevObjectVersion:   Dev-Editor (E4B068ED-F494-42E9-A231-DA0B2E46BB41): 38
LogDevObjectVersion:   Dev-Framework (CFFC743F-43B0-4480-9391-14DF171D2073): 37
LogDevObjectVersion:   Dev-Mobile (B02B49B5-BB20-44E9-A304-32B752E40360): 2
LogDevObjectVersion:   Dev-Networking (A4E4105C-59A1-49B5-A7C5-40C4547EDFEE): 0
LogDevObjectVersion:   Dev-Online (39C831C9-5AE6-47DC-9A44-9C173E1C8E7C): 0
LogDevObjectVersion:   Dev-Physics (78F01B33-EBEA-4F98-B9B4-84EACCB95AA2): 4
LogDevObjectVersion:   Dev-Platform (6631380F-2D4D-43E0-8009-CF276956A95A): 0
LogDevObjectVersion:   Dev-Rendering (12F88B9F-8875-4AFC-A67C-D90C383ABD29): 43
LogDevObjectVersion:   Dev-Sequencer (7B5AE74C-D270-4C10-A958-57980B212A5A): 12
LogDevObjectVersion:   Dev-VR (D7296918-1DD6-4BDD-9DE2-64A83CC13884): 3
LogDevObjectVersion:   Dev-LoadTimes (C2A15278-BFE7-4AFE-6C17-90FF531DF755): 1
LogDevObjectVersion:   Private-Geometry (6EACA3D4-40EC-4CC1-B786-8BED09428FC5): 3
LogDevObjectVersion:   Dev-AnimPhys (29E575DD-E0A3-4627-9D10-D276232CDCEA): 17
LogDevObjectVersion:   Dev-Anim (AF43A65D-7FD3-4947-9873-3E8ED9C1BB05): 7
LogDevObjectVersion:   Dev-ReflectionCapture (6B266CEC-1EC7-4B8F-A30B-E4D90942FC07): 1
LogDevObjectVersion:   Dev-Automation (0DF73D61-A23F-47EA-B727-89E90C41499A): 1
LogDevObjectVersion:   FortniteMain (601D1886-AC64-4F84-AA16-D3DE0DEAC7D6): 31
LogDevObjectVersion:   Dev-Enterprise (9DFFBCD6-494F-0158-E221-12823C92A888): 10
LogDevObjectVersion:   Dev-Niagara (F2AED0AC-9AFE-416F-8664-AA7FFA26D6FC): 1
LogDevObjectVersion:   Dev-Destruction (174F1F0B-B4C6-45A5-B13F-2EE8D0FB917D): 10
LogDevObjectVersion:   Dev-Physics-Ext (35F94A83-E258-406C-A318-09F59610247C): 37
LogDevObjectVersion:   Dev-PhysicsMaterial-Chaos (B68FC16E-8B1B-42E2-B453-215C058844FE): 1
LogDevObjectVersion:   Dev-CineCamera (B2E18506-4273-CFC2-A54E-F4BB758BBA07): 1
LogInit: Presizing for max 25165824 objects, including 0 objects not considered by GC, pre-allocating 0 bytes for permanent pool.
LogConfig: Applying CVar settings from Section [/Script/Engine.StreamingSettings] File [C:/Users/jseon/Desktop/Ue4CoopGame/CoopGame/Saved/Config/Windows/Engine.ini]
LogConfig: Setting CVar [[s.MinBulkDataSizeForAsyncLoading:131072]]
LogConfig: Setting CVar [[s.AsyncLoadingThreadEnabled:0]]
LogConfig: Setting CVar [[s.EventDrivenLoaderEnabled:1]]
LogConfig: Setting CVar [[s.WarnIfTimeLimitExceeded:0]]
LogConfig: Setting CVar [[s.TimeLimitExceededMultiplier:1.5]]
LogConfig: Setting CVar [[s.TimeLimitExceededMinTime:0.005]]
LogConfig: Setting CVar [[s.UseBackgroundLevelStreaming:1]]
LogConfig: Setting CVar [[s.PriorityAsyncLoadingExtraTime:15.0]]
LogConfig: Setting CVar [[s.LevelStreamingActorsUpdateTimeLimit:5.0]]
LogConfig: Setting CVar [[s.PriorityLevelStreamingActorsUpdateExtraTime:5.0]]
LogConfig: Setting CVar [[s.LevelStreamingComponentsRegistrationGranularity:10]]
LogConfig: Setting CVar [[s.UnregisterComponentsTimeLimit:1.0]]
LogConfig: Setting CVar [[s.LevelStreamingComponentsUnregistrationGranularity:5]]
LogConfig: Setting CVar [[s.FlushStreamingOnExit:1]]
LogInit: Object subsystem initialized
LogConfig: Setting CVar [[con.DebugEarlyDefault:1]]
LogConfig: Setting CVar [[r.setres:1280x720]]
[2020.11.02-08.06.03:315][  0]LogConfig: Setting CVar [[r.VSync:0]]
[2020.11.02-08.06.03:315][  0]LogConfig: Setting CVar [[r.RHICmdBypass:0]]
[2020.11.02-08.06.03:315][  0]LogConfig: Applying CVar settings from Section [/Script/Engine.RendererSettings] File [C:/Users/jseon/Desktop/Ue4CoopGame/CoopGame/Saved/Config/Windows/Engine.ini]
[2020.11.02-08.06.03:315][  0]LogConfig: Setting CVar [[r.GPUCrashDebugging:0]]
[2020.11.02-08.06.03:315][  0]LogConfig: Applying CVar settings from Section [/Script/Engine.RendererOverrideSettings] File [C:/Users/jseon/Desktop/Ue4CoopGame/CoopGame/Saved/Config/Windows/Engine.ini]
[2020.11.02-08.06.03:315][  0]LogConfig: Applying CVar settings from Section [/Script/Engine.StreamingSettings] File [C:/Users/jseon/Desktop/Ue4CoopGame/CoopGame/Saved/Config/Windows/Engine.ini]
[2020.11.02-08.06.03:315][  0]LogConfig: Setting CVar [[s.MinBulkDataSizeForAsyncLoading:131072]]
[2020.11.02-08.06.03:315][  0]LogConfig: Setting CVar [[s.AsyncLoadingThreadEnabled:0]]
[2020.11.02-08.06.03:315][  0]LogConfig: Setting CVar [[s.EventDrivenLoaderEnabled:1]]
[2020.11.02-08.06.03:315][  0]LogConfig: Setting CVar [[s.WarnIfTimeLimitExceeded:0]]
[2020.11.02-08.06.03:315][  0]LogConfig: Setting CVar [[s.TimeLimitExceededMultiplier:1.5]]
[2020.11.02-08.06.03:315][  0]LogConfig: Setting CVar [[s.TimeLimitExceededMinTime:0.005]]
[2020.11.02-08.06.03:315][  0]LogConfig: Setting CVar [[s.UseBackgroundLevelStreaming:1]]
[2020.11.02-08.06.03:315][  0]LogConfig: Setting CVar [[s.PriorityAsyncLoadingExtraTime:15.0]]
[2020.11.02-08.06.03:315][  0]LogConfig: Setting CVar [[s.LevelStreamingActorsUpdateTimeLimit:5.0]]
[2020.11.02-08.06.03:315][  0]LogConfig: Setting CVar [[s.PriorityLevelStreamingActorsUpdateExtraTime:5.0]]
[2020.11.02-08.06.03:315][  0]LogConfig: Setting CVar [[s.LevelStreamingComponentsRegistrationGranularity:10]]
[2020.11.02-08.06.03:315][  0]LogConfig: Setting CVar [[s.UnregisterComponentsTimeLimit:1.0]]
[2020.11.02-08.06.03:315][  0]LogConfig: Setting CVar [[s.LevelStreamingComponentsUnregistrationGranularity:5]]
[2020.11.02-08.06.03:315][  0]LogConfig: Setting CVar [[s.FlushStreamingOnExit:1]]
[2020.11.02-08.06.03:315][  0]LogConfig: Applying CVar settings from Section [/Script/Engine.GarbageCollectionSettings] File [C:/Users/jseon/Desktop/Ue4CoopGame/CoopGame/Saved/Config/Windows/Engine.ini]
[2020.11.02-08.06.03:315][  0]LogConfig: Setting CVar [[gc.MaxObjectsNotConsideredByGC:1]]
[2020.11.02-08.06.03:315][  0]LogConfig: Setting CVar [[gc.SizeOfPermanentObjectPool:0]]
[2020.11.02-08.06.03:315][  0]LogConfig: Setting CVar [[gc.FlushStreamingOnGC:0]]
[2020.11.02-08.06.03:315][  0]LogConfig: Setting CVar [[gc.NumRetriesBeforeForcingGC:10]]
[2020.11.02-08.06.03:315][  0]LogConfig: Setting CVar [[gc.AllowParallelGC:1]]
[2020.11.02-08.06.03:315][  0]LogConfig: Setting CVar [[gc.TimeBetweenPurgingPendingKillObjects:61.1]]
[2020.11.02-08.06.03:315][  0]LogConfig: Setting CVar [[gc.MaxObjectsInEditor:25165824]]
[2020.11.02-08.06.03:315][  0]LogConfig: Setting CVar [[gc.IncrementalBeginDestroyEnabled:1]]
[2020.11.02-08.06.03:315][  0]LogConfig: Setting CVar [[gc.CreateGCClusters:1]]
[2020.11.02-08.06.03:315][  0]LogConfig: Setting CVar [[gc.MinGCClusterSize:5]]
[2020.11.02-08.06.03:315][  0]LogConfig: Setting CVar [[gc.ActorClusteringEnabled:0]]
[2020.11.02-08.06.03:315][  0]LogConfig: Setting CVar [[gc.BlueprintClusteringEnabled:0]]
[2020.11.02-08.06.03:315][  0]LogConfig: Setting CVar [[gc.UseDisregardForGCOnDedicatedServers:0]]
[2020.11.02-08.06.03:315][  0]LogConfig: Applying CVar settings from Section [/Script/Engine.NetworkSettings] File [C:/Users/jseon/Desktop/Ue4CoopGame/CoopGame/Saved/Config/Windows/Engine.ini]
[2020.11.02-08.06.03:315][  0]LogConfig: Applying CVar settings from Section [/Script/UnrealEd.CookerSettings] File [C:/Users/jseon/Desktop/Ue4CoopGame/CoopGame/Saved/Config/Windows/Engine.ini]
[2020.11.02-08.06.03:320][  0]LogConfig: Applying CVar settings from Section [ViewDistanceQuality@3] File [C:/Users/jseon/Desktop/Ue4CoopGame/CoopGame/Saved/Config/Windows/Scalability.ini]
[2020.11.02-08.06.03:320][  0]LogConfig: Setting CVar [[r.SkeletalMeshLODBias:0]]
[2020.11.02-08.06.03:320][  0]LogConfig: Setting CVar [[r.ViewDistanceScale:1.0]]
[2020.11.02-08.06.03:320][  0]LogConfig: Applying CVar settings from Section [AntiAliasingQuality@3] File [C:/Users/jseon/Desktop/Ue4CoopGame/CoopGame/Saved/Config/Windows/Scalability.ini]
[2020.11.02-08.06.03:320][  0]LogConfig: Setting CVar [[r.PostProcessAAQuality:4]]
[2020.11.02-08.06.03:320][  0]LogConfig: Applying CVar settings from Section [ShadowQuality@3] File [C:/Users/jseon/Desktop/Ue4CoopGame/CoopGame/Saved/Config/Windows/Scalability.ini]
[2020.11.02-08.06.03:320][  0]LogConfig: Setting CVar [[r.LightFunctionQuality:1]]
[2020.11.02-08.06.03:320][  0]LogConfig: Setting CVar [[r.ShadowQuality:5]]
[2020.11.02-08.06.03:320][  0]LogConfig: Setting CVar [[r.Shadow.CSM.MaxCascades:10]]
[2020.11.02-08.06.03:320][  0]LogConfig: Setting CVar [[r.Shadow.MaxResolution:2048]]
[2020.11.02-08.06.03:320][  0]LogConfig: Setting CVar [[r.Shadow.MaxCSMResolution:2048]]
[2020.11.02-08.06.03:320][  0]LogConfig: Setting CVar [[r.Shadow.RadiusThreshold:0.01]]
[2020.11.02-08.06.03:320][  0]LogConfig: Setting CVar [[r.Shadow.DistanceScale:1.0]]
[2020.11.02-08.06.03:320][  0]LogConfig: Setting CVar [[r.Shadow.CSM.TransitionScale:1.0]]
[2020.11.02-08.06.03:320][  0]LogConfig: Setting CVar [[r.Shadow.PreShadowResolutionFactor:1.0]]
[2020.11.02-08.06.03:320][  0]LogConfig: Setting CVar [[r.DistanceFieldShadowing:1]]
[2020.11.02-08.06.03:320][  0]LogConfig: Setting CVar [[r.DistanceFieldAO:1]]
[2020.11.02-08.06.03:320][  0]LogConfig: Setting CVar [[r.AOQuality:2]]
[2020.11.02-08.06.03:320][  0]LogConfig: Setting CVar [[r.VolumetricFog:1]]
[2020.11.02-08.06.03:320][  0]LogConfig: Setting CVar [[r.VolumetricFog.GridPixelSize:8]]
[2020.11.02-08.06.03:320][  0]LogConfig: Setting CVar [[r.VolumetricFog.GridSizeZ:128]]
[2020.11.02-08.06.03:320][  0]LogConfig: Setting CVar [[r.VolumetricFog.HistoryMissSupersampleCount:4]]
[2020.11.02-08.06.03:320][  0]LogConfig: Setting CVar [[r.LightMaxDrawDistanceScale:1]]
[2020.11.02-08.06.03:320][  0]LogConfig: Setting CVar [[r.CapsuleShadows:1]]
[2020.11.02-08.06.03:320][  0]LogConfig: Applying CVar settings from Section [PostProcessQuality@3] File [C:/Users/jseon/Desktop/Ue4CoopGame/CoopGame/Saved/Config/Windows/Scalability.ini]
[2020.11.02-08.06.03:320][  0]LogConfig: Setting CVar [[r.MotionBlurQuality:4]]
[2020.11.02-08.06.03:320][  0]LogConfig: Setting CVar [[r.AmbientOcclusionMipLevelFactor:0.4]]
[2020.11.02-08.06.03:320][  0]LogConfig: Setting CVar [[r.AmbientOcclusionMaxQuality:100]]
[2020.11.02-08.06.03:320][  0]LogConfig: Setting CVar [[r.AmbientOcclusionLevels:-1]]
[2020.11.02-08.06.03:320][  0]LogConfig: Setting CVar [[r.AmbientOcclusionRadiusScale:1.0]]
[2020.11.02-08.06.03:320][  0]LogConfig: Setting CVar [[r.DepthOfFieldQuality:2]]
[2020.11.02-08.06.03:320][  0]LogConfig: Setting CVar [[r.RenderTargetPoolMin:400]]
[2020.11.02-08.06.03:320][  0]LogConfig: Setting CVar [[r.LensFlareQuality:2]]
[2020.11.02-08.06.03:320][  0]LogConfig: Setting CVar [[r.SceneColorFringeQuality:1]]
[2020.11.02-08.06.03:320][  0]LogConfig: Setting CVar [[r.EyeAdaptationQuality:2]]
[2020.11.02-08.06.03:320][  0]LogConfig: Setting CVar [[r.BloomQuality:5]]
[2020.11.02-08.06.03:320][  0]LogConfig: Setting CVar [[r.FastBlurThreshold:100]]
[2020.11.02-08.06.03:320][  0]LogConfig: Setting CVar [[r.Upscale.Quality:3]]
[2020.11.02-08.06.03:320][  0]LogConfig: Setting CVar [[r.Tonemapper.GrainQuantization:1]]
[2020.11.02-08.06.03:320][  0]LogConfig: Setting CVar [[r.LightShaftQuality:1]]
[2020.11.02-08.06.03:320][  0]LogConfig: Setting CVar [[r.Filter.SizeScale:1]]
[2020.11.02-08.06.03:320][  0]LogConfig: Setting CVar [[r.Tonemapper.Quality:5]]
[2020.11.02-08.06.03:320][  0]LogConfig: Setting CVar [[r.DOF.Gather.AccumulatorQuality:1        ; higher gathering accumulator quality]]
[2020.11.02-08.06.03:320][  0]LogConfig: Setting CVar [[r.DOF.Gather.PostfilterMethod:1          ; Median3x3 postfilering method]]
[2020.11.02-08.06.03:320][  0]LogConfig: Setting CVar [[r.DOF.Gather.EnableBokehSettings:0       ; no bokeh simulation when gathering]]
[2020.11.02-08.06.03:320][  0]LogConfig: Setting CVar [[r.DOF.Gather.RingCount:4                 ; medium number of samples when gathering]]
[2020.11.02-08.06.03:320][  0]LogConfig: Setting CVar [[r.DOF.Scatter.ForegroundCompositing:1    ; additive foreground scattering]]
[2020.11.02-08.06.03:320][  0]LogConfig: Setting CVar [[r.DOF.Scatter.BackgroundCompositing:2    ; additive background scattering]]
[2020.11.02-08.06.03:321][  0]LogConfig: Setting CVar [[r.DOF.Scatter.EnableBokehSettings:1      ; bokeh simulation when scattering]]
[2020.11.02-08.06.03:321][  0]LogConfig: Setting CVar [[r.DOF.Scatter.MaxSpriteRatio:0.1         ; only a maximum of 10% of scattered bokeh]]
[2020.11.02-08.06.03:321][  0]LogConfig: Setting CVar [[r.DOF.Recombine.Quality:1                ; cheap slight out of focus]]
[2020.11.02-08.06.03:321][  0]LogConfig: Setting CVar [[r.DOF.Recombine.EnableBokehSettings:0    ; no bokeh simulation on slight out of focus]]
[2020.11.02-08.06.03:321][  0]LogConfig: Setting CVar [[r.DOF.TemporalAAQuality:1                ; more stable temporal accumulation]]
[2020.11.02-08.06.03:321][  0]LogConfig: Setting CVar [[r.DOF.Kernel.MaxForegroundRadius:0.025]]
[2020.11.02-08.06.03:321][  0]LogConfig: Setting CVar [[r.DOF.Kernel.MaxBackgroundRadius:0.025]]
[2020.11.02-08.06.03:321][  0]LogConfig: Applying CVar settings from Section [TextureQuality@3] File [C:/Users/jseon/Desktop/Ue4CoopGame/CoopGame/Saved/Config/Windows/Scalability.ini]
[2020.11.02-08.06.03:321][  0]LogConfig: Setting CVar [[r.Streaming.MipBias:0]]
[2020.11.02-08.06.03:321][  0]LogConfig: Setting CVar [[r.Streaming.AmortizeCPUToGPUCopy:0]]
[2020.11.02-08.06.03:321][  0]LogConfig: Setting CVar [[r.Streaming.MaxNumTexturesToStreamPerFrame:0]]
[2020.11.02-08.06.03:321][  0]LogConfig: Setting CVar [[r.Streaming.Boost:1]]
[2020.11.02-08.06.03:321][  0]LogConfig: Setting CVar [[r.MaxAnisotropy:8]]
[2020.11.02-08.06.03:321][  0]LogConfig: Setting CVar [[r.VT.MaxAnisotropy:8]]
[2020.11.02-08.06.03:321][  0]LogConfig: Setting CVar [[r.Streaming.LimitPoolSizeToVRAM:0]]
[2020.11.02-08.06.03:321][  0]LogConfig: Setting CVar [[r.Streaming.PoolSize:1000]]
[2020.11.02-08.06.03:321][  0]LogConfig: Setting CVar [[r.Streaming.MaxEffectiveScreenSize:0]]
[2020.11.02-08.06.03:321][  0]LogConfig: Applying CVar settings from Section [EffectsQuality@3] File [C:/Users/jseon/Desktop/Ue4CoopGame/CoopGame/Saved/Config/Windows/Scalability.ini]
[2020.11.02-08.06.03:321][  0]LogConfig: Setting CVar [[r.TranslucencyLightingVolumeDim:64]]
[2020.11.02-08.06.03:321][  0]LogConfig: Setting CVar [[r.RefractionQuality:2]]
[2020.11.02-08.06.03:321][  0]LogConfig: Setting CVar [[r.SSR.Quality:3]]
[2020.11.02-08.06.03:321][  0]LogConfig: Setting CVar [[r.SSR.HalfResSceneColor:0]]
[2020.11.02-08.06.03:321][  0]LogConfig: Setting CVar [[r.SceneColorFormat:4]]
[2020.11.02-08.06.03:321][  0]LogConfig: Setting CVar [[r.DetailMode:2]]
[2020.11.02-08.06.03:321][  0]LogConfig: Setting CVar [[r.TranslucencyVolumeBlur:1]]
[2020.11.02-08.06.03:321][  0]LogConfig: Setting CVar [[r.MaterialQualityLevel:1 ; High quality]]
[2020.11.02-08.06.03:321][  0]LogConfig: Setting CVar [[r.SSS.Scale:1]]
[2020.11.02-08.06.03:321][  0]LogConfig: Setting CVar [[r.SSS.SampleSet:2]]
[2020.11.02-08.06.03:321][  0]LogConfig: Setting CVar [[r.SSS.Quality:1]]
[2020.11.02-08.06.03:321][  0]LogConfig: Setting CVar [[r.SSS.HalfRes:0]]
[2020.11.02-08.06.03:321][  0]LogConfig: Setting CVar [[r.SSGI.Quality:3]]
[2020.11.02-08.06.03:321][  0]LogConfig: Setting CVar [[r.EmitterSpawnRateScale:1.0]]
[2020.11.02-08.06.03:321][  0]LogConfig: Setting CVar [[r.ParticleLightQuality:2]]
[2020.11.02-08.06.03:321][  0]LogConfig: Setting CVar [[r.SkyAtmosphere.AerialPerspectiveLUT.FastApplyOnOpaque:1 ; Always have FastSkyLUT 1 in this case to avoid wrong sky]]
[2020.11.02-08.06.03:321][  0]LogConfig: Setting CVar [[r.SkyAtmosphere.AerialPerspectiveLUT.SampleCountPerSlice:1]]
[2020.11.02-08.06.03:321][  0]LogConfig: Setting CVar [[r.SkyAtmosphere.AerialPerspectiveLUT.DepthResolution:16.0]]
[2020.11.02-08.06.03:321][  0]LogConfig: Setting CVar [[r.SkyAtmosphere.FastSkyLUT:1]]
[2020.11.02-08.06.03:321][  0]LogConfig: Setting CVar [[r.SkyAtmosphere.FastSkyLUT.SampleCountMin:4.0]]
[2020.11.02-08.06.03:321][  0]LogConfig: Setting CVar [[r.SkyAtmosphere.FastSkyLUT.SampleCountMax:32.0]]
[2020.11.02-08.06.03:321][  0]LogConfig: Setting CVar [[r.SkyAtmosphere.SampleCountMin:4.0]]
[2020.11.02-08.06.03:321][  0]LogConfig: Setting CVar [[r.SkyAtmosphere.SampleCountMax:32.0]]
[2020.11.02-08.06.03:321][  0]LogConfig: Setting CVar [[r.SkyAtmosphere.TransmittanceLUT.UseSmallFormat:0]]
[2020.11.02-08.06.03:321][  0]LogConfig: Setting CVar [[r.SkyAtmosphere.TransmittanceLUT.SampleCount:10.0]]
[2020.11.02-08.06.03:321][  0]LogConfig: Setting CVar [[r.SkyAtmosphere.MultiScatteringLUT.SampleCount:15.0]]
[2020.11.02-08.06.03:321][  0]LogConfig: Applying CVar settings from Section [FoliageQuality@3] File [C:/Users/jseon/Desktop/Ue4CoopGame/CoopGame/Saved/Config/Windows/Scalability.ini]
[2020.11.02-08.06.03:321][  0]LogConfig: Setting CVar [[foliage.DensityScale:1.0]]
[2020.11.02-08.06.03:321][  0]LogConfig: Setting CVar [[grass.DensityScale:1.0]]
[2020.11.02-08.06.03:321][  0]LogConfig: Applying CVar settings from Section [ShadingQuality@3] File [C:/Users/jseon/Desktop/Ue4CoopGame/CoopGame/Saved/Config/Windows/Scalability.ini]
[2020.11.02-08.06.03:321][  0]LogConfig: Setting CVar [[r.HairStrands.SkyLighting.SampleCount:16]]
[2020.11.02-08.06.03:321][  0]LogConfig: Setting CVar [[r.HairStrands.SkyLighting.JitterIntegration:0]]
[2020.11.02-08.06.03:321][  0]LogConfig: Setting CVar [[r.HairStrands.SkyAO.SampleCount:16]]
[2020.11.02-08.06.03:321][  0]LogConfig: Setting CVar [[r.HairStrands.DeepShadow.SuperSampling:0]]
[2020.11.02-08.06.03:321][  0]LogConfig: Setting CVar [[r.HairStrands.VisibilityPPLL:0]]
[2020.11.02-08.06.03:321][  0]LogConfig: Setting CVar [[r.HairStrands.RasterizationScale:0.5]]
[2020.11.02-08.06.03:321][  0]LogConfig: Setting CVar [[r.HairStrands.VelocityRasterizationScale:1]]
[2020.11.02-08.06.03:321][  0]LogInit: Selected Device Profile: [Windows]
[2020.11.02-08.06.03:322][  0]LogInit: Applying CVar settings loaded from the selected device profile: [Windows]
[2020.11.02-08.06.03:322][  0]LogHAL: Display: Platform has ~ 32 GB [34299195392 / 34359738368 / 32], which maps to Largest [LargestMinGB=32, LargerMinGB=12, DefaultMinGB=8, SmallerMinGB=6, SmallestMinGB=0)
[2020.11.02-08.06.03:322][  0]LogInit: Going up to parent DeviceProfile []
[2020.11.02-08.06.03:322][  0]LogConfig: Applying CVar settings from Section [ViewDistanceQuality@3] File [C:/Users/jseon/Desktop/Ue4CoopGame/CoopGame/Saved/Config/Windows/Scalability.ini]
[2020.11.02-08.06.03:322][  0]LogConfig: Setting CVar [[r.SkeletalMeshLODBias:0]]
[2020.11.02-08.06.03:322][  0]LogConfig: Setting CVar [[r.ViewDistanceScale:1.0]]
[2020.11.02-08.06.03:322][  0]LogConfig: Applying CVar settings from Section [AntiAliasingQuality@3] File [C:/Users/jseon/Desktop/Ue4CoopGame/CoopGame/Saved/Config/Windows/Scalability.ini]
[2020.11.02-08.06.03:322][  0]LogConfig: Setting CVar [[r.PostProcessAAQuality:4]]
[2020.11.02-08.06.03:322][  0]LogConfig: Applying CVar settings from Section [ShadowQuality@3] File [C:/Users/jseon/Desktop/Ue4CoopGame/CoopGame/Saved/Config/Windows/Scalability.ini]
[2020.11.02-08.06.03:322][  0]LogConfig: Setting CVar [[r.LightFunctionQuality:1]]
[2020.11.02-08.06.03:322][  0]LogConfig: Setting CVar [[r.ShadowQuality:5]]
[2020.11.02-08.06.03:322][  0]LogConfig: Setting CVar [[r.Shadow.CSM.MaxCascades:10]]
[2020.11.02-08.06.03:322][  0]LogConfig: Setting CVar [[r.Shadow.MaxResolution:2048]]
[2020.11.02-08.06.03:322][  0]LogConfig: Setting CVar [[r.Shadow.MaxCSMResolution:2048]]
[2020.11.02-08.06.03:322][  0]LogConfig: Setting CVar [[r.Shadow.RadiusThreshold:0.01]]
[2020.11.02-08.06.03:322][  0]LogConfig: Setting CVar [[r.Shadow.DistanceScale:1.0]]
[2020.11.02-08.06.03:322][  0]LogConfig: Setting CVar [[r.Shadow.CSM.TransitionScale:1.0]]
[2020.11.02-08.06.03:322][  0]LogConfig: Setting CVar [[r.Shadow.PreShadowResolutionFactor:1.0]]
[2020.11.02-08.06.03:322][  0]LogConfig: Setting CVar [[r.DistanceFieldShadowing:1]]
[2020.11.02-08.06.03:322][  0]LogConfig: Setting CVar [[r.DistanceFieldAO:1]]
[2020.11.02-08.06.03:322][  0]LogConfig: Setting CVar [[r.AOQuality:2]]
[2020.11.02-08.06.03:322][  0]LogConfig: Setting CVar [[r.VolumetricFog:1]]
[2020.11.02-08.06.03:322][  0]LogConfig: Setting CVar [[r.VolumetricFog.GridPixelSize:8]]
[2020.11.02-08.06.03:322][  0]LogConfig: Setting CVar [[r.VolumetricFog.GridSizeZ:128]]
[2020.11.02-08.06.03:322][  0]LogConfig: Setting CVar [[r.VolumetricFog.HistoryMissSupersampleCount:4]]
[2020.11.02-08.06.03:322][  0]LogConfig: Setting CVar [[r.LightMaxDrawDistanceScale:1]]
[2020.11.02-08.06.03:322][  0]LogConfig: Setting CVar [[r.CapsuleShadows:1]]
[2020.11.02-08.06.03:322][  0]LogConfig: Applying CVar settings from Section [PostProcessQuality@3] File [C:/Users/jseon/Desktop/Ue4CoopGame/CoopGame/Saved/Config/Windows/Scalability.ini]
[2020.11.02-08.06.03:322][  0]LogConfig: Setting CVar [[r.MotionBlurQuality:4]]
[2020.11.02-08.06.03:322][  0]LogConfig: Setting CVar [[r.AmbientOcclusionMipLevelFactor:0.4]]
[2020.11.02-08.06.03:322][  0]LogConfig: Setting CVar [[r.AmbientOcclusionMaxQuality:100]]
[2020.11.02-08.06.03:322][  0]LogConfig: Setting CVar [[r.AmbientOcclusionLevels:-1]]
[2020.11.02-08.06.03:322][  0]LogConfig: Setting CVar [[r.AmbientOcclusionRadiusScale:1.0]]
[2020.11.02-08.06.03:322][  0]LogConfig: Setting CVar [[r.DepthOfFieldQuality:2]]
[2020.11.02-08.06.03:322][  0]LogConfig: Setting CVar [[r.RenderTargetPoolMin:400]]
[2020.11.02-08.06.03:322][  0]LogConfig: Setting CVar [[r.LensFlareQuality:2]]
[2020.11.02-08.06.03:322][  0]LogConfig: Setting CVar [[r.SceneColorFringeQuality:1]]
[2020.11.02-08.06.03:322][  0]LogConfig: Setting CVar [[r.EyeAdaptationQuality:2]]
[2020.11.02-08.06.03:322][  0]LogConfig: Setting CVar [[r.BloomQuality:5]]
[2020.11.02-08.06.03:322][  0]LogConfig: Setting CVar [[r.FastBlurThreshold:100]]
[2020.11.02-08.06.03:322][  0]LogConfig: Setting CVar [[r.Upscale.Quality:3]]
[2020.11.02-08.06.03:322][  0]LogConfig: Setting CVar [[r.Tonemapper.GrainQuantization:1]]
[2020.11.02-08.06.03:322][  0]LogConfig: Setting CVar [[r.LightShaftQuality:1]]
[2020.11.02-08.06.03:322][  0]LogConfig: Setting CVar [[r.Filter.SizeScale:1]]
[2020.11.02-08.06.03:322][  0]LogConfig: Setting CVar [[r.Tonemapper.Quality:5]]
[2020.11.02-08.06.03:322][  0]LogConfig: Setting CVar [[r.DOF.Gather.AccumulatorQuality:1        ; higher gathering accumulator quality]]
[2020.11.02-08.06.03:322][  0]LogConfig: Setting CVar [[r.DOF.Gather.PostfilterMethod:1          ; Median3x3 postfilering method]]
[2020.11.02-08.06.03:322][  0]LogConfig: Setting CVar [[r.DOF.Gather.EnableBokehSettings:0       ; no bokeh simulation when gathering]]
[2020.11.02-08.06.03:322][  0]LogConfig: Setting CVar [[r.DOF.Gather.RingCount:4                 ; medium number of samples when gathering]]
[2020.11.02-08.06.03:322][  0]LogConfig: Setting CVar [[r.DOF.Scatter.ForegroundCompositing:1    ; additive foreground scattering]]
[2020.11.02-08.06.03:322][  0]LogConfig: Setting CVar [[r.DOF.Scatter.BackgroundCompositing:2    ; additive background scattering]]
[2020.11.02-08.06.03:322][  0]LogConfig: Setting CVar [[r.DOF.Scatter.EnableBokehSettings:1      ; bokeh simulation when scattering]]
[2020.11.02-08.06.03:322][  0]LogConfig: Setting CVar [[r.DOF.Scatter.MaxSpriteRatio:0.1         ; only a maximum of 10% of scattered bokeh]]
[2020.11.02-08.06.03:322][  0]LogConfig: Setting CVar [[r.DOF.Recombine.Quality:1                ; cheap slight out of focus]]
[2020.11.02-08.06.03:322][  0]LogConfig: Setting CVar [[r.DOF.Recombine.EnableBokehSettings:0    ; no bokeh simulation on slight out of focus]]
[2020.11.02-08.06.03:322][  0]LogConfig: Setting CVar [[r.DOF.TemporalAAQuality:1                ; more stable temporal accumulation]]
[2020.11.02-08.06.03:322][  0]LogConfig: Setting CVar [[r.DOF.Kernel.MaxForegroundRadius:0.025]]
[2020.11.02-08.06.03:322][  0]LogConfig: Setting CVar [[r.DOF.Kernel.MaxBackgroundRadius:0.025]]
[2020.11.02-08.06.03:322][  0]LogConfig: Applying CVar settings from Section [TextureQuality@3] File [C:/Users/jseon/Desktop/Ue4CoopGame/CoopGame/Saved/Config/Windows/Scalability.ini]
[2020.11.02-08.06.03:322][  0]LogConfig: Setting CVar [[r.Streaming.MipBias:0]]
[2020.11.02-08.06.03:322][  0]LogConfig: Setting CVar [[r.Streaming.AmortizeCPUToGPUCopy:0]]
[2020.11.02-08.06.03:322][  0]LogConfig: Setting CVar [[r.Streaming.MaxNumTexturesToStreamPerFrame:0]]
[2020.11.02-08.06.03:322][  0]LogConfig: Setting CVar [[r.Streaming.Boost:1]]
[2020.11.02-08.06.03:322][  0]LogConfig: Setting CVar [[r.MaxAnisotropy:8]]
[2020.11.02-08.06.03:322][  0]LogConfig: Setting CVar [[r.VT.MaxAnisotropy:8]]
[2020.11.02-08.06.03:322][  0]LogConfig: Setting CVar [[r.Streaming.LimitPoolSizeToVRAM:0]]
[2020.11.02-08.06.03:322][  0]LogConfig: Setting CVar [[r.Streaming.PoolSize:1000]]
[2020.11.02-08.06.03:322][  0]LogConfig: Setting CVar [[r.Streaming.MaxEffectiveScreenSize:0]]
[2020.11.02-08.06.03:322][  0]LogConfig: Applying CVar settings from Section [EffectsQuality@3] File [C:/Users/jseon/Desktop/Ue4CoopGame/CoopGame/Saved/Config/Windows/Scalability.ini]
[2020.11.02-08.06.03:322][  0]LogConfig: Setting CVar [[r.TranslucencyLightingVolumeDim:64]]
[2020.11.02-08.06.03:322][  0]LogConfig: Setting CVar [[r.RefractionQuality:2]]
[2020.11.02-08.06.03:322][  0]LogConfig: Setting CVar [[r.SSR.Quality:3]]
[2020.11.02-08.06.03:322][  0]LogConfig: Setting CVar [[r.SSR.HalfResSceneColor:0]]
[2020.11.02-08.06.03:323][  0]LogConfig: Setting CVar [[r.SceneColorFormat:4]]
[2020.11.02-08.06.03:323][  0]LogConfig: Setting CVar [[r.DetailMode:2]]
[2020.11.02-08.06.03:323][  0]LogConfig: Setting CVar [[r.TranslucencyVolumeBlur:1]]
[2020.11.02-08.06.03:323][  0]LogConfig: Setting CVar [[r.MaterialQualityLevel:1 ; High quality]]
[2020.11.02-08.06.03:323][  0]LogConfig: Setting CVar [[r.SSS.Scale:1]]
[2020.11.02-08.06.03:323][  0]LogConfig: Setting CVar [[r.SSS.SampleSet:2]]
[2020.11.02-08.06.03:323][  0]LogConfig: Setting CVar [[r.SSS.Quality:1]]
[2020.11.02-08.06.03:323][  0]LogConfig: Setting CVar [[r.SSS.HalfRes:0]]
[2020.11.02-08.06.03:323][  0]LogConfig: Setting CVar [[r.SSGI.Quality:3]]
[2020.11.02-08.06.03:323][  0]LogConfig: Setting CVar [[r.EmitterSpawnRateScale:1.0]]
[2020.11.02-08.06.03:323][  0]LogConfig: Setting CVar [[r.ParticleLightQuality:2]]
[2020.11.02-08.06.03:323][  0]LogConfig: Setting CVar [[r.SkyAtmosphere.AerialPerspectiveLUT.FastApplyOnOpaque:1 ; Always have FastSkyLUT 1 in this case to avoid wrong sky]]
[2020.11.02-08.06.03:323][  0]LogConfig: Setting CVar [[r.SkyAtmosphere.AerialPerspectiveLUT.SampleCountPerSlice:1]]
[2020.11.02-08.06.03:323][  0]LogConfig: Setting CVar [[r.SkyAtmosphere.AerialPerspectiveLUT.DepthResolution:16.0]]
[2020.11.02-08.06.03:323][  0]LogConfig: Setting CVar [[r.SkyAtmosphere.FastSkyLUT:1]]
[2020.11.02-08.06.03:323][  0]LogConfig: Setting CVar [[r.SkyAtmosphere.FastSkyLUT.SampleCountMin:4.0]]
[2020.11.02-08.06.03:323][  0]LogConfig: Setting CVar [[r.SkyAtmosphere.FastSkyLUT.SampleCountMax:32.0]]
[2020.11.02-08.06.03:323][  0]LogConfig: Setting CVar [[r.SkyAtmosphere.SampleCountMin:4.0]]
[2020.11.02-08.06.03:323][  0]LogConfig: Setting CVar [[r.SkyAtmosphere.SampleCountMax:32.0]]
[2020.11.02-08.06.03:323][  0]LogConfig: Setting CVar [[r.SkyAtmosphere.TransmittanceLUT.UseSmallFormat:0]]
[2020.11.02-08.06.03:323][  0]LogConfig: Setting CVar [[r.SkyAtmosphere.TransmittanceLUT.SampleCount:10.0]]
[2020.11.02-08.06.03:323][  0]LogConfig: Setting CVar [[r.SkyAtmosphere.MultiScatteringLUT.SampleCount:15.0]]
[2020.11.02-08.06.03:323][  0]LogConfig: Applying CVar settings from Section [FoliageQuality@3] File [C:/Users/jseon/Desktop/Ue4CoopGame/CoopGame/Saved/Config/Windows/Scalability.ini]
[2020.11.02-08.06.03:323][  0]LogConfig: Setting CVar [[foliage.DensityScale:1.0]]
[2020.11.02-08.06.03:323][  0]LogConfig: Setting CVar [[grass.DensityScale:1.0]]
[2020.11.02-08.06.03:323][  0]LogConfig: Applying CVar settings from Section [ShadingQuality@3] File [C:/Users/jseon/Desktop/Ue4CoopGame/CoopGame/Saved/Config/Windows/Scalability.ini]
[2020.11.02-08.06.03:323][  0]LogConfig: Setting CVar [[r.HairStrands.SkyLighting.SampleCount:16]]
[2020.11.02-08.06.03:323][  0]LogConfig: Setting CVar [[r.HairStrands.SkyLighting.JitterIntegration:0]]
[2020.11.02-08.06.03:323][  0]LogConfig: Setting CVar [[r.HairStrands.SkyAO.SampleCount:16]]
[2020.11.02-08.06.03:323][  0]LogConfig: Setting CVar [[r.HairStrands.DeepShadow.SuperSampling:0]]
[2020.11.02-08.06.03:323][  0]LogConfig: Setting CVar [[r.HairStrands.VisibilityPPLL:0]]
[2020.11.02-08.06.03:323][  0]LogConfig: Setting CVar [[r.HairStrands.RasterizationScale:0.5]]
[2020.11.02-08.06.03:323][  0]LogConfig: Setting CVar [[r.HairStrands.VelocityRasterizationScale:1]]
[2020.11.02-08.06.03:323][  0]LogConfig: Applying CVar settings from Section [Startup] File [../../../Engine/Config/ConsoleVariables.ini]
[2020.11.02-08.06.03:323][  0]LogConfig: Setting CVar [[net.UseAdaptiveNetUpdateFrequency:0]]
[2020.11.02-08.06.03:323][  0]LogConfig: Setting CVar [[p.chaos.AllowCreatePhysxBodies:1]]
[2020.11.02-08.06.03:323][  0]LogConfig: Setting CVar [[fx.SkipVectorVMBackendOptimizations:1]]
[2020.11.02-08.06.03:323][  0]LogConfig: Applying CVar settings from Section [ConsoleVariables] File [C:/Users/jseon/Desktop/Ue4CoopGame/CoopGame/Saved/Config/Windows/Engine.ini]
[2020.11.02-08.06.03:323][  0]LogInit: Computer: DESKTOP-2A6O102
[2020.11.02-08.06.03:323][  0]LogInit: User: jseon
[2020.11.02-08.06.03:323][  0]LogInit: CPU Page size=4096, Cores=6
[2020.11.02-08.06.03:323][  0]LogInit: High frequency timer resolution =10.000000 MHz
[2020.11.02-08.06.03:324][  0]LogMemory: Memory total: Physical=31.9GB (32GB approx)
[2020.11.02-08.06.03:324][  0]LogMemory: Platform Memory Stats for Windows
[2020.11.02-08.06.03:324][  0]LogMemory: Process Physical Memory: 117.62 MB used, 117.62 MB peak
[2020.11.02-08.06.03:324][  0]LogMemory: Process Virtual Memory: 104.00 MB used, 104.00 MB peak
[2020.11.02-08.06.03:324][  0]LogMemory: Physical Memory: 11843.07 MB used,  20867.20 MB free, 32710.26 MB total
[2020.11.02-08.06.03:324][  0]LogMemory: Virtual Memory: 5147.21 MB used,  134212584.00 MB free, 134217728.00 MB total
[2020.11.02-08.06.03:334][  0]LogWindows: WindowsPlatformFeatures enabled
[2020.11.02-08.06.03:399][  0]LogInit: Physics initialised using underlying interface: PhysX
[2020.11.02-08.06.03:401][  0]LogInit: Using OS detected language (ko-KR).
[2020.11.02-08.06.03:401][  0]LogInit: Using OS detected locale (ko-KR).
[2020.11.02-08.06.03:406][  0]LogTextLocalizationManager: No specific localization for 'ko-KR' exists, so the 'ko' localization will be used.
[2020.11.02-08.06.03:501][  0]LogInit: Setting process to per monitor DPI aware
[2020.11.02-08.06.03:563][  0]LogSlate: New Slate User Created.  User Index 0, Is Virtual User: 0
[2020.11.02-08.06.03:563][  0]LogSlate: Slate User Registered.  User Index 0, Is Virtual User: 0
[2020.11.02-08.06.03:805][  0]LogHMD: Failed to initialize OpenVR with code 110
[2020.11.02-08.06.03:805][  0]LogD3D11RHI: D3D11 min allowed feature level: 11_0
[2020.11.02-08.06.03:805][  0]LogD3D11RHI: D3D11 max allowed feature level: 11_0
[2020.11.02-08.06.03:805][  0]LogD3D11RHI: D3D11 adapters:
[2020.11.02-08.06.03:906][  0]LogD3D11RHI:    0. 'NVIDIA GeForce RTX 2070 SUPER' (Feature Level 11_0)
[2020.11.02-08.06.03:906][  0]LogD3D11RHI:       8011/0/16355 MB DedicatedVideo/DedicatedSystem/SharedSystem, Outputs:1, VendorId:0x10de
[2020.11.02-08.06.03:909][  0]LogD3D11RHI:    1. 'Microsoft Basic Render Driver' (Feature Level 11_0)
[2020.11.02-08.06.03:909][  0]LogD3D11RHI:       0/0/16355 MB DedicatedVideo/DedicatedSystem/SharedSystem, Outputs:0, VendorId:0x1414
[2020.11.02-08.06.03:909][  0]LogD3D11RHI: Chosen D3D11 Adapter: 0
[2020.11.02-08.06.03:915][  0]LogD3D11RHI: Creating new Direct3DDevice
[2020.11.02-08.06.03:915][  0]LogD3D11RHI:     GPU DeviceId: 0x1e84 (for the marketing name, search the web for "GPU Device Id")
[2020.11.02-08.06.03:915][  0]LogWindows: EnumDisplayDevices:
[2020.11.02-08.06.03:916][  0]LogWindows:    0. 'NVIDIA GeForce RTX 2070 SUPER' (P:1 D:1)
[2020.11.02-08.06.03:917][  0]LogWindows:    1. 'NVIDIA GeForce RTX 2070 SUPER' (P:0 D:0)
[2020.11.02-08.06.03:918][  0]LogWindows:    2. 'NVIDIA GeForce RTX 2070 SUPER' (P:0 D:0)
[2020.11.02-08.06.03:918][  0]LogWindows:    3. 'NVIDIA GeForce RTX 2070 SUPER' (P:0 D:0)
[2020.11.02-08.06.03:919][  0]LogWindows: DebugString: FoundDriverCount:4 
[2020.11.02-08.06.03:919][  0]LogD3D11RHI:     Adapter Name: NVIDIA GeForce RTX 2070 SUPER
[2020.11.02-08.06.03:919][  0]LogD3D11RHI:   Driver Version: 436.48 (internal:26.21.14.3648, unified:436.48)
[2020.11.02-08.06.03:919][  0]LogD3D11RHI:      Driver Date: 9-26-2019
[2020.11.02-08.06.03:919][  0]LogRHI: Texture pool is 5607 MB (70% of 8011 MB)
[2020.11.02-08.06.03:976][  0]LogD3D11RHI: RHI has support for 64 bit atomics
[2020.11.02-08.06.03:977][  0]LogD3D11RHI: Async texture creation enabled
[2020.11.02-08.06.03:977][  0]LogD3D11RHI: Array index from any shader is supported
[2020.11.02-08.06.04:049][  0]LogD3D11RHI: GPU Timing Frequency: 1000.000000 (Debug: 2 1)
[2020.11.02-08.06.04:451][  0]LogTargetPlatformManager: Display: Loaded TargetPlatform 'AllDesktop'
[2020.11.02-08.06.04:475][  0]LogTargetPlatformManager: Display: Loaded TargetPlatform 'Android'
[2020.11.02-08.06.04:475][  0]LogTargetPlatformManager: Display: Loaded TargetPlatform 'Android_ASTC'
[2020.11.02-08.06.04:475][  0]LogTargetPlatformManager: Display: Loaded TargetPlatform 'Android_DXT'
[2020.11.02-08.06.04:475][  0]LogTargetPlatformManager: Display: Loaded TargetPlatform 'Android_ETC2'
[2020.11.02-08.06.04:475][  0]LogTargetPlatformManager: Display: Loaded TargetPlatform 'AndroidClient'
[2020.11.02-08.06.04:475][  0]LogTargetPlatformManager: Display: Loaded TargetPlatform 'Android_ASTCClient'
[2020.11.02-08.06.04:475][  0]LogTargetPlatformManager: Display: Loaded TargetPlatform 'Android_DXTClient'
[2020.11.02-08.06.04:475][  0]LogTargetPlatformManager: Display: Loaded TargetPlatform 'Android_ETC2Client'
[2020.11.02-08.06.04:475][  0]LogTargetPlatformManager: Display: Loaded TargetPlatform 'Android_Multi'
[2020.11.02-08.06.04:475][  0]LogTargetPlatformManager: Display: Loaded TargetPlatform 'Android_MultiClient'
[2020.11.02-08.06.04:506][  0]LogTargetPlatformManager: Display: Loaded TargetPlatform 'IOSClient'
[2020.11.02-08.06.04:506][  0]LogTargetPlatformManager: Display: Loaded TargetPlatform 'IOS'
[2020.11.02-08.06.04:519][  0]LogTargetPlatformManager: Display: Loaded TargetPlatform 'Linux'
[2020.11.02-08.06.04:531][  0]LogTargetPlatformManager: Display: Loaded TargetPlatform 'LinuxNoEditor'
[2020.11.02-08.06.04:542][  0]LogTargetPlatformManager: Display: Loaded TargetPlatform 'LinuxClient'
[2020.11.02-08.06.04:554][  0]LogTargetPlatformManager: Display: Loaded TargetPlatform 'LinuxServer'
[2020.11.02-08.06.04:566][  0]LogTargetPlatformManager: Display: Loaded TargetPlatform 'LinuxAArch64NoEditor'
[2020.11.02-08.06.04:577][  0]LogTargetPlatformManager: Display: Loaded TargetPlatform 'LinuxAArch64Client'
[2020.11.02-08.06.04:589][  0]LogTargetPlatformManager: Display: Loaded TargetPlatform 'LinuxAArch64Server'
[2020.11.02-08.06.04:619][  0]LogTargetPlatformManager: Display: Loaded TargetPlatform 'Lumin'
[2020.11.02-08.06.04:619][  0]LogTargetPlatformManager: Display: Loaded TargetPlatform 'LuminClient'
[2020.11.02-08.06.04:638][  0]LogTargetPlatformManager: Display: Loaded TargetPlatform 'TVOSClient'
[2020.11.02-08.06.04:638][  0]LogTargetPlatformManager: Display: Loaded TargetPlatform 'TVOS'
[2020.11.02-08.06.04:649][  0]LogTargetPlatformManager: Display: Loaded TargetPlatform 'WindowsNoEditor'
[2020.11.02-08.06.04:661][  0]LogTargetPlatformManager: Display: Loaded TargetPlatform 'Windows'
[2020.11.02-08.06.04:673][  0]LogTargetPlatformManager: Display: Loaded TargetPlatform 'WindowsClient'
[2020.11.02-08.06.04:685][  0]LogTargetPlatformManager: Display: Loaded TargetPlatform 'WindowsServer'
[2020.11.02-08.06.04:685][  0]LogTargetPlatformManager: Display: Building Assets For Windows
[2020.11.02-08.06.04:699][  0]LogAudioDebug: Display: Lib vorbis DLL was dynamically loaded.
[2020.11.02-08.06.04:805][  0]LogShaderCompilers: Guid format shader working directory is -11 characters bigger than the processId version (../../../../../../Users/jseon/Desktop/Ue4CoopGame/CoopGame/Intermediate/Shaders/WorkingDirectory/512/).
[2020.11.02-08.06.04:805][  0]LogShaderCompilers: Cleaned the shader compiler working directory 'C:/Users/jseon/AppData/Local/Temp/UnrealShaderWorkingDir/F4341DD1431773C87AEAC4B0CDF3BE87/'.
[2020.11.02-08.06.04:806][  0]LogXGEController: Cleaning working directory: C:/Users/jseon/AppData/Local/Temp/UnrealXGEWorkingDir/
[2020.11.02-08.06.04:806][  0]LogXGEController: Cannot use XGE Controller as Incredibuild is not installed on this machine.
[2020.11.02-08.06.04:806][  0]LogShaderCompilers: Cannot use XGE Shader Compiler as Incredibuild is not installed on this machine.
[2020.11.02-08.06.04:806][  0]LogShaderCompilers: Display: Using Local Shader Compiler.
[2020.11.02-08.06.05:468][  0]LogDerivedDataCache: Display: Max Cache Size: 512 MB
[2020.11.02-08.06.05:511][  0]LogDerivedDataCache: Loaded boot cache 0.04s 75MB C:/Users/jseon/AppData/Local/UnrealEngine/4.25/DerivedDataCache/Boot.ddc.
[2020.11.02-08.06.05:511][  0]LogDerivedDataCache: Display: Loaded Boot cache: C:/Users/jseon/AppData/Local/UnrealEngine/4.25/DerivedDataCache/Boot.ddc
[2020.11.02-08.06.05:511][  0]LogDerivedDataCache: FDerivedDataBackendGraph:  Pak pak cache file ../../../../../../Users/jseon/Desktop/Ue4CoopGame/CoopGame/DerivedDataCache/DDC.ddp not found, will not use a pak cache.
[2020.11.02-08.06.05:511][  0]LogDerivedDataCache: Unable to find inner node Pak for hierarchical cache Hierarchy.
[2020.11.02-08.06.05:511][  0]LogDerivedDataCache: FDerivedDataBackendGraph:  CompressedPak pak cache file ../../../../../../Users/jseon/Desktop/Ue4CoopGame/CoopGame/DerivedDataCache/Compressed.ddp not found, will not use a pak cache.
[2020.11.02-08.06.05:511][  0]LogDerivedDataCache: Unable to find inner node CompressedPak for hierarchical cache Hierarchy.
[2020.11.02-08.06.05:520][  0]LogDerivedDataCache: Display: Pak cache opened for reading ../../../Engine/DerivedDataCache/Compressed.ddp.
[2020.11.02-08.06.05:520][  0]LogDerivedDataCache: FDerivedDataBackendGraph:  EnterprisePak pak cache file ../../../Enterprise/DerivedDataCache/Compressed.ddp not found, will not use a pak cache.
[2020.11.02-08.06.05:520][  0]LogDerivedDataCache: Unable to find inner node EnterprisePak for hierarchical cache Hierarchy.
[2020.11.02-08.06.05:521][  0]LogDerivedDataCache: Using Local data cache path C:/Users/jseon/AppData/Local/UnrealEngine/Common/DerivedDataCache: Writable
[2020.11.02-08.06.05:521][  0]LogDerivedDataCache: Shared data cache path not found in *engine.ini, will not use an Shared cache.
[2020.11.02-08.06.05:521][  0]LogDerivedDataCache: Unable to find inner node Shared for hierarchical cache Hierarchy.
[2020.11.02-08.06.05:562][  0]LogSlate: Using FreeType 2.10.0
[2020.11.02-08.06.05:563][  0]LogSlate: SlateFontServices - WITH_FREETYPE: 1, WITH_HARFBUZZ: 1
[2020.11.02-08.06.05:589][  0]LogAssetRegistry: FAssetRegistry took 0.0024 seconds to start up
[2020.11.02-08.06.05:783][  0]LogInit: Selected Device Profile: [Windows]
[2020.11.02-08.06.05:907][  0]LogMeshReduction: Using QuadricMeshReduction for automatic static mesh reduction
[2020.11.02-08.06.05:907][  0]LogMeshReduction: Using SimplygonMeshReduction for automatic skeletal mesh reduction
[2020.11.02-08.06.05:907][  0]LogMeshReduction: Using ProxyLODMeshReduction for automatic mesh merging
[2020.11.02-08.06.05:907][  0]LogMeshReduction: No distributed automatic mesh merging module available
[2020.11.02-08.06.05:907][  0]LogMeshMerging: No distributed automatic mesh merging module available
[2020.11.02-08.06.05:924][  0]LogNetVersion: CoopGame 1.0.0, NetCL: 13144385, EngineNetVer: 14, GameNetVer: 0 (Checksum: 2766024207)
[2020.11.02-08.06.06:369][  0]LogAISub: UAISubsystem::UAISubsystem AISubsystem (00000251E3E342C0), frame # 0
[2020.11.02-08.06.06:369][  0]LogAISub: UAISubsystem::UAISubsystem AIPerceptionSystem (00000251E3D73B00), frame # 0
[2020.11.02-08.06.06:370][  0]LogAISub: UAISubsystem::UAISubsystem EnvQueryManager (00000251E3DD9E00), frame # 0
[2020.11.02-08.06.06:438][  0]LogPackageLocalizationCache: Processed 19 localized package path(s) for 1 prioritized culture(s) in 0.062892 seconds
[2020.11.02-08.06.06:442][  0]LogUObjectArray: 15917 objects as part of root set at end of initial load.
[2020.11.02-08.06.06:442][  0]LogUObjectAllocator: 3965568 out of 0 bytes used by permanent object pool.
[2020.11.02-08.06.06:442][  0]LogUObjectArray: CloseDisregardForGC: 0/0 objects in disregard for GC pool
[2020.11.02-08.06.06:981][  0]LogTcpMessaging: Initializing TcpMessaging bridge
[2020.11.02-08.06.06:989][  0]LogUdpMessaging: Initializing bridge on interface 0.0.0.0:0 to multicast group 230.0.0.1:6666.
[2020.11.02-08.06.07:168][  0]SourceControl: 소스 컨트롤이 꺼졌습니다.
[2020.11.02-08.06.07:168][  0]SourceControl: 소스 컨트롤이 꺼졌습니다.
[2020.11.02-08.06.07:174][  0]SourceControl: 소스 컨트롤이 꺼졌습니다.
[2020.11.02-08.06.07:180][  0]SourceControl: 소스 컨트롤이 꺼졌습니다.
[2020.11.02-08.06.07:195][  0]SourceControl: 소스 컨트롤이 꺼졌습니다.
[2020.11.02-08.06.07:595][  0]LogAndroidPermission: UAndroidPermissionCallbackProxy::GetInstance
[2020.11.02-08.06.07:628][  0]LogAudioCaptureCore: Display: No Audio Capture implementations found. Audio input will be silent.
[2020.11.02-08.06.07:628][  0]LogAudioCaptureCore: Display: No Audio Capture implementations found. Audio input will be silent.
[2020.11.02-08.06.07:695][  0]LogOcInput: OculusInput pre-init called
[2020.11.02-08.06.07:713][  0]LogWindows: Failed to load 'OVRPlugin.dll' (GetLastError=126)
[2020.11.02-08.06.07:713][  0]LogWindows: File 'OVRPlugin.dll' does not exist
[2020.11.02-08.06.07:783][  0]LogEngine: Initializing Engine...
[2020.11.02-08.06.07:784][  0]LogHMD: Failed to initialize OpenVR with code 110
[2020.11.02-08.06.07:784][  0]LogMagicLeap: Warning: VR disabled because ZI is not enabled.  To enable, in the editor, Edit -> Project Settings -> Plugins -> Magic Leap Plugin -> Enable Zero Iteration
[2020.11.02-08.06.07:785][  0]LogStats: UGameplayTagsManager::InitializeManager -  0.000 s
[2020.11.02-08.06.07:885][  0]LogInit: Initializing FReadOnlyCVARCache
[2020.11.02-08.06.07:895][  0]LogAIModule: Creating AISystem for world Untitled
[2020.11.02-08.06.07:895][  0]LogAISub: UAISubsystem::UAISubsystem EnvQueryManager (00000251E9A67C00), frame # 0
[2020.11.02-08.06.07:895][  0]LogAISub: UAISubsystem::UAISubsystem AIPerceptionSystem (00000251E6729580), frame # 0
[2020.11.02-08.06.07:909][  0]LogAudioMixer: Display: Audio Mixer Platform Settings:
[2020.11.02-08.06.07:909][  0]LogAudioMixer: Display: 	Sample Rate:						  48000
[2020.11.02-08.06.07:909][  0]LogAudioMixer: Display: 	Callback Buffer Frame Size Requested: 1024
[2020.11.02-08.06.07:909][  0]LogAudioMixer: Display: 	Callback Buffer Frame Size To Use:	  1024
[2020.11.02-08.06.07:909][  0]LogAudioMixer: Display: 	Number of buffers to queue:			  2
[2020.11.02-08.06.07:909][  0]LogAudioMixer: Display: 	Max Channels (voices):				  32
[2020.11.02-08.06.07:909][  0]LogAudioMixer: Display: 	Number of Async Source Workers:		  0
[2020.11.02-08.06.07:910][  0]LogAudio: Display: AudioDevice MaxSources: 32
[2020.11.02-08.06.07:910][  0]LogAudio: Display: Using built-in audio occlusion.
[2020.11.02-08.06.07:910][  0]LogAudioMixer: Display: Initializing audio mixer.
[2020.11.02-08.06.07:939][  0]LogAudioMixer: Display: 0: FrontLeft
[2020.11.02-08.06.07:939][  0]LogAudioMixer: Display: 1: FrontRight
[2020.11.02-08.06.08:021][  0]LogAudioMixer: Display: Using Audio Device 스피커(USB PnP Audio Device)
[2020.11.02-08.06.08:022][  0]LogAudioMixer: Display: Initializing Sound Submixes...
[2020.11.02-08.06.08:025][  0]LogAudioMixer: Display: Creating Master Submix 'MasterSubmixDefault'
[2020.11.02-08.06.08:025][  0]LogAudioMixer: Display: Creating Master Submix 'MasterReverbSubmixDefault'
[2020.11.02-08.06.08:026][  0]LogAudioMixer: Display: Creating Master Submix 'MasterEQSubmixDefault'
[2020.11.02-08.06.08:027][  0]LogInit: FAudioDevice initialized.
[2020.11.02-08.06.08:027][  0]LogNetVersion: Set ProjectVersion to 1.0.0.0. Version Checksum will be recalculated on next use.
[2020.11.02-08.06.08:094][  0]LogDerivedDataCache: Saved boot cache 0.07s 75MB C:/Users/jseon/AppData/Local/UnrealEngine/4.25/DerivedDataCache/Boot.ddc.
[2020.11.02-08.06.08:101][  0]LogInit: Texture streaming: Enabled
[2020.11.02-08.06.08:132][  0]LogEngineSessionManager: EngineSessionManager initialized
[2020.11.02-08.06.08:132][  0]LogEditorSessionSummary: Verbose: Initializing EditorSessionSummaryWriter for editor session tracking
[2020.11.02-08.06.08:139][  0]LogEditorSessionSummary: EditorSessionSummaryWriter initialized
[2020.11.02-08.06.08:203][  0]LogInit: Transaction tracking system initialized
[2020.11.02-08.06.08:240][  0]BlueprintLog: New page: 에디터 로드
[2020.11.02-08.06.08:358][  0]LocalizationService: 현지화 서비스가 비활성화되었습니다.
[2020.11.02-08.06.08:567][  0]LogCook: Display: Max memory allowance for cook 16384mb min free memory 0mb
[2020.11.02-08.06.08:568][  0]LogCook: Display: Mobile HDR setting 1
[2020.11.02-08.06.08:770][  0]LogFileCache: Scanning file cache for directory 'C:/Users/jseon/Desktop/Ue4CoopGame/CoopGame/Content/' took 0.00s
[2020.11.02-08.06.09:005][  0]SourceControl: 소스 컨트롤이 꺼졌습니다.
[2020.11.02-08.06.09:005][  0]LogUnrealEdMisc: Loading editor; pre map load, took 7.740
[2020.11.02-08.06.09:005][  0]Cmd: MAP LOAD FILE="../../../../../../Users/jseon/Desktop/Ue4CoopGame/CoopGame/Content/Maps/TestMap/Test1.umap" TEMPLATE=0 SHOWPROGRESS=1 FEATURELEVEL=3
[2020.11.02-08.06.09:006][  0]LightingResults: New page: 라이팅 빌드
[2020.11.02-08.06.09:007][  0]LogWorld: UWorld::CleanupWorld for Untitled, bSessionEnded=true, bCleanupResources=true
[2020.11.02-08.06.09:007][  0]LogSlate: InvalidateAllWidgets triggered.  All widgets were invalidated
[2020.11.02-08.06.09:007][  0]MapCheck: New page: 맵 체크
[2020.11.02-08.06.09:007][  0]LightingResults: New page: 라이팅 빌드
[2020.11.02-08.06.09:015][  0]LogAISub: UAISubsystem::~UAISubsystem EnvQueryManager (00000251E9A67C00), frame # 0
[2020.11.02-08.06.09:015][  0]LogAISub: UAISubsystem::~UAISubsystem AIPerceptionSystem (00000251E6729580), frame # 0
[2020.11.02-08.06.09:015][  0]LogUObjectHash: Compacting FUObjectHashTables data took   0.51ms
[2020.11.02-08.06.09:226][  0]LogAIModule: Creating AISystem for world Test1
[2020.11.02-08.06.09:226][  0]LogAISub: UAISubsystem::UAISubsystem EnvQueryManager (00000251E9B13E00), frame # 0
[2020.11.02-08.06.09:226][  0]LogAISub: UAISubsystem::UAISubsystem AIPerceptionSystem (00000251E9E8B100), frame # 0
[2020.11.02-08.06.09:232][  0]LogEditorServer: Finished looking for orphan Actors (0.000 secs)
[2020.11.02-08.06.09:241][  0]LogUObjectHash: Compacting FUObjectHashTables data took   0.73ms
[2020.11.02-08.06.09:241][  0]Cmd: MAP CHECKDEP NOCLEARLOG
[2020.11.02-08.06.09:241][  0]MapCheck: 맵 체크 완료: 오류 0 회, 경고 0 회, 소요 시간 0.203ms.
[2020.11.02-08.06.09:242][  0]LogFileHelpers: Loading map 'Test1' took 0.237
[2020.11.02-08.06.09:244][  0]LogUnrealEdMisc: Total Editor Startup Time, took 7.979
[2020.11.02-08.06.09:376][  0]LogSlate: Updating window title bar state: overlay mode, drag disabled, window buttons hidden, title bar hidden
[2020.11.02-08.06.09:382][  0]LogSlate: Updating window title bar state: overlay mode, drag disabled, window buttons hidden, title bar hidden
[2020.11.02-08.06.09:388][  0]LogSlate: Updating window title bar state: overlay mode, drag disabled, window buttons hidden, title bar hidden
[2020.11.02-08.06.09:393][  0]LogSlate: Updating window title bar state: overlay mode, drag disabled, window buttons hidden, title bar hidden
[2020.11.02-08.06.09:405][  0]LogCollectionManager: Loaded 0 collections in 0.001712 seconds
[2020.11.02-08.06.09:417][  0]LogFileCache: Scanning file cache for directory 'C:/Users/jseon/Desktop/Ue4CoopGame/CoopGame/Saved/Collections/' took 0.00s
[2020.11.02-08.06.09:417][  0]LogFileCache: Scanning file cache for directory 'C:/Users/jseon/Desktop/Ue4CoopGame/CoopGame/Content/Developers/jseon/Collections/' took 0.00s
[2020.11.02-08.06.09:417][  0]LogFileCache: Scanning file cache for directory 'C:/Users/jseon/Desktop/Ue4CoopGame/CoopGame/Content/Collections/' took 0.00s
[2020.11.02-08.06.09:417][  0]LogContentBrowser: Native class hierarchy populated in 0.0077 seconds. Added 3430 classes and 824 folders.
[2020.11.02-08.06.09:421][  0]LogContentBrowser: Native class hierarchy updated for 'WidgetCarousel' in 0.0003 seconds. Added 0 classes and 0 folders.
[2020.11.02-08.06.09:484][  0]LogContentBrowser: Native class hierarchy updated for 'AddContentDialog' in 0.0003 seconds. Added 0 classes and 0 folders.
[2020.11.02-08.06.09:487][  0]LogContentBrowser: Native class hierarchy updated for 'SceneOutliner' in 0.0004 seconds. Added 2 classes and 0 folders.
[2020.11.02-08.06.09:579][  0]LogContentBrowser: Native class hierarchy updated for 'HierarchicalLODOutliner' in 0.0004 seconds. Added 0 classes and 0 folders.
[2020.11.02-08.06.09:579][  0]LogLoad: (Engine Initialization) Total time: 8.31 seconds
[2020.11.02-08.06.09:579][  0]LogLoad: (Engine Initialization) Total Blueprint compile time: 0.00 seconds
[2020.11.02-08.06.09:616][  0]LogAssetRegistry: Asset discovery search completed in 4.0274 seconds
[2020.11.02-08.06.09:619][  0]LogCollectionManager: Fixed up redirectors for 0 collections in 0.000002 seconds (updated 0 objects)
[2020.11.02-08.06.09:620][  0]LogContentStreaming: Texture pool size now 1000 MB
[2020.11.02-08.06.09:625][  0]LogSlate: Took 0.000201 seconds to synchronously load lazily loaded font '../../../Engine/Content/Slate/Fonts/Roboto-Regular.ttf' (155K)
[2020.11.02-08.06.09:627][  0]LogSlate: Took 0.001367 seconds to synchronously load lazily loaded font '../../../Engine/Content/Editor/Slate/Fonts/NanumGothic.ttf' (4243K)
[2020.11.02-08.06.09:628][  0]LogSlate: Took 0.001357 seconds to synchronously load lazily loaded font '../../../Engine/Content/Editor/Slate/Fonts/NanumGothicBold.ttf' (4188K)
[2020.11.02-08.06.09:629][  0]LogSlate: Took 0.000164 seconds to synchronously load lazily loaded font '../../../Engine/Content/Slate/Fonts/Roboto-Bold.ttf' (160K)
[2020.11.02-08.06.09:631][  0]LogSlate: Took 0.000306 seconds to synchronously load lazily loaded font '../../../Engine/Content/Editor/Slate/Fonts/FontAwesome.ttf' (139K)
[2020.11.02-08.06.09:702][  0]LogRenderer: Reallocating scene render targets to support 716x548 Format 10 NumSamples 1 (Frame:1).
[2020.11.02-08.06.09:702][  0]LogSlate: Took 0.000331 seconds to synchronously load lazily loaded font '../../../Engine/Content/Slate/Fonts/Roboto-Light.ttf' (167K)
[2020.11.02-08.06.10:929][  4]LogSlate: Took 0.000237 seconds to synchronously load lazily loaded font '../../../Engine/Content/Slate/Fonts/Roboto-Light.ttf' (167K)
[2020.11.02-08.06.28:082][225]LogTemp: Repeating last play command: 선택된 뷰포트
[2020.11.02-08.06.28:098][225]LogPlayLevel: PlayLevel: No blueprints needed recompiling
[2020.11.02-08.06.28:098][225]PIE: New page: PIE 세션: Test1 (2020. 11. 3. 오전 2:06:28)
[2020.11.02-08.06.28:100][225]LogOnline: OSS: Creating online subsystem instance for: NULL
[2020.11.02-08.06.28:100][225]LogOnline: OSS: TryLoadSubsystemAndSetDefault: Loaded subsystem for module [NULL]
[2020.11.02-08.06.28:100][225]LogPlayLevel: Creating play world package: /Game/Maps/TestMap/UEDPIE_0_Test1
[2020.11.02-08.06.28:103][225]LogPlayLevel: PIE: StaticDuplicateObject took: (0.001868s)
[2020.11.02-08.06.28:103][225]LogAIModule: Creating AISystem for world Test1
[2020.11.02-08.06.28:103][225]LogAISub: UAISubsystem::UAISubsystem EnvQueryManager (00000251FCED0C00), frame # 225
[2020.11.02-08.06.28:103][225]LogAISub: UAISubsystem::UAISubsystem AIPerceptionSystem (00000251A84AD940), frame # 225
[2020.11.02-08.06.28:103][225]LogPlayLevel: PIE: World Init took: (0.000943s)
[2020.11.02-08.06.28:103][225]LogPlayLevel: PIE: Created PIE world by copying editor world from /Game/Maps/TestMap/Test1.Test1 to /Game/Maps/TestMap/UEDPIE_0_Test1.Test1 (0.002922s)
[2020.11.02-08.06.28:110][225]LogUObjectHash: Compacting FUObjectHashTables data took   0.47ms
[2020.11.02-08.06.28:113][225]LogAudioMixer: Display: Audio Mixer Platform Settings:
[2020.11.02-08.06.28:113][225]LogAudioMixer: Display: 	Sample Rate:						  48000
[2020.11.02-08.06.28:113][225]LogAudioMixer: Display: 	Callback Buffer Frame Size Requested: 1024
[2020.11.02-08.06.28:113][225]LogAudioMixer: Display: 	Callback Buffer Frame Size To Use:	  1024
[2020.11.02-08.06.28:113][225]LogAudioMixer: Display: 	Number of buffers to queue:			  2
[2020.11.02-08.06.28:113][225]LogAudioMixer: Display: 	Max Channels (voices):				  32
[2020.11.02-08.06.28:113][225]LogAudioMixer: Display: 	Number of Async Source Workers:		  0
[2020.11.02-08.06.28:113][225]LogAudio: Display: AudioDevice MaxSources: 32
[2020.11.02-08.06.28:113][225]LogAudio: Display: Using built-in audio occlusion.
[2020.11.02-08.06.28:113][225]LogAudioMixer: Display: Initializing audio mixer.
[2020.11.02-08.06.28:129][225]LogAudioMixer: Display: 0: FrontLeft
[2020.11.02-08.06.28:129][225]LogAudioMixer: Display: 1: FrontRight
[2020.11.02-08.06.28:173][225]LogAudioMixer: Display: Using Audio Device 스피커(USB PnP Audio Device)
[2020.11.02-08.06.28:174][225]LogAudioMixer: Display: Initializing Sound Submixes...
[2020.11.02-08.06.28:174][225]LogAudioMixer: Display: Creating Master Submix 'MasterSubmixDefault'
[2020.11.02-08.06.28:174][225]LogAudioMixer: Display: Creating Master Submix 'MasterReverbSubmixDefault'
[2020.11.02-08.06.28:174][225]LogAudioMixer: Display: Creating Master Submix 'MasterEQSubmixDefault'
[2020.11.02-08.06.28:185][225]LogInit: FAudioDevice initialized.
[2020.11.02-08.06.28:192][225]LogLoad: Game class is 'CoopGameGameModeBase'
[2020.11.02-08.06.28:193][225]LogWorld: Bringing World /Game/Maps/TestMap/UEDPIE_0_Test1.Test1 up for play (max tick rate 0) at 2020.11.02-17.06.28
[2020.11.02-08.06.28:193][225]LogWorld: Bringing up level for play took: 0.000898
[2020.11.02-08.06.28:194][225]LogOnline: OSS: Creating online subsystem instance for: :Context_4
[2020.11.02-08.06.28:197][225]LogContentBrowser: Native class hierarchy updated for 'MovieSceneCapture' in 0.0004 seconds. Added 20 classes and 0 folders.
[2020.11.02-08.06.28:198][225]PIE: 서버가 로그인했습니다.
[2020.11.02-08.06.28:198][225]PIE: 에디터에서 플레이 총 시작 시간 0.103초입니다.
[2020.11.02-08.06.42:089][885]LogSlate: Updating window title bar state: overlay mode, drag disabled, window buttons hidden, title bar hidden
[2020.11.02-08.06.42:089][885]LogWorld: BeginTearingDown for /Game/Maps/TestMap/UEDPIE_0_Test1
[2020.11.02-08.06.42:089][885]LogWorld: UWorld::CleanupWorld for Test1, bSessionEnded=true, bCleanupResources=true
[2020.11.02-08.06.42:089][885]LogSlate: InvalidateAllWidgets triggered.  All widgets were invalidated
[2020.11.02-08.06.42:099][885]LogPlayLevel: Display: Shutting down PIE online subsystems
[2020.11.02-08.06.42:100][885]LogSlate: InvalidateAllWidgets triggered.  All widgets were invalidated
[2020.11.02-08.06.42:122][885]LogSlate: Updating window title bar state: overlay mode, drag disabled, window buttons hidden, title bar hidden
[2020.11.02-08.06.42:122][885]LogAISub: UAISubsystem::~UAISubsystem AIPerceptionSystem (00000251A84AD940), frame # 1885
[2020.11.02-08.06.42:122][885]LogAISub: UAISubsystem::~UAISubsystem EnvQueryManager (00000251FCED0C00), frame # 1885
[2020.11.02-08.06.42:123][885]LogUObjectHash: Compacting FUObjectHashTables data took   0.48ms
[2020.11.02-08.06.42:165][887]LogPlayLevel: Display: Destroying online subsystem :Context_4
[2020.11.02-08.07.31:180][340]LogAssetEditorSubsystem: Opening Asset editor for Blueprint /Game/Blueprints/BP_TargetDummy.BP_TargetDummy
[2020.11.02-08.07.31:366][340]LogContentBrowser: Native class hierarchy updated for 'BlueprintGraph' in 0.0006 seconds. Added 125 classes and 0 folders.
[2020.11.02-08.07.32:122][340]LogSlate: Took 0.000291 seconds to synchronously load lazily loaded font '../../../Engine/Content/Slate/Fonts/Roboto-BoldCondensed.ttf' (158K)
[2020.11.02-08.07.33:560][497]LogSlate: Window 'BP_TargetDummy' being destroyed
[2020.11.02-08.07.44:105][441]LogSlate: Took 0.000254 seconds to synchronously load lazily loaded font '../../../Engine/Content/Slate/Fonts/Roboto-Italic.ttf' (157K)
[2020.11.02-08.07.46:001][654]LogTemp: Repeating last play command: 선택된 뷰포트
[2020.11.02-08.07.46:017][654]LogPlayLevel: PlayLevel: No blueprints needed recompiling
[2020.11.02-08.07.46:017][654]PIE: New page: PIE 세션: Test1 (2020. 11. 3. 오전 2:07:46)
[2020.11.02-08.07.46:056][654]LogPlayLevel: Creating play world package: /Game/Maps/TestMap/UEDPIE_0_Test1
[2020.11.02-08.07.46:058][654]LogPlayLevel: PIE: StaticDuplicateObject took: (0.002111s)
[2020.11.02-08.07.46:059][654]LogAIModule: Creating AISystem for world Test1
[2020.11.02-08.07.46:059][654]LogAISub: UAISubsystem::UAISubsystem EnvQueryManager (00000251FD37F600), frame # 3654
[2020.11.02-08.07.46:059][654]LogAISub: UAISubsystem::UAISubsystem AIPerceptionSystem (00000251FD183380), frame # 3654
[2020.11.02-08.07.46:059][654]LogPlayLevel: PIE: World Init took: (0.000893s)
[2020.11.02-08.07.46:059][654]LogPlayLevel: PIE: Created PIE world by copying editor world from /Game/Maps/TestMap/Test1.Test1 to /Game/Maps/TestMap/UEDPIE_0_Test1.Test1 (0.003141s)
[2020.11.02-08.07.46:078][654]LogUObjectHash: Compacting FUObjectHashTables data took   1.48ms
[2020.11.02-08.07.46:079][654]LogAudioMixer: Display: Audio Mixer Platform Settings:
[2020.11.02-08.07.46:079][654]LogAudioMixer: Display: 	Sample Rate:						  48000
[2020.11.02-08.07.46:079][654]LogAudioMixer: Display: 	Callback Buffer Frame Size Requested: 1024
[2020.11.02-08.07.46:079][654]LogAudioMixer: Display: 	Callback Buffer Frame Size To Use:	  1024
[2020.11.02-08.07.46:079][654]LogAudioMixer: Display: 	Number of buffers to queue:			  2
[2020.11.02-08.07.46:079][654]LogAudioMixer: Display: 	Max Channels (voices):				  32
[2020.11.02-08.07.46:080][654]LogAudioMixer: Display: 	Number of Async Source Workers:		  0
[2020.11.02-08.07.46:080][654]LogAudio: Display: AudioDevice MaxSources: 32
[2020.11.02-08.07.46:080][654]LogAudio: Display: Using built-in audio occlusion.
[2020.11.02-08.07.46:080][654]LogAudioMixer: Display: Initializing audio mixer.
[2020.11.02-08.07.46:096][654]LogAudioMixer: Display: 0: FrontLeft
[2020.11.02-08.07.46:096][654]LogAudioMixer: Display: 1: FrontRight
[2020.11.02-08.07.46:143][654]LogAudioMixer: Display: Using Audio Device 스피커(USB PnP Audio Device)
[2020.11.02-08.07.46:143][654]LogAudioMixer: Display: Initializing Sound Submixes...
[2020.11.02-08.07.46:143][654]LogAudioMixer: Display: Creating Master Submix 'MasterSubmixDefault'
[2020.11.02-08.07.46:143][654]LogAudioMixer: Display: Creating Master Submix 'MasterReverbSubmixDefault'
[2020.11.02-08.07.46:143][654]LogAudioMixer: Display: Creating Master Submix 'MasterEQSubmixDefault'
[2020.11.02-08.07.46:154][654]LogInit: FAudioDevice initialized.
[2020.11.02-08.07.46:164][654]LogLoad: Game class is 'CoopGameGameModeBase'
[2020.11.02-08.07.46:165][654]LogWorld: Bringing World /Game/Maps/TestMap/UEDPIE_0_Test1.Test1 up for play (max tick rate 0) at 2020.11.02-17.07.46
[2020.11.02-08.07.46:165][654]LogWorld: Bringing up level for play took: 0.000930
[2020.11.02-08.07.46:165][654]LogOnline: OSS: Creating online subsystem instance for: :Context_6
[2020.11.02-08.07.46:167][654]PIE: 서버가 로그인했습니다.
[2020.11.02-08.07.46:168][654]PIE: 에디터에서 플레이 총 시작 시간 0.154초입니다.
[2020.11.02-08.07.51:449][281]LogSlate: Updating window title bar state: overlay mode, drag disabled, window buttons hidden, title bar hidden
[2020.11.02-08.07.51:449][281]LogWorld: BeginTearingDown for /Game/Maps/TestMap/UEDPIE_0_Test1
[2020.11.02-08.07.51:449][281]LogWorld: UWorld::CleanupWorld for Test1, bSessionEnded=true, bCleanupResources=true
[2020.11.02-08.07.51:449][281]LogSlate: InvalidateAllWidgets triggered.  All widgets were invalidated
[2020.11.02-08.07.51:459][281]LogPlayLevel: Display: Shutting down PIE online subsystems
[2020.11.02-08.07.51:462][281]LogSlate: InvalidateAllWidgets triggered.  All widgets were invalidated
[2020.11.02-08.07.51:490][281]LogSlate: Updating window title bar state: overlay mode, drag disabled, window buttons hidden, title bar hidden
[2020.11.02-08.07.51:491][281]LogAISub: UAISubsystem::~UAISubsystem EnvQueryManager (00000251FD37F600), frame # 4281
[2020.11.02-08.07.51:491][281]LogAISub: UAISubsystem::~UAISubsystem AIPerceptionSystem (00000251FD183380), frame # 4281
[2020.11.02-08.07.51:493][281]LogUObjectHash: Compacting FUObjectHashTables data took   1.56ms
[2020.11.02-08.07.51:519][282]LogPlayLevel: Display: Destroying online subsystem :Context_6
[2020.11.02-08.07.57:067][928]BlueprintLog: New page: BP_TargetDummy 컴파일
[2020.11.02-08.07.57:098][928]LogUObjectHash: Compacting FUObjectHashTables data took   1.40ms
[2020.11.02-08.07.57:683][988]Cmd: OBJ SAVEPACKAGE PACKAGE="/Game/Blueprints/BP_TargetDummy" FILE="../../../../../../Users/jseon/Desktop/Ue4CoopGame/CoopGame/Content/Blueprints/BP_TargetDummy.uasset" SILENT=true
[2020.11.02-08.07.57:713][988]LogSavePackage: Moving '../../../../../../Users/jseon/Desktop/Ue4CoopGame/CoopGame/Saved/BP_TargetDummy917389724F12ACCB5673C3BF8AAC1EAC.tmp' to '../../../../../../Users/jseon/Desktop/Ue4CoopGame/CoopGame/Content/Blueprints/BP_TargetDummy.uasset'
[2020.11.02-08.07.57:730][988]AssetCheck: New page: 애셋 저장: BP_TargetDummy
[2020.11.02-08.07.57:730][988]LogContentValidation: Display: Blueprint /Game/Blueprints/BP_TargetDummy.BP_TargetDummy 유효성 검사
[2020.11.02-08.07.58:292][ 46]LogWorld: UWorld::CleanupWorld for World_3, bSessionEnded=true, bCleanupResources=true
[2020.11.02-08.07.58:292][ 46]LogSlate: InvalidateAllWidgets triggered.  All widgets were invalidated
[2020.11.02-08.07.59:817][213]Cmd: OBJ SAVEPACKAGE PACKAGE="/Game/Maps/TestMap/Test1" FILE="../../../../../../Users/jseon/Desktop/Ue4CoopGame/CoopGame/Content/Maps/TestMap/Test1.umap" SILENT=true AUTOSAVING=false KEEPDIRTY=false
[2020.11.02-08.07.59:836][213]LogUObjectHash: Compacting FUObjectHashTables data took   1.62ms
[2020.11.02-08.07.59:864][213]LogSavePackage: Moving '../../../../../../Users/jseon/Desktop/Ue4CoopGame/CoopGame/Saved/Test130B816EE4F0FE72D4ED016B5FFF5530D.tmp' to '../../../../../../Users/jseon/Desktop/Ue4CoopGame/CoopGame/Content/Maps/TestMap/Test1.umap'
[2020.11.02-08.07.59:896][213]Cmd: OBJ SAVEPACKAGE PACKAGE="/Game/Maps/TestMap/Test1_BuiltData" FILE="../../../../../../Users/jseon/Desktop/Ue4CoopGame/CoopGame/Content/Maps/TestMap/Test1_BuiltData.uasset" SILENT=true
[2020.11.02-08.07.59:920][213]LogSavePackage: Moving '../../../../../../Users/jseon/Desktop/Ue4CoopGame/CoopGame/Saved/Test1_BuiltData2A695CBF45820F007F8F71B1FB343F6D.tmp' to '../../../../../../Users/jseon/Desktop/Ue4CoopGame/CoopGame/Content/Maps/TestMap/Test1_BuiltData.uasset'
[2020.11.02-08.07.59:933][213]AssetCheck: New page: 애셋 저장: 애셋이 다수입니다.
[2020.11.02-08.07.59:933][213]LogContentValidation: Display: World /Game/Maps/TestMap/Test1.Test1 유효성 검사
[2020.11.02-08.07.59:933][213]LogContentValidation: Display: MapBuildDataRegistry /Game/Maps/TestMap/Test1_BuiltData.Test1_BuiltData 유효성 검사
[2020.11.02-08.12.02:919][542]LogAssetEditorSubsystem: Opening Asset editor for Blueprint /Game/Blueprints/BP_TargetDummy.BP_TargetDummy
[2020.11.02-08.12.13:774][671]BlueprintLog: New page: BP_TargetDummy 컴파일
[2020.11.02-08.12.13:802][671]LogUObjectHash: Compacting FUObjectHashTables data took   1.49ms
[2020.11.02-08.12.14:217][708]Cmd: OBJ SAVEPACKAGE PACKAGE="/Game/Blueprints/BP_TargetDummy" FILE="../../../../../../Users/jseon/Desktop/Ue4CoopGame/CoopGame/Content/Blueprints/BP_TargetDummy.uasset" SILENT=true
[2020.11.02-08.12.14:240][708]LogSavePackage: Moving '../../../../../../Users/jseon/Desktop/Ue4CoopGame/CoopGame/Saved/BP_TargetDummy3D70186E4C645D6D4F1F249E98AA7F25.tmp' to '../../../../../../Users/jseon/Desktop/Ue4CoopGame/CoopGame/Content/Blueprints/BP_TargetDummy.uasset'
[2020.11.02-08.12.14:259][708]AssetCheck: New page: 애셋 저장: BP_TargetDummy
[2020.11.02-08.12.14:259][708]LogContentValidation: Display: Blueprint /Game/Blueprints/BP_TargetDummy.BP_TargetDummy 유효성 검사
[2020.11.02-08.12.16:366][941]LogTemp: Repeating last play command: 선택된 뷰포트
[2020.11.02-08.12.16:384][941]LogPlayLevel: PlayLevel: No blueprints needed recompiling
[2020.11.02-08.12.16:384][941]PIE: New page: PIE 세션: Test1 (2020. 11. 3. 오전 2:12:16)
[2020.11.02-08.12.16:384][941]LogPlayLevel: Creating play world package: /Game/Maps/TestMap/UEDPIE_0_Test1
[2020.11.02-08.12.16:386][941]LogPlayLevel: PIE: StaticDuplicateObject took: (0.001905s)
[2020.11.02-08.12.16:387][941]LogAIModule: Creating AISystem for world Test1
[2020.11.02-08.12.16:387][941]LogAISub: UAISubsystem::UAISubsystem EnvQueryManager (0000025207B43E00), frame # 7941
[2020.11.02-08.12.16:387][941]LogAISub: UAISubsystem::UAISubsystem AIPerceptionSystem (000002519C9D02C0), frame # 7941
[2020.11.02-08.12.16:387][941]LogPlayLevel: PIE: World Init took: (0.001243s)
[2020.11.02-08.12.16:387][941]LogPlayLevel: PIE: Created PIE world by copying editor world from /Game/Maps/TestMap/Test1.Test1 to /Game/Maps/TestMap/UEDPIE_0_Test1.Test1 (0.003310s)
[2020.11.02-08.12.16:404][941]LogUObjectHash: Compacting FUObjectHashTables data took   1.54ms
[2020.11.02-08.12.16:405][941]LogAudioMixer: Display: Audio Mixer Platform Settings:
[2020.11.02-08.12.16:405][941]LogAudioMixer: Display: 	Sample Rate:						  48000
[2020.11.02-08.12.16:405][941]LogAudioMixer: Display: 	Callback Buffer Frame Size Requested: 1024
[2020.11.02-08.12.16:405][941]LogAudioMixer: Display: 	Callback Buffer Frame Size To Use:	  1024
[2020.11.02-08.12.16:405][941]LogAudioMixer: Display: 	Number of buffers to queue:			  2
[2020.11.02-08.12.16:405][941]LogAudioMixer: Display: 	Max Channels (voices):				  32
[2020.11.02-08.12.16:406][941]LogAudioMixer: Display: 	Number of Async Source Workers:		  0
[2020.11.02-08.12.16:406][941]LogAudio: Display: AudioDevice MaxSources: 32
[2020.11.02-08.12.16:406][941]LogAudio: Display: Using built-in audio occlusion.
[2020.11.02-08.12.16:406][941]LogAudioMixer: Display: Initializing audio mixer.
[2020.11.02-08.12.16:423][941]LogAudioMixer: Display: 0: FrontLeft
[2020.11.02-08.12.16:423][941]LogAudioMixer: Display: 1: FrontRight
[2020.11.02-08.12.16:468][941]LogAudioMixer: Display: Using Audio Device 스피커(USB PnP Audio Device)
[2020.11.02-08.12.16:469][941]LogAudioMixer: Display: Initializing Sound Submixes...
[2020.11.02-08.12.16:469][941]LogAudioMixer: Display: Creating Master Submix 'MasterSubmixDefault'
[2020.11.02-08.12.16:469][941]LogAudioMixer: Display: Creating Master Submix 'MasterReverbSubmixDefault'
[2020.11.02-08.12.16:469][941]LogAudioMixer: Display: Creating Master Submix 'MasterEQSubmixDefault'
[2020.11.02-08.12.16:480][941]LogInit: FAudioDevice initialized.
[2020.11.02-08.12.16:487][941]LogLoad: Game class is 'CoopGameGameModeBase'
[2020.11.02-08.12.16:488][941]LogWorld: Bringing World /Game/Maps/TestMap/UEDPIE_0_Test1.Test1 up for play (max tick rate 0) at 2020.11.02-17.12.16
[2020.11.02-08.12.16:489][941]LogWorld: Bringing up level for play took: 0.001254
[2020.11.02-08.12.16:489][941]LogOnline: OSS: Creating online subsystem instance for: :Context_10
[2020.11.02-08.12.16:491][941]PIE: 서버가 로그인했습니다.
[2020.11.02-08.12.16:492][941]PIE: 에디터에서 플레이 총 시작 시간 0.112초입니다.
[2020.11.02-08.12.23:419][767]LogSlate: Updating window title bar state: overlay mode, drag disabled, window buttons hidden, title bar hidden
[2020.11.02-08.12.23:419][767]LogWorld: BeginTearingDown for /Game/Maps/TestMap/UEDPIE_0_Test1
[2020.11.02-08.12.23:419][767]LogWorld: UWorld::CleanupWorld for Test1, bSessionEnded=true, bCleanupResources=true
[2020.11.02-08.12.23:420][767]LogSlate: InvalidateAllWidgets triggered.  All widgets were invalidated
[2020.11.02-08.12.23:427][767]LogPlayLevel: Display: Shutting down PIE online subsystems
[2020.11.02-08.12.23:429][767]LogSlate: InvalidateAllWidgets triggered.  All widgets were invalidated
[2020.11.02-08.12.23:458][767]LogSlate: Updating window title bar state: overlay mode, drag disabled, window buttons hidden, title bar hidden
[2020.11.02-08.12.23:459][767]LogAISub: UAISubsystem::~UAISubsystem AIPerceptionSystem (000002519C9D02C0), frame # 8767
[2020.11.02-08.12.23:459][767]LogAISub: UAISubsystem::~UAISubsystem EnvQueryManager (0000025207B43E00), frame # 8767
[2020.11.02-08.12.23:460][767]LogUObjectHash: Compacting FUObjectHashTables data took   1.24ms
[2020.11.02-08.12.23:502][769]LogPlayLevel: Display: Destroying online subsystem :Context_10
[2020.11.02-08.12.27:959][214]BlueprintLog: New page: BP_TargetDummy 컴파일
[2020.11.02-08.12.27:988][214]LogUObjectHash: Compacting FUObjectHashTables data took   1.45ms
[2020.11.02-08.12.28:315][242]Cmd: OBJ SAVEPACKAGE PACKAGE="/Game/Blueprints/BP_TargetDummy" FILE="../../../../../../Users/jseon/Desktop/Ue4CoopGame/CoopGame/Content/Blueprints/BP_TargetDummy.uasset" SILENT=true
[2020.11.02-08.12.28:337][242]LogSavePackage: Moving '../../../../../../Users/jseon/Desktop/Ue4CoopGame/CoopGame/Saved/BP_TargetDummyDB474C734D5CB26660628AACDE7CE0CB.tmp' to '../../../../../../Users/jseon/Desktop/Ue4CoopGame/CoopGame/Content/Blueprints/BP_TargetDummy.uasset'
[2020.11.02-08.12.28:348][242]AssetCheck: New page: 애셋 저장: BP_TargetDummy
[2020.11.02-08.12.28:348][242]LogContentValidation: Display: Blueprint /Game/Blueprints/BP_TargetDummy.BP_TargetDummy 유효성 검사
[2020.11.02-08.12.30:167][436]LogTemp: Repeating last play command: 선택된 뷰포트
[2020.11.02-08.12.30:185][436]LogPlayLevel: PlayLevel: No blueprints needed recompiling
[2020.11.02-08.12.30:186][436]PIE: New page: PIE 세션: Test1 (2020. 11. 3. 오전 2:12:30)
[2020.11.02-08.12.30:186][436]LogPlayLevel: Creating play world package: /Game/Maps/TestMap/UEDPIE_0_Test1
[2020.11.02-08.12.30:188][436]LogPlayLevel: PIE: StaticDuplicateObject took: (0.001896s)
[2020.11.02-08.12.30:188][436]LogAIModule: Creating AISystem for world Test1
[2020.11.02-08.12.30:188][436]LogAISub: UAISubsystem::UAISubsystem EnvQueryManager (0000025207B0D400), frame # 9436
[2020.11.02-08.12.30:188][436]LogAISub: UAISubsystem::UAISubsystem AIPerceptionSystem (0000025207352840), frame # 9436
[2020.11.02-08.12.30:189][436]LogPlayLevel: PIE: World Init took: (0.000920s)
[2020.11.02-08.12.30:189][436]LogPlayLevel: PIE: Created PIE world by copying editor world from /Game/Maps/TestMap/Test1.Test1 to /Game/Maps/TestMap/UEDPIE_0_Test1.Test1 (0.002922s)
[2020.11.02-08.12.30:205][436]LogUObjectHash: Compacting FUObjectHashTables data took   1.55ms
[2020.11.02-08.12.30:207][436]LogAudioMixer: Display: Audio Mixer Platform Settings:
[2020.11.02-08.12.30:207][436]LogAudioMixer: Display: 	Sample Rate:						  48000
[2020.11.02-08.12.30:207][436]LogAudioMixer: Display: 	Callback Buffer Frame Size Requested: 1024
[2020.11.02-08.12.30:207][436]LogAudioMixer: Display: 	Callback Buffer Frame Size To Use:	  1024
[2020.11.02-08.12.30:207][436]LogAudioMixer: Display: 	Number of buffers to queue:			  2
[2020.11.02-08.12.30:207][436]LogAudioMixer: Display: 	Max Channels (voices):				  32
[2020.11.02-08.12.30:207][436]LogAudioMixer: Display: 	Number of Async Source Workers:		  0
[2020.11.02-08.12.30:207][436]LogAudio: Display: AudioDevice MaxSources: 32
[2020.11.02-08.12.30:207][436]LogAudio: Display: Using built-in audio occlusion.
[2020.11.02-08.12.30:208][436]LogAudioMixer: Display: Initializing audio mixer.
[2020.11.02-08.12.30:223][436]LogAudioMixer: Display: 0: FrontLeft
[2020.11.02-08.12.30:223][436]LogAudioMixer: Display: 1: FrontRight
[2020.11.02-08.12.30:267][436]LogAudioMixer: Display: Using Audio Device 스피커(USB PnP Audio Device)
[2020.11.02-08.12.30:267][436]LogAudioMixer: Display: Initializing Sound Submixes...
[2020.11.02-08.12.30:267][436]LogAudioMixer: Display: Creating Master Submix 'MasterSubmixDefault'
[2020.11.02-08.12.30:267][436]LogAudioMixer: Display: Creating Master Submix 'MasterReverbSubmixDefault'
[2020.11.02-08.12.30:267][436]LogAudioMixer: Display: Creating Master Submix 'MasterEQSubmixDefault'
[2020.11.02-08.12.30:278][436]LogInit: FAudioDevice initialized.
[2020.11.02-08.12.30:286][436]LogLoad: Game class is 'CoopGameGameModeBase'
[2020.11.02-08.12.30:288][436]LogWorld: Bringing World /Game/Maps/TestMap/UEDPIE_0_Test1.Test1 up for play (max tick rate 0) at 2020.11.02-17.12.30
[2020.11.02-08.12.30:288][436]LogWorld: Bringing up level for play took: 0.001150
[2020.11.02-08.12.30:288][436]LogOnline: OSS: Creating online subsystem instance for: :Context_11
[2020.11.02-08.12.30:290][436]PIE: 서버가 로그인했습니다.
[2020.11.02-08.12.30:291][436]PIE: 에디터에서 플레이 총 시작 시간 0.11초입니다.
[2020.11.02-08.12.30:598][472]LogBlueprintUserMessages: [BP_TargetDummy_2] 20.0
[2020.11.02-08.12.31:055][527]LogBlueprintUserMessages: [BP_TargetDummy_2] 20.0
[2020.11.02-08.12.31:205][545]LogBlueprintUserMessages: [BP_TargetDummy_2] 20.0
[2020.11.02-08.12.31:372][565]LogBlueprintUserMessages: [BP_TargetDummy_2] 20.0
[2020.11.02-08.12.31:531][584]LogBlueprintUserMessages: [BP_TargetDummy_2] 20.0
[2020.11.02-08.12.31:693][603]LogBlueprintUserMessages: [BP_TargetDummy_2] 20.0
[2020.11.02-08.12.31:825][619]LogBlueprintUserMessages: [BP_TargetDummy_2] 20.0
[2020.11.02-08.12.31:960][635]LogBlueprintUserMessages: [BP_TargetDummy_2] 20.0
[2020.11.02-08.12.32:094][651]LogBlueprintUserMessages: [BP_TargetDummy_2] 20.0
[2020.11.02-08.12.32:988][757]LogBlueprintUserMessages: [BP_TargetDummy_2] 20.0
[2020.11.02-08.12.33:147][776]LogBlueprintUserMessages: [BP_TargetDummy_2] 20.0
[2020.11.02-08.12.33:296][794]LogBlueprintUserMessages: [BP_TargetDummy_2] 20.0
[2020.11.02-08.12.33:447][812]LogBlueprintUserMessages: [BP_TargetDummy_2] 20.0
[2020.11.02-08.12.33:589][829]LogBlueprintUserMessages: [BP_TargetDummy_2] 20.0
[2020.11.02-08.12.33:730][846]LogBlueprintUserMessages: [BP_TargetDummy_2] 20.0
[2020.11.02-08.12.33:874][863]LogBlueprintUserMessages: [BP_TargetDummy_2] 20.0
[2020.11.02-08.12.34:016][880]LogBlueprintUserMessages: [BP_TargetDummy_2] 20.0
[2020.11.02-08.12.34:156][896]LogBlueprintUserMessages: [BP_TargetDummy_2] 20.0
[2020.11.02-08.12.34:298][913]LogBlueprintUserMessages: [BP_TargetDummy_2] 20.0
[2020.11.02-08.12.34:441][930]LogBlueprintUserMessages: [BP_TargetDummy_2] 20.0
[2020.11.02-08.12.34:585][947]LogBlueprintUserMessages: [BP_TargetDummy_2] 20.0
[2020.11.02-08.12.34:719][963]LogBlueprintUserMessages: [BP_TargetDummy_2] 20.0
[2020.11.02-08.12.34:865][980]LogBlueprintUserMessages: [BP_TargetDummy_2] 20.0
[2020.11.02-08.12.34:992][995]LogBlueprintUserMessages: [BP_TargetDummy_2] 20.0
[2020.11.02-08.12.35:127][ 11]LogBlueprintUserMessages: [BP_TargetDummy_2] 20.0
[2020.11.02-08.12.35:281][ 28]LogBlueprintUserMessages: [BP_TargetDummy_2] 20.0
[2020.11.02-08.12.35:429][ 45]LogBlueprintUserMessages: [BP_TargetDummy_2] 20.0
[2020.11.02-08.12.35:578][ 63]LogBlueprintUserMessages: [BP_TargetDummy_2] 20.0
[2020.11.02-08.12.35:745][ 83]LogBlueprintUserMessages: [BP_TargetDummy_2] 20.0
[2020.11.02-08.12.35:923][104]LogBlueprintUserMessages: [BP_TargetDummy_2] 20.0
[2020.11.02-08.12.37:045][232]LogBlueprintUserMessages: [BP_TargetDummy_2] 20.0
[2020.11.02-08.12.37:205][251]LogBlueprintUserMessages: [BP_TargetDummy_2] 20.0
[2020.11.02-08.12.37:840][327]LogBlueprintUserMessages: [BP_TargetDummy_2] 20.0
[2020.11.02-08.12.38:166][366]LogBlueprintUserMessages: [BP_TargetDummy_2] 20.0
[2020.11.02-08.12.38:350][388]LogBlueprintUserMessages: [BP_TargetDummy_2] 20.0
[2020.11.02-08.12.38:650][424]LogBlueprintUserMessages: [BP_TargetDummy_2] 20.0
[2020.11.02-08.12.38:805][442]LogBlueprintUserMessages: [BP_TargetDummy_2] 20.0
[2020.11.02-08.12.38:972][462]LogBlueprintUserMessages: [BP_TargetDummy_2] 20.0
[2020.11.02-08.12.39:132][481]LogBlueprintUserMessages: [BP_TargetDummy_2] 20.0
[2020.11.02-08.12.39:293][500]LogBlueprintUserMessages: [BP_TargetDummy_2] 20.0
[2020.11.02-08.12.39:446][518]LogBlueprintUserMessages: [BP_TargetDummy_2] 20.0
[2020.11.02-08.12.39:606][537]LogBlueprintUserMessages: [BP_TargetDummy_2] 20.0
[2020.11.02-08.12.39:749][554]LogBlueprintUserMessages: [BP_TargetDummy_2] 20.0
[2020.11.02-08.12.44:967][175]LogBlueprintUserMessages: [BP_TargetDummy_2] 20.0
[2020.11.02-08.12.45:100][191]LogBlueprintUserMessages: [BP_TargetDummy_2] 20.0
[2020.11.02-08.12.45:241][208]LogBlueprintUserMessages: [BP_TargetDummy_2] 20.0
[2020.11.02-08.12.45:386][225]LogBlueprintUserMessages: [BP_TargetDummy_2] 20.0
[2020.11.02-08.12.45:846][280]LogBlueprintUserMessages: [BP_TargetDummy_2] 20.0
[2020.11.02-08.12.46:015][300]LogBlueprintUserMessages: [BP_TargetDummy_2] 20.0
[2020.11.02-08.12.46:140][315]LogBlueprintUserMessages: [BP_TargetDummy_2] 20.0
[2020.11.02-08.12.47:439][467]LogSlate: Updating window title bar state: overlay mode, drag disabled, window buttons hidden, title bar hidden
[2020.11.02-08.12.47:439][467]LogWorld: BeginTearingDown for /Game/Maps/TestMap/UEDPIE_0_Test1
[2020.11.02-08.12.47:439][467]LogWorld: UWorld::CleanupWorld for Test1, bSessionEnded=true, bCleanupResources=true
[2020.11.02-08.12.47:439][467]LogSlate: InvalidateAllWidgets triggered.  All widgets were invalidated
[2020.11.02-08.12.47:447][467]LogPlayLevel: Display: Shutting down PIE online subsystems
[2020.11.02-08.12.47:449][467]LogSlate: InvalidateAllWidgets triggered.  All widgets were invalidated
[2020.11.02-08.12.47:478][467]LogSlate: Updating window title bar state: overlay mode, drag disabled, window buttons hidden, title bar hidden
[2020.11.02-08.12.47:478][467]LogAISub: UAISubsystem::~UAISubsystem AIPerceptionSystem (0000025207352840), frame # 11467
[2020.11.02-08.12.47:478][467]LogAISub: UAISubsystem::~UAISubsystem EnvQueryManager (0000025207B0D400), frame # 11467
[2020.11.02-08.12.47:480][467]LogUObjectHash: Compacting FUObjectHashTables data took   1.30ms
[2020.11.02-08.12.47:521][469]LogPlayLevel: Display: Destroying online subsystem :Context_11
