Log file open, 11/02/20 10:52:11
LogInit: Display: Running engine for game: CoopGame
LogPlatformFile: Not using cached read wrapper
LogTaskGraph: Started task graph with 5 named threads and 20 total threads with 3 sets of task threads.
LogStats: Stats thread started at 0.275993
LogD3D11RHI: Loaded GFSDK_Aftermath_Lib.x64.dll
LogICUInternationalization: ICU TimeZone Detection - Raw Offset: +9:00, Platform Override: ''
LogPluginManager: Mounting plugin Paper2D
LogPluginManager: Mounting plugin AISupport
LogPluginManager: Mounting plugin LightPropagationVolume
LogPluginManager: Mounting plugin CameraShakePreviewer
LogPluginManager: Mounting plugin ActorLayerUtilities
LogPluginManager: Mounting plugin AnimationSharing
LogPluginManager: Mounting plugin CLionSourceCodeAccess
LogPluginManager: Mounting plugin CodeLiteSourceCodeAccess
LogPluginManager: Mounting plugin GitSourceControl
LogPluginManager: Mounting plugin KDevelopSourceCodeAccess
LogPluginManager: Mounting plugin NullSourceCodeAccess
LogPluginManager: Mounting plugin PerforceSourceControl
LogPluginManager: Mounting plugin PlasticSourceControl
LogPluginManager: Mounting plugin RiderSourceCodeAccess
LogPluginManager: Mounting plugin SubversionSourceControl
LogPluginManager: Mounting plugin UObjectPlugin
LogPluginManager: Mounting plugin VisualStudioCodeSourceCodeAccess
LogPluginManager: Mounting plugin VisualStudioSourceCodeAccess
LogPluginManager: Mounting plugin XCodeSourceCodeAccess
LogPluginManager: Mounting plugin AssetManagerEditor
LogPluginManager: Mounting plugin CryptoKeys
LogPluginManager: Mounting plugin CurveEditorTools
LogPluginManager: Mounting plugin DataValidation
LogPluginManager: Mounting plugin EditorScriptingUtilities
LogPluginManager: Mounting plugin FacialAnimation
LogPluginManager: Mounting plugin GameplayTagsEditor
LogPluginManager: Mounting plugin GeometryMode
LogPluginManager: Mounting plugin MacGraphicsSwitching
LogPluginManager: Mounting plugin MaterialAnalyzer
LogPluginManager: Mounting plugin MobileLauncherProfileWizard
LogPluginManager: Mounting plugin PluginBrowser
LogPluginManager: Mounting plugin SpeedTreeImporter
LogPluginManager: Mounting plugin DatasmithContent
LogPluginManager: Mounting plugin VariantManagerContent
LogPluginManager: Mounting plugin AlembicImporter
LogPluginManager: Mounting plugin AutomationUtils
LogPluginManager: Mounting plugin BackChannel
LogPluginManager: Mounting plugin ChaosCloth
LogPluginManager: Mounting plugin ChaosClothEditor
LogPluginManager: Mounting plugin ChaosEditor
LogPluginManager: Mounting plugin ChaosNiagara
LogPluginManager: Mounting plugin ChaosSolverPlugin
LogPluginManager: Mounting plugin CharacterAI
LogPluginManager: Mounting plugin GeometryCache
LogPluginManager: Mounting plugin GeometryCollectionPlugin
LogPluginManager: Mounting plugin GeometryProcessing
LogPluginManager: Mounting plugin PlanarCut
LogPluginManager: Mounting plugin PlatformCrypto
LogPluginManager: Mounting plugin ProxyLODPlugin
LogPluginManager: Mounting plugin SkeletalReduction
LogPluginManager: Mounting plugin Niagara
LogPluginManager: Mounting plugin MagicLeap
LogPluginManager: Mounting plugin MagicLeapLightEstimation
LogPluginManager: Mounting plugin MagicLeapMedia
LogPluginManager: Mounting plugin MagicLeapPassableWorld
LogPluginManager: Mounting plugin MLSDK
LogPluginManager: Mounting plugin AndroidMedia
LogPluginManager: Mounting plugin AvfMedia
LogPluginManager: Mounting plugin ImgMedia
LogPluginManager: Mounting plugin MediaCompositing
LogPluginManager: Mounting plugin MediaPlayerEditor
LogPluginManager: Mounting plugin WebMMedia
LogPluginManager: Mounting plugin WmfMedia
LogPluginManager: Mounting plugin MeshPainting
LogPluginManager: Mounting plugin TcpMessaging
LogPluginManager: Mounting plugin UdpMessaging
LogPluginManager: Mounting plugin ActorSequence
LogPluginManager: Mounting plugin LevelSequenceEditor
LogPluginManager: Mounting plugin MatineeToLevelSequence
LogPluginManager: Mounting plugin MovieRenderPipeline
LogPluginManager: Mounting plugin TemplateSequence
LogPluginManager: Mounting plugin NetcodeUnitTest
LogPluginManager: Mounting plugin NUTUnrealEngine4
LogPluginManager: Mounting plugin OnlineSubsystemGooglePlay
LogPluginManager: Mounting plugin OnlineSubsystemIOS
LogPluginManager: Mounting plugin OnlineSubsystem
LogPluginManager: Mounting plugin OnlineSubsystemNull
LogPluginManager: Mounting plugin OnlineSubsystemUtils
LogPluginManager: Mounting plugin LauncherChunkInstaller
LogPluginManager: Mounting plugin AndroidDeviceProfileSelector
LogPluginManager: Mounting plugin AndroidMoviePlayer
LogPluginManager: Mounting plugin AndroidPermission
LogPluginManager: Mounting plugin AppleImageUtils
LogPluginManager: Mounting plugin AppleMoviePlayer
LogPluginManager: Mounting plugin ArchVisCharacter
LogPluginManager: Mounting plugin AssetTags
LogPluginManager: Mounting plugin AudioCapture
LogPluginManager: Mounting plugin CableComponent
LogPluginManager: Mounting plugin CustomMeshComponent
LogPluginManager: Mounting plugin EditableMesh
LogPluginManager: Mounting plugin ExampleDeviceProfileSelector
LogPluginManager: Mounting plugin GoogleCloudMessaging
LogPluginManager: Mounting plugin GooglePAD
LogPluginManager: Mounting plugin IOSDeviceProfileSelector
LogPluginManager: Mounting plugin LinuxDeviceProfileSelector
LogPluginManager: Mounting plugin LocationServicesBPLibrary
LogPluginManager: Mounting plugin MobilePatchingUtils
LogPluginManager: Mounting plugin OculusVR
LogPluginManager: Mounting plugin PhysXVehicles
LogPluginManager: Mounting plugin PostSplashScreen
LogPluginManager: Mounting plugin ProceduralMeshComponent
LogPluginManager: Mounting plugin RuntimePhysXCooking
LogPluginManager: Mounting plugin SignificanceManager
LogPluginManager: Mounting plugin SoundFields
LogPluginManager: Mounting plugin SteamVR
LogPluginManager: Mounting plugin Synthesis
LogPluginManager: Mounting plugin WebMMoviePlayer
LogPluginManager: Mounting plugin WindowsMoviePlayer
LogPluginManager: Mounting plugin ScreenshotTools
LogInit: Using libcurl 7.55.1-DEV
LogInit:  - built for x86_64-pc-win32
LogInit:  - supports SSL with OpenSSL/1.1.1
LogInit:  - supports HTTP deflate (compression) using libz 1.2.8
LogInit:  - other features:
LogInit:      CURL_VERSION_SSL
LogInit:      CURL_VERSION_LIBZ
LogInit:      CURL_VERSION_IPV6
LogInit:      CURL_VERSION_ASYNCHDNS
LogInit:      CURL_VERSION_LARGEFILE
LogInit:      CURL_VERSION_IDN
LogInit:  CurlRequestOptions (configurable via config and command line):
LogInit:  - bVerifyPeer = true  - Libcurl will verify peer certificate
LogInit:  - bUseHttpProxy = false  - Libcurl will NOT use HTTP proxy
LogInit:  - bDontReuseConnections = false  - Libcurl will reuse connections
LogInit:  - MaxHostConnections = 16  - Libcurl will limit the number of connections to a host
LogInit:  - LocalHostAddr = Default
LogInit:  - BufferSize = 65536
LogOnline: OSS: Creating online subsystem instance for: NULL
LogInit: WinSock: version 1.1 (2.2), MaxSocks=32767, MaxUdp=65467
LogOnline: OSS: TryLoadSubsystemAndSetDefault: Loaded subsystem for module [NULL]
LogInit: Build: ++UE4+Release-4.25-CL-14469661
LogInit: Engine Version: 4.25.4-14469661+++UE4+Release-4.25
LogInit: Compatible Engine Version: 4.25.0-13144385+++UE4+Release-4.25
LogInit: Net CL: 13144385
LogInit: OS: Windows 10 (Release 2004) (), CPU: Intel(R) Core(TM) i5-9600KF CPU @ 3.70GHz, GPU: NVIDIA GeForce RTX 2070 SUPER
LogInit: Compiled (64-bit): Oct 11 2020 08:10:49
LogInit: Compiled with Visual C++: 19.24.28315.00
LogInit: Build Configuration: Development
LogInit: Branch Name: ++UE4+Release-4.25
LogInit: Command Line:  -skipcompile
LogInit: Base Directory: C:/Program Files/Epic Games/UE_4.25/Engine/Binaries/Win64/
LogInit: Allocator: TBB
LogInit: Installed Engine Build: 1
LogDevObjectVersion: Number of dev versions registered: 26
LogDevObjectVersion:   Dev-Blueprints (B0D832E4-1F89-4F0D-ACCF-7EB736FD4AA2): 10
LogDevObjectVersion:   Dev-Build (E1C64328-A22C-4D53-A36C-8E866417BD8C): 0
LogDevObjectVersion:   Dev-Core (375EC13C-06E4-48FB-B500-84F0262A717E): 4
LogDevObjectVersion:   Dev-Editor (E4B068ED-F494-42E9-A231-DA0B2E46BB41): 38
LogDevObjectVersion:   Dev-Framework (CFFC743F-43B0-4480-9391-14DF171D2073): 37
LogDevObjectVersion:   Dev-Mobile (B02B49B5-BB20-44E9-A304-32B752E40360): 2
LogDevObjectVersion:   Dev-Networking (A4E4105C-59A1-49B5-A7C5-40C4547EDFEE): 0
LogDevObjectVersion:   Dev-Online (39C831C9-5AE6-47DC-9A44-9C173E1C8E7C): 0
LogDevObjectVersion:   Dev-Physics (78F01B33-EBEA-4F98-B9B4-84EACCB95AA2): 4
LogDevObjectVersion:   Dev-Platform (6631380F-2D4D-43E0-8009-CF276956A95A): 0
LogDevObjectVersion:   Dev-Rendering (12F88B9F-8875-4AFC-A67C-D90C383ABD29): 43
LogDevObjectVersion:   Dev-Sequencer (7B5AE74C-D270-4C10-A958-57980B212A5A): 12
LogDevObjectVersion:   Dev-VR (D7296918-1DD6-4BDD-9DE2-64A83CC13884): 3
LogDevObjectVersion:   Dev-LoadTimes (C2A15278-BFE7-4AFE-6C17-90FF531DF755): 1
LogDevObjectVersion:   Private-Geometry (6EACA3D4-40EC-4CC1-B786-8BED09428FC5): 3
LogDevObjectVersion:   Dev-AnimPhys (29E575DD-E0A3-4627-9D10-D276232CDCEA): 17
LogDevObjectVersion:   Dev-Anim (AF43A65D-7FD3-4947-9873-3E8ED9C1BB05): 7
LogDevObjectVersion:   Dev-ReflectionCapture (6B266CEC-1EC7-4B8F-A30B-E4D90942FC07): 1
LogDevObjectVersion:   Dev-Automation (0DF73D61-A23F-47EA-B727-89E90C41499A): 1
LogDevObjectVersion:   FortniteMain (601D1886-AC64-4F84-AA16-D3DE0DEAC7D6): 31
LogDevObjectVersion:   Dev-Enterprise (9DFFBCD6-494F-0158-E221-12823C92A888): 10
LogDevObjectVersion:   Dev-Niagara (F2AED0AC-9AFE-416F-8664-AA7FFA26D6FC): 1
LogDevObjectVersion:   Dev-Destruction (174F1F0B-B4C6-45A5-B13F-2EE8D0FB917D): 10
LogDevObjectVersion:   Dev-Physics-Ext (35F94A83-E258-406C-A318-09F59610247C): 37
LogDevObjectVersion:   Dev-PhysicsMaterial-Chaos (B68FC16E-8B1B-42E2-B453-215C058844FE): 1
LogDevObjectVersion:   Dev-CineCamera (B2E18506-4273-CFC2-A54E-F4BB758BBA07): 1
LogInit: Presizing for max 25165824 objects, including 0 objects not considered by GC, pre-allocating 0 bytes for permanent pool.
LogConfig: Applying CVar settings from Section [/Script/Engine.StreamingSettings] File [C:/Users/jseon/Desktop/Ue4CoopGame/CoopGame/Saved/Config/Windows/Engine.ini]
LogConfig: Setting CVar [[s.MinBulkDataSizeForAsyncLoading:131072]]
LogConfig: Setting CVar [[s.AsyncLoadingThreadEnabled:0]]
LogConfig: Setting CVar [[s.EventDrivenLoaderEnabled:1]]
LogConfig: Setting CVar [[s.WarnIfTimeLimitExceeded:0]]
LogConfig: Setting CVar [[s.TimeLimitExceededMultiplier:1.5]]
LogConfig: Setting CVar [[s.TimeLimitExceededMinTime:0.005]]
LogConfig: Setting CVar [[s.UseBackgroundLevelStreaming:1]]
LogConfig: Setting CVar [[s.PriorityAsyncLoadingExtraTime:15.0]]
LogConfig: Setting CVar [[s.LevelStreamingActorsUpdateTimeLimit:5.0]]
LogConfig: Setting CVar [[s.PriorityLevelStreamingActorsUpdateExtraTime:5.0]]
LogConfig: Setting CVar [[s.LevelStreamingComponentsRegistrationGranularity:10]]
LogConfig: Setting CVar [[s.UnregisterComponentsTimeLimit:1.0]]
LogConfig: Setting CVar [[s.LevelStreamingComponentsUnregistrationGranularity:5]]
LogConfig: Setting CVar [[s.FlushStreamingOnExit:1]]
LogInit: Object subsystem initialized
LogConfig: Setting CVar [[con.DebugEarlyDefault:1]]
LogConfig: Setting CVar [[r.setres:1280x720]]
[2020.11.02-01.52.11:751][  0]LogConfig: Setting CVar [[r.VSync:0]]
[2020.11.02-01.52.11:751][  0]LogConfig: Setting CVar [[r.RHICmdBypass:0]]
[2020.11.02-01.52.11:751][  0]LogConfig: Applying CVar settings from Section [/Script/Engine.RendererSettings] File [C:/Users/jseon/Desktop/Ue4CoopGame/CoopGame/Saved/Config/Windows/Engine.ini]
[2020.11.02-01.52.11:751][  0]LogConfig: Setting CVar [[r.GPUCrashDebugging:0]]
[2020.11.02-01.52.11:751][  0]LogConfig: Applying CVar settings from Section [/Script/Engine.RendererOverrideSettings] File [C:/Users/jseon/Desktop/Ue4CoopGame/CoopGame/Saved/Config/Windows/Engine.ini]
[2020.11.02-01.52.11:751][  0]LogConfig: Applying CVar settings from Section [/Script/Engine.StreamingSettings] File [C:/Users/jseon/Desktop/Ue4CoopGame/CoopGame/Saved/Config/Windows/Engine.ini]
[2020.11.02-01.52.11:751][  0]LogConfig: Setting CVar [[s.MinBulkDataSizeForAsyncLoading:131072]]
[2020.11.02-01.52.11:751][  0]LogConfig: Setting CVar [[s.AsyncLoadingThreadEnabled:0]]
[2020.11.02-01.52.11:751][  0]LogConfig: Setting CVar [[s.EventDrivenLoaderEnabled:1]]
[2020.11.02-01.52.11:751][  0]LogConfig: Setting CVar [[s.WarnIfTimeLimitExceeded:0]]
[2020.11.02-01.52.11:751][  0]LogConfig: Setting CVar [[s.TimeLimitExceededMultiplier:1.5]]
[2020.11.02-01.52.11:751][  0]LogConfig: Setting CVar [[s.TimeLimitExceededMinTime:0.005]]
[2020.11.02-01.52.11:751][  0]LogConfig: Setting CVar [[s.UseBackgroundLevelStreaming:1]]
[2020.11.02-01.52.11:751][  0]LogConfig: Setting CVar [[s.PriorityAsyncLoadingExtraTime:15.0]]
[2020.11.02-01.52.11:751][  0]LogConfig: Setting CVar [[s.LevelStreamingActorsUpdateTimeLimit:5.0]]
[2020.11.02-01.52.11:751][  0]LogConfig: Setting CVar [[s.PriorityLevelStreamingActorsUpdateExtraTime:5.0]]
[2020.11.02-01.52.11:751][  0]LogConfig: Setting CVar [[s.LevelStreamingComponentsRegistrationGranularity:10]]
[2020.11.02-01.52.11:751][  0]LogConfig: Setting CVar [[s.UnregisterComponentsTimeLimit:1.0]]
[2020.11.02-01.52.11:751][  0]LogConfig: Setting CVar [[s.LevelStreamingComponentsUnregistrationGranularity:5]]
[2020.11.02-01.52.11:751][  0]LogConfig: Setting CVar [[s.FlushStreamingOnExit:1]]
[2020.11.02-01.52.11:751][  0]LogConfig: Applying CVar settings from Section [/Script/Engine.GarbageCollectionSettings] File [C:/Users/jseon/Desktop/Ue4CoopGame/CoopGame/Saved/Config/Windows/Engine.ini]
[2020.11.02-01.52.11:752][  0]LogConfig: Setting CVar [[gc.MaxObjectsNotConsideredByGC:1]]
[2020.11.02-01.52.11:752][  0]LogConfig: Setting CVar [[gc.SizeOfPermanentObjectPool:0]]
[2020.11.02-01.52.11:752][  0]LogConfig: Setting CVar [[gc.FlushStreamingOnGC:0]]
[2020.11.02-01.52.11:752][  0]LogConfig: Setting CVar [[gc.NumRetriesBeforeForcingGC:10]]
[2020.11.02-01.52.11:752][  0]LogConfig: Setting CVar [[gc.AllowParallelGC:1]]
[2020.11.02-01.52.11:752][  0]LogConfig: Setting CVar [[gc.TimeBetweenPurgingPendingKillObjects:61.1]]
[2020.11.02-01.52.11:752][  0]LogConfig: Setting CVar [[gc.MaxObjectsInEditor:25165824]]
[2020.11.02-01.52.11:752][  0]LogConfig: Setting CVar [[gc.IncrementalBeginDestroyEnabled:1]]
[2020.11.02-01.52.11:752][  0]LogConfig: Setting CVar [[gc.CreateGCClusters:1]]
[2020.11.02-01.52.11:752][  0]LogConfig: Setting CVar [[gc.MinGCClusterSize:5]]
[2020.11.02-01.52.11:752][  0]LogConfig: Setting CVar [[gc.ActorClusteringEnabled:0]]
[2020.11.02-01.52.11:752][  0]LogConfig: Setting CVar [[gc.BlueprintClusteringEnabled:0]]
[2020.11.02-01.52.11:752][  0]LogConfig: Setting CVar [[gc.UseDisregardForGCOnDedicatedServers:0]]
[2020.11.02-01.52.11:752][  0]LogConfig: Applying CVar settings from Section [/Script/Engine.NetworkSettings] File [C:/Users/jseon/Desktop/Ue4CoopGame/CoopGame/Saved/Config/Windows/Engine.ini]
[2020.11.02-01.52.11:752][  0]LogConfig: Applying CVar settings from Section [/Script/UnrealEd.CookerSettings] File [C:/Users/jseon/Desktop/Ue4CoopGame/CoopGame/Saved/Config/Windows/Engine.ini]
[2020.11.02-01.52.11:760][  0]LogConfig: Applying CVar settings from Section [ViewDistanceQuality@3] File [C:/Users/jseon/Desktop/Ue4CoopGame/CoopGame/Saved/Config/Windows/Scalability.ini]
[2020.11.02-01.52.11:760][  0]LogConfig: Setting CVar [[r.SkeletalMeshLODBias:0]]
[2020.11.02-01.52.11:760][  0]LogConfig: Setting CVar [[r.ViewDistanceScale:1.0]]
[2020.11.02-01.52.11:760][  0]LogConfig: Applying CVar settings from Section [AntiAliasingQuality@3] File [C:/Users/jseon/Desktop/Ue4CoopGame/CoopGame/Saved/Config/Windows/Scalability.ini]
[2020.11.02-01.52.11:760][  0]LogConfig: Setting CVar [[r.PostProcessAAQuality:4]]
[2020.11.02-01.52.11:760][  0]LogConfig: Applying CVar settings from Section [ShadowQuality@3] File [C:/Users/jseon/Desktop/Ue4CoopGame/CoopGame/Saved/Config/Windows/Scalability.ini]
[2020.11.02-01.52.11:760][  0]LogConfig: Setting CVar [[r.LightFunctionQuality:1]]
[2020.11.02-01.52.11:761][  0]LogConfig: Setting CVar [[r.ShadowQuality:5]]
[2020.11.02-01.52.11:761][  0]LogConfig: Setting CVar [[r.Shadow.CSM.MaxCascades:10]]
[2020.11.02-01.52.11:761][  0]LogConfig: Setting CVar [[r.Shadow.MaxResolution:2048]]
[2020.11.02-01.52.11:761][  0]LogConfig: Setting CVar [[r.Shadow.MaxCSMResolution:2048]]
[2020.11.02-01.52.11:761][  0]LogConfig: Setting CVar [[r.Shadow.RadiusThreshold:0.01]]
[2020.11.02-01.52.11:761][  0]LogConfig: Setting CVar [[r.Shadow.DistanceScale:1.0]]
[2020.11.02-01.52.11:761][  0]LogConfig: Setting CVar [[r.Shadow.CSM.TransitionScale:1.0]]
[2020.11.02-01.52.11:761][  0]LogConfig: Setting CVar [[r.Shadow.PreShadowResolutionFactor:1.0]]
[2020.11.02-01.52.11:761][  0]LogConfig: Setting CVar [[r.DistanceFieldShadowing:1]]
[2020.11.02-01.52.11:761][  0]LogConfig: Setting CVar [[r.DistanceFieldAO:1]]
[2020.11.02-01.52.11:761][  0]LogConfig: Setting CVar [[r.AOQuality:2]]
[2020.11.02-01.52.11:761][  0]LogConfig: Setting CVar [[r.VolumetricFog:1]]
[2020.11.02-01.52.11:761][  0]LogConfig: Setting CVar [[r.VolumetricFog.GridPixelSize:8]]
[2020.11.02-01.52.11:761][  0]LogConfig: Setting CVar [[r.VolumetricFog.GridSizeZ:128]]
[2020.11.02-01.52.11:761][  0]LogConfig: Setting CVar [[r.VolumetricFog.HistoryMissSupersampleCount:4]]
[2020.11.02-01.52.11:761][  0]LogConfig: Setting CVar [[r.LightMaxDrawDistanceScale:1]]
[2020.11.02-01.52.11:761][  0]LogConfig: Setting CVar [[r.CapsuleShadows:1]]
[2020.11.02-01.52.11:761][  0]LogConfig: Applying CVar settings from Section [PostProcessQuality@3] File [C:/Users/jseon/Desktop/Ue4CoopGame/CoopGame/Saved/Config/Windows/Scalability.ini]
[2020.11.02-01.52.11:761][  0]LogConfig: Setting CVar [[r.MotionBlurQuality:4]]
[2020.11.02-01.52.11:761][  0]LogConfig: Setting CVar [[r.AmbientOcclusionMipLevelFactor:0.4]]
[2020.11.02-01.52.11:761][  0]LogConfig: Setting CVar [[r.AmbientOcclusionMaxQuality:100]]
[2020.11.02-01.52.11:762][  0]LogConfig: Setting CVar [[r.AmbientOcclusionLevels:-1]]
[2020.11.02-01.52.11:762][  0]LogConfig: Setting CVar [[r.AmbientOcclusionRadiusScale:1.0]]
[2020.11.02-01.52.11:762][  0]LogConfig: Setting CVar [[r.DepthOfFieldQuality:2]]
[2020.11.02-01.52.11:762][  0]LogConfig: Setting CVar [[r.RenderTargetPoolMin:400]]
[2020.11.02-01.52.11:762][  0]LogConfig: Setting CVar [[r.LensFlareQuality:2]]
[2020.11.02-01.52.11:762][  0]LogConfig: Setting CVar [[r.SceneColorFringeQuality:1]]
[2020.11.02-01.52.11:762][  0]LogConfig: Setting CVar [[r.EyeAdaptationQuality:2]]
[2020.11.02-01.52.11:762][  0]LogConfig: Setting CVar [[r.BloomQuality:5]]
[2020.11.02-01.52.11:762][  0]LogConfig: Setting CVar [[r.FastBlurThreshold:100]]
[2020.11.02-01.52.11:762][  0]LogConfig: Setting CVar [[r.Upscale.Quality:3]]
[2020.11.02-01.52.11:762][  0]LogConfig: Setting CVar [[r.Tonemapper.GrainQuantization:1]]
[2020.11.02-01.52.11:762][  0]LogConfig: Setting CVar [[r.LightShaftQuality:1]]
[2020.11.02-01.52.11:763][  0]LogConfig: Setting CVar [[r.Filter.SizeScale:1]]
[2020.11.02-01.52.11:763][  0]LogConfig: Setting CVar [[r.Tonemapper.Quality:5]]
[2020.11.02-01.52.11:763][  0]LogConfig: Setting CVar [[r.DOF.Gather.AccumulatorQuality:1        ; higher gathering accumulator quality]]
[2020.11.02-01.52.11:763][  0]LogConfig: Setting CVar [[r.DOF.Gather.PostfilterMethod:1          ; Median3x3 postfilering method]]
[2020.11.02-01.52.11:763][  0]LogConfig: Setting CVar [[r.DOF.Gather.EnableBokehSettings:0       ; no bokeh simulation when gathering]]
[2020.11.02-01.52.11:763][  0]LogConfig: Setting CVar [[r.DOF.Gather.RingCount:4                 ; medium number of samples when gathering]]
[2020.11.02-01.52.11:763][  0]LogConfig: Setting CVar [[r.DOF.Scatter.ForegroundCompositing:1    ; additive foreground scattering]]
[2020.11.02-01.52.11:763][  0]LogConfig: Setting CVar [[r.DOF.Scatter.BackgroundCompositing:2    ; additive background scattering]]
[2020.11.02-01.52.11:763][  0]LogConfig: Setting CVar [[r.DOF.Scatter.EnableBokehSettings:1      ; bokeh simulation when scattering]]
[2020.11.02-01.52.11:763][  0]LogConfig: Setting CVar [[r.DOF.Scatter.MaxSpriteRatio:0.1         ; only a maximum of 10% of scattered bokeh]]
[2020.11.02-01.52.11:763][  0]LogConfig: Setting CVar [[r.DOF.Recombine.Quality:1                ; cheap slight out of focus]]
[2020.11.02-01.52.11:763][  0]LogConfig: Setting CVar [[r.DOF.Recombine.EnableBokehSettings:0    ; no bokeh simulation on slight out of focus]]
[2020.11.02-01.52.11:763][  0]LogConfig: Setting CVar [[r.DOF.TemporalAAQuality:1                ; more stable temporal accumulation]]
[2020.11.02-01.52.11:763][  0]LogConfig: Setting CVar [[r.DOF.Kernel.MaxForegroundRadius:0.025]]
[2020.11.02-01.52.11:763][  0]LogConfig: Setting CVar [[r.DOF.Kernel.MaxBackgroundRadius:0.025]]
[2020.11.02-01.52.11:763][  0]LogConfig: Applying CVar settings from Section [TextureQuality@3] File [C:/Users/jseon/Desktop/Ue4CoopGame/CoopGame/Saved/Config/Windows/Scalability.ini]
[2020.11.02-01.52.11:763][  0]LogConfig: Setting CVar [[r.Streaming.MipBias:0]]
[2020.11.02-01.52.11:763][  0]LogConfig: Setting CVar [[r.Streaming.AmortizeCPUToGPUCopy:0]]
[2020.11.02-01.52.11:763][  0]LogConfig: Setting CVar [[r.Streaming.MaxNumTexturesToStreamPerFrame:0]]
[2020.11.02-01.52.11:763][  0]LogConfig: Setting CVar [[r.Streaming.Boost:1]]
[2020.11.02-01.52.11:763][  0]LogConfig: Setting CVar [[r.MaxAnisotropy:8]]
[2020.11.02-01.52.11:764][  0]LogConfig: Setting CVar [[r.VT.MaxAnisotropy:8]]
[2020.11.02-01.52.11:764][  0]LogConfig: Setting CVar [[r.Streaming.LimitPoolSizeToVRAM:0]]
[2020.11.02-01.52.11:764][  0]LogConfig: Setting CVar [[r.Streaming.PoolSize:1000]]
[2020.11.02-01.52.11:764][  0]LogConfig: Setting CVar [[r.Streaming.MaxEffectiveScreenSize:0]]
[2020.11.02-01.52.11:764][  0]LogConfig: Applying CVar settings from Section [EffectsQuality@3] File [C:/Users/jseon/Desktop/Ue4CoopGame/CoopGame/Saved/Config/Windows/Scalability.ini]
[2020.11.02-01.52.11:764][  0]LogConfig: Setting CVar [[r.TranslucencyLightingVolumeDim:64]]
[2020.11.02-01.52.11:764][  0]LogConfig: Setting CVar [[r.RefractionQuality:2]]
[2020.11.02-01.52.11:764][  0]LogConfig: Setting CVar [[r.SSR.Quality:3]]
[2020.11.02-01.52.11:764][  0]LogConfig: Setting CVar [[r.SSR.HalfResSceneColor:0]]
[2020.11.02-01.52.11:764][  0]LogConfig: Setting CVar [[r.SceneColorFormat:4]]
[2020.11.02-01.52.11:764][  0]LogConfig: Setting CVar [[r.DetailMode:2]]
[2020.11.02-01.52.11:764][  0]LogConfig: Setting CVar [[r.TranslucencyVolumeBlur:1]]
[2020.11.02-01.52.11:764][  0]LogConfig: Setting CVar [[r.MaterialQualityLevel:1 ; High quality]]
[2020.11.02-01.52.11:764][  0]LogConfig: Setting CVar [[r.SSS.Scale:1]]
[2020.11.02-01.52.11:764][  0]LogConfig: Setting CVar [[r.SSS.SampleSet:2]]
[2020.11.02-01.52.11:764][  0]LogConfig: Setting CVar [[r.SSS.Quality:1]]
[2020.11.02-01.52.11:764][  0]LogConfig: Setting CVar [[r.SSS.HalfRes:0]]
[2020.11.02-01.52.11:764][  0]LogConfig: Setting CVar [[r.SSGI.Quality:3]]
[2020.11.02-01.52.11:764][  0]LogConfig: Setting CVar [[r.EmitterSpawnRateScale:1.0]]
[2020.11.02-01.52.11:764][  0]LogConfig: Setting CVar [[r.ParticleLightQuality:2]]
[2020.11.02-01.52.11:764][  0]LogConfig: Setting CVar [[r.SkyAtmosphere.AerialPerspectiveLUT.FastApplyOnOpaque:1 ; Always have FastSkyLUT 1 in this case to avoid wrong sky]]
[2020.11.02-01.52.11:765][  0]LogConfig: Setting CVar [[r.SkyAtmosphere.AerialPerspectiveLUT.SampleCountPerSlice:1]]
[2020.11.02-01.52.11:765][  0]LogConfig: Setting CVar [[r.SkyAtmosphere.AerialPerspectiveLUT.DepthResolution:16.0]]
[2020.11.02-01.52.11:765][  0]LogConfig: Setting CVar [[r.SkyAtmosphere.FastSkyLUT:1]]
[2020.11.02-01.52.11:765][  0]LogConfig: Setting CVar [[r.SkyAtmosphere.FastSkyLUT.SampleCountMin:4.0]]
[2020.11.02-01.52.11:765][  0]LogConfig: Setting CVar [[r.SkyAtmosphere.FastSkyLUT.SampleCountMax:32.0]]
[2020.11.02-01.52.11:765][  0]LogConfig: Setting CVar [[r.SkyAtmosphere.SampleCountMin:4.0]]
[2020.11.02-01.52.11:765][  0]LogConfig: Setting CVar [[r.SkyAtmosphere.SampleCountMax:32.0]]
[2020.11.02-01.52.11:765][  0]LogConfig: Setting CVar [[r.SkyAtmosphere.TransmittanceLUT.UseSmallFormat:0]]
[2020.11.02-01.52.11:765][  0]LogConfig: Setting CVar [[r.SkyAtmosphere.TransmittanceLUT.SampleCount:10.0]]
[2020.11.02-01.52.11:765][  0]LogConfig: Setting CVar [[r.SkyAtmosphere.MultiScatteringLUT.SampleCount:15.0]]
[2020.11.02-01.52.11:765][  0]LogConfig: Applying CVar settings from Section [FoliageQuality@3] File [C:/Users/jseon/Desktop/Ue4CoopGame/CoopGame/Saved/Config/Windows/Scalability.ini]
[2020.11.02-01.52.11:766][  0]LogConfig: Setting CVar [[foliage.DensityScale:1.0]]
[2020.11.02-01.52.11:766][  0]LogConfig: Setting CVar [[grass.DensityScale:1.0]]
[2020.11.02-01.52.11:766][  0]LogConfig: Applying CVar settings from Section [ShadingQuality@3] File [C:/Users/jseon/Desktop/Ue4CoopGame/CoopGame/Saved/Config/Windows/Scalability.ini]
[2020.11.02-01.52.11:766][  0]LogConfig: Setting CVar [[r.HairStrands.SkyLighting.SampleCount:16]]
[2020.11.02-01.52.11:766][  0]LogConfig: Setting CVar [[r.HairStrands.SkyLighting.JitterIntegration:0]]
[2020.11.02-01.52.11:766][  0]LogConfig: Setting CVar [[r.HairStrands.SkyAO.SampleCount:16]]
[2020.11.02-01.52.11:766][  0]LogConfig: Setting CVar [[r.HairStrands.DeepShadow.SuperSampling:0]]
[2020.11.02-01.52.11:766][  0]LogConfig: Setting CVar [[r.HairStrands.VisibilityPPLL:0]]
[2020.11.02-01.52.11:766][  0]LogConfig: Setting CVar [[r.HairStrands.RasterizationScale:0.5]]
[2020.11.02-01.52.11:766][  0]LogConfig: Setting CVar [[r.HairStrands.VelocityRasterizationScale:1]]
[2020.11.02-01.52.11:766][  0]LogInit: Selected Device Profile: [Windows]
[2020.11.02-01.52.11:766][  0]LogInit: Applying CVar settings loaded from the selected device profile: [Windows]
[2020.11.02-01.52.11:767][  0]LogHAL: Display: Platform has ~ 32 GB [34299195392 / 34359738368 / 32], which maps to Largest [LargestMinGB=32, LargerMinGB=12, DefaultMinGB=8, SmallerMinGB=6, SmallestMinGB=0)
[2020.11.02-01.52.11:767][  0]LogInit: Going up to parent DeviceProfile []
[2020.11.02-01.52.11:767][  0]LogConfig: Applying CVar settings from Section [ViewDistanceQuality@3] File [C:/Users/jseon/Desktop/Ue4CoopGame/CoopGame/Saved/Config/Windows/Scalability.ini]
[2020.11.02-01.52.11:767][  0]LogConfig: Setting CVar [[r.SkeletalMeshLODBias:0]]
[2020.11.02-01.52.11:767][  0]LogConfig: Setting CVar [[r.ViewDistanceScale:1.0]]
[2020.11.02-01.52.11:767][  0]LogConfig: Applying CVar settings from Section [AntiAliasingQuality@3] File [C:/Users/jseon/Desktop/Ue4CoopGame/CoopGame/Saved/Config/Windows/Scalability.ini]
[2020.11.02-01.52.11:767][  0]LogConfig: Setting CVar [[r.PostProcessAAQuality:4]]
[2020.11.02-01.52.11:767][  0]LogConfig: Applying CVar settings from Section [ShadowQuality@3] File [C:/Users/jseon/Desktop/Ue4CoopGame/CoopGame/Saved/Config/Windows/Scalability.ini]
[2020.11.02-01.52.11:767][  0]LogConfig: Setting CVar [[r.LightFunctionQuality:1]]
[2020.11.02-01.52.11:767][  0]LogConfig: Setting CVar [[r.ShadowQuality:5]]
[2020.11.02-01.52.11:767][  0]LogConfig: Setting CVar [[r.Shadow.CSM.MaxCascades:10]]
[2020.11.02-01.52.11:767][  0]LogConfig: Setting CVar [[r.Shadow.MaxResolution:2048]]
[2020.11.02-01.52.11:767][  0]LogConfig: Setting CVar [[r.Shadow.MaxCSMResolution:2048]]
[2020.11.02-01.52.11:767][  0]LogConfig: Setting CVar [[r.Shadow.RadiusThreshold:0.01]]
[2020.11.02-01.52.11:767][  0]LogConfig: Setting CVar [[r.Shadow.DistanceScale:1.0]]
[2020.11.02-01.52.11:767][  0]LogConfig: Setting CVar [[r.Shadow.CSM.TransitionScale:1.0]]
[2020.11.02-01.52.11:767][  0]LogConfig: Setting CVar [[r.Shadow.PreShadowResolutionFactor:1.0]]
[2020.11.02-01.52.11:767][  0]LogConfig: Setting CVar [[r.DistanceFieldShadowing:1]]
[2020.11.02-01.52.11:767][  0]LogConfig: Setting CVar [[r.DistanceFieldAO:1]]
[2020.11.02-01.52.11:767][  0]LogConfig: Setting CVar [[r.AOQuality:2]]
[2020.11.02-01.52.11:767][  0]LogConfig: Setting CVar [[r.VolumetricFog:1]]
[2020.11.02-01.52.11:768][  0]LogConfig: Setting CVar [[r.VolumetricFog.GridPixelSize:8]]
[2020.11.02-01.52.11:768][  0]LogConfig: Setting CVar [[r.VolumetricFog.GridSizeZ:128]]
[2020.11.02-01.52.11:768][  0]LogConfig: Setting CVar [[r.VolumetricFog.HistoryMissSupersampleCount:4]]
[2020.11.02-01.52.11:768][  0]LogConfig: Setting CVar [[r.LightMaxDrawDistanceScale:1]]
[2020.11.02-01.52.11:768][  0]LogConfig: Setting CVar [[r.CapsuleShadows:1]]
[2020.11.02-01.52.11:768][  0]LogConfig: Applying CVar settings from Section [PostProcessQuality@3] File [C:/Users/jseon/Desktop/Ue4CoopGame/CoopGame/Saved/Config/Windows/Scalability.ini]
[2020.11.02-01.52.11:768][  0]LogConfig: Setting CVar [[r.MotionBlurQuality:4]]
[2020.11.02-01.52.11:768][  0]LogConfig: Setting CVar [[r.AmbientOcclusionMipLevelFactor:0.4]]
[2020.11.02-01.52.11:768][  0]LogConfig: Setting CVar [[r.AmbientOcclusionMaxQuality:100]]
[2020.11.02-01.52.11:768][  0]LogConfig: Setting CVar [[r.AmbientOcclusionLevels:-1]]
[2020.11.02-01.52.11:768][  0]LogConfig: Setting CVar [[r.AmbientOcclusionRadiusScale:1.0]]
[2020.11.02-01.52.11:768][  0]LogConfig: Setting CVar [[r.DepthOfFieldQuality:2]]
[2020.11.02-01.52.11:768][  0]LogConfig: Setting CVar [[r.RenderTargetPoolMin:400]]
[2020.11.02-01.52.11:768][  0]LogConfig: Setting CVar [[r.LensFlareQuality:2]]
[2020.11.02-01.52.11:768][  0]LogConfig: Setting CVar [[r.SceneColorFringeQuality:1]]
[2020.11.02-01.52.11:768][  0]LogConfig: Setting CVar [[r.EyeAdaptationQuality:2]]
[2020.11.02-01.52.11:768][  0]LogConfig: Setting CVar [[r.BloomQuality:5]]
[2020.11.02-01.52.11:768][  0]LogConfig: Setting CVar [[r.FastBlurThreshold:100]]
[2020.11.02-01.52.11:768][  0]LogConfig: Setting CVar [[r.Upscale.Quality:3]]
[2020.11.02-01.52.11:768][  0]LogConfig: Setting CVar [[r.Tonemapper.GrainQuantization:1]]
[2020.11.02-01.52.11:768][  0]LogConfig: Setting CVar [[r.LightShaftQuality:1]]
[2020.11.02-01.52.11:768][  0]LogConfig: Setting CVar [[r.Filter.SizeScale:1]]
[2020.11.02-01.52.11:768][  0]LogConfig: Setting CVar [[r.Tonemapper.Quality:5]]
[2020.11.02-01.52.11:768][  0]LogConfig: Setting CVar [[r.DOF.Gather.AccumulatorQuality:1        ; higher gathering accumulator quality]]
[2020.11.02-01.52.11:769][  0]LogConfig: Setting CVar [[r.DOF.Gather.PostfilterMethod:1          ; Median3x3 postfilering method]]
[2020.11.02-01.52.11:769][  0]LogConfig: Setting CVar [[r.DOF.Gather.EnableBokehSettings:0       ; no bokeh simulation when gathering]]
[2020.11.02-01.52.11:769][  0]LogConfig: Setting CVar [[r.DOF.Gather.RingCount:4                 ; medium number of samples when gathering]]
[2020.11.02-01.52.11:769][  0]LogConfig: Setting CVar [[r.DOF.Scatter.ForegroundCompositing:1    ; additive foreground scattering]]
[2020.11.02-01.52.11:769][  0]LogConfig: Setting CVar [[r.DOF.Scatter.BackgroundCompositing:2    ; additive background scattering]]
[2020.11.02-01.52.11:769][  0]LogConfig: Setting CVar [[r.DOF.Scatter.EnableBokehSettings:1      ; bokeh simulation when scattering]]
[2020.11.02-01.52.11:769][  0]LogConfig: Setting CVar [[r.DOF.Scatter.MaxSpriteRatio:0.1         ; only a maximum of 10% of scattered bokeh]]
[2020.11.02-01.52.11:769][  0]LogConfig: Setting CVar [[r.DOF.Recombine.Quality:1                ; cheap slight out of focus]]
[2020.11.02-01.52.11:769][  0]LogConfig: Setting CVar [[r.DOF.Recombine.EnableBokehSettings:0    ; no bokeh simulation on slight out of focus]]
[2020.11.02-01.52.11:769][  0]LogConfig: Setting CVar [[r.DOF.TemporalAAQuality:1                ; more stable temporal accumulation]]
[2020.11.02-01.52.11:769][  0]LogConfig: Setting CVar [[r.DOF.Kernel.MaxForegroundRadius:0.025]]
[2020.11.02-01.52.11:769][  0]LogConfig: Setting CVar [[r.DOF.Kernel.MaxBackgroundRadius:0.025]]
[2020.11.02-01.52.11:769][  0]LogConfig: Applying CVar settings from Section [TextureQuality@3] File [C:/Users/jseon/Desktop/Ue4CoopGame/CoopGame/Saved/Config/Windows/Scalability.ini]
[2020.11.02-01.52.11:769][  0]LogConfig: Setting CVar [[r.Streaming.MipBias:0]]
[2020.11.02-01.52.11:769][  0]LogConfig: Setting CVar [[r.Streaming.AmortizeCPUToGPUCopy:0]]
[2020.11.02-01.52.11:769][  0]LogConfig: Setting CVar [[r.Streaming.MaxNumTexturesToStreamPerFrame:0]]
[2020.11.02-01.52.11:769][  0]LogConfig: Setting CVar [[r.Streaming.Boost:1]]
[2020.11.02-01.52.11:769][  0]LogConfig: Setting CVar [[r.MaxAnisotropy:8]]
[2020.11.02-01.52.11:769][  0]LogConfig: Setting CVar [[r.VT.MaxAnisotropy:8]]
[2020.11.02-01.52.11:769][  0]LogConfig: Setting CVar [[r.Streaming.LimitPoolSizeToVRAM:0]]
[2020.11.02-01.52.11:769][  0]LogConfig: Setting CVar [[r.Streaming.PoolSize:1000]]
[2020.11.02-01.52.11:769][  0]LogConfig: Setting CVar [[r.Streaming.MaxEffectiveScreenSize:0]]
[2020.11.02-01.52.11:769][  0]LogConfig: Applying CVar settings from Section [EffectsQuality@3] File [C:/Users/jseon/Desktop/Ue4CoopGame/CoopGame/Saved/Config/Windows/Scalability.ini]
[2020.11.02-01.52.11:769][  0]LogConfig: Setting CVar [[r.TranslucencyLightingVolumeDim:64]]
[2020.11.02-01.52.11:769][  0]LogConfig: Setting CVar [[r.RefractionQuality:2]]
[2020.11.02-01.52.11:769][  0]LogConfig: Setting CVar [[r.SSR.Quality:3]]
[2020.11.02-01.52.11:770][  0]LogConfig: Setting CVar [[r.SSR.HalfResSceneColor:0]]
[2020.11.02-01.52.11:770][  0]LogConfig: Setting CVar [[r.SceneColorFormat:4]]
[2020.11.02-01.52.11:770][  0]LogConfig: Setting CVar [[r.DetailMode:2]]
[2020.11.02-01.52.11:770][  0]LogConfig: Setting CVar [[r.TranslucencyVolumeBlur:1]]
[2020.11.02-01.52.11:770][  0]LogConfig: Setting CVar [[r.MaterialQualityLevel:1 ; High quality]]
[2020.11.02-01.52.11:770][  0]LogConfig: Setting CVar [[r.SSS.Scale:1]]
[2020.11.02-01.52.11:770][  0]LogConfig: Setting CVar [[r.SSS.SampleSet:2]]
[2020.11.02-01.52.11:770][  0]LogConfig: Setting CVar [[r.SSS.Quality:1]]
[2020.11.02-01.52.11:770][  0]LogConfig: Setting CVar [[r.SSS.HalfRes:0]]
[2020.11.02-01.52.11:770][  0]LogConfig: Setting CVar [[r.SSGI.Quality:3]]
[2020.11.02-01.52.11:770][  0]LogConfig: Setting CVar [[r.EmitterSpawnRateScale:1.0]]
[2020.11.02-01.52.11:770][  0]LogConfig: Setting CVar [[r.ParticleLightQuality:2]]
[2020.11.02-01.52.11:770][  0]LogConfig: Setting CVar [[r.SkyAtmosphere.AerialPerspectiveLUT.FastApplyOnOpaque:1 ; Always have FastSkyLUT 1 in this case to avoid wrong sky]]
[2020.11.02-01.52.11:770][  0]LogConfig: Setting CVar [[r.SkyAtmosphere.AerialPerspectiveLUT.SampleCountPerSlice:1]]
[2020.11.02-01.52.11:770][  0]LogConfig: Setting CVar [[r.SkyAtmosphere.AerialPerspectiveLUT.DepthResolution:16.0]]
[2020.11.02-01.52.11:770][  0]LogConfig: Setting CVar [[r.SkyAtmosphere.FastSkyLUT:1]]
[2020.11.02-01.52.11:770][  0]LogConfig: Setting CVar [[r.SkyAtmosphere.FastSkyLUT.SampleCountMin:4.0]]
[2020.11.02-01.52.11:770][  0]LogConfig: Setting CVar [[r.SkyAtmosphere.FastSkyLUT.SampleCountMax:32.0]]
[2020.11.02-01.52.11:770][  0]LogConfig: Setting CVar [[r.SkyAtmosphere.SampleCountMin:4.0]]
[2020.11.02-01.52.11:770][  0]LogConfig: Setting CVar [[r.SkyAtmosphere.SampleCountMax:32.0]]
[2020.11.02-01.52.11:770][  0]LogConfig: Setting CVar [[r.SkyAtmosphere.TransmittanceLUT.UseSmallFormat:0]]
[2020.11.02-01.52.11:770][  0]LogConfig: Setting CVar [[r.SkyAtmosphere.TransmittanceLUT.SampleCount:10.0]]
[2020.11.02-01.52.11:771][  0]LogConfig: Setting CVar [[r.SkyAtmosphere.MultiScatteringLUT.SampleCount:15.0]]
[2020.11.02-01.52.11:771][  0]LogConfig: Applying CVar settings from Section [FoliageQuality@3] File [C:/Users/jseon/Desktop/Ue4CoopGame/CoopGame/Saved/Config/Windows/Scalability.ini]
[2020.11.02-01.52.11:771][  0]LogConfig: Setting CVar [[foliage.DensityScale:1.0]]
[2020.11.02-01.52.11:771][  0]LogConfig: Setting CVar [[grass.DensityScale:1.0]]
[2020.11.02-01.52.11:771][  0]LogConfig: Applying CVar settings from Section [ShadingQuality@3] File [C:/Users/jseon/Desktop/Ue4CoopGame/CoopGame/Saved/Config/Windows/Scalability.ini]
[2020.11.02-01.52.11:771][  0]LogConfig: Setting CVar [[r.HairStrands.SkyLighting.SampleCount:16]]
[2020.11.02-01.52.11:771][  0]LogConfig: Setting CVar [[r.HairStrands.SkyLighting.JitterIntegration:0]]
[2020.11.02-01.52.11:771][  0]LogConfig: Setting CVar [[r.HairStrands.SkyAO.SampleCount:16]]
[2020.11.02-01.52.11:771][  0]LogConfig: Setting CVar [[r.HairStrands.DeepShadow.SuperSampling:0]]
[2020.11.02-01.52.11:771][  0]LogConfig: Setting CVar [[r.HairStrands.VisibilityPPLL:0]]
[2020.11.02-01.52.11:771][  0]LogConfig: Setting CVar [[r.HairStrands.RasterizationScale:0.5]]
[2020.11.02-01.52.11:771][  0]LogConfig: Setting CVar [[r.HairStrands.VelocityRasterizationScale:1]]
[2020.11.02-01.52.11:771][  0]LogConfig: Applying CVar settings from Section [Startup] File [../../../Engine/Config/ConsoleVariables.ini]
[2020.11.02-01.52.11:771][  0]LogConfig: Setting CVar [[net.UseAdaptiveNetUpdateFrequency:0]]
[2020.11.02-01.52.11:771][  0]LogConfig: Setting CVar [[p.chaos.AllowCreatePhysxBodies:1]]
[2020.11.02-01.52.11:771][  0]LogConfig: Setting CVar [[fx.SkipVectorVMBackendOptimizations:1]]
[2020.11.02-01.52.11:771][  0]LogConfig: Applying CVar settings from Section [ConsoleVariables] File [C:/Users/jseon/Desktop/Ue4CoopGame/CoopGame/Saved/Config/Windows/Engine.ini]
[2020.11.02-01.52.11:772][  0]LogInit: Computer: DESKTOP-2A6O102
[2020.11.02-01.52.11:772][  0]LogInit: User: jseon
[2020.11.02-01.52.11:772][  0]LogInit: CPU Page size=4096, Cores=6
[2020.11.02-01.52.11:772][  0]LogInit: High frequency timer resolution =10.000000 MHz
[2020.11.02-01.52.11:772][  0]LogMemory: Memory total: Physical=31.9GB (32GB approx)
[2020.11.02-01.52.11:772][  0]LogMemory: Platform Memory Stats for Windows
[2020.11.02-01.52.11:772][  0]LogMemory: Process Physical Memory: 115.86 MB used, 115.87 MB peak
[2020.11.02-01.52.11:772][  0]LogMemory: Process Virtual Memory: 104.00 MB used, 104.00 MB peak
[2020.11.02-01.52.11:772][  0]LogMemory: Physical Memory: 9944.40 MB used,  22765.86 MB free, 32710.26 MB total
[2020.11.02-01.52.11:772][  0]LogMemory: Virtual Memory: 5147.21 MB used,  134212584.00 MB free, 134217728.00 MB total
[2020.11.02-01.52.11:787][  0]LogWindows: WindowsPlatformFeatures enabled
[2020.11.02-01.52.11:911][  0]LogInit: Physics initialised using underlying interface: PhysX
[2020.11.02-01.52.11:912][  0]LogInit: Using OS detected language (ko-KR).
[2020.11.02-01.52.11:912][  0]LogInit: Using OS detected locale (ko-KR).
[2020.11.02-01.52.11:917][  0]LogTextLocalizationManager: No specific localization for 'ko-KR' exists, so the 'ko' localization will be used.
[2020.11.02-01.52.12:000][  0]LogInit: Setting process to per monitor DPI aware
[2020.11.02-01.52.12:094][  0]LogSlate: New Slate User Created.  User Index 0, Is Virtual User: 0
[2020.11.02-01.52.12:094][  0]LogSlate: Slate User Registered.  User Index 0, Is Virtual User: 0
[2020.11.02-01.52.12:247][  0]LogHMD: Failed to initialize OpenVR with code 110
[2020.11.02-01.52.12:247][  0]LogD3D11RHI: D3D11 min allowed feature level: 11_0
[2020.11.02-01.52.12:247][  0]LogD3D11RHI: D3D11 max allowed feature level: 11_0
[2020.11.02-01.52.12:247][  0]LogD3D11RHI: D3D11 adapters:
[2020.11.02-01.52.12:348][  0]LogD3D11RHI:    0. 'NVIDIA GeForce RTX 2070 SUPER' (Feature Level 11_0)
[2020.11.02-01.52.12:348][  0]LogD3D11RHI:       8011/0/16355 MB DedicatedVideo/DedicatedSystem/SharedSystem, Outputs:1, VendorId:0x10de
[2020.11.02-01.52.12:354][  0]LogD3D11RHI:    1. 'Microsoft Basic Render Driver' (Feature Level 11_0)
[2020.11.02-01.52.12:354][  0]LogD3D11RHI:       0/0/16355 MB DedicatedVideo/DedicatedSystem/SharedSystem, Outputs:0, VendorId:0x1414
[2020.11.02-01.52.12:354][  0]LogD3D11RHI: Chosen D3D11 Adapter: 0
[2020.11.02-01.52.12:362][  0]LogD3D11RHI: Creating new Direct3DDevice
[2020.11.02-01.52.12:362][  0]LogD3D11RHI:     GPU DeviceId: 0x1e84 (for the marketing name, search the web for "GPU Device Id")
[2020.11.02-01.52.12:362][  0]LogWindows: EnumDisplayDevices:
[2020.11.02-01.52.12:362][  0]LogWindows:    0. 'NVIDIA GeForce RTX 2070 SUPER' (P:1 D:1)
[2020.11.02-01.52.12:363][  0]LogWindows:    1. 'NVIDIA GeForce RTX 2070 SUPER' (P:0 D:0)
[2020.11.02-01.52.12:364][  0]LogWindows:    2. 'NVIDIA GeForce RTX 2070 SUPER' (P:0 D:0)
[2020.11.02-01.52.12:365][  0]LogWindows:    3. 'NVIDIA GeForce RTX 2070 SUPER' (P:0 D:0)
[2020.11.02-01.52.12:366][  0]LogWindows: DebugString: FoundDriverCount:4 
[2020.11.02-01.52.12:366][  0]LogD3D11RHI:     Adapter Name: NVIDIA GeForce RTX 2070 SUPER
[2020.11.02-01.52.12:366][  0]LogD3D11RHI:   Driver Version: 436.48 (internal:26.21.14.3648, unified:436.48)
[2020.11.02-01.52.12:366][  0]LogD3D11RHI:      Driver Date: 9-26-2019
[2020.11.02-01.52.12:366][  0]LogRHI: Texture pool is 5607 MB (70% of 8011 MB)
[2020.11.02-01.52.12:420][  0]LogD3D11RHI: RHI has support for 64 bit atomics
[2020.11.02-01.52.12:420][  0]LogD3D11RHI: Async texture creation enabled
[2020.11.02-01.52.12:420][  0]LogD3D11RHI: Array index from any shader is supported
[2020.11.02-01.52.12:495][  0]LogD3D11RHI: GPU Timing Frequency: 1000.000000 (Debug: 2 1)
[2020.11.02-01.52.12:852][  0]LogTargetPlatformManager: Display: Loaded TargetPlatform 'AllDesktop'
[2020.11.02-01.52.12:877][  0]LogTargetPlatformManager: Display: Loaded TargetPlatform 'Android'
[2020.11.02-01.52.12:877][  0]LogTargetPlatformManager: Display: Loaded TargetPlatform 'Android_ASTC'
[2020.11.02-01.52.12:877][  0]LogTargetPlatformManager: Display: Loaded TargetPlatform 'Android_DXT'
[2020.11.02-01.52.12:877][  0]LogTargetPlatformManager: Display: Loaded TargetPlatform 'Android_ETC2'
[2020.11.02-01.52.12:877][  0]LogTargetPlatformManager: Display: Loaded TargetPlatform 'AndroidClient'
[2020.11.02-01.52.12:877][  0]LogTargetPlatformManager: Display: Loaded TargetPlatform 'Android_ASTCClient'
[2020.11.02-01.52.12:877][  0]LogTargetPlatformManager: Display: Loaded TargetPlatform 'Android_DXTClient'
[2020.11.02-01.52.12:877][  0]LogTargetPlatformManager: Display: Loaded TargetPlatform 'Android_ETC2Client'
[2020.11.02-01.52.12:877][  0]LogTargetPlatformManager: Display: Loaded TargetPlatform 'Android_Multi'
[2020.11.02-01.52.12:877][  0]LogTargetPlatformManager: Display: Loaded TargetPlatform 'Android_MultiClient'
[2020.11.02-01.52.12:913][  0]LogTargetPlatformManager: Display: Loaded TargetPlatform 'IOSClient'
[2020.11.02-01.52.12:913][  0]LogTargetPlatformManager: Display: Loaded TargetPlatform 'IOS'
[2020.11.02-01.52.12:927][  0]LogTargetPlatformManager: Display: Loaded TargetPlatform 'Linux'
[2020.11.02-01.52.12:939][  0]LogTargetPlatformManager: Display: Loaded TargetPlatform 'LinuxNoEditor'
[2020.11.02-01.52.12:952][  0]LogTargetPlatformManager: Display: Loaded TargetPlatform 'LinuxClient'
[2020.11.02-01.52.12:964][  0]LogTargetPlatformManager: Display: Loaded TargetPlatform 'LinuxServer'
[2020.11.02-01.52.12:978][  0]LogTargetPlatformManager: Display: Loaded TargetPlatform 'LinuxAArch64NoEditor'
[2020.11.02-01.52.12:989][  0]LogTargetPlatformManager: Display: Loaded TargetPlatform 'LinuxAArch64Client'
[2020.11.02-01.52.13:002][  0]LogTargetPlatformManager: Display: Loaded TargetPlatform 'LinuxAArch64Server'
[2020.11.02-01.52.13:030][  0]LogTargetPlatformManager: Display: Loaded TargetPlatform 'Lumin'
[2020.11.02-01.52.13:030][  0]LogTargetPlatformManager: Display: Loaded TargetPlatform 'LuminClient'
[2020.11.02-01.52.13:050][  0]LogTargetPlatformManager: Display: Loaded TargetPlatform 'TVOSClient'
[2020.11.02-01.52.13:050][  0]LogTargetPlatformManager: Display: Loaded TargetPlatform 'TVOS'
[2020.11.02-01.52.13:063][  0]LogTargetPlatformManager: Display: Loaded TargetPlatform 'WindowsNoEditor'
[2020.11.02-01.52.13:076][  0]LogTargetPlatformManager: Display: Loaded TargetPlatform 'Windows'
[2020.11.02-01.52.13:088][  0]LogTargetPlatformManager: Display: Loaded TargetPlatform 'WindowsClient'
[2020.11.02-01.52.13:101][  0]LogTargetPlatformManager: Display: Loaded TargetPlatform 'WindowsServer'
[2020.11.02-01.52.13:101][  0]LogTargetPlatformManager: Display: Building Assets For Windows
[2020.11.02-01.52.13:121][  0]LogAudioDebug: Display: Lib vorbis DLL was dynamically loaded.
[2020.11.02-01.52.13:255][  0]LogShaderCompilers: Guid format shader working directory is -13 characters bigger than the processId version (../../../../../../Users/jseon/Desktop/Ue4CoopGame/CoopGame/Intermediate/Shaders/WorkingDirectory/13452/).
[2020.11.02-01.52.13:255][  0]LogShaderCompilers: Cleaned the shader compiler working directory 'C:/Users/jseon/AppData/Local/Temp/UnrealShaderWorkingDir/1790D3604342DC5F25997FAB590775C0/'.
[2020.11.02-01.52.13:255][  0]LogXGEController: Cleaning working directory: C:/Users/jseon/AppData/Local/Temp/UnrealXGEWorkingDir/
[2020.11.02-01.52.13:256][  0]LogXGEController: Cannot use XGE Controller as Incredibuild is not installed on this machine.
[2020.11.02-01.52.13:256][  0]LogShaderCompilers: Cannot use XGE Shader Compiler as Incredibuild is not installed on this machine.
[2020.11.02-01.52.13:256][  0]LogShaderCompilers: Display: Using Local Shader Compiler.
[2020.11.02-01.52.13:896][  0]LogDerivedDataCache: Display: Max Cache Size: 512 MB
[2020.11.02-01.52.13:940][  0]LogDerivedDataCache: Loaded boot cache 0.04s 75MB C:/Users/jseon/AppData/Local/UnrealEngine/4.25/DerivedDataCache/Boot.ddc.
[2020.11.02-01.52.13:940][  0]LogDerivedDataCache: Display: Loaded Boot cache: C:/Users/jseon/AppData/Local/UnrealEngine/4.25/DerivedDataCache/Boot.ddc
[2020.11.02-01.52.13:940][  0]LogDerivedDataCache: FDerivedDataBackendGraph:  Pak pak cache file ../../../../../../Users/jseon/Desktop/Ue4CoopGame/CoopGame/DerivedDataCache/DDC.ddp not found, will not use a pak cache.
[2020.11.02-01.52.13:941][  0]LogDerivedDataCache: Unable to find inner node Pak for hierarchical cache Hierarchy.
[2020.11.02-01.52.13:941][  0]LogDerivedDataCache: FDerivedDataBackendGraph:  CompressedPak pak cache file ../../../../../../Users/jseon/Desktop/Ue4CoopGame/CoopGame/DerivedDataCache/Compressed.ddp not found, will not use a pak cache.
[2020.11.02-01.52.13:941][  0]LogDerivedDataCache: Unable to find inner node CompressedPak for hierarchical cache Hierarchy.
[2020.11.02-01.52.13:950][  0]LogDerivedDataCache: Display: Pak cache opened for reading ../../../Engine/DerivedDataCache/Compressed.ddp.
[2020.11.02-01.52.13:950][  0]LogDerivedDataCache: FDerivedDataBackendGraph:  EnterprisePak pak cache file ../../../Enterprise/DerivedDataCache/Compressed.ddp not found, will not use a pak cache.
[2020.11.02-01.52.13:950][  0]LogDerivedDataCache: Unable to find inner node EnterprisePak for hierarchical cache Hierarchy.
[2020.11.02-01.52.13:952][  0]LogDerivedDataCache: Using Local data cache path C:/Users/jseon/AppData/Local/UnrealEngine/Common/DerivedDataCache: Writable
[2020.11.02-01.52.13:952][  0]LogDerivedDataCache: Shared data cache path not found in *engine.ini, will not use an Shared cache.
[2020.11.02-01.52.13:952][  0]LogDerivedDataCache: Unable to find inner node Shared for hierarchical cache Hierarchy.
[2020.11.02-01.52.13:994][  0]LogSlate: Using FreeType 2.10.0
[2020.11.02-01.52.13:994][  0]LogSlate: SlateFontServices - WITH_FREETYPE: 1, WITH_HARFBUZZ: 1
[2020.11.02-01.52.14:020][  0]LogAssetRegistry: FAssetRegistry took 0.0033 seconds to start up
[2020.11.02-01.52.14:213][  0]LogInit: Selected Device Profile: [Windows]
[2020.11.02-01.52.14:346][  0]LogMeshReduction: Using QuadricMeshReduction for automatic static mesh reduction
[2020.11.02-01.52.14:346][  0]LogMeshReduction: Using SimplygonMeshReduction for automatic skeletal mesh reduction
[2020.11.02-01.52.14:346][  0]LogMeshReduction: Using ProxyLODMeshReduction for automatic mesh merging
[2020.11.02-01.52.14:346][  0]LogMeshReduction: No distributed automatic mesh merging module available
[2020.11.02-01.52.14:346][  0]LogMeshMerging: No distributed automatic mesh merging module available
[2020.11.02-01.52.14:364][  0]LogNetVersion: CoopGame 1.0.0, NetCL: 13144385, EngineNetVer: 14, GameNetVer: 0 (Checksum: 2766024207)
[2020.11.02-01.52.14:743][  0]LogAISub: UAISubsystem::UAISubsystem AISubsystem (000001EA9B7802C0), frame # 0
[2020.11.02-01.52.14:743][  0]LogAISub: UAISubsystem::UAISubsystem AIPerceptionSystem (000001EA9B69FC40), frame # 0
[2020.11.02-01.52.14:744][  0]LogAISub: UAISubsystem::UAISubsystem EnvQueryManager (000001EA9B70DE00), frame # 0
[2020.11.02-01.52.14:798][  0]LogPackageLocalizationCache: Processed 19 localized package path(s) for 1 prioritized culture(s) in 0.047942 seconds
[2020.11.02-01.52.14:802][  0]LogUObjectArray: 15917 objects as part of root set at end of initial load.
[2020.11.02-01.52.14:802][  0]LogUObjectAllocator: 3965568 out of 0 bytes used by permanent object pool.
[2020.11.02-01.52.14:802][  0]LogUObjectArray: CloseDisregardForGC: 0/0 objects in disregard for GC pool
[2020.11.02-01.52.15:417][  0]LogTcpMessaging: Initializing TcpMessaging bridge
[2020.11.02-01.52.15:427][  0]LogUdpMessaging: Initializing bridge on interface 0.0.0.0:0 to multicast group 230.0.0.1:6666.
[2020.11.02-01.52.15:610][  0]SourceControl: 소스 컨트롤이 꺼졌습니다.
[2020.11.02-01.52.15:610][  0]SourceControl: 소스 컨트롤이 꺼졌습니다.
[2020.11.02-01.52.15:617][  0]SourceControl: 소스 컨트롤이 꺼졌습니다.
[2020.11.02-01.52.15:625][  0]SourceControl: 소스 컨트롤이 꺼졌습니다.
[2020.11.02-01.52.15:644][  0]SourceControl: 소스 컨트롤이 꺼졌습니다.
[2020.11.02-01.52.16:137][  0]LogAndroidPermission: UAndroidPermissionCallbackProxy::GetInstance
[2020.11.02-01.52.16:181][  0]LogAudioCaptureCore: Display: No Audio Capture implementations found. Audio input will be silent.
[2020.11.02-01.52.16:181][  0]LogAudioCaptureCore: Display: No Audio Capture implementations found. Audio input will be silent.
[2020.11.02-01.52.16:258][  0]LogOcInput: OculusInput pre-init called
[2020.11.02-01.52.16:278][  0]LogWindows: Failed to load 'OVRPlugin.dll' (GetLastError=126)
[2020.11.02-01.52.16:278][  0]LogWindows: File 'OVRPlugin.dll' does not exist
[2020.11.02-01.52.16:358][  0]LogEngine: Initializing Engine...
[2020.11.02-01.52.16:359][  0]LogHMD: Failed to initialize OpenVR with code 110
[2020.11.02-01.52.16:359][  0]LogMagicLeap: Warning: VR disabled because ZI is not enabled.  To enable, in the editor, Edit -> Project Settings -> Plugins -> Magic Leap Plugin -> Enable Zero Iteration
[2020.11.02-01.52.16:360][  0]LogStats: UGameplayTagsManager::InitializeManager -  0.000 s
[2020.11.02-01.52.16:464][  0]LogInit: Initializing FReadOnlyCVARCache
[2020.11.02-01.52.16:475][  0]LogAIModule: Creating AISystem for world Untitled
[2020.11.02-01.52.16:475][  0]LogAISub: UAISubsystem::UAISubsystem EnvQueryManager (000001EAA0B8FC00), frame # 0
[2020.11.02-01.52.16:476][  0]LogAISub: UAISubsystem::UAISubsystem AIPerceptionSystem (000001EAA0BFD580), frame # 0
[2020.11.02-01.52.16:494][  0]LogAudioMixer: Display: Audio Mixer Platform Settings:
[2020.11.02-01.52.16:494][  0]LogAudioMixer: Display: 	Sample Rate:						  48000
[2020.11.02-01.52.16:494][  0]LogAudioMixer: Display: 	Callback Buffer Frame Size Requested: 1024
[2020.11.02-01.52.16:494][  0]LogAudioMixer: Display: 	Callback Buffer Frame Size To Use:	  1024
[2020.11.02-01.52.16:494][  0]LogAudioMixer: Display: 	Number of buffers to queue:			  2
[2020.11.02-01.52.16:494][  0]LogAudioMixer: Display: 	Max Channels (voices):				  32
[2020.11.02-01.52.16:494][  0]LogAudioMixer: Display: 	Number of Async Source Workers:		  0
[2020.11.02-01.52.16:494][  0]LogAudio: Display: AudioDevice MaxSources: 32
[2020.11.02-01.52.16:495][  0]LogAudio: Display: Using built-in audio occlusion.
[2020.11.02-01.52.16:495][  0]LogAudioMixer: Display: Initializing audio mixer.
[2020.11.02-01.52.16:532][  0]LogAudioMixer: Display: 0: FrontLeft
[2020.11.02-01.52.16:532][  0]LogAudioMixer: Display: 1: FrontRight
[2020.11.02-01.52.16:616][  0]LogAudioMixer: Display: Using Audio Device 스피커(USB PnP Audio Device)
[2020.11.02-01.52.16:618][  0]LogAudioMixer: Display: Initializing Sound Submixes...
[2020.11.02-01.52.16:620][  0]LogAudioMixer: Display: Creating Master Submix 'MasterSubmixDefault'
[2020.11.02-01.52.16:620][  0]LogAudioMixer: Display: Creating Master Submix 'MasterReverbSubmixDefault'
[2020.11.02-01.52.16:621][  0]LogAudioMixer: Display: Creating Master Submix 'MasterEQSubmixDefault'
[2020.11.02-01.52.16:622][  0]LogInit: FAudioDevice initialized.
[2020.11.02-01.52.16:623][  0]LogNetVersion: Set ProjectVersion to 1.0.0.0. Version Checksum will be recalculated on next use.
[2020.11.02-01.52.16:690][  0]LogDerivedDataCache: Saved boot cache 0.07s 75MB C:/Users/jseon/AppData/Local/UnrealEngine/4.25/DerivedDataCache/Boot.ddc.
[2020.11.02-01.52.16:695][  0]LogInit: Texture streaming: Enabled
[2020.11.02-01.52.16:731][  0]LogEngineSessionManager: EngineSessionManager initialized
[2020.11.02-01.52.16:731][  0]LogEngineSessionManager: EngineSessionManager sent abnormal shutdown report. Type=Debugger, SessionId={8F0BE1C1-4144-2CEF-B437-4BB198669CAF}
[2020.11.02-01.52.16:731][  0]LogEditorSessionSummary: Verbose: Initializing EditorSessionSummaryWriter for editor session tracking
[2020.11.02-01.52.16:737][  0]LogEditorSessionSummary: EditorSessionSummaryWriter initialized
[2020.11.02-01.52.16:785][  0]LogInit: Transaction tracking system initialized
[2020.11.02-01.52.16:829][  0]BlueprintLog: New page: 에디터 로드
[2020.11.02-01.52.16:964][  0]LocalizationService: 현지화 서비스가 비활성화되었습니다.
[2020.11.02-01.52.17:173][  0]LogCook: Display: Max memory allowance for cook 16384mb min free memory 0mb
[2020.11.02-01.52.17:173][  0]LogCook: Display: Mobile HDR setting 1
[2020.11.02-01.52.17:404][  0]LogFileCache: Scanning file cache for directory 'C:/Users/jseon/Desktop/Ue4CoopGame/CoopGame/Content/' took 0.00s
[2020.11.02-01.52.17:629][  0]SourceControl: 소스 컨트롤이 꺼졌습니다.
[2020.11.02-01.52.17:629][  0]LogUnrealEdMisc: Loading editor; pre map load, took 7.949
[2020.11.02-01.52.17:629][  0]Cmd: MAP LOAD FILE="../../../../../../Users/jseon/Desktop/Ue4CoopGame/CoopGame/Content/Maps/TestMap/Test1.umap" TEMPLATE=0 SHOWPROGRESS=1 FEATURELEVEL=3
[2020.11.02-01.52.17:630][  0]LightingResults: New page: 라이팅 빌드
[2020.11.02-01.52.17:631][  0]LogWorld: UWorld::CleanupWorld for Untitled, bSessionEnded=true, bCleanupResources=true
[2020.11.02-01.52.17:631][  0]LogSlate: InvalidateAllWidgets triggered.  All widgets were invalidated
[2020.11.02-01.52.17:632][  0]MapCheck: New page: 맵 체크
[2020.11.02-01.52.17:632][  0]LightingResults: New page: 라이팅 빌드
[2020.11.02-01.52.17:639][  0]LogAISub: UAISubsystem::~UAISubsystem EnvQueryManager (000001EAA0B8FC00), frame # 0
[2020.11.02-01.52.17:640][  0]LogAISub: UAISubsystem::~UAISubsystem AIPerceptionSystem (000001EAA0BFD580), frame # 0
[2020.11.02-01.52.17:640][  0]LogUObjectHash: Compacting FUObjectHashTables data took   0.55ms
[2020.11.02-01.52.17:700][  0]LogAIModule: Creating AISystem for world Test1
[2020.11.02-01.52.17:701][  0]LogAISub: UAISubsystem::UAISubsystem EnvQueryManager (000001EAA1100600), frame # 0
[2020.11.02-01.52.17:701][  0]LogAISub: UAISubsystem::UAISubsystem AIPerceptionSystem (000001EAA11C1440), frame # 0
[2020.11.02-01.52.17:706][  0]LogEditorServer: Finished looking for orphan Actors (0.000 secs)
[2020.11.02-01.52.17:714][  0]LogUObjectHash: Compacting FUObjectHashTables data took   0.64ms
[2020.11.02-01.52.17:714][  0]Cmd: MAP CHECKDEP NOCLEARLOG
[2020.11.02-01.52.17:715][  0]MapCheck: 맵 체크 완료: 오류 0 회, 경고 0 회, 소요 시간 0.293ms.
[2020.11.02-01.52.17:715][  0]LogFileHelpers: Loading map 'Test1' took 0.085
[2020.11.02-01.52.17:717][  0]LogUnrealEdMisc: Total Editor Startup Time, took 8.037
[2020.11.02-01.52.17:867][  0]LogSlate: Updating window title bar state: overlay mode, drag disabled, window buttons hidden, title bar hidden
[2020.11.02-01.52.17:872][  0]LogSlate: Updating window title bar state: overlay mode, drag disabled, window buttons hidden, title bar hidden
[2020.11.02-01.52.17:879][  0]LogSlate: Updating window title bar state: overlay mode, drag disabled, window buttons hidden, title bar hidden
[2020.11.02-01.52.17:886][  0]LogSlate: Updating window title bar state: overlay mode, drag disabled, window buttons hidden, title bar hidden
[2020.11.02-01.52.17:898][  0]LogCollectionManager: Loaded 0 collections in 0.001989 seconds
[2020.11.02-01.52.17:914][  0]LogFileCache: Scanning file cache for directory 'C:/Users/jseon/Desktop/Ue4CoopGame/CoopGame/Saved/Collections/' took 0.00s
[2020.11.02-01.52.17:915][  0]LogFileCache: Scanning file cache for directory 'C:/Users/jseon/Desktop/Ue4CoopGame/CoopGame/Content/Developers/jseon/Collections/' took 0.00s
[2020.11.02-01.52.17:915][  0]LogFileCache: Scanning file cache for directory 'C:/Users/jseon/Desktop/Ue4CoopGame/CoopGame/Content/Collections/' took 0.00s
[2020.11.02-01.52.17:915][  0]LogContentBrowser: Native class hierarchy populated in 0.0077 seconds. Added 3429 classes and 824 folders.
[2020.11.02-01.52.17:918][  0]LogContentBrowser: Native class hierarchy updated for 'WidgetCarousel' in 0.0003 seconds. Added 0 classes and 0 folders.
[2020.11.02-01.52.17:974][  0]LogContentBrowser: Native class hierarchy updated for 'AddContentDialog' in 0.0004 seconds. Added 0 classes and 0 folders.
[2020.11.02-01.52.17:978][  0]LogContentBrowser: Native class hierarchy updated for 'SceneOutliner' in 0.0004 seconds. Added 2 classes and 0 folders.
[2020.11.02-01.52.18:060][  0]LogContentBrowser: Native class hierarchy updated for 'HierarchicalLODOutliner' in 0.0006 seconds. Added 0 classes and 0 folders.
[2020.11.02-01.52.18:060][  0]LogLoad: (Engine Initialization) Total time: 8.38 seconds
[2020.11.02-01.52.18:060][  0]LogLoad: (Engine Initialization) Total Blueprint compile time: 0.00 seconds
[2020.11.02-01.52.18:099][  0]LogAssetRegistry: Asset discovery search completed in 4.0809 seconds
[2020.11.02-01.52.18:102][  0]LogCollectionManager: Fixed up redirectors for 0 collections in 0.000002 seconds (updated 0 objects)
[2020.11.02-01.52.18:103][  0]LogContentStreaming: Texture pool size now 1000 MB
[2020.11.02-01.52.18:108][  0]LogSlate: Took 0.000199 seconds to synchronously load lazily loaded font '../../../Engine/Content/Slate/Fonts/Roboto-Regular.ttf' (155K)
[2020.11.02-01.52.18:110][  0]LogSlate: Took 0.001490 seconds to synchronously load lazily loaded font '../../../Engine/Content/Editor/Slate/Fonts/NanumGothic.ttf' (4243K)
[2020.11.02-01.52.18:112][  0]LogSlate: Took 0.001396 seconds to synchronously load lazily loaded font '../../../Engine/Content/Editor/Slate/Fonts/NanumGothicBold.ttf' (4188K)
[2020.11.02-01.52.18:112][  0]LogSlate: Took 0.000130 seconds to synchronously load lazily loaded font '../../../Engine/Content/Slate/Fonts/Roboto-Bold.ttf' (160K)
[2020.11.02-01.52.18:115][  0]LogSlate: Took 0.000182 seconds to synchronously load lazily loaded font '../../../Engine/Content/Editor/Slate/Fonts/FontAwesome.ttf' (139K)
[2020.11.02-01.52.18:189][  0]LogRenderer: Reallocating scene render targets to support 716x548 Format 10 NumSamples 1 (Frame:1).
[2020.11.02-01.52.18:189][  0]LogSlate: Took 0.000182 seconds to synchronously load lazily loaded font '../../../Engine/Content/Slate/Fonts/Roboto-Light.ttf' (167K)
[2020.11.02-01.52.24:117][696]LogSlate: Took 0.000159 seconds to synchronously load lazily loaded font '../../../Engine/Content/Slate/Fonts/Roboto-Light.ttf' (167K)
[2020.11.02-01.52.24:132][696]LogAssetEditorSubsystem: Opening Asset editor for Blueprint /Game/Blueprints/PlayerPawn.PlayerPawn
[2020.11.02-01.52.24:253][696]LogContentBrowser: Native class hierarchy updated for 'BlueprintGraph' in 0.0006 seconds. Added 125 classes and 0 folders.
[2020.11.02-01.52.26:688][879]LogWorld: UWorld::CleanupWorld for World_0, bSessionEnded=true, bCleanupResources=true
[2020.11.02-01.52.26:688][879]LogSlate: InvalidateAllWidgets triggered.  All widgets were invalidated
[2020.11.02-01.52.26:736][879]LogAssetEditorSubsystem: Opening Asset editor for Blueprint /Game/Blueprints/PlayerPawn.PlayerPawn
[2020.11.02-01.52.27:025][879]LogSlate: Took 0.000280 seconds to synchronously load lazily loaded font '../../../Engine/Content/Slate/Fonts/Roboto-BoldCondensed.ttf' (158K)
[2020.11.02-01.52.28:335][ 22]LogRenderer: Reallocating scene render targets to support 716x676 Format 10 NumSamples 1 (Frame:1).
[2020.11.02-01.52.34:520][759]LogSlate: Took 0.000184 seconds to synchronously load lazily loaded font '../../../Engine/Content/Slate/Fonts/Roboto-Italic.ttf' (157K)
[2020.11.02-01.55.58:840][136]BlueprintLog: New page: PlayerPawn 컴파일
[2020.11.02-01.55.58:881][136]LogUObjectHash: Compacting FUObjectHashTables data took   1.66ms
[2020.11.02-01.55.59:355][188]Cmd: OBJ SAVEPACKAGE PACKAGE="/Game/Blueprints/PlayerPawn" FILE="../../../../../../Users/jseon/Desktop/Ue4CoopGame/CoopGame/Content/Blueprints/PlayerPawn.uasset" SILENT=true
[2020.11.02-01.55.59:373][188]LogSavePackage: Moving '../../../../../../Users/jseon/Desktop/Ue4CoopGame/CoopGame/Saved/PlayerPawnD5B6827343E8D412F95BBEA0FB6AD0B5.tmp' to '../../../../../../Users/jseon/Desktop/Ue4CoopGame/CoopGame/Content/Blueprints/PlayerPawn.uasset'
[2020.11.02-01.55.59:388][188]AssetCheck: New page: 애셋 저장: PlayerPawn
[2020.11.02-01.55.59:388][188]LogContentValidation: Display: Blueprint /Game/Blueprints/PlayerPawn.PlayerPawn 유효성 검사
[2020.11.02-01.56.02:929][592]LogTemp: Repeating last play command: 선택된 뷰포트
[2020.11.02-01.56.02:947][592]LogPlayLevel: PlayLevel: No blueprints needed recompiling
[2020.11.02-01.56.02:948][592]PIE: New page: PIE 세션: Test1 (2020. 11. 2. 오후 7:56:02)
[2020.11.02-01.56.02:950][592]LogOnline: OSS: Creating online subsystem instance for: NULL
[2020.11.02-01.56.02:952][592]LogOnline: OSS: TryLoadSubsystemAndSetDefault: Loaded subsystem for module [NULL]
[2020.11.02-01.56.02:952][592]LogPlayLevel: Creating play world package: /Game/Maps/TestMap/UEDPIE_0_Test1
[2020.11.02-01.56.02:954][592]LogPlayLevel: PIE: StaticDuplicateObject took: (0.002430s)
[2020.11.02-01.56.02:956][592]LogAIModule: Creating AISystem for world Test1
[2020.11.02-01.56.02:956][592]LogAISub: UAISubsystem::UAISubsystem EnvQueryManager (000001EAD40E7E00), frame # 24592
[2020.11.02-01.56.02:956][592]LogAISub: UAISubsystem::UAISubsystem AIPerceptionSystem (000001EAB4089E40), frame # 24592
[2020.11.02-01.56.02:956][592]LogPlayLevel: PIE: World Init took: (0.001539s)
[2020.11.02-01.56.02:956][592]LogPlayLevel: PIE: Created PIE world by copying editor world from /Game/Maps/TestMap/Test1.Test1 to /Game/Maps/TestMap/UEDPIE_0_Test1.Test1 (0.004287s)
[2020.11.02-01.56.02:973][592]LogUObjectHash: Compacting FUObjectHashTables data took   1.54ms
[2020.11.02-01.56.02:974][592]LogAudioMixer: Display: Audio Mixer Platform Settings:
[2020.11.02-01.56.02:974][592]LogAudioMixer: Display: 	Sample Rate:						  48000
[2020.11.02-01.56.02:974][592]LogAudioMixer: Display: 	Callback Buffer Frame Size Requested: 1024
[2020.11.02-01.56.02:974][592]LogAudioMixer: Display: 	Callback Buffer Frame Size To Use:	  1024
[2020.11.02-01.56.02:974][592]LogAudioMixer: Display: 	Number of buffers to queue:			  2
[2020.11.02-01.56.02:974][592]LogAudioMixer: Display: 	Max Channels (voices):				  32
[2020.11.02-01.56.02:974][592]LogAudioMixer: Display: 	Number of Async Source Workers:		  0
[2020.11.02-01.56.02:974][592]LogAudio: Display: AudioDevice MaxSources: 32
[2020.11.02-01.56.02:975][592]LogAudio: Display: Using built-in audio occlusion.
[2020.11.02-01.56.02:975][592]LogAudioMixer: Display: Initializing audio mixer.
[2020.11.02-01.56.02:990][592]LogAudioMixer: Display: 0: FrontLeft
[2020.11.02-01.56.02:991][592]LogAudioMixer: Display: 1: FrontRight
[2020.11.02-01.56.03:046][592]LogAudioMixer: Display: Using Audio Device 스피커(USB PnP Audio Device)
[2020.11.02-01.56.03:046][592]LogAudioMixer: Display: Initializing Sound Submixes...
[2020.11.02-01.56.03:046][592]LogAudioMixer: Display: Creating Master Submix 'MasterSubmixDefault'
[2020.11.02-01.56.03:046][592]LogAudioMixer: Display: Creating Master Submix 'MasterReverbSubmixDefault'
[2020.11.02-01.56.03:046][592]LogAudioMixer: Display: Creating Master Submix 'MasterEQSubmixDefault'
[2020.11.02-01.56.03:059][592]LogInit: FAudioDevice initialized.
[2020.11.02-01.56.03:069][592]LogLoad: Game class is 'CoopGameGameModeBase'
[2020.11.02-01.56.03:070][592]LogWorld: Bringing World /Game/Maps/TestMap/UEDPIE_0_Test1.Test1 up for play (max tick rate 0) at 2020.11.02-10.56.03
[2020.11.02-01.56.03:070][592]LogWorld: Bringing up level for play took: 0.000605
[2020.11.02-01.56.03:070][592]LogOnline: OSS: Creating online subsystem instance for: :Context_3
[2020.11.02-01.56.03:074][592]LogContentBrowser: Native class hierarchy updated for 'MovieSceneCapture' in 0.0004 seconds. Added 20 classes and 0 folders.
[2020.11.02-01.56.03:075][592]PIE: 서버가 로그인했습니다.
[2020.11.02-01.56.03:075][592]PIE: 에디터에서 플레이 총 시작 시간 0.134초입니다.
[2020.11.02-01.56.16:410][153]AmbientCubemap=1
[2020.11.02-01.56.16:410][153]AmbientOcclusion=1
[2020.11.02-01.56.16:411][153]AntiAliasing=1
[2020.11.02-01.56.16:411][153]Atmosphere=1
[2020.11.02-01.56.16:411][153]AudioRadius=0
[2020.11.02-01.56.16:411][153]BillboardSprites=1
[2020.11.02-01.56.16:411][153]Bloom=1
[2020.11.02-01.56.16:411][153]Bones=0
[2020.11.02-01.56.16:411][153]Bounds=0
[2020.11.02-01.56.16:411][153]Brushes=0
[2020.11.02-01.56.16:411][153]BSP=1
[2020.11.02-01.56.16:411][153]BSPSplit=0
[2020.11.02-01.56.16:411][153]BSPTriangles=1
[2020.11.02-01.56.16:411][153]BuilderBrush=1
[2020.11.02-01.56.16:412][153]CameraAspectRatioBars=0
[2020.11.02-01.56.16:412][153]CameraFrustums=0
[2020.11.02-01.56.16:412][153]CameraImperfections=1
[2020.11.02-01.56.16:412][153]CameraInterpolation=1
[2020.11.02-01.56.16:412][153]CameraSafeFrames=0
[2020.11.02-01.56.16:412][153]CapsuleShadows=1
[2020.11.02-01.56.16:412][153]Collision=0
[2020.11.02-01.56.16:412][153]CollisionPawn=0
[2020.11.02-01.56.16:412][153]CollisionVisibility=0
[2020.11.02-01.56.16:412][153]ColorGrading=1
[2020.11.02-01.56.16:412][153]CompositeEditorPrimitives=0
[2020.11.02-01.56.16:412][153]Constraints=0
[2020.11.02-01.56.16:412][153]ContactShadows=1
[2020.11.02-01.56.16:412][153]Cover=0
[2020.11.02-01.56.16:413][153]DebugAI=0
[2020.11.02-01.56.16:413][153]Decals=1
[2020.11.02-01.56.16:413][153]DeferredLighting=1
[2020.11.02-01.56.16:413][153]DepthOfField=1
[2020.11.02-01.56.16:413][153]Diffuse=1
[2020.11.02-01.56.16:413][153]DirectionalLights=1
[2020.11.02-01.56.16:413][153]DirectLighting=1
[2020.11.02-01.56.16:413][153]DistanceCulledPrimitives=0
[2020.11.02-01.56.16:413][153]DistanceFieldAO=1
[2020.11.02-01.56.16:413][153]DistanceFieldGI=1
[2020.11.02-01.56.16:413][153]DynamicShadows=1
[2020.11.02-01.56.16:413][153]Editor=0
[2020.11.02-01.56.16:413][153]EyeAdaptation=1
[2020.11.02-01.56.16:413][153]Fog=1
[2020.11.02-01.56.16:413][153]ForceFeedbackRadius=1
[2020.11.02-01.56.16:413][153]Game=1
[2020.11.02-01.56.16:413][153]GameplayDebug=1
[2020.11.02-01.56.16:413][153]GBufferHints=0
[2020.11.02-01.56.16:413][153]GlobalIllumination=1
[2020.11.02-01.56.16:414][153]Grain=1
[2020.11.02-01.56.16:414][153]Grid=0
[2020.11.02-01.56.16:414][153]HighResScreenshotMask=0
[2020.11.02-01.56.16:414][153]HISMCClusterTree=0
[2020.11.02-01.56.16:414][153]HISMCOcclusionBounds=0
[2020.11.02-01.56.16:414][153]HitProxies=0
[2020.11.02-01.56.16:414][153]HLODColoration=0
[2020.11.02-01.56.16:414][153]HMDDistortion=0
[2020.11.02-01.56.16:414][153]IndirectLightingCache=1
[2020.11.02-01.56.16:415][153]InstancedFoliage=1
[2020.11.02-01.56.16:415][153]InstancedGrass=1
[2020.11.02-01.56.16:415][153]InstancedStaticMeshes=1
[2020.11.02-01.56.16:415][153]Landscape=1
[2020.11.02-01.56.16:415][153]LargeVertices=0
[2020.11.02-01.56.16:415][153]LensFlares=1
[2020.11.02-01.56.16:415][153]LevelColoration=0
[2020.11.02-01.56.16:415][153]LightComplexity=0
[2020.11.02-01.56.16:415][153]LightFunctions=1
[2020.11.02-01.56.16:415][153]LightInfluences=0
[2020.11.02-01.56.16:415][153]Lighting=1
[2020.11.02-01.56.16:415][153]LightingOnlyOverride=0
[2020.11.02-01.56.16:415][153]LightMapDensity=0
[2020.11.02-01.56.16:415][153]LightRadius=0
[2020.11.02-01.56.16:415][153]LightShafts=1
[2020.11.02-01.56.16:415][153]LOD=1
[2020.11.02-01.56.16:415][153]LODColoration=0
[2020.11.02-01.56.16:415][153]MassProperties=0
[2020.11.02-01.56.16:415][153]Materials=1
[2020.11.02-01.56.16:416][153]MaterialTextureScaleAccuracy=0
[2020.11.02-01.56.16:416][153]MediaPlanes=1
[2020.11.02-01.56.16:416][153]MeshEdges=0
[2020.11.02-01.56.16:416][153]MeshUVDensityAccuracy=0
[2020.11.02-01.56.16:416][153]ModeWidgets=0
[2020.11.02-01.56.16:416][153]MotionBlur=1
[2020.11.02-01.56.16:416][153]Navigation=0
[2020.11.02-01.56.16:416][153]OcclusionMeshes=0
[2020.11.02-01.56.16:416][153]OnScreenDebug=1
[2020.11.02-01.56.16:416][153]OutputMaterialTextureScales=0
[2020.11.02-01.56.16:416][153]OverrideDiffuseAndSpecular=0
[2020.11.02-01.56.16:416][153]Paper2DSprites=1
[2020.11.02-01.56.16:416][153]Particles=1
[2020.11.02-01.56.16:416][153]PathTracing=0
[2020.11.02-01.56.16:416][153]PhysicalMaterialMasks=0
[2020.11.02-01.56.16:416][153]Pivot=0
[2020.11.02-01.56.16:416][153]PointLights=1
[2020.11.02-01.56.16:416][153]PostProcessing=1
[2020.11.02-01.56.16:416][153]PostProcessMaterial=1
[2020.11.02-01.56.16:417][153]PrecomputedVisibility=1
[2020.11.02-01.56.16:417][153]PrecomputedVisibilityCells=0
[2020.11.02-01.56.16:417][153]PreviewShadowsIndicator=1
[2020.11.02-01.56.16:417][153]PrimitiveDistanceAccuracy=0
[2020.11.02-01.56.16:417][153]PropertyColoration=0
[2020.11.02-01.56.16:417][153]QuadOverdraw=0
[2020.11.02-01.56.16:417][153]RayTracedDistanceFieldShadows=1
[2020.11.02-01.56.16:417][153]RayTracingDebug=0
[2020.11.02-01.56.16:417][153]RectLights=1
[2020.11.02-01.56.16:417][153]ReflectionEnvironment=1
[2020.11.02-01.56.16:417][153]ReflectionOverride=0
[2020.11.02-01.56.16:417][153]Refraction=1
[2020.11.02-01.56.16:417][153]Rendering=1
[2020.11.02-01.56.16:417][153]RequiredTextureResolution=0
[2020.11.02-01.56.16:417][153]SceneColorFringe=1
[2020.11.02-01.56.16:417][153]ScreenPercentage=1
[2020.11.02-01.56.16:417][153]ScreenSpaceAO=1
[2020.11.02-01.56.16:417][153]ScreenSpaceReflections=1
[2020.11.02-01.56.16:417][153]Selection=0
[2020.11.02-01.56.16:418][153]SelectionOutline=0
[2020.11.02-01.56.16:418][153]SeparateTranslucency=1
[2020.11.02-01.56.16:418][153]ShaderComplexity=0
[2020.11.02-01.56.16:418][153]ShaderComplexityWithQuadOverdraw=0
[2020.11.02-01.56.16:418][153]ShadowFrustums=0
[2020.11.02-01.56.16:418][153]SkeletalMeshes=1
[2020.11.02-01.56.16:418][153]SkyLighting=1
[2020.11.02-01.56.16:418][153]Snap=0
[2020.11.02-01.56.16:418][153]Specular=1
[2020.11.02-01.56.16:418][153]Splines=0
[2020.11.02-01.56.16:418][153]SpotLights=1
[2020.11.02-01.56.16:418][153]StaticMeshes=1
[2020.11.02-01.56.16:418][153]StationaryLightOverlap=0
[2020.11.02-01.56.16:418][153]StereoRendering=0
[2020.11.02-01.56.16:418][153]StreamingBounds=0
[2020.11.02-01.56.16:418][153]SubsurfaceScattering=1
[2020.11.02-01.56.16:418][153]TemporalAA=1
[2020.11.02-01.56.16:418][153]Tessellation=1
[2020.11.02-01.56.16:418][153]TestImage=0
[2020.11.02-01.56.16:419][153]TextRender=1
[2020.11.02-01.56.16:419][153]TexturedLightProfiles=1
[2020.11.02-01.56.16:419][153]Tonemapper=1
[2020.11.02-01.56.16:419][153]Translucency=1
[2020.11.02-01.56.16:419][153]VectorFields=0
[2020.11.02-01.56.16:419][153]VertexColors=0
[2020.11.02-01.56.16:419][153]Vignette=1
[2020.11.02-01.56.16:419][153]VisLog=1
[2020.11.02-01.56.16:419][153]VisualizeBuffer=0
[2020.11.02-01.56.16:419][153]VisualizeDistanceFieldAO=0
[2020.11.02-01.56.16:419][153]VisualizeDistanceFieldGI=0
[2020.11.02-01.56.16:419][153]VisualizeDOF=0
[2020.11.02-01.56.16:419][153]VisualizeGlobalDistanceField=0
[2020.11.02-01.56.16:419][153]VisualizeHDR=0
[2020.11.02-01.56.16:419][153]VisualizeLightCulling=0
[2020.11.02-01.56.16:419][153]VisualizeLPV=0
[2020.11.02-01.56.16:419][153]VisualizeMeshDistanceFields=0
[2020.11.02-01.56.16:419][153]VisualizeMotionBlur=0
[2020.11.02-01.56.16:419][153]VisualizeOutOfBoundsPixels=0
[2020.11.02-01.56.16:419][153]VisualizeSenses=1
[2020.11.02-01.56.16:420][153]VisualizeShadingModels=0
[2020.11.02-01.56.16:420][153]VisualizeSkyAtmosphere=0
[2020.11.02-01.56.16:420][153]VisualizeSSR=0
[2020.11.02-01.56.16:420][153]VisualizeSSS=0
[2020.11.02-01.56.16:420][153]VisualizeVolumetricLightmap=0
[2020.11.02-01.56.16:420][153]VolumeLightingSamples=0
[2020.11.02-01.56.16:420][153]Volumes=0
[2020.11.02-01.56.16:420][153]VolumetricFog=1
[2020.11.02-01.56.16:420][153]VolumetricLightmap=1
[2020.11.02-01.56.16:420][153]VREditing=0
[2020.11.02-01.56.16:420][153]WidgetComponents=1
[2020.11.02-01.56.16:420][153]Wireframe=0
[2020.11.02-01.56.24:542][117]LogEditorViewport: Clicking on Actor (context menu): StaticMeshActor (Floor)
[2020.11.02-01.56.25:396][212]LogEditorViewport: Clicking on Actor (context menu): StaticMeshActor (Floor)
[2020.11.02-01.56.26:077][291]LogEditorViewport: Clicking on Actor (context menu): BP_Sky_Sphere_C (Sky Sphere)
[2020.11.02-01.56.31:505][929]AmbientCubemap=1
[2020.11.02-01.56.31:506][929]AmbientOcclusion=1
[2020.11.02-01.56.31:506][929]AntiAliasing=1
[2020.11.02-01.56.31:506][929]Atmosphere=1
[2020.11.02-01.56.31:506][929]AudioRadius=0
[2020.11.02-01.56.31:506][929]BillboardSprites=1
[2020.11.02-01.56.31:506][929]Bloom=1
[2020.11.02-01.56.31:506][929]Bones=0
[2020.11.02-01.56.31:506][929]Bounds=0
[2020.11.02-01.56.31:506][929]Brushes=0
[2020.11.02-01.56.31:506][929]BSP=1
[2020.11.02-01.56.31:506][929]BSPSplit=0
[2020.11.02-01.56.31:506][929]BSPTriangles=1
[2020.11.02-01.56.31:506][929]BuilderBrush=1
[2020.11.02-01.56.31:506][929]CameraAspectRatioBars=0
[2020.11.02-01.56.31:507][929]CameraFrustums=0
[2020.11.02-01.56.31:507][929]CameraImperfections=1
[2020.11.02-01.56.31:507][929]CameraInterpolation=1
[2020.11.02-01.56.31:507][929]CameraSafeFrames=0
[2020.11.02-01.56.31:507][929]CapsuleShadows=1
[2020.11.02-01.56.31:507][929]Collision=0
[2020.11.02-01.56.31:507][929]CollisionPawn=0
[2020.11.02-01.56.31:507][929]CollisionVisibility=0
[2020.11.02-01.56.31:507][929]ColorGrading=1
[2020.11.02-01.56.31:507][929]CompositeEditorPrimitives=0
[2020.11.02-01.56.31:507][929]Constraints=0
[2020.11.02-01.56.31:507][929]ContactShadows=1
[2020.11.02-01.56.31:507][929]Cover=0
[2020.11.02-01.56.31:507][929]DebugAI=0
[2020.11.02-01.56.31:507][929]Decals=1
[2020.11.02-01.56.31:507][929]DeferredLighting=1
[2020.11.02-01.56.31:507][929]DepthOfField=1
[2020.11.02-01.56.31:507][929]Diffuse=1
[2020.11.02-01.56.31:508][929]DirectionalLights=1
[2020.11.02-01.56.31:508][929]DirectLighting=1
[2020.11.02-01.56.31:508][929]DistanceCulledPrimitives=0
[2020.11.02-01.56.31:508][929]DistanceFieldAO=1
[2020.11.02-01.56.31:508][929]DistanceFieldGI=1
[2020.11.02-01.56.31:508][929]DynamicShadows=1
[2020.11.02-01.56.31:508][929]Editor=0
[2020.11.02-01.56.31:508][929]EyeAdaptation=1
[2020.11.02-01.56.31:508][929]Fog=1
[2020.11.02-01.56.31:508][929]ForceFeedbackRadius=1
[2020.11.02-01.56.31:508][929]Game=1
[2020.11.02-01.56.31:508][929]GameplayDebug=1
[2020.11.02-01.56.31:508][929]GBufferHints=0
[2020.11.02-01.56.31:508][929]GlobalIllumination=1
[2020.11.02-01.56.31:508][929]Grain=1
[2020.11.02-01.56.31:508][929]Grid=0
[2020.11.02-01.56.31:508][929]HighResScreenshotMask=0
[2020.11.02-01.56.31:509][929]HISMCClusterTree=0
[2020.11.02-01.56.31:509][929]HISMCOcclusionBounds=0
[2020.11.02-01.56.31:509][929]HitProxies=0
[2020.11.02-01.56.31:509][929]HLODColoration=0
[2020.11.02-01.56.31:509][929]HMDDistortion=0
[2020.11.02-01.56.31:509][929]IndirectLightingCache=1
[2020.11.02-01.56.31:509][929]InstancedFoliage=1
[2020.11.02-01.56.31:509][929]InstancedGrass=1
[2020.11.02-01.56.31:509][929]InstancedStaticMeshes=1
[2020.11.02-01.56.31:509][929]Landscape=1
[2020.11.02-01.56.31:509][929]LargeVertices=0
[2020.11.02-01.56.31:509][929]LensFlares=1
[2020.11.02-01.56.31:509][929]LevelColoration=0
[2020.11.02-01.56.31:509][929]LightComplexity=0
[2020.11.02-01.56.31:509][929]LightFunctions=1
[2020.11.02-01.56.31:509][929]LightInfluences=0
[2020.11.02-01.56.31:509][929]Lighting=1
[2020.11.02-01.56.31:509][929]LightingOnlyOverride=0
[2020.11.02-01.56.31:509][929]LightMapDensity=0
[2020.11.02-01.56.31:509][929]LightRadius=0
[2020.11.02-01.56.31:510][929]LightShafts=1
[2020.11.02-01.56.31:510][929]LOD=1
[2020.11.02-01.56.31:510][929]LODColoration=0
[2020.11.02-01.56.31:510][929]MassProperties=0
[2020.11.02-01.56.31:510][929]Materials=1
[2020.11.02-01.56.31:510][929]MaterialTextureScaleAccuracy=0
[2020.11.02-01.56.31:510][929]MediaPlanes=1
[2020.11.02-01.56.31:510][929]MeshEdges=0
[2020.11.02-01.56.31:510][929]MeshUVDensityAccuracy=0
[2020.11.02-01.56.31:510][929]ModeWidgets=0
[2020.11.02-01.56.31:510][929]MotionBlur=1
[2020.11.02-01.56.31:510][929]Navigation=0
[2020.11.02-01.56.31:510][929]OcclusionMeshes=0
[2020.11.02-01.56.31:510][929]OnScreenDebug=1
[2020.11.02-01.56.31:510][929]OutputMaterialTextureScales=0
[2020.11.02-01.56.31:510][929]OverrideDiffuseAndSpecular=0
[2020.11.02-01.56.31:510][929]Paper2DSprites=1
[2020.11.02-01.56.31:510][929]Particles=1
[2020.11.02-01.56.31:510][929]PathTracing=0
[2020.11.02-01.56.31:511][929]PhysicalMaterialMasks=0
[2020.11.02-01.56.31:511][929]Pivot=0
[2020.11.02-01.56.31:511][929]PointLights=1
[2020.11.02-01.56.31:511][929]PostProcessing=1
[2020.11.02-01.56.31:511][929]PostProcessMaterial=1
[2020.11.02-01.56.31:511][929]PrecomputedVisibility=1
[2020.11.02-01.56.31:511][929]PrecomputedVisibilityCells=0
[2020.11.02-01.56.31:511][929]PreviewShadowsIndicator=1
[2020.11.02-01.56.31:511][929]PrimitiveDistanceAccuracy=0
[2020.11.02-01.56.31:511][929]PropertyColoration=0
[2020.11.02-01.56.31:511][929]QuadOverdraw=0
[2020.11.02-01.56.31:511][929]RayTracedDistanceFieldShadows=1
[2020.11.02-01.56.31:511][929]RayTracingDebug=0
[2020.11.02-01.56.31:511][929]RectLights=1
[2020.11.02-01.56.31:511][929]ReflectionEnvironment=1
[2020.11.02-01.56.31:511][929]ReflectionOverride=0
[2020.11.02-01.56.31:511][929]Refraction=1
[2020.11.02-01.56.31:511][929]Rendering=1
[2020.11.02-01.56.31:511][929]RequiredTextureResolution=0
[2020.11.02-01.56.31:511][929]SceneColorFringe=1
[2020.11.02-01.56.31:512][929]ScreenPercentage=1
[2020.11.02-01.56.31:512][929]ScreenSpaceAO=1
[2020.11.02-01.56.31:512][929]ScreenSpaceReflections=1
[2020.11.02-01.56.31:512][929]Selection=0
[2020.11.02-01.56.31:512][929]SelectionOutline=0
[2020.11.02-01.56.31:512][929]SeparateTranslucency=1
[2020.11.02-01.56.31:512][929]ShaderComplexity=0
[2020.11.02-01.56.31:512][929]ShaderComplexityWithQuadOverdraw=0
[2020.11.02-01.56.31:512][929]ShadowFrustums=0
[2020.11.02-01.56.31:512][929]SkeletalMeshes=1
[2020.11.02-01.56.31:512][929]SkyLighting=1
[2020.11.02-01.56.31:512][929]Snap=0
[2020.11.02-01.56.31:512][929]Specular=1
[2020.11.02-01.56.31:512][929]Splines=0
[2020.11.02-01.56.31:512][929]SpotLights=1
[2020.11.02-01.56.31:512][929]StaticMeshes=1
[2020.11.02-01.56.31:512][929]StationaryLightOverlap=0
[2020.11.02-01.56.31:512][929]StereoRendering=0
[2020.11.02-01.56.31:512][929]StreamingBounds=0
[2020.11.02-01.56.31:513][929]SubsurfaceScattering=1
[2020.11.02-01.56.31:513][929]TemporalAA=1
[2020.11.02-01.56.31:513][929]Tessellation=1
[2020.11.02-01.56.31:513][929]TestImage=0
[2020.11.02-01.56.31:513][929]TextRender=1
[2020.11.02-01.56.31:513][929]TexturedLightProfiles=1
[2020.11.02-01.56.31:513][929]Tonemapper=1
[2020.11.02-01.56.31:513][929]Translucency=1
[2020.11.02-01.56.31:513][929]VectorFields=0
[2020.11.02-01.56.31:513][929]VertexColors=0
[2020.11.02-01.56.31:513][929]Vignette=1
[2020.11.02-01.56.31:513][929]VisLog=1
[2020.11.02-01.56.31:513][929]VisualizeBuffer=0
[2020.11.02-01.56.31:513][929]VisualizeDistanceFieldAO=0
[2020.11.02-01.56.31:513][929]VisualizeDistanceFieldGI=0
[2020.11.02-01.56.31:513][929]VisualizeDOF=0
[2020.11.02-01.56.31:514][929]VisualizeGlobalDistanceField=0
[2020.11.02-01.56.31:514][929]VisualizeHDR=0
[2020.11.02-01.56.31:514][929]VisualizeLightCulling=0
[2020.11.02-01.56.31:514][929]VisualizeLPV=0
[2020.11.02-01.56.31:514][929]VisualizeMeshDistanceFields=0
[2020.11.02-01.56.31:514][929]VisualizeMotionBlur=0
[2020.11.02-01.56.31:514][929]VisualizeOutOfBoundsPixels=0
[2020.11.02-01.56.31:514][929]VisualizeSenses=1
[2020.11.02-01.56.31:514][929]VisualizeShadingModels=0
[2020.11.02-01.56.31:514][929]VisualizeSkyAtmosphere=0
[2020.11.02-01.56.31:514][929]VisualizeSSR=0
[2020.11.02-01.56.31:514][929]VisualizeSSS=0
[2020.11.02-01.56.31:514][929]VisualizeVolumetricLightmap=0
[2020.11.02-01.56.31:514][929]VolumeLightingSamples=0
[2020.11.02-01.56.31:515][929]Volumes=0
[2020.11.02-01.56.31:515][929]VolumetricFog=1
[2020.11.02-01.56.31:515][929]VolumetricLightmap=1
[2020.11.02-01.56.31:515][929]VREditing=0
[2020.11.02-01.56.31:515][929]WidgetComponents=1
[2020.11.02-01.56.31:515][929]Wireframe=0
[2020.11.02-01.56.47:585][853]LogSlate: Updating window title bar state: overlay mode, drag disabled, window buttons hidden, title bar hidden
[2020.11.02-01.56.47:585][853]LogWorld: BeginTearingDown for /Game/Maps/TestMap/UEDPIE_0_Test1
[2020.11.02-01.56.47:585][853]LogWorld: UWorld::CleanupWorld for Test1, bSessionEnded=true, bCleanupResources=true
[2020.11.02-01.56.47:585][853]LogSlate: InvalidateAllWidgets triggered.  All widgets were invalidated
[2020.11.02-01.56.47:593][853]LogPlayLevel: Display: Shutting down PIE online subsystems
[2020.11.02-01.56.47:597][853]LogSlate: InvalidateAllWidgets triggered.  All widgets were invalidated
[2020.11.02-01.56.47:650][853]LogSlate: Updating window title bar state: overlay mode, drag disabled, window buttons hidden, title bar hidden
[2020.11.02-01.56.47:663][853]LogAISub: UAISubsystem::~UAISubsystem AIPerceptionSystem (000001EAB4089E40), frame # 29853
[2020.11.02-01.56.47:663][853]LogAISub: UAISubsystem::~UAISubsystem EnvQueryManager (000001EAD40E7E00), frame # 29853
[2020.11.02-01.56.47:670][853]LogUObjectHash: Compacting FUObjectHashTables data took   2.60ms
[2020.11.02-01.56.47:695][854]LogPlayLevel: Display: Destroying online subsystem :Context_3
[2020.11.02-02.02.26:443][678]LogDirectoryWatcher: A directory notification failed for 'C:/Users/jseon/Desktop/Ue4CoopGame/CoopGame/Content/Collections/' because it could not be accessed. Aborting watch request...
[2020.11.02-02.02.26:443][678]LogDirectoryWatcher: A directory notification failed for 'C:/Users/jseon/Desktop/Ue4CoopGame/CoopGame/Content/Developers/jseon/Collections/' because it could not be accessed. Aborting watch request...
[2020.11.02-02.02.26:443][678]LogDirectoryWatcher: A directory notification failed for 'C:/Users/jseon/Desktop/Ue4CoopGame/CoopGame/Saved/Collections/' because it could not be accessed. Aborting watch request...
[2020.11.02-02.03.03:062][787]LogUObjectHash: Compacting FUObjectHashTables data took   2.36ms
[2020.11.02-02.03.03:090][787]LogSavePackage: Moving '../../../../../../Users/jseon/Desktop/Ue4CoopGame/CoopGame/Saved/Test1_Auto1863AFCC349BC3F13EE4090AC5F784C62.tmp' to '../../../../../../Users/jseon/Desktop/Ue4CoopGame/CoopGame/Saved/Autosaves/Game/Maps/TestMap/Test1_Auto1.umap'
[2020.11.02-02.03.03:092][787]LogFileHelpers: Editor autosave (incl. sublevels) for '/Game/Maps/TestMap/Test1' took 0.055
[2020.11.02-02.03.03:092][787]LogFileHelpers: Editor autosave (incl. sublevels) for all levels took 0.055
[2020.11.02-02.04.48:846][167]BlueprintLog: New page: PlayerPawn 컴파일
[2020.11.02-02.04.48:891][167]LogUObjectHash: Compacting FUObjectHashTables data took   1.86ms
[2020.11.02-02.04.49:412][222]Cmd: OBJ SAVEPACKAGE PACKAGE="/Game/Blueprints/PlayerPawn" FILE="../../../../../../Users/jseon/Desktop/Ue4CoopGame/CoopGame/Content/Blueprints/PlayerPawn.uasset" SILENT=true
[2020.11.02-02.04.49:432][222]LogSavePackage: Moving '../../../../../../Users/jseon/Desktop/Ue4CoopGame/CoopGame/Saved/PlayerPawn0B0403F447877C872F055A9398455907.tmp' to '../../../../../../Users/jseon/Desktop/Ue4CoopGame/CoopGame/Content/Blueprints/PlayerPawn.uasset'
[2020.11.02-02.04.49:449][222]AssetCheck: New page: 애셋 저장: PlayerPawn
[2020.11.02-02.04.49:449][222]LogContentValidation: Display: Blueprint /Game/Blueprints/PlayerPawn.PlayerPawn 유효성 검사
[2020.11.02-02.04.57:249][150]Cmd: OBJ SAVEPACKAGE PACKAGE="/Game/Maps/TestMap/Test1" FILE="../../../../../../Users/jseon/Desktop/Ue4CoopGame/CoopGame/Content/Maps/TestMap/Test1.umap" SILENT=true AUTOSAVING=false KEEPDIRTY=false
[2020.11.02-02.04.57:270][150]LogUObjectHash: Compacting FUObjectHashTables data took   2.06ms
[2020.11.02-02.04.57:289][150]LogSavePackage: Moving '../../../../../../Users/jseon/Desktop/Ue4CoopGame/CoopGame/Saved/Test1EEAA27F04B4517161959DE830556B2D6.tmp' to '../../../../../../Users/jseon/Desktop/Ue4CoopGame/CoopGame/Content/Maps/TestMap/Test1.umap'
[2020.11.02-02.04.57:315][150]Cmd: OBJ SAVEPACKAGE PACKAGE="/Game/Maps/TestMap/Test1_BuiltData" FILE="../../../../../../Users/jseon/Desktop/Ue4CoopGame/CoopGame/Content/Maps/TestMap/Test1_BuiltData.uasset" SILENT=true
[2020.11.02-02.04.57:332][150]LogSavePackage: Moving '../../../../../../Users/jseon/Desktop/Ue4CoopGame/CoopGame/Saved/Test1_BuiltDataD269D6664A07418269ECF3B3ADC062BA.tmp' to '../../../../../../Users/jseon/Desktop/Ue4CoopGame/CoopGame/Content/Maps/TestMap/Test1_BuiltData.uasset'
[2020.11.02-02.04.57:346][150]AssetCheck: New page: 애셋 저장: 애셋이 다수입니다.
[2020.11.02-02.04.57:346][150]LogContentValidation: Display: World /Game/Maps/TestMap/Test1.Test1 유효성 검사
[2020.11.02-02.04.57:347][150]LogContentValidation: Display: MapBuildDataRegistry /Game/Maps/TestMap/Test1_BuiltData.Test1_BuiltData 유효성 검사
[2020.11.02-02.04.59:219][353]LogTemp: Repeating last play command: 선택된 뷰포트
[2020.11.02-02.04.59:236][353]LogPlayLevel: PlayLevel: No blueprints needed recompiling
[2020.11.02-02.04.59:237][353]PIE: New page: PIE 세션: Test1 (2020. 11. 2. 오후 8:04:59)
[2020.11.02-02.04.59:273][353]LogPlayLevel: Creating play world package: /Game/Maps/TestMap/UEDPIE_0_Test1
[2020.11.02-02.04.59:275][353]LogPlayLevel: PIE: StaticDuplicateObject took: (0.001870s)
[2020.11.02-02.04.59:276][353]LogAIModule: Creating AISystem for world Test1
[2020.11.02-02.04.59:276][353]LogAISub: UAISubsystem::UAISubsystem EnvQueryManager (000001EAC54AAA00), frame # 39353
[2020.11.02-02.04.59:276][353]LogAISub: UAISubsystem::UAISubsystem AIPerceptionSystem (000001EAC673BC40), frame # 39353
[2020.11.02-02.04.59:276][353]LogPlayLevel: PIE: World Init took: (0.001209s)
[2020.11.02-02.04.59:276][353]LogPlayLevel: PIE: Created PIE world by copying editor world from /Game/Maps/TestMap/Test1.Test1 to /Game/Maps/TestMap/UEDPIE_0_Test1.Test1 (0.003522s)
[2020.11.02-02.04.59:296][353]LogUObjectHash: Compacting FUObjectHashTables data took   1.90ms
[2020.11.02-02.04.59:297][353]LogAudioMixer: Display: Audio Mixer Platform Settings:
[2020.11.02-02.04.59:297][353]LogAudioMixer: Display: 	Sample Rate:						  48000
[2020.11.02-02.04.59:297][353]LogAudioMixer: Display: 	Callback Buffer Frame Size Requested: 1024
[2020.11.02-02.04.59:298][353]LogAudioMixer: Display: 	Callback Buffer Frame Size To Use:	  1024
[2020.11.02-02.04.59:298][353]LogAudioMixer: Display: 	Number of buffers to queue:			  2
[2020.11.02-02.04.59:298][353]LogAudioMixer: Display: 	Max Channels (voices):				  32
[2020.11.02-02.04.59:298][353]LogAudioMixer: Display: 	Number of Async Source Workers:		  0
[2020.11.02-02.04.59:298][353]LogAudio: Display: AudioDevice MaxSources: 32
[2020.11.02-02.04.59:298][353]LogAudio: Display: Using built-in audio occlusion.
[2020.11.02-02.04.59:298][353]LogAudioMixer: Display: Initializing audio mixer.
[2020.11.02-02.04.59:314][353]LogAudioMixer: Display: 0: FrontLeft
[2020.11.02-02.04.59:314][353]LogAudioMixer: Display: 1: FrontRight
[2020.11.02-02.04.59:375][353]LogAudioMixer: Display: Using Audio Device 스피커(USB PnP Audio Device)
[2020.11.02-02.04.59:375][353]LogAudioMixer: Display: Initializing Sound Submixes...
[2020.11.02-02.04.59:375][353]LogAudioMixer: Display: Creating Master Submix 'MasterSubmixDefault'
[2020.11.02-02.04.59:375][353]LogAudioMixer: Display: Creating Master Submix 'MasterReverbSubmixDefault'
[2020.11.02-02.04.59:376][353]LogAudioMixer: Display: Creating Master Submix 'MasterEQSubmixDefault'
[2020.11.02-02.04.59:387][353]LogInit: FAudioDevice initialized.
[2020.11.02-02.04.59:400][353]LogLoad: Game class is 'CoopGameGameModeBase'
[2020.11.02-02.04.59:401][353]LogWorld: Bringing World /Game/Maps/TestMap/UEDPIE_0_Test1.Test1 up for play (max tick rate 0) at 2020.11.02-11.04.59
[2020.11.02-02.04.59:402][353]LogWorld: Bringing up level for play took: 0.000930
[2020.11.02-02.04.59:402][353]LogOnline: OSS: Creating online subsystem instance for: :Context_9
[2020.11.02-02.04.59:405][353]PIE: 서버가 로그인했습니다.
[2020.11.02-02.04.59:405][353]PIE: 에디터에서 플레이 총 시작 시간 0.174초입니다.
[2020.11.02-02.05.19:425][750]LogSlate: Updating window title bar state: overlay mode, drag disabled, window buttons hidden, title bar hidden
[2020.11.02-02.05.19:425][750]LogWorld: BeginTearingDown for /Game/Maps/TestMap/UEDPIE_0_Test1
[2020.11.02-02.05.19:426][750]LogWorld: UWorld::CleanupWorld for Test1, bSessionEnded=true, bCleanupResources=true
[2020.11.02-02.05.19:426][750]LogSlate: InvalidateAllWidgets triggered.  All widgets were invalidated
[2020.11.02-02.05.19:441][750]LogPlayLevel: Display: Shutting down PIE online subsystems
[2020.11.02-02.05.19:444][750]LogSlate: InvalidateAllWidgets triggered.  All widgets were invalidated
[2020.11.02-02.05.19:493][750]LogSlate: Updating window title bar state: overlay mode, drag disabled, window buttons hidden, title bar hidden
[2020.11.02-02.05.19:494][750]LogAISub: UAISubsystem::~UAISubsystem AIPerceptionSystem (000001EAC673BC40), frame # 41750
[2020.11.02-02.05.19:494][750]LogAISub: UAISubsystem::~UAISubsystem EnvQueryManager (000001EAC54AAA00), frame # 41750
[2020.11.02-02.05.19:496][750]LogUObjectHash: Compacting FUObjectHashTables data took   1.88ms
[2020.11.02-02.05.19:521][751]LogPlayLevel: Display: Destroying online subsystem :Context_9
