Log file open, 11/04/20 10:05:38
LogInit: Display: Running engine for game: CoopGame
LogPlatformFile: Not using cached read wrapper
LogTaskGraph: Started task graph with 5 named threads and 20 total threads with 3 sets of task threads.
LogStats: Stats thread started at 0.294213
LogD3D11RHI: Loaded GFSDK_Aftermath_Lib.x64.dll
LogICUInternationalization: ICU TimeZone Detection - Raw Offset: +9:00, Platform Override: ''
LogPluginManager: Mounting plugin Paper2D
LogPluginManager: Mounting plugin AISupport
LogPluginManager: Mounting plugin LightPropagationVolume
LogPluginManager: Mounting plugin CameraShakePreviewer
LogPluginManager: Mounting plugin ActorLayerUtilities
LogPluginManager: Mounting plugin AnimationSharing
LogPluginManager: Mounting plugin CLionSourceCodeAccess
LogPluginManager: Mounting plugin CodeLiteSourceCodeAccess
LogPluginManager: Mounting plugin GitSourceControl
LogPluginManager: Mounting plugin KDevelopSourceCodeAccess
LogPluginManager: Mounting plugin NullSourceCodeAccess
LogPluginManager: Mounting plugin PerforceSourceControl
LogPluginManager: Mounting plugin PlasticSourceControl
LogPluginManager: Mounting plugin RiderSourceCodeAccess
LogPluginManager: Mounting plugin SubversionSourceControl
LogPluginManager: Mounting plugin UObjectPlugin
LogPluginManager: Mounting plugin VisualStudioCodeSourceCodeAccess
LogPluginManager: Mounting plugin VisualStudioSourceCodeAccess
LogPluginManager: Mounting plugin XCodeSourceCodeAccess
LogPluginManager: Mounting plugin AssetManagerEditor
LogPluginManager: Mounting plugin CryptoKeys
LogPluginManager: Mounting plugin CurveEditorTools
LogPluginManager: Mounting plugin DataValidation
LogPluginManager: Mounting plugin EditorScriptingUtilities
LogPluginManager: Mounting plugin FacialAnimation
LogPluginManager: Mounting plugin GameplayTagsEditor
LogPluginManager: Mounting plugin GeometryMode
LogPluginManager: Mounting plugin MacGraphicsSwitching
LogPluginManager: Mounting plugin MaterialAnalyzer
LogPluginManager: Mounting plugin MobileLauncherProfileWizard
LogPluginManager: Mounting plugin PluginBrowser
LogPluginManager: Mounting plugin SpeedTreeImporter
LogPluginManager: Mounting plugin DatasmithContent
LogPluginManager: Mounting plugin VariantManagerContent
LogPluginManager: Mounting plugin AlembicImporter
LogPluginManager: Mounting plugin AutomationUtils
LogPluginManager: Mounting plugin BackChannel
LogPluginManager: Mounting plugin ChaosCloth
LogPluginManager: Mounting plugin ChaosClothEditor
LogPluginManager: Mounting plugin ChaosEditor
LogPluginManager: Mounting plugin ChaosNiagara
LogPluginManager: Mounting plugin ChaosSolverPlugin
LogPluginManager: Mounting plugin CharacterAI
LogPluginManager: Mounting plugin GeometryCache
LogPluginManager: Mounting plugin GeometryCollectionPlugin
LogPluginManager: Mounting plugin GeometryProcessing
LogPluginManager: Mounting plugin PlanarCut
LogPluginManager: Mounting plugin PlatformCrypto
LogPluginManager: Mounting plugin ProxyLODPlugin
LogPluginManager: Mounting plugin SkeletalReduction
LogPluginManager: Mounting plugin Niagara
LogPluginManager: Mounting plugin MagicLeap
LogPluginManager: Mounting plugin MagicLeapLightEstimation
LogPluginManager: Mounting plugin MagicLeapMedia
LogPluginManager: Mounting plugin MagicLeapPassableWorld
LogPluginManager: Mounting plugin MLSDK
LogPluginManager: Mounting plugin AndroidMedia
LogPluginManager: Mounting plugin AvfMedia
LogPluginManager: Mounting plugin ImgMedia
LogPluginManager: Mounting plugin MediaCompositing
LogPluginManager: Mounting plugin MediaPlayerEditor
LogPluginManager: Mounting plugin WebMMedia
LogPluginManager: Mounting plugin WmfMedia
LogPluginManager: Mounting plugin MeshPainting
LogPluginManager: Mounting plugin TcpMessaging
LogPluginManager: Mounting plugin UdpMessaging
LogPluginManager: Mounting plugin ActorSequence
LogPluginManager: Mounting plugin LevelSequenceEditor
LogPluginManager: Mounting plugin MatineeToLevelSequence
LogPluginManager: Mounting plugin MovieRenderPipeline
LogPluginManager: Mounting plugin TemplateSequence
LogPluginManager: Mounting plugin NetcodeUnitTest
LogPluginManager: Mounting plugin NUTUnrealEngine4
LogPluginManager: Mounting plugin OnlineSubsystemGooglePlay
LogPluginManager: Mounting plugin OnlineSubsystemIOS
LogPluginManager: Mounting plugin OnlineSubsystem
LogPluginManager: Mounting plugin OnlineSubsystemNull
LogPluginManager: Mounting plugin OnlineSubsystemUtils
LogPluginManager: Mounting plugin LauncherChunkInstaller
LogPluginManager: Mounting plugin AndroidDeviceProfileSelector
LogPluginManager: Mounting plugin AndroidMoviePlayer
LogPluginManager: Mounting plugin AndroidPermission
LogPluginManager: Mounting plugin AppleImageUtils
LogPluginManager: Mounting plugin AppleMoviePlayer
LogPluginManager: Mounting plugin ArchVisCharacter
LogPluginManager: Mounting plugin AssetTags
LogPluginManager: Mounting plugin AudioCapture
LogPluginManager: Mounting plugin CableComponent
LogPluginManager: Mounting plugin CustomMeshComponent
LogPluginManager: Mounting plugin EditableMesh
LogPluginManager: Mounting plugin ExampleDeviceProfileSelector
LogPluginManager: Mounting plugin GoogleCloudMessaging
LogPluginManager: Mounting plugin GooglePAD
LogPluginManager: Mounting plugin IOSDeviceProfileSelector
LogPluginManager: Mounting plugin LinuxDeviceProfileSelector
LogPluginManager: Mounting plugin LocationServicesBPLibrary
LogPluginManager: Mounting plugin MobilePatchingUtils
LogPluginManager: Mounting plugin OculusVR
LogPluginManager: Mounting plugin PhysXVehicles
LogPluginManager: Mounting plugin PostSplashScreen
LogPluginManager: Mounting plugin ProceduralMeshComponent
LogPluginManager: Mounting plugin RuntimePhysXCooking
LogPluginManager: Mounting plugin SignificanceManager
LogPluginManager: Mounting plugin SoundFields
LogPluginManager: Mounting plugin SteamVR
LogPluginManager: Mounting plugin Synthesis
LogPluginManager: Mounting plugin WebMMoviePlayer
LogPluginManager: Mounting plugin WindowsMoviePlayer
LogPluginManager: Mounting plugin ScreenshotTools
LogInit: Using libcurl 7.55.1-DEV
LogInit:  - built for x86_64-pc-win32
LogInit:  - supports SSL with OpenSSL/1.1.1
LogInit:  - supports HTTP deflate (compression) using libz 1.2.8
LogInit:  - other features:
LogInit:      CURL_VERSION_SSL
LogInit:      CURL_VERSION_LIBZ
LogInit:      CURL_VERSION_IPV6
LogInit:      CURL_VERSION_ASYNCHDNS
LogInit:      CURL_VERSION_LARGEFILE
LogInit:      CURL_VERSION_IDN
LogInit:  CurlRequestOptions (configurable via config and command line):
LogInit:  - bVerifyPeer = true  - Libcurl will verify peer certificate
LogInit:  - bUseHttpProxy = false  - Libcurl will NOT use HTTP proxy
LogInit:  - bDontReuseConnections = false  - Libcurl will reuse connections
LogInit:  - MaxHostConnections = 16  - Libcurl will limit the number of connections to a host
LogInit:  - LocalHostAddr = Default
LogInit:  - BufferSize = 65536
LogOnline: OSS: Creating online subsystem instance for: NULL
LogInit: WinSock: version 1.1 (2.2), MaxSocks=32767, MaxUdp=65467
LogOnline: OSS: TryLoadSubsystemAndSetDefault: Loaded subsystem for module [NULL]
LogInit: Build: ++UE4+Release-4.25-CL-14469661
LogInit: Engine Version: 4.25.4-14469661+++UE4+Release-4.25
LogInit: Compatible Engine Version: 4.25.0-13144385+++UE4+Release-4.25
LogInit: Net CL: 13144385
LogInit: OS: Windows 10 (Release 2004) (), CPU: Intel(R) Core(TM) i5-9600KF CPU @ 3.70GHz, GPU: NVIDIA GeForce RTX 2070 SUPER
LogInit: Compiled (64-bit): Oct 11 2020 08:10:49
LogInit: Compiled with Visual C++: 19.24.28315.00
LogInit: Build Configuration: Development
LogInit: Branch Name: ++UE4+Release-4.25
LogInit: Command Line:  -skipcompile
LogInit: Base Directory: C:/Program Files/Epic Games/UE_4.25/Engine/Binaries/Win64/
LogInit: Allocator: TBB
LogInit: Installed Engine Build: 1
LogDevObjectVersion: Number of dev versions registered: 26
LogDevObjectVersion:   Dev-Blueprints (B0D832E4-1F89-4F0D-ACCF-7EB736FD4AA2): 10
LogDevObjectVersion:   Dev-Build (E1C64328-A22C-4D53-A36C-8E866417BD8C): 0
LogDevObjectVersion:   Dev-Core (375EC13C-06E4-48FB-B500-84F0262A717E): 4
LogDevObjectVersion:   Dev-Editor (E4B068ED-F494-42E9-A231-DA0B2E46BB41): 38
LogDevObjectVersion:   Dev-Framework (CFFC743F-43B0-4480-9391-14DF171D2073): 37
LogDevObjectVersion:   Dev-Mobile (B02B49B5-BB20-44E9-A304-32B752E40360): 2
LogDevObjectVersion:   Dev-Networking (A4E4105C-59A1-49B5-A7C5-40C4547EDFEE): 0
LogDevObjectVersion:   Dev-Online (39C831C9-5AE6-47DC-9A44-9C173E1C8E7C): 0
LogDevObjectVersion:   Dev-Physics (78F01B33-EBEA-4F98-B9B4-84EACCB95AA2): 4
LogDevObjectVersion:   Dev-Platform (6631380F-2D4D-43E0-8009-CF276956A95A): 0
LogDevObjectVersion:   Dev-Rendering (12F88B9F-8875-4AFC-A67C-D90C383ABD29): 43
LogDevObjectVersion:   Dev-Sequencer (7B5AE74C-D270-4C10-A958-57980B212A5A): 12
LogDevObjectVersion:   Dev-VR (D7296918-1DD6-4BDD-9DE2-64A83CC13884): 3
LogDevObjectVersion:   Dev-LoadTimes (C2A15278-BFE7-4AFE-6C17-90FF531DF755): 1
LogDevObjectVersion:   Private-Geometry (6EACA3D4-40EC-4CC1-B786-8BED09428FC5): 3
LogDevObjectVersion:   Dev-AnimPhys (29E575DD-E0A3-4627-9D10-D276232CDCEA): 17
LogDevObjectVersion:   Dev-Anim (AF43A65D-7FD3-4947-9873-3E8ED9C1BB05): 7
LogDevObjectVersion:   Dev-ReflectionCapture (6B266CEC-1EC7-4B8F-A30B-E4D90942FC07): 1
LogDevObjectVersion:   Dev-Automation (0DF73D61-A23F-47EA-B727-89E90C41499A): 1
LogDevObjectVersion:   FortniteMain (601D1886-AC64-4F84-AA16-D3DE0DEAC7D6): 31
LogDevObjectVersion:   Dev-Enterprise (9DFFBCD6-494F-0158-E221-12823C92A888): 10
LogDevObjectVersion:   Dev-Niagara (F2AED0AC-9AFE-416F-8664-AA7FFA26D6FC): 1
LogDevObjectVersion:   Dev-Destruction (174F1F0B-B4C6-45A5-B13F-2EE8D0FB917D): 10
LogDevObjectVersion:   Dev-Physics-Ext (35F94A83-E258-406C-A318-09F59610247C): 37
LogDevObjectVersion:   Dev-PhysicsMaterial-Chaos (B68FC16E-8B1B-42E2-B453-215C058844FE): 1
LogDevObjectVersion:   Dev-CineCamera (B2E18506-4273-CFC2-A54E-F4BB758BBA07): 1
LogInit: Presizing for max 25165824 objects, including 0 objects not considered by GC, pre-allocating 0 bytes for permanent pool.
LogConfig: Applying CVar settings from Section [/Script/Engine.StreamingSettings] File [C:/Users/jseon/Desktop/Ue4CoopGame/CoopGame/Saved/Config/Windows/Engine.ini]
LogConfig: Setting CVar [[s.MinBulkDataSizeForAsyncLoading:131072]]
LogConfig: Setting CVar [[s.AsyncLoadingThreadEnabled:0]]
LogConfig: Setting CVar [[s.EventDrivenLoaderEnabled:1]]
LogConfig: Setting CVar [[s.WarnIfTimeLimitExceeded:0]]
LogConfig: Setting CVar [[s.TimeLimitExceededMultiplier:1.5]]
LogConfig: Setting CVar [[s.TimeLimitExceededMinTime:0.005]]
LogConfig: Setting CVar [[s.UseBackgroundLevelStreaming:1]]
LogConfig: Setting CVar [[s.PriorityAsyncLoadingExtraTime:15.0]]
LogConfig: Setting CVar [[s.LevelStreamingActorsUpdateTimeLimit:5.0]]
LogConfig: Setting CVar [[s.PriorityLevelStreamingActorsUpdateExtraTime:5.0]]
LogConfig: Setting CVar [[s.LevelStreamingComponentsRegistrationGranularity:10]]
LogConfig: Setting CVar [[s.UnregisterComponentsTimeLimit:1.0]]
LogConfig: Setting CVar [[s.LevelStreamingComponentsUnregistrationGranularity:5]]
LogConfig: Setting CVar [[s.FlushStreamingOnExit:1]]
LogInit: Object subsystem initialized
LogConfig: Setting CVar [[con.DebugEarlyDefault:1]]
LogConfig: Setting CVar [[r.setres:1280x720]]
[2020.11.04-01.05.38:624][  0]LogConfig: Setting CVar [[r.VSync:0]]
[2020.11.04-01.05.38:624][  0]LogConfig: Setting CVar [[r.RHICmdBypass:0]]
[2020.11.04-01.05.38:624][  0]LogConfig: Applying CVar settings from Section [/Script/Engine.RendererSettings] File [C:/Users/jseon/Desktop/Ue4CoopGame/CoopGame/Saved/Config/Windows/Engine.ini]
[2020.11.04-01.05.38:624][  0]LogConfig: Setting CVar [[r.GPUCrashDebugging:0]]
[2020.11.04-01.05.38:624][  0]LogConfig: Applying CVar settings from Section [/Script/Engine.RendererOverrideSettings] File [C:/Users/jseon/Desktop/Ue4CoopGame/CoopGame/Saved/Config/Windows/Engine.ini]
[2020.11.04-01.05.38:624][  0]LogConfig: Applying CVar settings from Section [/Script/Engine.StreamingSettings] File [C:/Users/jseon/Desktop/Ue4CoopGame/CoopGame/Saved/Config/Windows/Engine.ini]
[2020.11.04-01.05.38:624][  0]LogConfig: Setting CVar [[s.MinBulkDataSizeForAsyncLoading:131072]]
[2020.11.04-01.05.38:624][  0]LogConfig: Setting CVar [[s.AsyncLoadingThreadEnabled:0]]
[2020.11.04-01.05.38:624][  0]LogConfig: Setting CVar [[s.EventDrivenLoaderEnabled:1]]
[2020.11.04-01.05.38:624][  0]LogConfig: Setting CVar [[s.WarnIfTimeLimitExceeded:0]]
[2020.11.04-01.05.38:624][  0]LogConfig: Setting CVar [[s.TimeLimitExceededMultiplier:1.5]]
[2020.11.04-01.05.38:624][  0]LogConfig: Setting CVar [[s.TimeLimitExceededMinTime:0.005]]
[2020.11.04-01.05.38:624][  0]LogConfig: Setting CVar [[s.UseBackgroundLevelStreaming:1]]
[2020.11.04-01.05.38:624][  0]LogConfig: Setting CVar [[s.PriorityAsyncLoadingExtraTime:15.0]]
[2020.11.04-01.05.38:624][  0]LogConfig: Setting CVar [[s.LevelStreamingActorsUpdateTimeLimit:5.0]]
[2020.11.04-01.05.38:625][  0]LogConfig: Setting CVar [[s.PriorityLevelStreamingActorsUpdateExtraTime:5.0]]
[2020.11.04-01.05.38:625][  0]LogConfig: Setting CVar [[s.LevelStreamingComponentsRegistrationGranularity:10]]
[2020.11.04-01.05.38:625][  0]LogConfig: Setting CVar [[s.UnregisterComponentsTimeLimit:1.0]]
[2020.11.04-01.05.38:625][  0]LogConfig: Setting CVar [[s.LevelStreamingComponentsUnregistrationGranularity:5]]
[2020.11.04-01.05.38:625][  0]LogConfig: Setting CVar [[s.FlushStreamingOnExit:1]]
[2020.11.04-01.05.38:625][  0]LogConfig: Applying CVar settings from Section [/Script/Engine.GarbageCollectionSettings] File [C:/Users/jseon/Desktop/Ue4CoopGame/CoopGame/Saved/Config/Windows/Engine.ini]
[2020.11.04-01.05.38:625][  0]LogConfig: Setting CVar [[gc.MaxObjectsNotConsideredByGC:1]]
[2020.11.04-01.05.38:625][  0]LogConfig: Setting CVar [[gc.SizeOfPermanentObjectPool:0]]
[2020.11.04-01.05.38:625][  0]LogConfig: Setting CVar [[gc.FlushStreamingOnGC:0]]
[2020.11.04-01.05.38:625][  0]LogConfig: Setting CVar [[gc.NumRetriesBeforeForcingGC:10]]
[2020.11.04-01.05.38:625][  0]LogConfig: Setting CVar [[gc.AllowParallelGC:1]]
[2020.11.04-01.05.38:625][  0]LogConfig: Setting CVar [[gc.TimeBetweenPurgingPendingKillObjects:61.1]]
[2020.11.04-01.05.38:625][  0]LogConfig: Setting CVar [[gc.MaxObjectsInEditor:25165824]]
[2020.11.04-01.05.38:625][  0]LogConfig: Setting CVar [[gc.IncrementalBeginDestroyEnabled:1]]
[2020.11.04-01.05.38:625][  0]LogConfig: Setting CVar [[gc.CreateGCClusters:1]]
[2020.11.04-01.05.38:625][  0]LogConfig: Setting CVar [[gc.MinGCClusterSize:5]]
[2020.11.04-01.05.38:625][  0]LogConfig: Setting CVar [[gc.ActorClusteringEnabled:0]]
[2020.11.04-01.05.38:625][  0]LogConfig: Setting CVar [[gc.BlueprintClusteringEnabled:0]]
[2020.11.04-01.05.38:625][  0]LogConfig: Setting CVar [[gc.UseDisregardForGCOnDedicatedServers:0]]
[2020.11.04-01.05.38:625][  0]LogConfig: Applying CVar settings from Section [/Script/Engine.NetworkSettings] File [C:/Users/jseon/Desktop/Ue4CoopGame/CoopGame/Saved/Config/Windows/Engine.ini]
[2020.11.04-01.05.38:625][  0]LogConfig: Applying CVar settings from Section [/Script/UnrealEd.CookerSettings] File [C:/Users/jseon/Desktop/Ue4CoopGame/CoopGame/Saved/Config/Windows/Engine.ini]
[2020.11.04-01.05.38:633][  0]LogConfig: Applying CVar settings from Section [ViewDistanceQuality@3] File [C:/Users/jseon/Desktop/Ue4CoopGame/CoopGame/Saved/Config/Windows/Scalability.ini]
[2020.11.04-01.05.38:633][  0]LogConfig: Setting CVar [[r.SkeletalMeshLODBias:0]]
[2020.11.04-01.05.38:633][  0]LogConfig: Setting CVar [[r.ViewDistanceScale:1.0]]
[2020.11.04-01.05.38:633][  0]LogConfig: Applying CVar settings from Section [AntiAliasingQuality@3] File [C:/Users/jseon/Desktop/Ue4CoopGame/CoopGame/Saved/Config/Windows/Scalability.ini]
[2020.11.04-01.05.38:633][  0]LogConfig: Setting CVar [[r.PostProcessAAQuality:4]]
[2020.11.04-01.05.38:633][  0]LogConfig: Applying CVar settings from Section [ShadowQuality@3] File [C:/Users/jseon/Desktop/Ue4CoopGame/CoopGame/Saved/Config/Windows/Scalability.ini]
[2020.11.04-01.05.38:633][  0]LogConfig: Setting CVar [[r.LightFunctionQuality:1]]
[2020.11.04-01.05.38:633][  0]LogConfig: Setting CVar [[r.ShadowQuality:5]]
[2020.11.04-01.05.38:633][  0]LogConfig: Setting CVar [[r.Shadow.CSM.MaxCascades:10]]
[2020.11.04-01.05.38:633][  0]LogConfig: Setting CVar [[r.Shadow.MaxResolution:2048]]
[2020.11.04-01.05.38:634][  0]LogConfig: Setting CVar [[r.Shadow.MaxCSMResolution:2048]]
[2020.11.04-01.05.38:634][  0]LogConfig: Setting CVar [[r.Shadow.RadiusThreshold:0.01]]
[2020.11.04-01.05.38:634][  0]LogConfig: Setting CVar [[r.Shadow.DistanceScale:1.0]]
[2020.11.04-01.05.38:634][  0]LogConfig: Setting CVar [[r.Shadow.CSM.TransitionScale:1.0]]
[2020.11.04-01.05.38:634][  0]LogConfig: Setting CVar [[r.Shadow.PreShadowResolutionFactor:1.0]]
[2020.11.04-01.05.38:634][  0]LogConfig: Setting CVar [[r.DistanceFieldShadowing:1]]
[2020.11.04-01.05.38:634][  0]LogConfig: Setting CVar [[r.DistanceFieldAO:1]]
[2020.11.04-01.05.38:634][  0]LogConfig: Setting CVar [[r.AOQuality:2]]
[2020.11.04-01.05.38:634][  0]LogConfig: Setting CVar [[r.VolumetricFog:1]]
[2020.11.04-01.05.38:634][  0]LogConfig: Setting CVar [[r.VolumetricFog.GridPixelSize:8]]
[2020.11.04-01.05.38:634][  0]LogConfig: Setting CVar [[r.VolumetricFog.GridSizeZ:128]]
[2020.11.04-01.05.38:634][  0]LogConfig: Setting CVar [[r.VolumetricFog.HistoryMissSupersampleCount:4]]
[2020.11.04-01.05.38:634][  0]LogConfig: Setting CVar [[r.LightMaxDrawDistanceScale:1]]
[2020.11.04-01.05.38:634][  0]LogConfig: Setting CVar [[r.CapsuleShadows:1]]
[2020.11.04-01.05.38:634][  0]LogConfig: Applying CVar settings from Section [PostProcessQuality@3] File [C:/Users/jseon/Desktop/Ue4CoopGame/CoopGame/Saved/Config/Windows/Scalability.ini]
[2020.11.04-01.05.38:634][  0]LogConfig: Setting CVar [[r.MotionBlurQuality:4]]
[2020.11.04-01.05.38:634][  0]LogConfig: Setting CVar [[r.AmbientOcclusionMipLevelFactor:0.4]]
[2020.11.04-01.05.38:634][  0]LogConfig: Setting CVar [[r.AmbientOcclusionMaxQuality:100]]
[2020.11.04-01.05.38:634][  0]LogConfig: Setting CVar [[r.AmbientOcclusionLevels:-1]]
[2020.11.04-01.05.38:634][  0]LogConfig: Setting CVar [[r.AmbientOcclusionRadiusScale:1.0]]
[2020.11.04-01.05.38:634][  0]LogConfig: Setting CVar [[r.DepthOfFieldQuality:2]]
[2020.11.04-01.05.38:634][  0]LogConfig: Setting CVar [[r.RenderTargetPoolMin:400]]
[2020.11.04-01.05.38:634][  0]LogConfig: Setting CVar [[r.LensFlareQuality:2]]
[2020.11.04-01.05.38:634][  0]LogConfig: Setting CVar [[r.SceneColorFringeQuality:1]]
[2020.11.04-01.05.38:634][  0]LogConfig: Setting CVar [[r.EyeAdaptationQuality:2]]
[2020.11.04-01.05.38:634][  0]LogConfig: Setting CVar [[r.BloomQuality:5]]
[2020.11.04-01.05.38:634][  0]LogConfig: Setting CVar [[r.FastBlurThreshold:100]]
[2020.11.04-01.05.38:634][  0]LogConfig: Setting CVar [[r.Upscale.Quality:3]]
[2020.11.04-01.05.38:634][  0]LogConfig: Setting CVar [[r.Tonemapper.GrainQuantization:1]]
[2020.11.04-01.05.38:634][  0]LogConfig: Setting CVar [[r.LightShaftQuality:1]]
[2020.11.04-01.05.38:634][  0]LogConfig: Setting CVar [[r.Filter.SizeScale:1]]
[2020.11.04-01.05.38:635][  0]LogConfig: Setting CVar [[r.Tonemapper.Quality:5]]
[2020.11.04-01.05.38:635][  0]LogConfig: Setting CVar [[r.DOF.Gather.AccumulatorQuality:1        ; higher gathering accumulator quality]]
[2020.11.04-01.05.38:635][  0]LogConfig: Setting CVar [[r.DOF.Gather.PostfilterMethod:1          ; Median3x3 postfilering method]]
[2020.11.04-01.05.38:635][  0]LogConfig: Setting CVar [[r.DOF.Gather.EnableBokehSettings:0       ; no bokeh simulation when gathering]]
[2020.11.04-01.05.38:635][  0]LogConfig: Setting CVar [[r.DOF.Gather.RingCount:4                 ; medium number of samples when gathering]]
[2020.11.04-01.05.38:635][  0]LogConfig: Setting CVar [[r.DOF.Scatter.ForegroundCompositing:1    ; additive foreground scattering]]
[2020.11.04-01.05.38:635][  0]LogConfig: Setting CVar [[r.DOF.Scatter.BackgroundCompositing:2    ; additive background scattering]]
[2020.11.04-01.05.38:635][  0]LogConfig: Setting CVar [[r.DOF.Scatter.EnableBokehSettings:1      ; bokeh simulation when scattering]]
[2020.11.04-01.05.38:635][  0]LogConfig: Setting CVar [[r.DOF.Scatter.MaxSpriteRatio:0.1         ; only a maximum of 10% of scattered bokeh]]
[2020.11.04-01.05.38:635][  0]LogConfig: Setting CVar [[r.DOF.Recombine.Quality:1                ; cheap slight out of focus]]
[2020.11.04-01.05.38:635][  0]LogConfig: Setting CVar [[r.DOF.Recombine.EnableBokehSettings:0    ; no bokeh simulation on slight out of focus]]
[2020.11.04-01.05.38:635][  0]LogConfig: Setting CVar [[r.DOF.TemporalAAQuality:1                ; more stable temporal accumulation]]
[2020.11.04-01.05.38:635][  0]LogConfig: Setting CVar [[r.DOF.Kernel.MaxForegroundRadius:0.025]]
[2020.11.04-01.05.38:635][  0]LogConfig: Setting CVar [[r.DOF.Kernel.MaxBackgroundRadius:0.025]]
[2020.11.04-01.05.38:635][  0]LogConfig: Applying CVar settings from Section [TextureQuality@3] File [C:/Users/jseon/Desktop/Ue4CoopGame/CoopGame/Saved/Config/Windows/Scalability.ini]
[2020.11.04-01.05.38:635][  0]LogConfig: Setting CVar [[r.Streaming.MipBias:0]]
[2020.11.04-01.05.38:635][  0]LogConfig: Setting CVar [[r.Streaming.AmortizeCPUToGPUCopy:0]]
[2020.11.04-01.05.38:635][  0]LogConfig: Setting CVar [[r.Streaming.MaxNumTexturesToStreamPerFrame:0]]
[2020.11.04-01.05.38:635][  0]LogConfig: Setting CVar [[r.Streaming.Boost:1]]
[2020.11.04-01.05.38:635][  0]LogConfig: Setting CVar [[r.MaxAnisotropy:8]]
[2020.11.04-01.05.38:635][  0]LogConfig: Setting CVar [[r.VT.MaxAnisotropy:8]]
[2020.11.04-01.05.38:635][  0]LogConfig: Setting CVar [[r.Streaming.LimitPoolSizeToVRAM:0]]
[2020.11.04-01.05.38:635][  0]LogConfig: Setting CVar [[r.Streaming.PoolSize:1000]]
[2020.11.04-01.05.38:635][  0]LogConfig: Setting CVar [[r.Streaming.MaxEffectiveScreenSize:0]]
[2020.11.04-01.05.38:635][  0]LogConfig: Applying CVar settings from Section [EffectsQuality@3] File [C:/Users/jseon/Desktop/Ue4CoopGame/CoopGame/Saved/Config/Windows/Scalability.ini]
[2020.11.04-01.05.38:635][  0]LogConfig: Setting CVar [[r.TranslucencyLightingVolumeDim:64]]
[2020.11.04-01.05.38:635][  0]LogConfig: Setting CVar [[r.RefractionQuality:2]]
[2020.11.04-01.05.38:635][  0]LogConfig: Setting CVar [[r.SSR.Quality:3]]
[2020.11.04-01.05.38:635][  0]LogConfig: Setting CVar [[r.SSR.HalfResSceneColor:0]]
[2020.11.04-01.05.38:635][  0]LogConfig: Setting CVar [[r.SceneColorFormat:4]]
[2020.11.04-01.05.38:635][  0]LogConfig: Setting CVar [[r.DetailMode:2]]
[2020.11.04-01.05.38:635][  0]LogConfig: Setting CVar [[r.TranslucencyVolumeBlur:1]]
[2020.11.04-01.05.38:636][  0]LogConfig: Setting CVar [[r.MaterialQualityLevel:1 ; High quality]]
[2020.11.04-01.05.38:636][  0]LogConfig: Setting CVar [[r.SSS.Scale:1]]
[2020.11.04-01.05.38:636][  0]LogConfig: Setting CVar [[r.SSS.SampleSet:2]]
[2020.11.04-01.05.38:636][  0]LogConfig: Setting CVar [[r.SSS.Quality:1]]
[2020.11.04-01.05.38:636][  0]LogConfig: Setting CVar [[r.SSS.HalfRes:0]]
[2020.11.04-01.05.38:636][  0]LogConfig: Setting CVar [[r.SSGI.Quality:3]]
[2020.11.04-01.05.38:636][  0]LogConfig: Setting CVar [[r.EmitterSpawnRateScale:1.0]]
[2020.11.04-01.05.38:636][  0]LogConfig: Setting CVar [[r.ParticleLightQuality:2]]
[2020.11.04-01.05.38:636][  0]LogConfig: Setting CVar [[r.SkyAtmosphere.AerialPerspectiveLUT.FastApplyOnOpaque:1 ; Always have FastSkyLUT 1 in this case to avoid wrong sky]]
[2020.11.04-01.05.38:636][  0]LogConfig: Setting CVar [[r.SkyAtmosphere.AerialPerspectiveLUT.SampleCountPerSlice:1]]
[2020.11.04-01.05.38:636][  0]LogConfig: Setting CVar [[r.SkyAtmosphere.AerialPerspectiveLUT.DepthResolution:16.0]]
[2020.11.04-01.05.38:636][  0]LogConfig: Setting CVar [[r.SkyAtmosphere.FastSkyLUT:1]]
[2020.11.04-01.05.38:636][  0]LogConfig: Setting CVar [[r.SkyAtmosphere.FastSkyLUT.SampleCountMin:4.0]]
[2020.11.04-01.05.38:636][  0]LogConfig: Setting CVar [[r.SkyAtmosphere.FastSkyLUT.SampleCountMax:32.0]]
[2020.11.04-01.05.38:636][  0]LogConfig: Setting CVar [[r.SkyAtmosphere.SampleCountMin:4.0]]
[2020.11.04-01.05.38:636][  0]LogConfig: Setting CVar [[r.SkyAtmosphere.SampleCountMax:32.0]]
[2020.11.04-01.05.38:636][  0]LogConfig: Setting CVar [[r.SkyAtmosphere.TransmittanceLUT.UseSmallFormat:0]]
[2020.11.04-01.05.38:636][  0]LogConfig: Setting CVar [[r.SkyAtmosphere.TransmittanceLUT.SampleCount:10.0]]
[2020.11.04-01.05.38:636][  0]LogConfig: Setting CVar [[r.SkyAtmosphere.MultiScatteringLUT.SampleCount:15.0]]
[2020.11.04-01.05.38:636][  0]LogConfig: Applying CVar settings from Section [FoliageQuality@3] File [C:/Users/jseon/Desktop/Ue4CoopGame/CoopGame/Saved/Config/Windows/Scalability.ini]
[2020.11.04-01.05.38:636][  0]LogConfig: Setting CVar [[foliage.DensityScale:1.0]]
[2020.11.04-01.05.38:636][  0]LogConfig: Setting CVar [[grass.DensityScale:1.0]]
[2020.11.04-01.05.38:636][  0]LogConfig: Applying CVar settings from Section [ShadingQuality@3] File [C:/Users/jseon/Desktop/Ue4CoopGame/CoopGame/Saved/Config/Windows/Scalability.ini]
[2020.11.04-01.05.38:636][  0]LogConfig: Setting CVar [[r.HairStrands.SkyLighting.SampleCount:16]]
[2020.11.04-01.05.38:636][  0]LogConfig: Setting CVar [[r.HairStrands.SkyLighting.JitterIntegration:0]]
[2020.11.04-01.05.38:636][  0]LogConfig: Setting CVar [[r.HairStrands.SkyAO.SampleCount:16]]
[2020.11.04-01.05.38:636][  0]LogConfig: Setting CVar [[r.HairStrands.DeepShadow.SuperSampling:0]]
[2020.11.04-01.05.38:637][  0]LogConfig: Setting CVar [[r.HairStrands.VisibilityPPLL:0]]
[2020.11.04-01.05.38:637][  0]LogConfig: Setting CVar [[r.HairStrands.RasterizationScale:0.5]]
[2020.11.04-01.05.38:637][  0]LogConfig: Setting CVar [[r.HairStrands.VelocityRasterizationScale:1]]
[2020.11.04-01.05.38:637][  0]LogInit: Selected Device Profile: [Windows]
[2020.11.04-01.05.38:637][  0]LogInit: Applying CVar settings loaded from the selected device profile: [Windows]
[2020.11.04-01.05.38:637][  0]LogHAL: Display: Platform has ~ 32 GB [34299195392 / 34359738368 / 32], which maps to Largest [LargestMinGB=32, LargerMinGB=12, DefaultMinGB=8, SmallerMinGB=6, SmallestMinGB=0)
[2020.11.04-01.05.38:637][  0]LogInit: Going up to parent DeviceProfile []
[2020.11.04-01.05.38:637][  0]LogConfig: Applying CVar settings from Section [ViewDistanceQuality@3] File [C:/Users/jseon/Desktop/Ue4CoopGame/CoopGame/Saved/Config/Windows/Scalability.ini]
[2020.11.04-01.05.38:637][  0]LogConfig: Setting CVar [[r.SkeletalMeshLODBias:0]]
[2020.11.04-01.05.38:637][  0]LogConfig: Setting CVar [[r.ViewDistanceScale:1.0]]
[2020.11.04-01.05.38:637][  0]LogConfig: Applying CVar settings from Section [AntiAliasingQuality@3] File [C:/Users/jseon/Desktop/Ue4CoopGame/CoopGame/Saved/Config/Windows/Scalability.ini]
[2020.11.04-01.05.38:637][  0]LogConfig: Setting CVar [[r.PostProcessAAQuality:4]]
[2020.11.04-01.05.38:637][  0]LogConfig: Applying CVar settings from Section [ShadowQuality@3] File [C:/Users/jseon/Desktop/Ue4CoopGame/CoopGame/Saved/Config/Windows/Scalability.ini]
[2020.11.04-01.05.38:637][  0]LogConfig: Setting CVar [[r.LightFunctionQuality:1]]
[2020.11.04-01.05.38:637][  0]LogConfig: Setting CVar [[r.ShadowQuality:5]]
[2020.11.04-01.05.38:637][  0]LogConfig: Setting CVar [[r.Shadow.CSM.MaxCascades:10]]
[2020.11.04-01.05.38:637][  0]LogConfig: Setting CVar [[r.Shadow.MaxResolution:2048]]
[2020.11.04-01.05.38:637][  0]LogConfig: Setting CVar [[r.Shadow.MaxCSMResolution:2048]]
[2020.11.04-01.05.38:637][  0]LogConfig: Setting CVar [[r.Shadow.RadiusThreshold:0.01]]
[2020.11.04-01.05.38:637][  0]LogConfig: Setting CVar [[r.Shadow.DistanceScale:1.0]]
[2020.11.04-01.05.38:637][  0]LogConfig: Setting CVar [[r.Shadow.CSM.TransitionScale:1.0]]
[2020.11.04-01.05.38:637][  0]LogConfig: Setting CVar [[r.Shadow.PreShadowResolutionFactor:1.0]]
[2020.11.04-01.05.38:637][  0]LogConfig: Setting CVar [[r.DistanceFieldShadowing:1]]
[2020.11.04-01.05.38:637][  0]LogConfig: Setting CVar [[r.DistanceFieldAO:1]]
[2020.11.04-01.05.38:637][  0]LogConfig: Setting CVar [[r.AOQuality:2]]
[2020.11.04-01.05.38:638][  0]LogConfig: Setting CVar [[r.VolumetricFog:1]]
[2020.11.04-01.05.38:638][  0]LogConfig: Setting CVar [[r.VolumetricFog.GridPixelSize:8]]
[2020.11.04-01.05.38:638][  0]LogConfig: Setting CVar [[r.VolumetricFog.GridSizeZ:128]]
[2020.11.04-01.05.38:638][  0]LogConfig: Setting CVar [[r.VolumetricFog.HistoryMissSupersampleCount:4]]
[2020.11.04-01.05.38:638][  0]LogConfig: Setting CVar [[r.LightMaxDrawDistanceScale:1]]
[2020.11.04-01.05.38:638][  0]LogConfig: Setting CVar [[r.CapsuleShadows:1]]
[2020.11.04-01.05.38:638][  0]LogConfig: Applying CVar settings from Section [PostProcessQuality@3] File [C:/Users/jseon/Desktop/Ue4CoopGame/CoopGame/Saved/Config/Windows/Scalability.ini]
[2020.11.04-01.05.38:638][  0]LogConfig: Setting CVar [[r.MotionBlurQuality:4]]
[2020.11.04-01.05.38:638][  0]LogConfig: Setting CVar [[r.AmbientOcclusionMipLevelFactor:0.4]]
[2020.11.04-01.05.38:638][  0]LogConfig: Setting CVar [[r.AmbientOcclusionMaxQuality:100]]
[2020.11.04-01.05.38:638][  0]LogConfig: Setting CVar [[r.AmbientOcclusionLevels:-1]]
[2020.11.04-01.05.38:638][  0]LogConfig: Setting CVar [[r.AmbientOcclusionRadiusScale:1.0]]
[2020.11.04-01.05.38:638][  0]LogConfig: Setting CVar [[r.DepthOfFieldQuality:2]]
[2020.11.04-01.05.38:638][  0]LogConfig: Setting CVar [[r.RenderTargetPoolMin:400]]
[2020.11.04-01.05.38:638][  0]LogConfig: Setting CVar [[r.LensFlareQuality:2]]
[2020.11.04-01.05.38:638][  0]LogConfig: Setting CVar [[r.SceneColorFringeQuality:1]]
[2020.11.04-01.05.38:638][  0]LogConfig: Setting CVar [[r.EyeAdaptationQuality:2]]
[2020.11.04-01.05.38:638][  0]LogConfig: Setting CVar [[r.BloomQuality:5]]
[2020.11.04-01.05.38:638][  0]LogConfig: Setting CVar [[r.FastBlurThreshold:100]]
[2020.11.04-01.05.38:638][  0]LogConfig: Setting CVar [[r.Upscale.Quality:3]]
[2020.11.04-01.05.38:638][  0]LogConfig: Setting CVar [[r.Tonemapper.GrainQuantization:1]]
[2020.11.04-01.05.38:638][  0]LogConfig: Setting CVar [[r.LightShaftQuality:1]]
[2020.11.04-01.05.38:638][  0]LogConfig: Setting CVar [[r.Filter.SizeScale:1]]
[2020.11.04-01.05.38:638][  0]LogConfig: Setting CVar [[r.Tonemapper.Quality:5]]
[2020.11.04-01.05.38:638][  0]LogConfig: Setting CVar [[r.DOF.Gather.AccumulatorQuality:1        ; higher gathering accumulator quality]]
[2020.11.04-01.05.38:638][  0]LogConfig: Setting CVar [[r.DOF.Gather.PostfilterMethod:1          ; Median3x3 postfilering method]]
[2020.11.04-01.05.38:638][  0]LogConfig: Setting CVar [[r.DOF.Gather.EnableBokehSettings:0       ; no bokeh simulation when gathering]]
[2020.11.04-01.05.38:638][  0]LogConfig: Setting CVar [[r.DOF.Gather.RingCount:4                 ; medium number of samples when gathering]]
[2020.11.04-01.05.38:639][  0]LogConfig: Setting CVar [[r.DOF.Scatter.ForegroundCompositing:1    ; additive foreground scattering]]
[2020.11.04-01.05.38:639][  0]LogConfig: Setting CVar [[r.DOF.Scatter.BackgroundCompositing:2    ; additive background scattering]]
[2020.11.04-01.05.38:639][  0]LogConfig: Setting CVar [[r.DOF.Scatter.EnableBokehSettings:1      ; bokeh simulation when scattering]]
[2020.11.04-01.05.38:639][  0]LogConfig: Setting CVar [[r.DOF.Scatter.MaxSpriteRatio:0.1         ; only a maximum of 10% of scattered bokeh]]
[2020.11.04-01.05.38:639][  0]LogConfig: Setting CVar [[r.DOF.Recombine.Quality:1                ; cheap slight out of focus]]
[2020.11.04-01.05.38:639][  0]LogConfig: Setting CVar [[r.DOF.Recombine.EnableBokehSettings:0    ; no bokeh simulation on slight out of focus]]
[2020.11.04-01.05.38:639][  0]LogConfig: Setting CVar [[r.DOF.TemporalAAQuality:1                ; more stable temporal accumulation]]
[2020.11.04-01.05.38:639][  0]LogConfig: Setting CVar [[r.DOF.Kernel.MaxForegroundRadius:0.025]]
[2020.11.04-01.05.38:639][  0]LogConfig: Setting CVar [[r.DOF.Kernel.MaxBackgroundRadius:0.025]]
[2020.11.04-01.05.38:639][  0]LogConfig: Applying CVar settings from Section [TextureQuality@3] File [C:/Users/jseon/Desktop/Ue4CoopGame/CoopGame/Saved/Config/Windows/Scalability.ini]
[2020.11.04-01.05.38:639][  0]LogConfig: Setting CVar [[r.Streaming.MipBias:0]]
[2020.11.04-01.05.38:639][  0]LogConfig: Setting CVar [[r.Streaming.AmortizeCPUToGPUCopy:0]]
[2020.11.04-01.05.38:639][  0]LogConfig: Setting CVar [[r.Streaming.MaxNumTexturesToStreamPerFrame:0]]
[2020.11.04-01.05.38:639][  0]LogConfig: Setting CVar [[r.Streaming.Boost:1]]
[2020.11.04-01.05.38:639][  0]LogConfig: Setting CVar [[r.MaxAnisotropy:8]]
[2020.11.04-01.05.38:639][  0]LogConfig: Setting CVar [[r.VT.MaxAnisotropy:8]]
[2020.11.04-01.05.38:639][  0]LogConfig: Setting CVar [[r.Streaming.LimitPoolSizeToVRAM:0]]
[2020.11.04-01.05.38:639][  0]LogConfig: Setting CVar [[r.Streaming.PoolSize:1000]]
[2020.11.04-01.05.38:639][  0]LogConfig: Setting CVar [[r.Streaming.MaxEffectiveScreenSize:0]]
[2020.11.04-01.05.38:639][  0]LogConfig: Applying CVar settings from Section [EffectsQuality@3] File [C:/Users/jseon/Desktop/Ue4CoopGame/CoopGame/Saved/Config/Windows/Scalability.ini]
[2020.11.04-01.05.38:639][  0]LogConfig: Setting CVar [[r.TranslucencyLightingVolumeDim:64]]
[2020.11.04-01.05.38:639][  0]LogConfig: Setting CVar [[r.RefractionQuality:2]]
[2020.11.04-01.05.38:639][  0]LogConfig: Setting CVar [[r.SSR.Quality:3]]
[2020.11.04-01.05.38:639][  0]LogConfig: Setting CVar [[r.SSR.HalfResSceneColor:0]]
[2020.11.04-01.05.38:639][  0]LogConfig: Setting CVar [[r.SceneColorFormat:4]]
[2020.11.04-01.05.38:639][  0]LogConfig: Setting CVar [[r.DetailMode:2]]
[2020.11.04-01.05.38:639][  0]LogConfig: Setting CVar [[r.TranslucencyVolumeBlur:1]]
[2020.11.04-01.05.38:639][  0]LogConfig: Setting CVar [[r.MaterialQualityLevel:1 ; High quality]]
[2020.11.04-01.05.38:639][  0]LogConfig: Setting CVar [[r.SSS.Scale:1]]
[2020.11.04-01.05.38:640][  0]LogConfig: Setting CVar [[r.SSS.SampleSet:2]]
[2020.11.04-01.05.38:640][  0]LogConfig: Setting CVar [[r.SSS.Quality:1]]
[2020.11.04-01.05.38:640][  0]LogConfig: Setting CVar [[r.SSS.HalfRes:0]]
[2020.11.04-01.05.38:640][  0]LogConfig: Setting CVar [[r.SSGI.Quality:3]]
[2020.11.04-01.05.38:640][  0]LogConfig: Setting CVar [[r.EmitterSpawnRateScale:1.0]]
[2020.11.04-01.05.38:640][  0]LogConfig: Setting CVar [[r.ParticleLightQuality:2]]
[2020.11.04-01.05.38:640][  0]LogConfig: Setting CVar [[r.SkyAtmosphere.AerialPerspectiveLUT.FastApplyOnOpaque:1 ; Always have FastSkyLUT 1 in this case to avoid wrong sky]]
[2020.11.04-01.05.38:640][  0]LogConfig: Setting CVar [[r.SkyAtmosphere.AerialPerspectiveLUT.SampleCountPerSlice:1]]
[2020.11.04-01.05.38:640][  0]LogConfig: Setting CVar [[r.SkyAtmosphere.AerialPerspectiveLUT.DepthResolution:16.0]]
[2020.11.04-01.05.38:640][  0]LogConfig: Setting CVar [[r.SkyAtmosphere.FastSkyLUT:1]]
[2020.11.04-01.05.38:640][  0]LogConfig: Setting CVar [[r.SkyAtmosphere.FastSkyLUT.SampleCountMin:4.0]]
[2020.11.04-01.05.38:640][  0]LogConfig: Setting CVar [[r.SkyAtmosphere.FastSkyLUT.SampleCountMax:32.0]]
[2020.11.04-01.05.38:640][  0]LogConfig: Setting CVar [[r.SkyAtmosphere.SampleCountMin:4.0]]
[2020.11.04-01.05.38:640][  0]LogConfig: Setting CVar [[r.SkyAtmosphere.SampleCountMax:32.0]]
[2020.11.04-01.05.38:640][  0]LogConfig: Setting CVar [[r.SkyAtmosphere.TransmittanceLUT.UseSmallFormat:0]]
[2020.11.04-01.05.38:640][  0]LogConfig: Setting CVar [[r.SkyAtmosphere.TransmittanceLUT.SampleCount:10.0]]
[2020.11.04-01.05.38:640][  0]LogConfig: Setting CVar [[r.SkyAtmosphere.MultiScatteringLUT.SampleCount:15.0]]
[2020.11.04-01.05.38:640][  0]LogConfig: Applying CVar settings from Section [FoliageQuality@3] File [C:/Users/jseon/Desktop/Ue4CoopGame/CoopGame/Saved/Config/Windows/Scalability.ini]
[2020.11.04-01.05.38:640][  0]LogConfig: Setting CVar [[foliage.DensityScale:1.0]]
[2020.11.04-01.05.38:640][  0]LogConfig: Setting CVar [[grass.DensityScale:1.0]]
[2020.11.04-01.05.38:640][  0]LogConfig: Applying CVar settings from Section [ShadingQuality@3] File [C:/Users/jseon/Desktop/Ue4CoopGame/CoopGame/Saved/Config/Windows/Scalability.ini]
[2020.11.04-01.05.38:640][  0]LogConfig: Setting CVar [[r.HairStrands.SkyLighting.SampleCount:16]]
[2020.11.04-01.05.38:640][  0]LogConfig: Setting CVar [[r.HairStrands.SkyLighting.JitterIntegration:0]]
[2020.11.04-01.05.38:640][  0]LogConfig: Setting CVar [[r.HairStrands.SkyAO.SampleCount:16]]
[2020.11.04-01.05.38:640][  0]LogConfig: Setting CVar [[r.HairStrands.DeepShadow.SuperSampling:0]]
[2020.11.04-01.05.38:640][  0]LogConfig: Setting CVar [[r.HairStrands.VisibilityPPLL:0]]
[2020.11.04-01.05.38:640][  0]LogConfig: Setting CVar [[r.HairStrands.RasterizationScale:0.5]]
[2020.11.04-01.05.38:640][  0]LogConfig: Setting CVar [[r.HairStrands.VelocityRasterizationScale:1]]
[2020.11.04-01.05.38:640][  0]LogConfig: Applying CVar settings from Section [Startup] File [../../../Engine/Config/ConsoleVariables.ini]
[2020.11.04-01.05.38:641][  0]LogConfig: Setting CVar [[net.UseAdaptiveNetUpdateFrequency:0]]
[2020.11.04-01.05.38:641][  0]LogConfig: Setting CVar [[p.chaos.AllowCreatePhysxBodies:1]]
[2020.11.04-01.05.38:641][  0]LogConfig: Setting CVar [[fx.SkipVectorVMBackendOptimizations:1]]
[2020.11.04-01.05.38:641][  0]LogConfig: Applying CVar settings from Section [ConsoleVariables] File [C:/Users/jseon/Desktop/Ue4CoopGame/CoopGame/Saved/Config/Windows/Engine.ini]
[2020.11.04-01.05.38:641][  0]LogInit: Computer: DESKTOP-2A6O102
[2020.11.04-01.05.38:641][  0]LogInit: User: jseon
[2020.11.04-01.05.38:641][  0]LogInit: CPU Page size=4096, Cores=6
[2020.11.04-01.05.38:641][  0]LogInit: High frequency timer resolution =10.000000 MHz
[2020.11.04-01.05.38:641][  0]LogMemory: Memory total: Physical=31.9GB (32GB approx)
[2020.11.04-01.05.38:641][  0]LogMemory: Platform Memory Stats for Windows
[2020.11.04-01.05.38:641][  0]LogMemory: Process Physical Memory: 116.08 MB used, 116.09 MB peak
[2020.11.04-01.05.38:641][  0]LogMemory: Process Virtual Memory: 104.21 MB used, 104.21 MB peak
[2020.11.04-01.05.38:641][  0]LogMemory: Physical Memory: 11105.59 MB used,  21604.67 MB free, 32710.26 MB total
[2020.11.04-01.05.38:641][  0]LogMemory: Virtual Memory: 5147.21 MB used,  134212584.00 MB free, 134217728.00 MB total
[2020.11.04-01.05.38:658][  0]LogWindows: WindowsPlatformFeatures enabled
[2020.11.04-01.05.38:818][  0]LogInit: Physics initialised using underlying interface: PhysX
[2020.11.04-01.05.38:820][  0]LogInit: Using OS detected language (ko-KR).
[2020.11.04-01.05.38:820][  0]LogInit: Using OS detected locale (ko-KR).
[2020.11.04-01.05.38:827][  0]LogTextLocalizationManager: No specific localization for 'ko-KR' exists, so the 'ko' localization will be used.
[2020.11.04-01.05.38:912][  0]LogInit: Setting process to per monitor DPI aware
[2020.11.04-01.05.39:011][  0]LogSlate: New Slate User Created.  User Index 0, Is Virtual User: 0
[2020.11.04-01.05.39:011][  0]LogSlate: Slate User Registered.  User Index 0, Is Virtual User: 0
[2020.11.04-01.05.39:177][  0]LogHMD: Failed to initialize OpenVR with code 110
[2020.11.04-01.05.39:177][  0]LogD3D11RHI: D3D11 min allowed feature level: 11_0
[2020.11.04-01.05.39:177][  0]LogD3D11RHI: D3D11 max allowed feature level: 11_0
[2020.11.04-01.05.39:177][  0]LogD3D11RHI: D3D11 adapters:
[2020.11.04-01.05.39:285][  0]LogD3D11RHI:    0. 'NVIDIA GeForce RTX 2070 SUPER' (Feature Level 11_0)
[2020.11.04-01.05.39:285][  0]LogD3D11RHI:       8011/0/16355 MB DedicatedVideo/DedicatedSystem/SharedSystem, Outputs:1, VendorId:0x10de
[2020.11.04-01.05.39:292][  0]LogD3D11RHI:    1. 'Microsoft Basic Render Driver' (Feature Level 11_0)
[2020.11.04-01.05.39:292][  0]LogD3D11RHI:       0/0/16355 MB DedicatedVideo/DedicatedSystem/SharedSystem, Outputs:0, VendorId:0x1414
[2020.11.04-01.05.39:292][  0]LogD3D11RHI: Chosen D3D11 Adapter: 0
[2020.11.04-01.05.39:299][  0]LogD3D11RHI: Creating new Direct3DDevice
[2020.11.04-01.05.39:299][  0]LogD3D11RHI:     GPU DeviceId: 0x1e84 (for the marketing name, search the web for "GPU Device Id")
[2020.11.04-01.05.39:299][  0]LogWindows: EnumDisplayDevices:
[2020.11.04-01.05.39:299][  0]LogWindows:    0. 'NVIDIA GeForce RTX 2070 SUPER' (P:1 D:1)
[2020.11.04-01.05.39:300][  0]LogWindows:    1. 'NVIDIA GeForce RTX 2070 SUPER' (P:0 D:0)
[2020.11.04-01.05.39:301][  0]LogWindows:    2. 'NVIDIA GeForce RTX 2070 SUPER' (P:0 D:0)
[2020.11.04-01.05.39:302][  0]LogWindows:    3. 'NVIDIA GeForce RTX 2070 SUPER' (P:0 D:0)
[2020.11.04-01.05.39:303][  0]LogWindows: DebugString: FoundDriverCount:4 
[2020.11.04-01.05.39:303][  0]LogD3D11RHI:     Adapter Name: NVIDIA GeForce RTX 2070 SUPER
[2020.11.04-01.05.39:303][  0]LogD3D11RHI:   Driver Version: 436.48 (internal:26.21.14.3648, unified:436.48)
[2020.11.04-01.05.39:303][  0]LogD3D11RHI:      Driver Date: 9-26-2019
[2020.11.04-01.05.39:303][  0]LogRHI: Texture pool is 5607 MB (70% of 8011 MB)
[2020.11.04-01.05.39:361][  0]LogD3D11RHI: RHI has support for 64 bit atomics
[2020.11.04-01.05.39:361][  0]LogD3D11RHI: Async texture creation enabled
[2020.11.04-01.05.39:361][  0]LogD3D11RHI: Array index from any shader is supported
[2020.11.04-01.05.39:437][  0]LogD3D11RHI: GPU Timing Frequency: 1000.000000 (Debug: 2 1)
[2020.11.04-01.05.39:817][  0]LogTargetPlatformManager: Display: Loaded TargetPlatform 'AllDesktop'
[2020.11.04-01.05.39:842][  0]LogTargetPlatformManager: Display: Loaded TargetPlatform 'Android'
[2020.11.04-01.05.39:842][  0]LogTargetPlatformManager: Display: Loaded TargetPlatform 'Android_ASTC'
[2020.11.04-01.05.39:842][  0]LogTargetPlatformManager: Display: Loaded TargetPlatform 'Android_DXT'
[2020.11.04-01.05.39:842][  0]LogTargetPlatformManager: Display: Loaded TargetPlatform 'Android_ETC2'
[2020.11.04-01.05.39:842][  0]LogTargetPlatformManager: Display: Loaded TargetPlatform 'AndroidClient'
[2020.11.04-01.05.39:842][  0]LogTargetPlatformManager: Display: Loaded TargetPlatform 'Android_ASTCClient'
[2020.11.04-01.05.39:843][  0]LogTargetPlatformManager: Display: Loaded TargetPlatform 'Android_DXTClient'
[2020.11.04-01.05.39:843][  0]LogTargetPlatformManager: Display: Loaded TargetPlatform 'Android_ETC2Client'
[2020.11.04-01.05.39:843][  0]LogTargetPlatformManager: Display: Loaded TargetPlatform 'Android_Multi'
[2020.11.04-01.05.39:843][  0]LogTargetPlatformManager: Display: Loaded TargetPlatform 'Android_MultiClient'
[2020.11.04-01.05.39:880][  0]LogTargetPlatformManager: Display: Loaded TargetPlatform 'IOSClient'
[2020.11.04-01.05.39:881][  0]LogTargetPlatformManager: Display: Loaded TargetPlatform 'IOS'
[2020.11.04-01.05.39:895][  0]LogTargetPlatformManager: Display: Loaded TargetPlatform 'Linux'
[2020.11.04-01.05.39:908][  0]LogTargetPlatformManager: Display: Loaded TargetPlatform 'LinuxNoEditor'
[2020.11.04-01.05.39:921][  0]LogTargetPlatformManager: Display: Loaded TargetPlatform 'LinuxClient'
[2020.11.04-01.05.39:932][  0]LogTargetPlatformManager: Display: Loaded TargetPlatform 'LinuxServer'
[2020.11.04-01.05.39:945][  0]LogTargetPlatformManager: Display: Loaded TargetPlatform 'LinuxAArch64NoEditor'
[2020.11.04-01.05.39:958][  0]LogTargetPlatformManager: Display: Loaded TargetPlatform 'LinuxAArch64Client'
[2020.11.04-01.05.39:970][  0]LogTargetPlatformManager: Display: Loaded TargetPlatform 'LinuxAArch64Server'
[2020.11.04-01.05.40:001][  0]LogTargetPlatformManager: Display: Loaded TargetPlatform 'Lumin'
[2020.11.04-01.05.40:001][  0]LogTargetPlatformManager: Display: Loaded TargetPlatform 'LuminClient'
[2020.11.04-01.05.40:021][  0]LogTargetPlatformManager: Display: Loaded TargetPlatform 'TVOSClient'
[2020.11.04-01.05.40:021][  0]LogTargetPlatformManager: Display: Loaded TargetPlatform 'TVOS'
[2020.11.04-01.05.40:033][  0]LogTargetPlatformManager: Display: Loaded TargetPlatform 'WindowsNoEditor'
[2020.11.04-01.05.40:047][  0]LogTargetPlatformManager: Display: Loaded TargetPlatform 'Windows'
[2020.11.04-01.05.40:063][  0]LogTargetPlatformManager: Display: Loaded TargetPlatform 'WindowsClient'
[2020.11.04-01.05.40:076][  0]LogTargetPlatformManager: Display: Loaded TargetPlatform 'WindowsServer'
[2020.11.04-01.05.40:076][  0]LogTargetPlatformManager: Display: Building Assets For Windows
[2020.11.04-01.05.40:101][  0]LogAudioDebug: Display: Lib vorbis DLL was dynamically loaded.
[2020.11.04-01.05.40:246][  0]LogShaderCompilers: Guid format shader working directory is -12 characters bigger than the processId version (../../../../../../Users/jseon/Desktop/Ue4CoopGame/CoopGame/Intermediate/Shaders/WorkingDirectory/8224/).
[2020.11.04-01.05.40:247][  0]LogShaderCompilers: Cleaned the shader compiler working directory 'C:/Users/jseon/AppData/Local/Temp/UnrealShaderWorkingDir/FB1ED20B4413017571D9F8A6D1996E8D/'.
[2020.11.04-01.05.40:247][  0]LogXGEController: Cleaning working directory: C:/Users/jseon/AppData/Local/Temp/UnrealXGEWorkingDir/
[2020.11.04-01.05.40:248][  0]LogXGEController: Cannot use XGE Controller as Incredibuild is not installed on this machine.
[2020.11.04-01.05.40:248][  0]LogShaderCompilers: Cannot use XGE Shader Compiler as Incredibuild is not installed on this machine.
[2020.11.04-01.05.40:248][  0]LogShaderCompilers: Display: Using Local Shader Compiler.
[2020.11.04-01.05.40:891][  0]LogDerivedDataCache: Display: Max Cache Size: 512 MB
[2020.11.04-01.05.40:934][  0]LogDerivedDataCache: Loaded boot cache 0.04s 75MB C:/Users/jseon/AppData/Local/UnrealEngine/4.25/DerivedDataCache/Boot.ddc.
[2020.11.04-01.05.40:934][  0]LogDerivedDataCache: Display: Loaded Boot cache: C:/Users/jseon/AppData/Local/UnrealEngine/4.25/DerivedDataCache/Boot.ddc
[2020.11.04-01.05.40:934][  0]LogDerivedDataCache: FDerivedDataBackendGraph:  Pak pak cache file ../../../../../../Users/jseon/Desktop/Ue4CoopGame/CoopGame/DerivedDataCache/DDC.ddp not found, will not use a pak cache.
[2020.11.04-01.05.40:934][  0]LogDerivedDataCache: Unable to find inner node Pak for hierarchical cache Hierarchy.
[2020.11.04-01.05.40:934][  0]LogDerivedDataCache: FDerivedDataBackendGraph:  CompressedPak pak cache file ../../../../../../Users/jseon/Desktop/Ue4CoopGame/CoopGame/DerivedDataCache/Compressed.ddp not found, will not use a pak cache.
[2020.11.04-01.05.40:934][  0]LogDerivedDataCache: Unable to find inner node CompressedPak for hierarchical cache Hierarchy.
[2020.11.04-01.05.40:943][  0]LogDerivedDataCache: Display: Pak cache opened for reading ../../../Engine/DerivedDataCache/Compressed.ddp.
[2020.11.04-01.05.40:943][  0]LogDerivedDataCache: FDerivedDataBackendGraph:  EnterprisePak pak cache file ../../../Enterprise/DerivedDataCache/Compressed.ddp not found, will not use a pak cache.
[2020.11.04-01.05.40:943][  0]LogDerivedDataCache: Unable to find inner node EnterprisePak for hierarchical cache Hierarchy.
[2020.11.04-01.05.40:946][  0]LogDerivedDataCache: Using Local data cache path C:/Users/jseon/AppData/Local/UnrealEngine/Common/DerivedDataCache: Writable
[2020.11.04-01.05.40:946][  0]LogDerivedDataCache: Shared data cache path not found in *engine.ini, will not use an Shared cache.
[2020.11.04-01.05.40:946][  0]LogDerivedDataCache: Unable to find inner node Shared for hierarchical cache Hierarchy.
[2020.11.04-01.05.40:986][  0]LogSlate: Using FreeType 2.10.0
[2020.11.04-01.05.40:987][  0]LogSlate: SlateFontServices - WITH_FREETYPE: 1, WITH_HARFBUZZ: 1
[2020.11.04-01.05.41:014][  0]LogAssetRegistry: FAssetRegistry took 0.0039 seconds to start up
[2020.11.04-01.05.41:205][  0]LogInit: Selected Device Profile: [Windows]
[2020.11.04-01.05.41:342][  0]LogMeshReduction: Using QuadricMeshReduction for automatic static mesh reduction
[2020.11.04-01.05.41:342][  0]LogMeshReduction: Using SimplygonMeshReduction for automatic skeletal mesh reduction
[2020.11.04-01.05.41:342][  0]LogMeshReduction: Using ProxyLODMeshReduction for automatic mesh merging
[2020.11.04-01.05.41:342][  0]LogMeshReduction: No distributed automatic mesh merging module available
[2020.11.04-01.05.41:342][  0]LogMeshMerging: No distributed automatic mesh merging module available
[2020.11.04-01.05.41:360][  0]LogNetVersion: CoopGame 1.0.0, NetCL: 13144385, EngineNetVer: 14, GameNetVer: 0 (Checksum: 2766024207)
[2020.11.04-01.05.41:740][  0]LogAISub: UAISubsystem::UAISubsystem AISubsystem (000001A712B581C0), frame # 0
[2020.11.04-01.05.41:740][  0]LogAISub: UAISubsystem::UAISubsystem AIPerceptionSystem (000001A712A77B00), frame # 0
[2020.11.04-01.05.41:742][  0]LogAISub: UAISubsystem::UAISubsystem EnvQueryManager (000001A712AE1E00), frame # 0
[2020.11.04-01.05.41:803][  0]LogPackageLocalizationCache: Processed 19 localized package path(s) for 1 prioritized culture(s) in 0.055954 seconds
[2020.11.04-01.05.41:807][  0]LogUObjectArray: 15917 objects as part of root set at end of initial load.
[2020.11.04-01.05.41:807][  0]LogUObjectAllocator: 3965568 out of 0 bytes used by permanent object pool.
[2020.11.04-01.05.41:807][  0]LogUObjectArray: CloseDisregardForGC: 0/0 objects in disregard for GC pool
[2020.11.04-01.05.42:435][  0]LogTcpMessaging: Initializing TcpMessaging bridge
[2020.11.04-01.05.42:447][  0]LogUdpMessaging: Initializing bridge on interface 0.0.0.0:0 to multicast group 230.0.0.1:6666.
[2020.11.04-01.05.42:644][  0]SourceControl: 소스 컨트롤이 꺼졌습니다.
[2020.11.04-01.05.42:644][  0]SourceControl: 소스 컨트롤이 꺼졌습니다.
[2020.11.04-01.05.42:650][  0]SourceControl: 소스 컨트롤이 꺼졌습니다.
[2020.11.04-01.05.42:656][  0]SourceControl: 소스 컨트롤이 꺼졌습니다.
[2020.11.04-01.05.42:672][  0]SourceControl: 소스 컨트롤이 꺼졌습니다.
[2020.11.04-01.05.43:108][  0]LogAndroidPermission: UAndroidPermissionCallbackProxy::GetInstance
[2020.11.04-01.05.43:146][  0]LogAudioCaptureCore: Display: No Audio Capture implementations found. Audio input will be silent.
[2020.11.04-01.05.43:146][  0]LogAudioCaptureCore: Display: No Audio Capture implementations found. Audio input will be silent.
[2020.11.04-01.05.43:219][  0]LogOcInput: OculusInput pre-init called
[2020.11.04-01.05.43:237][  0]LogWindows: Failed to load 'OVRPlugin.dll' (GetLastError=126)
[2020.11.04-01.05.43:237][  0]LogWindows: File 'OVRPlugin.dll' does not exist
[2020.11.04-01.05.43:312][  0]LogEngine: Initializing Engine...
[2020.11.04-01.05.43:313][  0]LogHMD: Failed to initialize OpenVR with code 110
[2020.11.04-01.05.43:313][  0]LogMagicLeap: Warning: VR disabled because ZI is not enabled.  To enable, in the editor, Edit -> Project Settings -> Plugins -> Magic Leap Plugin -> Enable Zero Iteration
[2020.11.04-01.05.43:314][  0]LogStats: UGameplayTagsManager::InitializeManager -  0.000 s
[2020.11.04-01.05.43:414][  0]LogInit: Initializing FReadOnlyCVARCache
[2020.11.04-01.05.43:424][  0]LogAIModule: Creating AISystem for world Untitled
[2020.11.04-01.05.43:424][  0]LogAISub: UAISubsystem::UAISubsystem EnvQueryManager (000001A718C03C00), frame # 0
[2020.11.04-01.05.43:424][  0]LogAISub: UAISubsystem::UAISubsystem AIPerceptionSystem (000001A718C69580), frame # 0
[2020.11.04-01.05.43:439][  0]LogAudioMixer: Display: Audio Mixer Platform Settings:
[2020.11.04-01.05.43:439][  0]LogAudioMixer: Display: 	Sample Rate:						  48000
[2020.11.04-01.05.43:440][  0]LogAudioMixer: Display: 	Callback Buffer Frame Size Requested: 1024
[2020.11.04-01.05.43:440][  0]LogAudioMixer: Display: 	Callback Buffer Frame Size To Use:	  1024
[2020.11.04-01.05.43:440][  0]LogAudioMixer: Display: 	Number of buffers to queue:			  2
[2020.11.04-01.05.43:440][  0]LogAudioMixer: Display: 	Max Channels (voices):				  32
[2020.11.04-01.05.43:440][  0]LogAudioMixer: Display: 	Number of Async Source Workers:		  0
[2020.11.04-01.05.43:440][  0]LogAudio: Display: AudioDevice MaxSources: 32
[2020.11.04-01.05.43:440][  0]LogAudio: Display: Using built-in audio occlusion.
[2020.11.04-01.05.43:440][  0]LogAudioMixer: Display: Initializing audio mixer.
[2020.11.04-01.05.43:476][  0]LogAudioMixer: Display: 0: FrontLeft
[2020.11.04-01.05.43:476][  0]LogAudioMixer: Display: 1: FrontRight
[2020.11.04-01.05.43:560][  0]LogAudioMixer: Display: Using Audio Device 스피커(USB PnP Audio Device)
[2020.11.04-01.05.43:562][  0]LogAudioMixer: Display: Initializing Sound Submixes...
[2020.11.04-01.05.43:564][  0]LogAudioMixer: Display: Creating Master Submix 'MasterSubmixDefault'
[2020.11.04-01.05.43:564][  0]LogAudioMixer: Display: Creating Master Submix 'MasterReverbSubmixDefault'
[2020.11.04-01.05.43:565][  0]LogAudioMixer: Display: Creating Master Submix 'MasterEQSubmixDefault'
[2020.11.04-01.05.43:567][  0]LogInit: FAudioDevice initialized.
[2020.11.04-01.05.43:567][  0]LogNetVersion: Set ProjectVersion to 1.0.0.0. Version Checksum will be recalculated on next use.
[2020.11.04-01.05.43:632][  0]LogDerivedDataCache: Saved boot cache 0.06s 75MB C:/Users/jseon/AppData/Local/UnrealEngine/4.25/DerivedDataCache/Boot.ddc.
[2020.11.04-01.05.43:638][  0]LogInit: Texture streaming: Enabled
[2020.11.04-01.05.43:666][  0]LogEngineSessionManager: EngineSessionManager initialized
[2020.11.04-01.05.43:666][  0]LogEditorSessionSummary: Verbose: Initializing EditorSessionSummaryWriter for editor session tracking
[2020.11.04-01.05.43:672][  0]LogEditorSessionSummary: EditorSessionSummaryWriter initialized
[2020.11.04-01.05.43:739][  0]LogInit: Transaction tracking system initialized
[2020.11.04-01.05.43:778][  0]BlueprintLog: New page: 에디터 로드
[2020.11.04-01.05.43:900][  0]LocalizationService: 현지화 서비스가 비활성화되었습니다.
[2020.11.04-01.05.44:110][  0]LogCook: Display: Max memory allowance for cook 16384mb min free memory 0mb
[2020.11.04-01.05.44:110][  0]LogCook: Display: Mobile HDR setting 1
[2020.11.04-01.05.44:326][  0]LogFileCache: Scanning file cache for directory 'C:/Users/jseon/Desktop/Ue4CoopGame/CoopGame/Content/' took 0.00s
[2020.11.04-01.05.44:564][  0]SourceControl: 소스 컨트롤이 꺼졌습니다.
[2020.11.04-01.05.44:564][  0]LogUnrealEdMisc: Loading editor; pre map load, took 8.157
[2020.11.04-01.05.44:564][  0]Cmd: MAP LOAD FILE="../../../../../../Users/jseon/Desktop/Ue4CoopGame/CoopGame/Content/Maps/TestMap/Test1.umap" TEMPLATE=0 SHOWPROGRESS=1 FEATURELEVEL=3
[2020.11.04-01.05.44:565][  0]LightingResults: New page: 라이팅 빌드
[2020.11.04-01.05.44:565][  0]LogWorld: UWorld::CleanupWorld for Untitled, bSessionEnded=true, bCleanupResources=true
[2020.11.04-01.05.44:566][  0]LogSlate: InvalidateAllWidgets triggered.  All widgets were invalidated
[2020.11.04-01.05.44:566][  0]MapCheck: New page: 맵 체크
[2020.11.04-01.05.44:566][  0]LightingResults: New page: 라이팅 빌드
[2020.11.04-01.05.44:574][  0]LogAISub: UAISubsystem::~UAISubsystem EnvQueryManager (000001A718C03C00), frame # 0
[2020.11.04-01.05.44:574][  0]LogAISub: UAISubsystem::~UAISubsystem AIPerceptionSystem (000001A718C69580), frame # 0
[2020.11.04-01.05.44:575][  0]LogUObjectHash: Compacting FUObjectHashTables data took   0.56ms
[2020.11.04-01.05.44:795][  0]LogSkeletalMesh: Building Skeletal Mesh Launcher...
[2020.11.04-01.05.44:827][  0]LogSkeletalMesh: Built Skeletal Mesh [0.03s] /Game/Weapons/Launcher.Launcher
[2020.11.04-01.05.44:853][  0]LogAIModule: Creating AISystem for world Test1
[2020.11.04-01.05.44:853][  0]LogAISub: UAISubsystem::UAISubsystem EnvQueryManager (000001A721461E00), frame # 0
[2020.11.04-01.05.44:853][  0]LogAISub: UAISubsystem::UAISubsystem AIPerceptionSystem (000001A704254180), frame # 0
[2020.11.04-01.05.44:863][  0]LogEditorServer: Finished looking for orphan Actors (0.000 secs)
[2020.11.04-01.05.44:872][  0]LogUObjectHash: Compacting FUObjectHashTables data took   0.90ms
[2020.11.04-01.05.44:872][  0]Cmd: MAP CHECKDEP NOCLEARLOG
[2020.11.04-01.05.44:873][  0]MapCheck: 맵 체크 완료: 오류 0 회, 경고 0 회, 소요 시간 0.299ms.
[2020.11.04-01.05.44:873][  0]LogFileHelpers: Loading map 'Test1' took 0.309
[2020.11.04-01.05.44:875][  0]LogUnrealEdMisc: Total Editor Startup Time, took 8.468
[2020.11.04-01.05.45:038][  0]LogSlate: Updating window title bar state: overlay mode, drag disabled, window buttons hidden, title bar hidden
[2020.11.04-01.05.45:045][  0]LogSlate: Updating window title bar state: overlay mode, drag disabled, window buttons hidden, title bar hidden
[2020.11.04-01.05.45:051][  0]LogSlate: Updating window title bar state: overlay mode, drag disabled, window buttons hidden, title bar hidden
[2020.11.04-01.05.45:057][  0]LogSlate: Updating window title bar state: overlay mode, drag disabled, window buttons hidden, title bar hidden
[2020.11.04-01.05.45:069][  0]LogCollectionManager: Loaded 0 collections in 0.001732 seconds
[2020.11.04-01.05.45:084][  0]LogFileCache: Scanning file cache for directory 'C:/Users/jseon/Desktop/Ue4CoopGame/CoopGame/Saved/Collections/' took 0.00s
[2020.11.04-01.05.45:084][  0]LogFileCache: Scanning file cache for directory 'C:/Users/jseon/Desktop/Ue4CoopGame/CoopGame/Content/Developers/jseon/Collections/' took 0.00s
[2020.11.04-01.05.45:084][  0]LogFileCache: Scanning file cache for directory 'C:/Users/jseon/Desktop/Ue4CoopGame/CoopGame/Content/Collections/' took 0.00s
[2020.11.04-01.05.45:084][  0]LogContentBrowser: Native class hierarchy populated in 0.0085 seconds. Added 3432 classes and 824 folders.
[2020.11.04-01.05.45:089][  0]LogContentBrowser: Native class hierarchy updated for 'WidgetCarousel' in 0.0004 seconds. Added 0 classes and 0 folders.
[2020.11.04-01.05.45:157][  0]LogContentBrowser: Native class hierarchy updated for 'AddContentDialog' in 0.0004 seconds. Added 0 classes and 0 folders.
[2020.11.04-01.05.45:161][  0]LogContentBrowser: Native class hierarchy updated for 'SceneOutliner' in 0.0004 seconds. Added 2 classes and 0 folders.
[2020.11.04-01.05.45:252][  0]LogContentBrowser: Native class hierarchy updated for 'HierarchicalLODOutliner' in 0.0004 seconds. Added 0 classes and 0 folders.
[2020.11.04-01.05.45:252][  0]LogLoad: (Engine Initialization) Total time: 8.85 seconds
[2020.11.04-01.05.45:252][  0]LogLoad: (Engine Initialization) Total Blueprint compile time: 0.00 seconds
[2020.11.04-01.05.45:286][  0]LogAssetRegistry: Asset discovery search completed in 4.2749 seconds
[2020.11.04-01.05.45:290][  0]LogCollectionManager: Fixed up redirectors for 0 collections in 0.000002 seconds (updated 0 objects)
[2020.11.04-01.05.45:291][  0]LogContentStreaming: Texture pool size now 1000 MB
[2020.11.04-01.05.45:297][  0]LogSlate: Took 0.000155 seconds to synchronously load lazily loaded font '../../../Engine/Content/Slate/Fonts/Roboto-Regular.ttf' (155K)
[2020.11.04-01.05.45:299][  0]LogSlate: Took 0.001670 seconds to synchronously load lazily loaded font '../../../Engine/Content/Editor/Slate/Fonts/NanumGothic.ttf' (4243K)
[2020.11.04-01.05.45:301][  0]LogSlate: Took 0.001363 seconds to synchronously load lazily loaded font '../../../Engine/Content/Editor/Slate/Fonts/NanumGothicBold.ttf' (4188K)
[2020.11.04-01.05.45:301][  0]LogSlate: Took 0.000165 seconds to synchronously load lazily loaded font '../../../Engine/Content/Slate/Fonts/Roboto-Bold.ttf' (160K)
[2020.11.04-01.05.45:304][  0]LogSlate: Took 0.000165 seconds to synchronously load lazily loaded font '../../../Engine/Content/Editor/Slate/Fonts/FontAwesome.ttf' (139K)
[2020.11.04-01.05.45:386][  0]LogRenderer: Reallocating scene render targets to support 716x548 Format 10 NumSamples 1 (Frame:1).
[2020.11.04-01.05.45:387][  0]LogSlate: Took 0.000185 seconds to synchronously load lazily loaded font '../../../Engine/Content/Slate/Fonts/Roboto-Light.ttf' (167K)
[2020.11.04-01.05.46:282][ 85]LogSlate: Took 0.000215 seconds to synchronously load lazily loaded font '../../../Engine/Content/Slate/Fonts/Roboto-Light.ttf' (167K)
[2020.11.04-01.06.11:462][ 26]LogTemp: Repeating last play command: 선택된 뷰포트
[2020.11.04-01.06.11:480][ 26]LogPlayLevel: PlayLevel: No blueprints needed recompiling
[2020.11.04-01.06.11:481][ 26]PIE: New page: PIE 세션: Test1 (2020. 11. 4. 오후 7:06:11)
[2020.11.04-01.06.11:482][ 26]LogOnline: OSS: Creating online subsystem instance for: NULL
[2020.11.04-01.06.11:484][ 26]LogOnline: OSS: TryLoadSubsystemAndSetDefault: Loaded subsystem for module [NULL]
[2020.11.04-01.06.11:484][ 26]LogPlayLevel: Creating play world package: /Game/Maps/TestMap/UEDPIE_0_Test1
[2020.11.04-01.06.11:486][ 26]LogPlayLevel: PIE: StaticDuplicateObject took: (0.002123s)
[2020.11.04-01.06.11:487][ 26]LogAIModule: Creating AISystem for world Test1
[2020.11.04-01.06.11:487][ 26]LogAISub: UAISubsystem::UAISubsystem EnvQueryManager (000001A72C703E00), frame # 3026
[2020.11.04-01.06.11:487][ 26]LogAISub: UAISubsystem::UAISubsystem AIPerceptionSystem (000001A704256E80), frame # 3026
[2020.11.04-01.06.11:488][ 26]LogPlayLevel: PIE: World Init took: (0.001241s)
[2020.11.04-01.06.11:488][ 26]LogPlayLevel: PIE: Created PIE world by copying editor world from /Game/Maps/TestMap/Test1.Test1 to /Game/Maps/TestMap/UEDPIE_0_Test1.Test1 (0.003654s)
[2020.11.04-01.06.11:496][ 26]LogUObjectHash: Compacting FUObjectHashTables data took   0.52ms
[2020.11.04-01.06.11:496][ 26]LogAudioMixer: Display: Audio Mixer Platform Settings:
[2020.11.04-01.06.11:496][ 26]LogAudioMixer: Display: 	Sample Rate:						  48000
[2020.11.04-01.06.11:496][ 26]LogAudioMixer: Display: 	Callback Buffer Frame Size Requested: 1024
[2020.11.04-01.06.11:496][ 26]LogAudioMixer: Display: 	Callback Buffer Frame Size To Use:	  1024
[2020.11.04-01.06.11:496][ 26]LogAudioMixer: Display: 	Number of buffers to queue:			  2
[2020.11.04-01.06.11:496][ 26]LogAudioMixer: Display: 	Max Channels (voices):				  32
[2020.11.04-01.06.11:497][ 26]LogAudioMixer: Display: 	Number of Async Source Workers:		  0
[2020.11.04-01.06.11:497][ 26]LogAudio: Display: AudioDevice MaxSources: 32
[2020.11.04-01.06.11:497][ 26]LogAudio: Display: Using built-in audio occlusion.
[2020.11.04-01.06.11:497][ 26]LogAudioMixer: Display: Initializing audio mixer.
[2020.11.04-01.06.11:513][ 26]LogAudioMixer: Display: 0: FrontLeft
[2020.11.04-01.06.11:513][ 26]LogAudioMixer: Display: 1: FrontRight
[2020.11.04-01.06.11:566][ 26]LogAudioMixer: Display: Using Audio Device 스피커(USB PnP Audio Device)
[2020.11.04-01.06.11:566][ 26]LogAudioMixer: Display: Initializing Sound Submixes...
[2020.11.04-01.06.11:566][ 26]LogAudioMixer: Display: Creating Master Submix 'MasterSubmixDefault'
[2020.11.04-01.06.11:566][ 26]LogAudioMixer: Display: Creating Master Submix 'MasterReverbSubmixDefault'
[2020.11.04-01.06.11:567][ 26]LogAudioMixer: Display: Creating Master Submix 'MasterEQSubmixDefault'
[2020.11.04-01.06.11:578][ 26]LogInit: FAudioDevice initialized.
[2020.11.04-01.06.11:591][ 26]LogLoad: Game class is 'CoopGameGameModeBase'
[2020.11.04-01.06.11:593][ 26]LogWorld: Bringing World /Game/Maps/TestMap/UEDPIE_0_Test1.Test1 up for play (max tick rate 0) at 2020.11.04-10.06.11
[2020.11.04-01.06.11:594][ 26]LogWorld: Bringing up level for play took: 0.001296
[2020.11.04-01.06.11:594][ 26]LogOnline: OSS: Creating online subsystem instance for: :Context_5
[2020.11.04-01.06.11:598][ 26]LogContentBrowser: Native class hierarchy updated for 'MovieSceneCapture' in 0.0004 seconds. Added 20 classes and 0 folders.
[2020.11.04-01.06.11:599][ 26]PIE: 서버가 로그인했습니다.
[2020.11.04-01.06.11:600][ 26]PIE: 에디터에서 플레이 총 시작 시간 0.122초입니다.
[2020.11.04-01.06.13:318][230]LogScript: Warning: CurrentWeapon 프로퍼티를 읽으려던 중 None 에 접근했습니다.
	PlayerPawn_C /Game/Maps/TestMap/UEDPIE_0_Test1.Test1:PersistentLevel.PlayerPawn_2
	Function /Game/Blueprints/PlayerPawn.PlayerPawn_C:ExecuteUbergraph_PlayerPawn:01A7
[2020.11.04-01.06.13:318][230]PIE: Error: 블루프린트 런타임 오류: "CurrentWeapon 프로퍼티를 읽으려던 중 None 에 접근했습니다.". 블루프린트: PlayerPawn 함수: Execute Ubergraph Player Pawn 그래프: EventGraph 노드: Fire
[2020.11.04-01.06.15:399][475]LogSlate: Updating window title bar state: overlay mode, drag disabled, window buttons hidden, title bar hidden
[2020.11.04-01.06.15:399][475]LogWorld: BeginTearingDown for /Game/Maps/TestMap/UEDPIE_0_Test1
[2020.11.04-01.06.15:399][475]LogWorld: UWorld::CleanupWorld for Test1, bSessionEnded=true, bCleanupResources=true
[2020.11.04-01.06.15:399][475]LogSlate: InvalidateAllWidgets triggered.  All widgets were invalidated
[2020.11.04-01.06.15:409][475]LogPlayLevel: Display: Shutting down PIE online subsystems
[2020.11.04-01.06.15:410][475]LogSlate: InvalidateAllWidgets triggered.  All widgets were invalidated
[2020.11.04-01.06.15:448][475]LogSlate: Updating window title bar state: overlay mode, drag disabled, window buttons hidden, title bar hidden
[2020.11.04-01.06.15:448][475]LogAISub: UAISubsystem::~UAISubsystem AIPerceptionSystem (000001A704256E80), frame # 3475
[2020.11.04-01.06.15:448][475]LogAISub: UAISubsystem::~UAISubsystem EnvQueryManager (000001A72C703E00), frame # 3475
[2020.11.04-01.06.15:449][475]LogUObjectHash: Compacting FUObjectHashTables data took   0.47ms
[2020.11.04-01.06.15:550][475]LogSlate: Took 0.000164 seconds to synchronously load lazily loaded font '../../../Engine/Content/Slate/Fonts/DroidSansMono.ttf' (77K)
[2020.11.04-01.06.15:552][475]LogSlate: Took 0.001181 seconds to synchronously load lazily loaded font '../../../Engine/Content/Editor/Slate/Fonts/NanumGothicExtraBold.ttf' (4074K)
[2020.11.04-01.06.15:560][476]LogPlayLevel: Display: Destroying online subsystem :Context_5
[2020.11.04-01.06.23:235][362]LogAssetEditorSubsystem: Opening Asset editor for Blueprint /Game/Blueprints/PlayerPawn.PlayerPawn
[2020.11.04-01.06.23:356][362]LogContentBrowser: Native class hierarchy updated for 'BlueprintGraph' in 0.0006 seconds. Added 125 classes and 0 folders.
[2020.11.04-01.06.24:108][362]LogSlate: Took 0.000185 seconds to synchronously load lazily loaded font '../../../Engine/Content/Slate/Fonts/Roboto-BoldCondensed.ttf' (158K)
[2020.11.04-01.06.24:134][363]LogSlate: Took 0.000426 seconds to synchronously load lazily loaded font '../../../Engine/Content/Slate/Fonts/Roboto-Italic.ttf' (157K)
[2020.11.04-01.06.24:664][427]LogSlate: Window '메시지 로그' being destroyed
[2020.11.04-01.06.24:670][427]LogSlate: Window '메시지 로그' being destroyed
[2020.11.04-01.08.34:149][707]LogTemp: Repeating last play command: 선택된 뷰포트
[2020.11.04-01.08.34:169][707]LogPlayLevel: PlayLevel: No blueprints needed recompiling
[2020.11.04-01.08.34:169][707]PIE: New page: PIE 세션: Test1 (2020. 11. 4. 오후 7:08:34)
[2020.11.04-01.08.34:196][707]LogPlayLevel: Creating play world package: /Game/Maps/TestMap/UEDPIE_0_Test1
[2020.11.04-01.08.34:198][707]LogPlayLevel: PIE: StaticDuplicateObject took: (0.002136s)
[2020.11.04-01.08.34:199][707]LogAIModule: Creating AISystem for world Test1
[2020.11.04-01.08.34:199][707]LogAISub: UAISubsystem::UAISubsystem EnvQueryManager (000001A78B69BC00), frame # 5707
[2020.11.04-01.08.34:199][707]LogAISub: UAISubsystem::UAISubsystem AIPerceptionSystem (000001A78B731580), frame # 5707
[2020.11.04-01.08.34:200][707]LogPlayLevel: PIE: World Init took: (0.001561s)
[2020.11.04-01.08.34:200][707]LogPlayLevel: PIE: Created PIE world by copying editor world from /Game/Maps/TestMap/Test1.Test1 to /Game/Maps/TestMap/UEDPIE_0_Test1.Test1 (0.004046s)
[2020.11.04-01.08.34:218][707]LogUObjectHash: Compacting FUObjectHashTables data took   1.43ms
[2020.11.04-01.08.34:219][707]LogAudioMixer: Display: Audio Mixer Platform Settings:
[2020.11.04-01.08.34:220][707]LogAudioMixer: Display: 	Sample Rate:						  48000
[2020.11.04-01.08.34:220][707]LogAudioMixer: Display: 	Callback Buffer Frame Size Requested: 1024
[2020.11.04-01.08.34:220][707]LogAudioMixer: Display: 	Callback Buffer Frame Size To Use:	  1024
[2020.11.04-01.08.34:220][707]LogAudioMixer: Display: 	Number of buffers to queue:			  2
[2020.11.04-01.08.34:220][707]LogAudioMixer: Display: 	Max Channels (voices):				  32
[2020.11.04-01.08.34:220][707]LogAudioMixer: Display: 	Number of Async Source Workers:		  0
[2020.11.04-01.08.34:220][707]LogAudio: Display: AudioDevice MaxSources: 32
[2020.11.04-01.08.34:220][707]LogAudio: Display: Using built-in audio occlusion.
[2020.11.04-01.08.34:221][707]LogAudioMixer: Display: Initializing audio mixer.
[2020.11.04-01.08.34:237][707]LogAudioMixer: Display: 0: FrontLeft
[2020.11.04-01.08.34:238][707]LogAudioMixer: Display: 1: FrontRight
[2020.11.04-01.08.34:293][707]LogAudioMixer: Display: Using Audio Device 스피커(USB PnP Audio Device)
[2020.11.04-01.08.34:293][707]LogAudioMixer: Display: Initializing Sound Submixes...
[2020.11.04-01.08.34:294][707]LogAudioMixer: Display: Creating Master Submix 'MasterSubmixDefault'
[2020.11.04-01.08.34:294][707]LogAudioMixer: Display: Creating Master Submix 'MasterReverbSubmixDefault'
[2020.11.04-01.08.34:294][707]LogAudioMixer: Display: Creating Master Submix 'MasterEQSubmixDefault'
[2020.11.04-01.08.34:306][707]LogInit: FAudioDevice initialized.
[2020.11.04-01.08.34:314][707]LogLoad: Game class is 'CoopGameGameModeBase'
[2020.11.04-01.08.34:315][707]LogWorld: Bringing World /Game/Maps/TestMap/UEDPIE_0_Test1.Test1 up for play (max tick rate 0) at 2020.11.04-10.08.34
[2020.11.04-01.08.34:316][707]LogWorld: Bringing up level for play took: 0.001447
[2020.11.04-01.08.34:316][707]LogOnline: OSS: Creating online subsystem instance for: :Context_7
[2020.11.04-01.08.34:319][707]PIE: 서버가 로그인했습니다.
[2020.11.04-01.08.34:319][707]PIE: 에디터에서 플레이 총 시작 시간 0.154초입니다.
[2020.11.04-01.08.35:450][842]LogScript: Warning: CurrentWeapon 프로퍼티를 읽으려던 중 None 에 접근했습니다.
	PlayerPawn_C /Game/Maps/TestMap/UEDPIE_0_Test1.Test1:PersistentLevel.PlayerPawn_2
	Function /Game/Blueprints/PlayerPawn.PlayerPawn_C:ExecuteUbergraph_PlayerPawn:01A7
[2020.11.04-01.08.35:450][842]PIE: Error: 블루프린트 런타임 오류: "CurrentWeapon 프로퍼티를 읽으려던 중 None 에 접근했습니다.". 블루프린트: PlayerPawn 함수: Execute Ubergraph Player Pawn 그래프: EventGraph 노드: Fire
[2020.11.04-01.08.36:367][952]LogScript: Warning: CurrentWeapon 프로퍼티를 읽으려던 중 None 에 접근했습니다.
	PlayerPawn_C /Game/Maps/TestMap/UEDPIE_0_Test1.Test1:PersistentLevel.PlayerPawn_2
	Function /Game/Blueprints/PlayerPawn.PlayerPawn_C:ExecuteUbergraph_PlayerPawn:01A7
[2020.11.04-01.08.36:367][952]PIE: Error: 블루프린트 런타임 오류: "CurrentWeapon 프로퍼티를 읽으려던 중 None 에 접근했습니다.". 블루프린트: PlayerPawn 함수: Execute Ubergraph Player Pawn 그래프: EventGraph 노드: Fire
[2020.11.04-01.08.36:516][970]LogScript: Warning: CurrentWeapon 프로퍼티를 읽으려던 중 None 에 접근했습니다.
	PlayerPawn_C /Game/Maps/TestMap/UEDPIE_0_Test1.Test1:PersistentLevel.PlayerPawn_2
	Function /Game/Blueprints/PlayerPawn.PlayerPawn_C:ExecuteUbergraph_PlayerPawn:01A7
[2020.11.04-01.08.36:516][970]PIE: Error: 블루프린트 런타임 오류: "CurrentWeapon 프로퍼티를 읽으려던 중 None 에 접근했습니다.". 블루프린트: PlayerPawn 함수: Execute Ubergraph Player Pawn 그래프: EventGraph 노드: Fire
[2020.11.04-01.08.36:658][987]LogScript: Warning: CurrentWeapon 프로퍼티를 읽으려던 중 None 에 접근했습니다.
	PlayerPawn_C /Game/Maps/TestMap/UEDPIE_0_Test1.Test1:PersistentLevel.PlayerPawn_2
	Function /Game/Blueprints/PlayerPawn.PlayerPawn_C:ExecuteUbergraph_PlayerPawn:01A7
[2020.11.04-01.08.36:658][987]PIE: Error: 블루프린트 런타임 오류: "CurrentWeapon 프로퍼티를 읽으려던 중 None 에 접근했습니다.". 블루프린트: PlayerPawn 함수: Execute Ubergraph Player Pawn 그래프: EventGraph 노드: Fire
[2020.11.04-01.08.37:400][ 71]LogSlate: Updating window title bar state: overlay mode, drag disabled, window buttons hidden, title bar hidden
[2020.11.04-01.08.37:400][ 71]LogWorld: BeginTearingDown for /Game/Maps/TestMap/UEDPIE_0_Test1
[2020.11.04-01.08.37:401][ 71]LogWorld: UWorld::CleanupWorld for Test1, bSessionEnded=true, bCleanupResources=true
[2020.11.04-01.08.37:401][ 71]LogSlate: InvalidateAllWidgets triggered.  All widgets were invalidated
[2020.11.04-01.08.37:412][ 71]LogPlayLevel: Display: Shutting down PIE online subsystems
[2020.11.04-01.08.37:415][ 71]LogSlate: InvalidateAllWidgets triggered.  All widgets were invalidated
[2020.11.04-01.08.37:458][ 71]LogSlate: Updating window title bar state: overlay mode, drag disabled, window buttons hidden, title bar hidden
[2020.11.04-01.08.37:459][ 71]LogAISub: UAISubsystem::~UAISubsystem EnvQueryManager (000001A78B69BC00), frame # 6071
[2020.11.04-01.08.37:459][ 71]LogAISub: UAISubsystem::~UAISubsystem AIPerceptionSystem (000001A78B731580), frame # 6071
[2020.11.04-01.08.37:461][ 71]LogUObjectHash: Compacting FUObjectHashTables data took   1.26ms
[2020.11.04-01.08.37:597][ 72]LogPlayLevel: Display: Destroying online subsystem :Context_7
[2020.11.04-01.08.43:001][686]LogSlate: Window '메시지 로그' being destroyed
[2020.11.04-01.08.43:005][686]LogSlate: Window '메시지 로그' being destroyed
[2020.11.04-01.08.51:584][705]BlueprintLog: New page: PlayerPawn 컴파일
[2020.11.04-01.08.51:617][705]LogUObjectHash: Compacting FUObjectHashTables data took   1.42ms
[2020.11.04-01.08.52:035][745]Cmd: OBJ SAVEPACKAGE PACKAGE="/Game/Blueprints/PlayerPawn" FILE="../../../../../../Users/jseon/Desktop/Ue4CoopGame/CoopGame/Content/Blueprints/PlayerPawn.uasset" SILENT=true
[2020.11.04-01.08.52:062][745]LogSavePackage: Moving '../../../../../../Users/jseon/Desktop/Ue4CoopGame/CoopGame/Saved/PlayerPawn164729A043615201CC198D81C9478437.tmp' to '../../../../../../Users/jseon/Desktop/Ue4CoopGame/CoopGame/Content/Blueprints/PlayerPawn.uasset'
[2020.11.04-01.08.52:078][745]AssetCheck: New page: 애셋 저장: PlayerPawn
[2020.11.04-01.08.52:078][745]LogContentValidation: Display: Blueprint /Game/Blueprints/PlayerPawn.PlayerPawn 유효성 검사
[2020.11.04-01.08.53:059][854]LogWorld: UWorld::CleanupWorld for World_4, bSessionEnded=true, bCleanupResources=true
[2020.11.04-01.08.53:059][854]LogSlate: InvalidateAllWidgets triggered.  All widgets were invalidated
[2020.11.04-01.08.55:403][119]LogTemp: Repeating last play command: 선택된 뷰포트
[2020.11.04-01.08.55:424][119]LogPlayLevel: PlayLevel: No blueprints needed recompiling
[2020.11.04-01.08.55:424][119]PIE: New page: PIE 세션: Test1 (2020. 11. 4. 오후 7:08:55)
[2020.11.04-01.08.55:446][119]LogPlayLevel: Creating play world package: /Game/Maps/TestMap/UEDPIE_0_Test1
[2020.11.04-01.08.55:448][119]LogPlayLevel: PIE: StaticDuplicateObject took: (0.001922s)
[2020.11.04-01.08.55:449][119]LogAIModule: Creating AISystem for world Test1
[2020.11.04-01.08.55:449][119]LogAISub: UAISubsystem::UAISubsystem EnvQueryManager (000001A72CA59E00), frame # 8119
[2020.11.04-01.08.55:449][119]LogAISub: UAISubsystem::UAISubsystem AIPerceptionSystem (000001A722E082C0), frame # 8119
[2020.11.04-01.08.55:449][119]LogPlayLevel: PIE: World Init took: (0.001193s)
[2020.11.04-01.08.55:449][119]LogPlayLevel: PIE: Created PIE world by copying editor world from /Game/Maps/TestMap/Test1.Test1 to /Game/Maps/TestMap/UEDPIE_0_Test1.Test1 (0.003428s)
[2020.11.04-01.08.55:466][119]LogUObjectHash: Compacting FUObjectHashTables data took   1.74ms
[2020.11.04-01.08.55:467][119]LogAudioMixer: Display: Audio Mixer Platform Settings:
[2020.11.04-01.08.55:468][119]LogAudioMixer: Display: 	Sample Rate:						  48000
[2020.11.04-01.08.55:468][119]LogAudioMixer: Display: 	Callback Buffer Frame Size Requested: 1024
[2020.11.04-01.08.55:468][119]LogAudioMixer: Display: 	Callback Buffer Frame Size To Use:	  1024
[2020.11.04-01.08.55:468][119]LogAudioMixer: Display: 	Number of buffers to queue:			  2
[2020.11.04-01.08.55:468][119]LogAudioMixer: Display: 	Max Channels (voices):				  32
[2020.11.04-01.08.55:468][119]LogAudioMixer: Display: 	Number of Async Source Workers:		  0
[2020.11.04-01.08.55:468][119]LogAudio: Display: AudioDevice MaxSources: 32
[2020.11.04-01.08.55:468][119]LogAudio: Display: Using built-in audio occlusion.
[2020.11.04-01.08.55:468][119]LogAudioMixer: Display: Initializing audio mixer.
[2020.11.04-01.08.55:484][119]LogAudioMixer: Display: 0: FrontLeft
[2020.11.04-01.08.55:484][119]LogAudioMixer: Display: 1: FrontRight
[2020.11.04-01.08.55:538][119]LogAudioMixer: Display: Using Audio Device 스피커(USB PnP Audio Device)
[2020.11.04-01.08.55:538][119]LogAudioMixer: Display: Initializing Sound Submixes...
[2020.11.04-01.08.55:538][119]LogAudioMixer: Display: Creating Master Submix 'MasterSubmixDefault'
[2020.11.04-01.08.55:539][119]LogAudioMixer: Display: Creating Master Submix 'MasterReverbSubmixDefault'
[2020.11.04-01.08.55:539][119]LogAudioMixer: Display: Creating Master Submix 'MasterEQSubmixDefault'
[2020.11.04-01.08.55:550][119]LogInit: FAudioDevice initialized.
[2020.11.04-01.08.55:559][119]LogLoad: Game class is 'CoopGameGameModeBase'
[2020.11.04-01.08.55:560][119]LogWorld: Bringing World /Game/Maps/TestMap/UEDPIE_0_Test1.Test1 up for play (max tick rate 0) at 2020.11.04-10.08.55
[2020.11.04-01.08.55:560][119]LogWorld: Bringing up level for play took: 0.001209
[2020.11.04-01.08.55:561][119]LogOnline: OSS: Creating online subsystem instance for: :Context_8
[2020.11.04-01.08.55:563][119]PIE: 서버가 로그인했습니다.
[2020.11.04-01.08.55:564][119]PIE: 에디터에서 플레이 총 시작 시간 0.144초입니다.
[2020.11.04-01.08.59:732][207]LogTemp: Resetting audio stream to device id 
[2020.11.04-01.08.59:777][207]LogAudioMixer: Display: 0: FrontLeft
[2020.11.04-01.08.59:777][207]LogAudioMixer: Display: 1: FrontRight
[2020.11.04-01.08.59:838][207]LogTemp: Resetting audio stream to device id 
[2020.11.04-01.08.59:885][207]LogAudioMixer: Display: 0: FrontLeft
[2020.11.04-01.08.59:885][207]LogAudioMixer: Display: 1: FrontRight
[2020.11.04-01.09.18:369][296]LogSlate: Updating window title bar state: overlay mode, drag disabled, window buttons hidden, title bar hidden
[2020.11.04-01.09.18:369][296]LogWorld: BeginTearingDown for /Game/Maps/TestMap/UEDPIE_0_Test1
[2020.11.04-01.09.18:370][296]LogWorld: UWorld::CleanupWorld for Test1, bSessionEnded=true, bCleanupResources=true
[2020.11.04-01.09.18:370][296]LogSlate: InvalidateAllWidgets triggered.  All widgets were invalidated
[2020.11.04-01.09.18:389][296]LogPlayLevel: Display: Shutting down PIE online subsystems
[2020.11.04-01.09.18:391][296]LogSlate: InvalidateAllWidgets triggered.  All widgets were invalidated
[2020.11.04-01.09.18:432][296]LogSlate: Updating window title bar state: overlay mode, drag disabled, window buttons hidden, title bar hidden
[2020.11.04-01.09.18:433][296]LogAISub: UAISubsystem::~UAISubsystem AIPerceptionSystem (000001A722E082C0), frame # 10296
[2020.11.04-01.09.18:433][296]LogAISub: UAISubsystem::~UAISubsystem EnvQueryManager (000001A72CA59E00), frame # 10296
[2020.11.04-01.09.18:435][296]LogUObjectHash: Compacting FUObjectHashTables data took   1.33ms
[2020.11.04-01.09.18:462][297]LogPlayLevel: Display: Destroying online subsystem :Context_8
