Log file open, 11/02/20 10:45:26
LogInit: Display: Running engine for game: CoopGame
LogPlatformFile: Not using cached read wrapper
LogTaskGraph: Started task graph with 5 named threads and 20 total threads with 3 sets of task threads.
LogStats: Stats thread started at 0.270638
LogD3D11RHI: Loaded GFSDK_Aftermath_Lib.x64.dll
LogICUInternationalization: ICU TimeZone Detection - Raw Offset: +9:00, Platform Override: ''
LogPluginManager: Mounting plugin Paper2D
LogPluginManager: Mounting plugin AISupport
LogPluginManager: Mounting plugin LightPropagationVolume
LogPluginManager: Mounting plugin CameraShakePreviewer
LogPluginManager: Mounting plugin ActorLayerUtilities
LogPluginManager: Mounting plugin AnimationSharing
LogPluginManager: Mounting plugin CLionSourceCodeAccess
LogPluginManager: Mounting plugin CodeLiteSourceCodeAccess
LogPluginManager: Mounting plugin GitSourceControl
LogPluginManager: Mounting plugin KDevelopSourceCodeAccess
LogPluginManager: Mounting plugin NullSourceCodeAccess
LogPluginManager: Mounting plugin PerforceSourceControl
LogPluginManager: Mounting plugin PlasticSourceControl
LogPluginManager: Mounting plugin RiderSourceCodeAccess
LogPluginManager: Mounting plugin SubversionSourceControl
LogPluginManager: Mounting plugin UObjectPlugin
LogPluginManager: Mounting plugin VisualStudioCodeSourceCodeAccess
LogPluginManager: Mounting plugin VisualStudioSourceCodeAccess
LogPluginManager: Mounting plugin XCodeSourceCodeAccess
LogPluginManager: Mounting plugin AssetManagerEditor
LogPluginManager: Mounting plugin CryptoKeys
LogPluginManager: Mounting plugin CurveEditorTools
LogPluginManager: Mounting plugin DataValidation
LogPluginManager: Mounting plugin EditorScriptingUtilities
LogPluginManager: Mounting plugin FacialAnimation
LogPluginManager: Mounting plugin GameplayTagsEditor
LogPluginManager: Mounting plugin GeometryMode
LogPluginManager: Mounting plugin MacGraphicsSwitching
LogPluginManager: Mounting plugin MaterialAnalyzer
LogPluginManager: Mounting plugin MobileLauncherProfileWizard
LogPluginManager: Mounting plugin PluginBrowser
LogPluginManager: Mounting plugin SpeedTreeImporter
LogPluginManager: Mounting plugin DatasmithContent
LogPluginManager: Mounting plugin VariantManagerContent
LogPluginManager: Mounting plugin AlembicImporter
LogPluginManager: Mounting plugin AutomationUtils
LogPluginManager: Mounting plugin BackChannel
LogPluginManager: Mounting plugin ChaosCloth
LogPluginManager: Mounting plugin ChaosClothEditor
LogPluginManager: Mounting plugin ChaosEditor
LogPluginManager: Mounting plugin ChaosNiagara
LogPluginManager: Mounting plugin ChaosSolverPlugin
LogPluginManager: Mounting plugin CharacterAI
LogPluginManager: Mounting plugin GeometryCache
LogPluginManager: Mounting plugin GeometryCollectionPlugin
LogPluginManager: Mounting plugin GeometryProcessing
LogPluginManager: Mounting plugin PlanarCut
LogPluginManager: Mounting plugin PlatformCrypto
LogPluginManager: Mounting plugin ProxyLODPlugin
LogPluginManager: Mounting plugin SkeletalReduction
LogPluginManager: Mounting plugin Niagara
LogPluginManager: Mounting plugin MagicLeap
LogPluginManager: Mounting plugin MagicLeapLightEstimation
LogPluginManager: Mounting plugin MagicLeapMedia
LogPluginManager: Mounting plugin MagicLeapPassableWorld
LogPluginManager: Mounting plugin MLSDK
LogPluginManager: Mounting plugin AndroidMedia
LogPluginManager: Mounting plugin AvfMedia
LogPluginManager: Mounting plugin ImgMedia
LogPluginManager: Mounting plugin MediaCompositing
LogPluginManager: Mounting plugin MediaPlayerEditor
LogPluginManager: Mounting plugin WebMMedia
LogPluginManager: Mounting plugin WmfMedia
LogPluginManager: Mounting plugin MeshPainting
LogPluginManager: Mounting plugin TcpMessaging
LogPluginManager: Mounting plugin UdpMessaging
LogPluginManager: Mounting plugin ActorSequence
LogPluginManager: Mounting plugin LevelSequenceEditor
LogPluginManager: Mounting plugin MatineeToLevelSequence
LogPluginManager: Mounting plugin MovieRenderPipeline
LogPluginManager: Mounting plugin TemplateSequence
LogPluginManager: Mounting plugin NetcodeUnitTest
LogPluginManager: Mounting plugin NUTUnrealEngine4
LogPluginManager: Mounting plugin OnlineSubsystemGooglePlay
LogPluginManager: Mounting plugin OnlineSubsystemIOS
LogPluginManager: Mounting plugin OnlineSubsystem
LogPluginManager: Mounting plugin OnlineSubsystemNull
LogPluginManager: Mounting plugin OnlineSubsystemUtils
LogPluginManager: Mounting plugin LauncherChunkInstaller
LogPluginManager: Mounting plugin AndroidDeviceProfileSelector
LogPluginManager: Mounting plugin AndroidMoviePlayer
LogPluginManager: Mounting plugin AndroidPermission
LogPluginManager: Mounting plugin AppleImageUtils
LogPluginManager: Mounting plugin AppleMoviePlayer
LogPluginManager: Mounting plugin ArchVisCharacter
LogPluginManager: Mounting plugin AssetTags
LogPluginManager: Mounting plugin AudioCapture
LogPluginManager: Mounting plugin CableComponent
LogPluginManager: Mounting plugin CustomMeshComponent
LogPluginManager: Mounting plugin EditableMesh
LogPluginManager: Mounting plugin ExampleDeviceProfileSelector
LogPluginManager: Mounting plugin GoogleCloudMessaging
LogPluginManager: Mounting plugin GooglePAD
LogPluginManager: Mounting plugin IOSDeviceProfileSelector
LogPluginManager: Mounting plugin LinuxDeviceProfileSelector
LogPluginManager: Mounting plugin LocationServicesBPLibrary
LogPluginManager: Mounting plugin MobilePatchingUtils
LogPluginManager: Mounting plugin OculusVR
LogPluginManager: Mounting plugin PhysXVehicles
LogPluginManager: Mounting plugin PostSplashScreen
LogPluginManager: Mounting plugin ProceduralMeshComponent
LogPluginManager: Mounting plugin RuntimePhysXCooking
LogPluginManager: Mounting plugin SignificanceManager
LogPluginManager: Mounting plugin SoundFields
LogPluginManager: Mounting plugin SteamVR
LogPluginManager: Mounting plugin Synthesis
LogPluginManager: Mounting plugin WebMMoviePlayer
LogPluginManager: Mounting plugin WindowsMoviePlayer
LogPluginManager: Mounting plugin ScreenshotTools
LogInit: Using libcurl 7.55.1-DEV
LogInit:  - built for x86_64-pc-win32
LogInit:  - supports SSL with OpenSSL/1.1.1
LogInit:  - supports HTTP deflate (compression) using libz 1.2.8
LogInit:  - other features:
LogInit:      CURL_VERSION_SSL
LogInit:      CURL_VERSION_LIBZ
LogInit:      CURL_VERSION_IPV6
LogInit:      CURL_VERSION_ASYNCHDNS
LogInit:      CURL_VERSION_LARGEFILE
LogInit:      CURL_VERSION_IDN
LogInit:  CurlRequestOptions (configurable via config and command line):
LogInit:  - bVerifyPeer = true  - Libcurl will verify peer certificate
LogInit:  - bUseHttpProxy = false  - Libcurl will NOT use HTTP proxy
LogInit:  - bDontReuseConnections = false  - Libcurl will reuse connections
LogInit:  - MaxHostConnections = 16  - Libcurl will limit the number of connections to a host
LogInit:  - LocalHostAddr = Default
LogInit:  - BufferSize = 65536
LogOnline: OSS: Creating online subsystem instance for: NULL
LogInit: WinSock: version 1.1 (2.2), MaxSocks=32767, MaxUdp=65467
LogOnline: OSS: TryLoadSubsystemAndSetDefault: Loaded subsystem for module [NULL]
LogInit: Build: ++UE4+Release-4.25-CL-14469661
LogInit: Engine Version: 4.25.4-14469661+++UE4+Release-4.25
LogInit: Compatible Engine Version: 4.25.0-13144385+++UE4+Release-4.25
LogInit: Net CL: 13144385
LogInit: OS: Windows 10 (Release 2004) (), CPU: Intel(R) Core(TM) i5-9600KF CPU @ 3.70GHz, GPU: NVIDIA GeForce RTX 2070 SUPER
LogInit: Compiled (64-bit): Oct 11 2020 08:10:49
LogInit: Compiled with Visual C++: 19.24.28315.00
LogInit: Build Configuration: Development
LogInit: Branch Name: ++UE4+Release-4.25
LogInit: Command Line:  -skipcompile
LogInit: Base Directory: C:/Program Files/Epic Games/UE_4.25/Engine/Binaries/Win64/
LogInit: Allocator: TBB
LogInit: Installed Engine Build: 1
LogDevObjectVersion: Number of dev versions registered: 26
LogDevObjectVersion:   Dev-Blueprints (B0D832E4-1F89-4F0D-ACCF-7EB736FD4AA2): 10
LogDevObjectVersion:   Dev-Build (E1C64328-A22C-4D53-A36C-8E866417BD8C): 0
LogDevObjectVersion:   Dev-Core (375EC13C-06E4-48FB-B500-84F0262A717E): 4
LogDevObjectVersion:   Dev-Editor (E4B068ED-F494-42E9-A231-DA0B2E46BB41): 38
LogDevObjectVersion:   Dev-Framework (CFFC743F-43B0-4480-9391-14DF171D2073): 37
LogDevObjectVersion:   Dev-Mobile (B02B49B5-BB20-44E9-A304-32B752E40360): 2
LogDevObjectVersion:   Dev-Networking (A4E4105C-59A1-49B5-A7C5-40C4547EDFEE): 0
LogDevObjectVersion:   Dev-Online (39C831C9-5AE6-47DC-9A44-9C173E1C8E7C): 0
LogDevObjectVersion:   Dev-Physics (78F01B33-EBEA-4F98-B9B4-84EACCB95AA2): 4
LogDevObjectVersion:   Dev-Platform (6631380F-2D4D-43E0-8009-CF276956A95A): 0
LogDevObjectVersion:   Dev-Rendering (12F88B9F-8875-4AFC-A67C-D90C383ABD29): 43
LogDevObjectVersion:   Dev-Sequencer (7B5AE74C-D270-4C10-A958-57980B212A5A): 12
LogDevObjectVersion:   Dev-VR (D7296918-1DD6-4BDD-9DE2-64A83CC13884): 3
LogDevObjectVersion:   Dev-LoadTimes (C2A15278-BFE7-4AFE-6C17-90FF531DF755): 1
LogDevObjectVersion:   Private-Geometry (6EACA3D4-40EC-4CC1-B786-8BED09428FC5): 3
LogDevObjectVersion:   Dev-AnimPhys (29E575DD-E0A3-4627-9D10-D276232CDCEA): 17
LogDevObjectVersion:   Dev-Anim (AF43A65D-7FD3-4947-9873-3E8ED9C1BB05): 7
LogDevObjectVersion:   Dev-ReflectionCapture (6B266CEC-1EC7-4B8F-A30B-E4D90942FC07): 1
LogDevObjectVersion:   Dev-Automation (0DF73D61-A23F-47EA-B727-89E90C41499A): 1
LogDevObjectVersion:   FortniteMain (601D1886-AC64-4F84-AA16-D3DE0DEAC7D6): 31
LogDevObjectVersion:   Dev-Enterprise (9DFFBCD6-494F-0158-E221-12823C92A888): 10
LogDevObjectVersion:   Dev-Niagara (F2AED0AC-9AFE-416F-8664-AA7FFA26D6FC): 1
LogDevObjectVersion:   Dev-Destruction (174F1F0B-B4C6-45A5-B13F-2EE8D0FB917D): 10
LogDevObjectVersion:   Dev-Physics-Ext (35F94A83-E258-406C-A318-09F59610247C): 37
LogDevObjectVersion:   Dev-PhysicsMaterial-Chaos (B68FC16E-8B1B-42E2-B453-215C058844FE): 1
LogDevObjectVersion:   Dev-CineCamera (B2E18506-4273-CFC2-A54E-F4BB758BBA07): 1
LogInit: Presizing for max 25165824 objects, including 0 objects not considered by GC, pre-allocating 0 bytes for permanent pool.
LogConfig: Applying CVar settings from Section [/Script/Engine.StreamingSettings] File [C:/Users/jseon/Desktop/Ue4CoopGame/CoopGame/Saved/Config/Windows/Engine.ini]
LogConfig: Setting CVar [[s.MinBulkDataSizeForAsyncLoading:131072]]
LogConfig: Setting CVar [[s.AsyncLoadingThreadEnabled:0]]
LogConfig: Setting CVar [[s.EventDrivenLoaderEnabled:1]]
LogConfig: Setting CVar [[s.WarnIfTimeLimitExceeded:0]]
LogConfig: Setting CVar [[s.TimeLimitExceededMultiplier:1.5]]
LogConfig: Setting CVar [[s.TimeLimitExceededMinTime:0.005]]
LogConfig: Setting CVar [[s.UseBackgroundLevelStreaming:1]]
LogConfig: Setting CVar [[s.PriorityAsyncLoadingExtraTime:15.0]]
LogConfig: Setting CVar [[s.LevelStreamingActorsUpdateTimeLimit:5.0]]
LogConfig: Setting CVar [[s.PriorityLevelStreamingActorsUpdateExtraTime:5.0]]
LogConfig: Setting CVar [[s.LevelStreamingComponentsRegistrationGranularity:10]]
LogConfig: Setting CVar [[s.UnregisterComponentsTimeLimit:1.0]]
LogConfig: Setting CVar [[s.LevelStreamingComponentsUnregistrationGranularity:5]]
LogConfig: Setting CVar [[s.FlushStreamingOnExit:1]]
LogInit: Object subsystem initialized
LogConfig: Setting CVar [[con.DebugEarlyDefault:1]]
LogConfig: Setting CVar [[r.setres:1280x720]]
[2020.11.02-01.45.27:197][  0]LogConfig: Setting CVar [[r.VSync:0]]
[2020.11.02-01.45.27:197][  0]LogConfig: Setting CVar [[r.RHICmdBypass:0]]
[2020.11.02-01.45.27:198][  0]LogConfig: Applying CVar settings from Section [/Script/Engine.RendererSettings] File [C:/Users/jseon/Desktop/Ue4CoopGame/CoopGame/Saved/Config/Windows/Engine.ini]
[2020.11.02-01.45.27:198][  0]LogConfig: Setting CVar [[r.GPUCrashDebugging:0]]
[2020.11.02-01.45.27:198][  0]LogConfig: Applying CVar settings from Section [/Script/Engine.RendererOverrideSettings] File [C:/Users/jseon/Desktop/Ue4CoopGame/CoopGame/Saved/Config/Windows/Engine.ini]
[2020.11.02-01.45.27:198][  0]LogConfig: Applying CVar settings from Section [/Script/Engine.StreamingSettings] File [C:/Users/jseon/Desktop/Ue4CoopGame/CoopGame/Saved/Config/Windows/Engine.ini]
[2020.11.02-01.45.27:198][  0]LogConfig: Setting CVar [[s.MinBulkDataSizeForAsyncLoading:131072]]
[2020.11.02-01.45.27:198][  0]LogConfig: Setting CVar [[s.AsyncLoadingThreadEnabled:0]]
[2020.11.02-01.45.27:198][  0]LogConfig: Setting CVar [[s.EventDrivenLoaderEnabled:1]]
[2020.11.02-01.45.27:198][  0]LogConfig: Setting CVar [[s.WarnIfTimeLimitExceeded:0]]
[2020.11.02-01.45.27:198][  0]LogConfig: Setting CVar [[s.TimeLimitExceededMultiplier:1.5]]
[2020.11.02-01.45.27:198][  0]LogConfig: Setting CVar [[s.TimeLimitExceededMinTime:0.005]]
[2020.11.02-01.45.27:198][  0]LogConfig: Setting CVar [[s.UseBackgroundLevelStreaming:1]]
[2020.11.02-01.45.27:198][  0]LogConfig: Setting CVar [[s.PriorityAsyncLoadingExtraTime:15.0]]
[2020.11.02-01.45.27:198][  0]LogConfig: Setting CVar [[s.LevelStreamingActorsUpdateTimeLimit:5.0]]
[2020.11.02-01.45.27:198][  0]LogConfig: Setting CVar [[s.PriorityLevelStreamingActorsUpdateExtraTime:5.0]]
[2020.11.02-01.45.27:198][  0]LogConfig: Setting CVar [[s.LevelStreamingComponentsRegistrationGranularity:10]]
[2020.11.02-01.45.27:198][  0]LogConfig: Setting CVar [[s.UnregisterComponentsTimeLimit:1.0]]
[2020.11.02-01.45.27:198][  0]LogConfig: Setting CVar [[s.LevelStreamingComponentsUnregistrationGranularity:5]]
[2020.11.02-01.45.27:198][  0]LogConfig: Setting CVar [[s.FlushStreamingOnExit:1]]
[2020.11.02-01.45.27:198][  0]LogConfig: Applying CVar settings from Section [/Script/Engine.GarbageCollectionSettings] File [C:/Users/jseon/Desktop/Ue4CoopGame/CoopGame/Saved/Config/Windows/Engine.ini]
[2020.11.02-01.45.27:198][  0]LogConfig: Setting CVar [[gc.MaxObjectsNotConsideredByGC:1]]
[2020.11.02-01.45.27:198][  0]LogConfig: Setting CVar [[gc.SizeOfPermanentObjectPool:0]]
[2020.11.02-01.45.27:199][  0]LogConfig: Setting CVar [[gc.FlushStreamingOnGC:0]]
[2020.11.02-01.45.27:199][  0]LogConfig: Setting CVar [[gc.NumRetriesBeforeForcingGC:10]]
[2020.11.02-01.45.27:199][  0]LogConfig: Setting CVar [[gc.AllowParallelGC:1]]
[2020.11.02-01.45.27:199][  0]LogConfig: Setting CVar [[gc.TimeBetweenPurgingPendingKillObjects:61.1]]
[2020.11.02-01.45.27:199][  0]LogConfig: Setting CVar [[gc.MaxObjectsInEditor:25165824]]
[2020.11.02-01.45.27:199][  0]LogConfig: Setting CVar [[gc.IncrementalBeginDestroyEnabled:1]]
[2020.11.02-01.45.27:199][  0]LogConfig: Setting CVar [[gc.CreateGCClusters:1]]
[2020.11.02-01.45.27:199][  0]LogConfig: Setting CVar [[gc.MinGCClusterSize:5]]
[2020.11.02-01.45.27:199][  0]LogConfig: Setting CVar [[gc.ActorClusteringEnabled:0]]
[2020.11.02-01.45.27:199][  0]LogConfig: Setting CVar [[gc.BlueprintClusteringEnabled:0]]
[2020.11.02-01.45.27:199][  0]LogConfig: Setting CVar [[gc.UseDisregardForGCOnDedicatedServers:0]]
[2020.11.02-01.45.27:199][  0]LogConfig: Applying CVar settings from Section [/Script/Engine.NetworkSettings] File [C:/Users/jseon/Desktop/Ue4CoopGame/CoopGame/Saved/Config/Windows/Engine.ini]
[2020.11.02-01.45.27:199][  0]LogConfig: Applying CVar settings from Section [/Script/UnrealEd.CookerSettings] File [C:/Users/jseon/Desktop/Ue4CoopGame/CoopGame/Saved/Config/Windows/Engine.ini]
[2020.11.02-01.45.27:205][  0]LogConfig: Applying CVar settings from Section [ViewDistanceQuality@3] File [C:/Users/jseon/Desktop/Ue4CoopGame/CoopGame/Saved/Config/Windows/Scalability.ini]
[2020.11.02-01.45.27:205][  0]LogConfig: Setting CVar [[r.SkeletalMeshLODBias:0]]
[2020.11.02-01.45.27:205][  0]LogConfig: Setting CVar [[r.ViewDistanceScale:1.0]]
[2020.11.02-01.45.27:205][  0]LogConfig: Applying CVar settings from Section [AntiAliasingQuality@3] File [C:/Users/jseon/Desktop/Ue4CoopGame/CoopGame/Saved/Config/Windows/Scalability.ini]
[2020.11.02-01.45.27:205][  0]LogConfig: Setting CVar [[r.PostProcessAAQuality:4]]
[2020.11.02-01.45.27:205][  0]LogConfig: Applying CVar settings from Section [ShadowQuality@3] File [C:/Users/jseon/Desktop/Ue4CoopGame/CoopGame/Saved/Config/Windows/Scalability.ini]
[2020.11.02-01.45.27:206][  0]LogConfig: Setting CVar [[r.LightFunctionQuality:1]]
[2020.11.02-01.45.27:206][  0]LogConfig: Setting CVar [[r.ShadowQuality:5]]
[2020.11.02-01.45.27:206][  0]LogConfig: Setting CVar [[r.Shadow.CSM.MaxCascades:10]]
[2020.11.02-01.45.27:206][  0]LogConfig: Setting CVar [[r.Shadow.MaxResolution:2048]]
[2020.11.02-01.45.27:206][  0]LogConfig: Setting CVar [[r.Shadow.MaxCSMResolution:2048]]
[2020.11.02-01.45.27:206][  0]LogConfig: Setting CVar [[r.Shadow.RadiusThreshold:0.01]]
[2020.11.02-01.45.27:206][  0]LogConfig: Setting CVar [[r.Shadow.DistanceScale:1.0]]
[2020.11.02-01.45.27:206][  0]LogConfig: Setting CVar [[r.Shadow.CSM.TransitionScale:1.0]]
[2020.11.02-01.45.27:206][  0]LogConfig: Setting CVar [[r.Shadow.PreShadowResolutionFactor:1.0]]
[2020.11.02-01.45.27:206][  0]LogConfig: Setting CVar [[r.DistanceFieldShadowing:1]]
[2020.11.02-01.45.27:206][  0]LogConfig: Setting CVar [[r.DistanceFieldAO:1]]
[2020.11.02-01.45.27:206][  0]LogConfig: Setting CVar [[r.AOQuality:2]]
[2020.11.02-01.45.27:206][  0]LogConfig: Setting CVar [[r.VolumetricFog:1]]
[2020.11.02-01.45.27:206][  0]LogConfig: Setting CVar [[r.VolumetricFog.GridPixelSize:8]]
[2020.11.02-01.45.27:206][  0]LogConfig: Setting CVar [[r.VolumetricFog.GridSizeZ:128]]
[2020.11.02-01.45.27:206][  0]LogConfig: Setting CVar [[r.VolumetricFog.HistoryMissSupersampleCount:4]]
[2020.11.02-01.45.27:206][  0]LogConfig: Setting CVar [[r.LightMaxDrawDistanceScale:1]]
[2020.11.02-01.45.27:206][  0]LogConfig: Setting CVar [[r.CapsuleShadows:1]]
[2020.11.02-01.45.27:206][  0]LogConfig: Applying CVar settings from Section [PostProcessQuality@3] File [C:/Users/jseon/Desktop/Ue4CoopGame/CoopGame/Saved/Config/Windows/Scalability.ini]
[2020.11.02-01.45.27:206][  0]LogConfig: Setting CVar [[r.MotionBlurQuality:4]]
[2020.11.02-01.45.27:206][  0]LogConfig: Setting CVar [[r.AmbientOcclusionMipLevelFactor:0.4]]
[2020.11.02-01.45.27:206][  0]LogConfig: Setting CVar [[r.AmbientOcclusionMaxQuality:100]]
[2020.11.02-01.45.27:206][  0]LogConfig: Setting CVar [[r.AmbientOcclusionLevels:-1]]
[2020.11.02-01.45.27:206][  0]LogConfig: Setting CVar [[r.AmbientOcclusionRadiusScale:1.0]]
[2020.11.02-01.45.27:206][  0]LogConfig: Setting CVar [[r.DepthOfFieldQuality:2]]
[2020.11.02-01.45.27:207][  0]LogConfig: Setting CVar [[r.RenderTargetPoolMin:400]]
[2020.11.02-01.45.27:207][  0]LogConfig: Setting CVar [[r.LensFlareQuality:2]]
[2020.11.02-01.45.27:207][  0]LogConfig: Setting CVar [[r.SceneColorFringeQuality:1]]
[2020.11.02-01.45.27:207][  0]LogConfig: Setting CVar [[r.EyeAdaptationQuality:2]]
[2020.11.02-01.45.27:207][  0]LogConfig: Setting CVar [[r.BloomQuality:5]]
[2020.11.02-01.45.27:207][  0]LogConfig: Setting CVar [[r.FastBlurThreshold:100]]
[2020.11.02-01.45.27:207][  0]LogConfig: Setting CVar [[r.Upscale.Quality:3]]
[2020.11.02-01.45.27:207][  0]LogConfig: Setting CVar [[r.Tonemapper.GrainQuantization:1]]
[2020.11.02-01.45.27:207][  0]LogConfig: Setting CVar [[r.LightShaftQuality:1]]
[2020.11.02-01.45.27:207][  0]LogConfig: Setting CVar [[r.Filter.SizeScale:1]]
[2020.11.02-01.45.27:207][  0]LogConfig: Setting CVar [[r.Tonemapper.Quality:5]]
[2020.11.02-01.45.27:207][  0]LogConfig: Setting CVar [[r.DOF.Gather.AccumulatorQuality:1        ; higher gathering accumulator quality]]
[2020.11.02-01.45.27:207][  0]LogConfig: Setting CVar [[r.DOF.Gather.PostfilterMethod:1          ; Median3x3 postfilering method]]
[2020.11.02-01.45.27:207][  0]LogConfig: Setting CVar [[r.DOF.Gather.EnableBokehSettings:0       ; no bokeh simulation when gathering]]
[2020.11.02-01.45.27:208][  0]LogConfig: Setting CVar [[r.DOF.Gather.RingCount:4                 ; medium number of samples when gathering]]
[2020.11.02-01.45.27:208][  0]LogConfig: Setting CVar [[r.DOF.Scatter.ForegroundCompositing:1    ; additive foreground scattering]]
[2020.11.02-01.45.27:208][  0]LogConfig: Setting CVar [[r.DOF.Scatter.BackgroundCompositing:2    ; additive background scattering]]
[2020.11.02-01.45.27:208][  0]LogConfig: Setting CVar [[r.DOF.Scatter.EnableBokehSettings:1      ; bokeh simulation when scattering]]
[2020.11.02-01.45.27:208][  0]LogConfig: Setting CVar [[r.DOF.Scatter.MaxSpriteRatio:0.1         ; only a maximum of 10% of scattered bokeh]]
[2020.11.02-01.45.27:208][  0]LogConfig: Setting CVar [[r.DOF.Recombine.Quality:1                ; cheap slight out of focus]]
[2020.11.02-01.45.27:208][  0]LogConfig: Setting CVar [[r.DOF.Recombine.EnableBokehSettings:0    ; no bokeh simulation on slight out of focus]]
[2020.11.02-01.45.27:208][  0]LogConfig: Setting CVar [[r.DOF.TemporalAAQuality:1                ; more stable temporal accumulation]]
[2020.11.02-01.45.27:208][  0]LogConfig: Setting CVar [[r.DOF.Kernel.MaxForegroundRadius:0.025]]
[2020.11.02-01.45.27:208][  0]LogConfig: Setting CVar [[r.DOF.Kernel.MaxBackgroundRadius:0.025]]
[2020.11.02-01.45.27:208][  0]LogConfig: Applying CVar settings from Section [TextureQuality@3] File [C:/Users/jseon/Desktop/Ue4CoopGame/CoopGame/Saved/Config/Windows/Scalability.ini]
[2020.11.02-01.45.27:208][  0]LogConfig: Setting CVar [[r.Streaming.MipBias:0]]
[2020.11.02-01.45.27:208][  0]LogConfig: Setting CVar [[r.Streaming.AmortizeCPUToGPUCopy:0]]
[2020.11.02-01.45.27:208][  0]LogConfig: Setting CVar [[r.Streaming.MaxNumTexturesToStreamPerFrame:0]]
[2020.11.02-01.45.27:208][  0]LogConfig: Setting CVar [[r.Streaming.Boost:1]]
[2020.11.02-01.45.27:208][  0]LogConfig: Setting CVar [[r.MaxAnisotropy:8]]
[2020.11.02-01.45.27:208][  0]LogConfig: Setting CVar [[r.VT.MaxAnisotropy:8]]
[2020.11.02-01.45.27:208][  0]LogConfig: Setting CVar [[r.Streaming.LimitPoolSizeToVRAM:0]]
[2020.11.02-01.45.27:208][  0]LogConfig: Setting CVar [[r.Streaming.PoolSize:1000]]
[2020.11.02-01.45.27:208][  0]LogConfig: Setting CVar [[r.Streaming.MaxEffectiveScreenSize:0]]
[2020.11.02-01.45.27:208][  0]LogConfig: Applying CVar settings from Section [EffectsQuality@3] File [C:/Users/jseon/Desktop/Ue4CoopGame/CoopGame/Saved/Config/Windows/Scalability.ini]
[2020.11.02-01.45.27:208][  0]LogConfig: Setting CVar [[r.TranslucencyLightingVolumeDim:64]]
[2020.11.02-01.45.27:208][  0]LogConfig: Setting CVar [[r.RefractionQuality:2]]
[2020.11.02-01.45.27:208][  0]LogConfig: Setting CVar [[r.SSR.Quality:3]]
[2020.11.02-01.45.27:209][  0]LogConfig: Setting CVar [[r.SSR.HalfResSceneColor:0]]
[2020.11.02-01.45.27:209][  0]LogConfig: Setting CVar [[r.SceneColorFormat:4]]
[2020.11.02-01.45.27:209][  0]LogConfig: Setting CVar [[r.DetailMode:2]]
[2020.11.02-01.45.27:209][  0]LogConfig: Setting CVar [[r.TranslucencyVolumeBlur:1]]
[2020.11.02-01.45.27:209][  0]LogConfig: Setting CVar [[r.MaterialQualityLevel:1 ; High quality]]
[2020.11.02-01.45.27:209][  0]LogConfig: Setting CVar [[r.SSS.Scale:1]]
[2020.11.02-01.45.27:209][  0]LogConfig: Setting CVar [[r.SSS.SampleSet:2]]
[2020.11.02-01.45.27:209][  0]LogConfig: Setting CVar [[r.SSS.Quality:1]]
[2020.11.02-01.45.27:209][  0]LogConfig: Setting CVar [[r.SSS.HalfRes:0]]
[2020.11.02-01.45.27:209][  0]LogConfig: Setting CVar [[r.SSGI.Quality:3]]
[2020.11.02-01.45.27:209][  0]LogConfig: Setting CVar [[r.EmitterSpawnRateScale:1.0]]
[2020.11.02-01.45.27:209][  0]LogConfig: Setting CVar [[r.ParticleLightQuality:2]]
[2020.11.02-01.45.27:209][  0]LogConfig: Setting CVar [[r.SkyAtmosphere.AerialPerspectiveLUT.FastApplyOnOpaque:1 ; Always have FastSkyLUT 1 in this case to avoid wrong sky]]
[2020.11.02-01.45.27:209][  0]LogConfig: Setting CVar [[r.SkyAtmosphere.AerialPerspectiveLUT.SampleCountPerSlice:1]]
[2020.11.02-01.45.27:209][  0]LogConfig: Setting CVar [[r.SkyAtmosphere.AerialPerspectiveLUT.DepthResolution:16.0]]
[2020.11.02-01.45.27:209][  0]LogConfig: Setting CVar [[r.SkyAtmosphere.FastSkyLUT:1]]
[2020.11.02-01.45.27:209][  0]LogConfig: Setting CVar [[r.SkyAtmosphere.FastSkyLUT.SampleCountMin:4.0]]
[2020.11.02-01.45.27:209][  0]LogConfig: Setting CVar [[r.SkyAtmosphere.FastSkyLUT.SampleCountMax:32.0]]
[2020.11.02-01.45.27:209][  0]LogConfig: Setting CVar [[r.SkyAtmosphere.SampleCountMin:4.0]]
[2020.11.02-01.45.27:209][  0]LogConfig: Setting CVar [[r.SkyAtmosphere.SampleCountMax:32.0]]
[2020.11.02-01.45.27:209][  0]LogConfig: Setting CVar [[r.SkyAtmosphere.TransmittanceLUT.UseSmallFormat:0]]
[2020.11.02-01.45.27:209][  0]LogConfig: Setting CVar [[r.SkyAtmosphere.TransmittanceLUT.SampleCount:10.0]]
[2020.11.02-01.45.27:209][  0]LogConfig: Setting CVar [[r.SkyAtmosphere.MultiScatteringLUT.SampleCount:15.0]]
[2020.11.02-01.45.27:209][  0]LogConfig: Applying CVar settings from Section [FoliageQuality@3] File [C:/Users/jseon/Desktop/Ue4CoopGame/CoopGame/Saved/Config/Windows/Scalability.ini]
[2020.11.02-01.45.27:209][  0]LogConfig: Setting CVar [[foliage.DensityScale:1.0]]
[2020.11.02-01.45.27:209][  0]LogConfig: Setting CVar [[grass.DensityScale:1.0]]
[2020.11.02-01.45.27:209][  0]LogConfig: Applying CVar settings from Section [ShadingQuality@3] File [C:/Users/jseon/Desktop/Ue4CoopGame/CoopGame/Saved/Config/Windows/Scalability.ini]
[2020.11.02-01.45.27:209][  0]LogConfig: Setting CVar [[r.HairStrands.SkyLighting.SampleCount:16]]
[2020.11.02-01.45.27:210][  0]LogConfig: Setting CVar [[r.HairStrands.SkyLighting.JitterIntegration:0]]
[2020.11.02-01.45.27:210][  0]LogConfig: Setting CVar [[r.HairStrands.SkyAO.SampleCount:16]]
[2020.11.02-01.45.27:210][  0]LogConfig: Setting CVar [[r.HairStrands.DeepShadow.SuperSampling:0]]
[2020.11.02-01.45.27:210][  0]LogConfig: Setting CVar [[r.HairStrands.VisibilityPPLL:0]]
[2020.11.02-01.45.27:210][  0]LogConfig: Setting CVar [[r.HairStrands.RasterizationScale:0.5]]
[2020.11.02-01.45.27:210][  0]LogConfig: Setting CVar [[r.HairStrands.VelocityRasterizationScale:1]]
[2020.11.02-01.45.27:210][  0]LogInit: Selected Device Profile: [Windows]
[2020.11.02-01.45.27:210][  0]LogInit: Applying CVar settings loaded from the selected device profile: [Windows]
[2020.11.02-01.45.27:210][  0]LogHAL: Display: Platform has ~ 32 GB [34299195392 / 34359738368 / 32], which maps to Largest [LargestMinGB=32, LargerMinGB=12, DefaultMinGB=8, SmallerMinGB=6, SmallestMinGB=0)
[2020.11.02-01.45.27:210][  0]LogInit: Going up to parent DeviceProfile []
[2020.11.02-01.45.27:210][  0]LogConfig: Applying CVar settings from Section [ViewDistanceQuality@3] File [C:/Users/jseon/Desktop/Ue4CoopGame/CoopGame/Saved/Config/Windows/Scalability.ini]
[2020.11.02-01.45.27:210][  0]LogConfig: Setting CVar [[r.SkeletalMeshLODBias:0]]
[2020.11.02-01.45.27:210][  0]LogConfig: Setting CVar [[r.ViewDistanceScale:1.0]]
[2020.11.02-01.45.27:210][  0]LogConfig: Applying CVar settings from Section [AntiAliasingQuality@3] File [C:/Users/jseon/Desktop/Ue4CoopGame/CoopGame/Saved/Config/Windows/Scalability.ini]
[2020.11.02-01.45.27:210][  0]LogConfig: Setting CVar [[r.PostProcessAAQuality:4]]
[2020.11.02-01.45.27:210][  0]LogConfig: Applying CVar settings from Section [ShadowQuality@3] File [C:/Users/jseon/Desktop/Ue4CoopGame/CoopGame/Saved/Config/Windows/Scalability.ini]
[2020.11.02-01.45.27:210][  0]LogConfig: Setting CVar [[r.LightFunctionQuality:1]]
[2020.11.02-01.45.27:210][  0]LogConfig: Setting CVar [[r.ShadowQuality:5]]
[2020.11.02-01.45.27:210][  0]LogConfig: Setting CVar [[r.Shadow.CSM.MaxCascades:10]]
[2020.11.02-01.45.27:210][  0]LogConfig: Setting CVar [[r.Shadow.MaxResolution:2048]]
[2020.11.02-01.45.27:210][  0]LogConfig: Setting CVar [[r.Shadow.MaxCSMResolution:2048]]
[2020.11.02-01.45.27:210][  0]LogConfig: Setting CVar [[r.Shadow.RadiusThreshold:0.01]]
[2020.11.02-01.45.27:210][  0]LogConfig: Setting CVar [[r.Shadow.DistanceScale:1.0]]
[2020.11.02-01.45.27:210][  0]LogConfig: Setting CVar [[r.Shadow.CSM.TransitionScale:1.0]]
[2020.11.02-01.45.27:210][  0]LogConfig: Setting CVar [[r.Shadow.PreShadowResolutionFactor:1.0]]
[2020.11.02-01.45.27:211][  0]LogConfig: Setting CVar [[r.DistanceFieldShadowing:1]]
[2020.11.02-01.45.27:211][  0]LogConfig: Setting CVar [[r.DistanceFieldAO:1]]
[2020.11.02-01.45.27:211][  0]LogConfig: Setting CVar [[r.AOQuality:2]]
[2020.11.02-01.45.27:211][  0]LogConfig: Setting CVar [[r.VolumetricFog:1]]
[2020.11.02-01.45.27:211][  0]LogConfig: Setting CVar [[r.VolumetricFog.GridPixelSize:8]]
[2020.11.02-01.45.27:211][  0]LogConfig: Setting CVar [[r.VolumetricFog.GridSizeZ:128]]
[2020.11.02-01.45.27:211][  0]LogConfig: Setting CVar [[r.VolumetricFog.HistoryMissSupersampleCount:4]]
[2020.11.02-01.45.27:211][  0]LogConfig: Setting CVar [[r.LightMaxDrawDistanceScale:1]]
[2020.11.02-01.45.27:211][  0]LogConfig: Setting CVar [[r.CapsuleShadows:1]]
[2020.11.02-01.45.27:211][  0]LogConfig: Applying CVar settings from Section [PostProcessQuality@3] File [C:/Users/jseon/Desktop/Ue4CoopGame/CoopGame/Saved/Config/Windows/Scalability.ini]
[2020.11.02-01.45.27:211][  0]LogConfig: Setting CVar [[r.MotionBlurQuality:4]]
[2020.11.02-01.45.27:211][  0]LogConfig: Setting CVar [[r.AmbientOcclusionMipLevelFactor:0.4]]
[2020.11.02-01.45.27:211][  0]LogConfig: Setting CVar [[r.AmbientOcclusionMaxQuality:100]]
[2020.11.02-01.45.27:211][  0]LogConfig: Setting CVar [[r.AmbientOcclusionLevels:-1]]
[2020.11.02-01.45.27:211][  0]LogConfig: Setting CVar [[r.AmbientOcclusionRadiusScale:1.0]]
[2020.11.02-01.45.27:211][  0]LogConfig: Setting CVar [[r.DepthOfFieldQuality:2]]
[2020.11.02-01.45.27:211][  0]LogConfig: Setting CVar [[r.RenderTargetPoolMin:400]]
[2020.11.02-01.45.27:211][  0]LogConfig: Setting CVar [[r.LensFlareQuality:2]]
[2020.11.02-01.45.27:211][  0]LogConfig: Setting CVar [[r.SceneColorFringeQuality:1]]
[2020.11.02-01.45.27:211][  0]LogConfig: Setting CVar [[r.EyeAdaptationQuality:2]]
[2020.11.02-01.45.27:211][  0]LogConfig: Setting CVar [[r.BloomQuality:5]]
[2020.11.02-01.45.27:211][  0]LogConfig: Setting CVar [[r.FastBlurThreshold:100]]
[2020.11.02-01.45.27:211][  0]LogConfig: Setting CVar [[r.Upscale.Quality:3]]
[2020.11.02-01.45.27:211][  0]LogConfig: Setting CVar [[r.Tonemapper.GrainQuantization:1]]
[2020.11.02-01.45.27:211][  0]LogConfig: Setting CVar [[r.LightShaftQuality:1]]
[2020.11.02-01.45.27:211][  0]LogConfig: Setting CVar [[r.Filter.SizeScale:1]]
[2020.11.02-01.45.27:211][  0]LogConfig: Setting CVar [[r.Tonemapper.Quality:5]]
[2020.11.02-01.45.27:211][  0]LogConfig: Setting CVar [[r.DOF.Gather.AccumulatorQuality:1        ; higher gathering accumulator quality]]
[2020.11.02-01.45.27:211][  0]LogConfig: Setting CVar [[r.DOF.Gather.PostfilterMethod:1          ; Median3x3 postfilering method]]
[2020.11.02-01.45.27:211][  0]LogConfig: Setting CVar [[r.DOF.Gather.EnableBokehSettings:0       ; no bokeh simulation when gathering]]
[2020.11.02-01.45.27:212][  0]LogConfig: Setting CVar [[r.DOF.Gather.RingCount:4                 ; medium number of samples when gathering]]
[2020.11.02-01.45.27:212][  0]LogConfig: Setting CVar [[r.DOF.Scatter.ForegroundCompositing:1    ; additive foreground scattering]]
[2020.11.02-01.45.27:212][  0]LogConfig: Setting CVar [[r.DOF.Scatter.BackgroundCompositing:2    ; additive background scattering]]
[2020.11.02-01.45.27:212][  0]LogConfig: Setting CVar [[r.DOF.Scatter.EnableBokehSettings:1      ; bokeh simulation when scattering]]
[2020.11.02-01.45.27:212][  0]LogConfig: Setting CVar [[r.DOF.Scatter.MaxSpriteRatio:0.1         ; only a maximum of 10% of scattered bokeh]]
[2020.11.02-01.45.27:212][  0]LogConfig: Setting CVar [[r.DOF.Recombine.Quality:1                ; cheap slight out of focus]]
[2020.11.02-01.45.27:212][  0]LogConfig: Setting CVar [[r.DOF.Recombine.EnableBokehSettings:0    ; no bokeh simulation on slight out of focus]]
[2020.11.02-01.45.27:212][  0]LogConfig: Setting CVar [[r.DOF.TemporalAAQuality:1                ; more stable temporal accumulation]]
[2020.11.02-01.45.27:212][  0]LogConfig: Setting CVar [[r.DOF.Kernel.MaxForegroundRadius:0.025]]
[2020.11.02-01.45.27:212][  0]LogConfig: Setting CVar [[r.DOF.Kernel.MaxBackgroundRadius:0.025]]
[2020.11.02-01.45.27:212][  0]LogConfig: Applying CVar settings from Section [TextureQuality@3] File [C:/Users/jseon/Desktop/Ue4CoopGame/CoopGame/Saved/Config/Windows/Scalability.ini]
[2020.11.02-01.45.27:212][  0]LogConfig: Setting CVar [[r.Streaming.MipBias:0]]
[2020.11.02-01.45.27:212][  0]LogConfig: Setting CVar [[r.Streaming.AmortizeCPUToGPUCopy:0]]
[2020.11.02-01.45.27:212][  0]LogConfig: Setting CVar [[r.Streaming.MaxNumTexturesToStreamPerFrame:0]]
[2020.11.02-01.45.27:212][  0]LogConfig: Setting CVar [[r.Streaming.Boost:1]]
[2020.11.02-01.45.27:212][  0]LogConfig: Setting CVar [[r.MaxAnisotropy:8]]
[2020.11.02-01.45.27:212][  0]LogConfig: Setting CVar [[r.VT.MaxAnisotropy:8]]
[2020.11.02-01.45.27:212][  0]LogConfig: Setting CVar [[r.Streaming.LimitPoolSizeToVRAM:0]]
[2020.11.02-01.45.27:212][  0]LogConfig: Setting CVar [[r.Streaming.PoolSize:1000]]
[2020.11.02-01.45.27:212][  0]LogConfig: Setting CVar [[r.Streaming.MaxEffectiveScreenSize:0]]
[2020.11.02-01.45.27:212][  0]LogConfig: Applying CVar settings from Section [EffectsQuality@3] File [C:/Users/jseon/Desktop/Ue4CoopGame/CoopGame/Saved/Config/Windows/Scalability.ini]
[2020.11.02-01.45.27:212][  0]LogConfig: Setting CVar [[r.TranslucencyLightingVolumeDim:64]]
[2020.11.02-01.45.27:212][  0]LogConfig: Setting CVar [[r.RefractionQuality:2]]
[2020.11.02-01.45.27:212][  0]LogConfig: Setting CVar [[r.SSR.Quality:3]]
[2020.11.02-01.45.27:212][  0]LogConfig: Setting CVar [[r.SSR.HalfResSceneColor:0]]
[2020.11.02-01.45.27:212][  0]LogConfig: Setting CVar [[r.SceneColorFormat:4]]
[2020.11.02-01.45.27:212][  0]LogConfig: Setting CVar [[r.DetailMode:2]]
[2020.11.02-01.45.27:212][  0]LogConfig: Setting CVar [[r.TranslucencyVolumeBlur:1]]
[2020.11.02-01.45.27:212][  0]LogConfig: Setting CVar [[r.MaterialQualityLevel:1 ; High quality]]
[2020.11.02-01.45.27:212][  0]LogConfig: Setting CVar [[r.SSS.Scale:1]]
[2020.11.02-01.45.27:213][  0]LogConfig: Setting CVar [[r.SSS.SampleSet:2]]
[2020.11.02-01.45.27:213][  0]LogConfig: Setting CVar [[r.SSS.Quality:1]]
[2020.11.02-01.45.27:213][  0]LogConfig: Setting CVar [[r.SSS.HalfRes:0]]
[2020.11.02-01.45.27:213][  0]LogConfig: Setting CVar [[r.SSGI.Quality:3]]
[2020.11.02-01.45.27:213][  0]LogConfig: Setting CVar [[r.EmitterSpawnRateScale:1.0]]
[2020.11.02-01.45.27:213][  0]LogConfig: Setting CVar [[r.ParticleLightQuality:2]]
[2020.11.02-01.45.27:213][  0]LogConfig: Setting CVar [[r.SkyAtmosphere.AerialPerspectiveLUT.FastApplyOnOpaque:1 ; Always have FastSkyLUT 1 in this case to avoid wrong sky]]
[2020.11.02-01.45.27:213][  0]LogConfig: Setting CVar [[r.SkyAtmosphere.AerialPerspectiveLUT.SampleCountPerSlice:1]]
[2020.11.02-01.45.27:213][  0]LogConfig: Setting CVar [[r.SkyAtmosphere.AerialPerspectiveLUT.DepthResolution:16.0]]
[2020.11.02-01.45.27:213][  0]LogConfig: Setting CVar [[r.SkyAtmosphere.FastSkyLUT:1]]
[2020.11.02-01.45.27:213][  0]LogConfig: Setting CVar [[r.SkyAtmosphere.FastSkyLUT.SampleCountMin:4.0]]
[2020.11.02-01.45.27:213][  0]LogConfig: Setting CVar [[r.SkyAtmosphere.FastSkyLUT.SampleCountMax:32.0]]
[2020.11.02-01.45.27:213][  0]LogConfig: Setting CVar [[r.SkyAtmosphere.SampleCountMin:4.0]]
[2020.11.02-01.45.27:213][  0]LogConfig: Setting CVar [[r.SkyAtmosphere.SampleCountMax:32.0]]
[2020.11.02-01.45.27:213][  0]LogConfig: Setting CVar [[r.SkyAtmosphere.TransmittanceLUT.UseSmallFormat:0]]
[2020.11.02-01.45.27:213][  0]LogConfig: Setting CVar [[r.SkyAtmosphere.TransmittanceLUT.SampleCount:10.0]]
[2020.11.02-01.45.27:213][  0]LogConfig: Setting CVar [[r.SkyAtmosphere.MultiScatteringLUT.SampleCount:15.0]]
[2020.11.02-01.45.27:213][  0]LogConfig: Applying CVar settings from Section [FoliageQuality@3] File [C:/Users/jseon/Desktop/Ue4CoopGame/CoopGame/Saved/Config/Windows/Scalability.ini]
[2020.11.02-01.45.27:213][  0]LogConfig: Setting CVar [[foliage.DensityScale:1.0]]
[2020.11.02-01.45.27:213][  0]LogConfig: Setting CVar [[grass.DensityScale:1.0]]
[2020.11.02-01.45.27:213][  0]LogConfig: Applying CVar settings from Section [ShadingQuality@3] File [C:/Users/jseon/Desktop/Ue4CoopGame/CoopGame/Saved/Config/Windows/Scalability.ini]
[2020.11.02-01.45.27:213][  0]LogConfig: Setting CVar [[r.HairStrands.SkyLighting.SampleCount:16]]
[2020.11.02-01.45.27:213][  0]LogConfig: Setting CVar [[r.HairStrands.SkyLighting.JitterIntegration:0]]
[2020.11.02-01.45.27:213][  0]LogConfig: Setting CVar [[r.HairStrands.SkyAO.SampleCount:16]]
[2020.11.02-01.45.27:213][  0]LogConfig: Setting CVar [[r.HairStrands.DeepShadow.SuperSampling:0]]
[2020.11.02-01.45.27:213][  0]LogConfig: Setting CVar [[r.HairStrands.VisibilityPPLL:0]]
[2020.11.02-01.45.27:213][  0]LogConfig: Setting CVar [[r.HairStrands.RasterizationScale:0.5]]
[2020.11.02-01.45.27:213][  0]LogConfig: Setting CVar [[r.HairStrands.VelocityRasterizationScale:1]]
[2020.11.02-01.45.27:214][  0]LogConfig: Applying CVar settings from Section [Startup] File [../../../Engine/Config/ConsoleVariables.ini]
[2020.11.02-01.45.27:214][  0]LogConfig: Setting CVar [[net.UseAdaptiveNetUpdateFrequency:0]]
[2020.11.02-01.45.27:214][  0]LogConfig: Setting CVar [[p.chaos.AllowCreatePhysxBodies:1]]
[2020.11.02-01.45.27:214][  0]LogConfig: Setting CVar [[fx.SkipVectorVMBackendOptimizations:1]]
[2020.11.02-01.45.27:214][  0]LogConfig: Applying CVar settings from Section [ConsoleVariables] File [C:/Users/jseon/Desktop/Ue4CoopGame/CoopGame/Saved/Config/Windows/Engine.ini]
[2020.11.02-01.45.27:214][  0]LogInit: Computer: DESKTOP-2A6O102
[2020.11.02-01.45.27:214][  0]LogInit: User: jseon
[2020.11.02-01.45.27:214][  0]LogInit: CPU Page size=4096, Cores=6
[2020.11.02-01.45.27:214][  0]LogInit: High frequency timer resolution =10.000000 MHz
[2020.11.02-01.45.27:215][  0]LogMemory: Memory total: Physical=31.9GB (32GB approx)
[2020.11.02-01.45.27:215][  0]LogMemory: Platform Memory Stats for Windows
[2020.11.02-01.45.27:215][  0]LogMemory: Process Physical Memory: 115.88 MB used, 115.89 MB peak
[2020.11.02-01.45.27:215][  0]LogMemory: Process Virtual Memory: 104.00 MB used, 104.00 MB peak
[2020.11.02-01.45.27:215][  0]LogMemory: Physical Memory: 9914.11 MB used,  22796.15 MB free, 32710.26 MB total
[2020.11.02-01.45.27:215][  0]LogMemory: Virtual Memory: 5147.21 MB used,  134212584.00 MB free, 134217728.00 MB total
[2020.11.02-01.45.27:232][  0]LogWindows: WindowsPlatformFeatures enabled
[2020.11.02-01.45.27:357][  0]LogInit: Physics initialised using underlying interface: PhysX
[2020.11.02-01.45.27:358][  0]LogInit: Using OS detected language (ko-KR).
[2020.11.02-01.45.27:358][  0]LogInit: Using OS detected locale (ko-KR).
[2020.11.02-01.45.27:366][  0]LogTextLocalizationManager: No specific localization for 'ko-KR' exists, so the 'ko' localization will be used.
[2020.11.02-01.45.27:453][  0]LogInit: Setting process to per monitor DPI aware
[2020.11.02-01.45.27:547][  0]LogSlate: New Slate User Created.  User Index 0, Is Virtual User: 0
[2020.11.02-01.45.27:547][  0]LogSlate: Slate User Registered.  User Index 0, Is Virtual User: 0
[2020.11.02-01.45.27:700][  0]LogHMD: Failed to initialize OpenVR with code 110
[2020.11.02-01.45.27:700][  0]LogD3D11RHI: D3D11 min allowed feature level: 11_0
[2020.11.02-01.45.27:700][  0]LogD3D11RHI: D3D11 max allowed feature level: 11_0
[2020.11.02-01.45.27:700][  0]LogD3D11RHI: D3D11 adapters:
[2020.11.02-01.45.27:825][  0]LogD3D11RHI:    0. 'NVIDIA GeForce RTX 2070 SUPER' (Feature Level 11_0)
[2020.11.02-01.45.27:825][  0]LogD3D11RHI:       8011/0/16355 MB DedicatedVideo/DedicatedSystem/SharedSystem, Outputs:1, VendorId:0x10de
[2020.11.02-01.45.27:830][  0]LogD3D11RHI:    1. 'Microsoft Basic Render Driver' (Feature Level 11_0)
[2020.11.02-01.45.27:830][  0]LogD3D11RHI:       0/0/16355 MB DedicatedVideo/DedicatedSystem/SharedSystem, Outputs:0, VendorId:0x1414
[2020.11.02-01.45.27:830][  0]LogD3D11RHI: Chosen D3D11 Adapter: 0
[2020.11.02-01.45.27:837][  0]LogD3D11RHI: Creating new Direct3DDevice
[2020.11.02-01.45.27:837][  0]LogD3D11RHI:     GPU DeviceId: 0x1e84 (for the marketing name, search the web for "GPU Device Id")
[2020.11.02-01.45.27:837][  0]LogWindows: EnumDisplayDevices:
[2020.11.02-01.45.27:838][  0]LogWindows:    0. 'NVIDIA GeForce RTX 2070 SUPER' (P:1 D:1)
[2020.11.02-01.45.27:839][  0]LogWindows:    1. 'NVIDIA GeForce RTX 2070 SUPER' (P:0 D:0)
[2020.11.02-01.45.27:840][  0]LogWindows:    2. 'NVIDIA GeForce RTX 2070 SUPER' (P:0 D:0)
[2020.11.02-01.45.27:841][  0]LogWindows:    3. 'NVIDIA GeForce RTX 2070 SUPER' (P:0 D:0)
[2020.11.02-01.45.27:841][  0]LogWindows: DebugString: FoundDriverCount:4 
[2020.11.02-01.45.27:841][  0]LogD3D11RHI:     Adapter Name: NVIDIA GeForce RTX 2070 SUPER
[2020.11.02-01.45.27:841][  0]LogD3D11RHI:   Driver Version: 436.48 (internal:26.21.14.3648, unified:436.48)
[2020.11.02-01.45.27:841][  0]LogD3D11RHI:      Driver Date: 9-26-2019
[2020.11.02-01.45.27:842][  0]LogRHI: Texture pool is 5607 MB (70% of 8011 MB)
[2020.11.02-01.45.27:901][  0]LogD3D11RHI: RHI has support for 64 bit atomics
[2020.11.02-01.45.27:901][  0]LogD3D11RHI: Async texture creation enabled
[2020.11.02-01.45.27:901][  0]LogD3D11RHI: Array index from any shader is supported
[2020.11.02-01.45.27:976][  0]LogD3D11RHI: GPU Timing Frequency: 1000.000000 (Debug: 2 1)
[2020.11.02-01.45.28:355][  0]LogTargetPlatformManager: Display: Loaded TargetPlatform 'AllDesktop'
[2020.11.02-01.45.28:380][  0]LogTargetPlatformManager: Display: Loaded TargetPlatform 'Android'
[2020.11.02-01.45.28:380][  0]LogTargetPlatformManager: Display: Loaded TargetPlatform 'Android_ASTC'
[2020.11.02-01.45.28:380][  0]LogTargetPlatformManager: Display: Loaded TargetPlatform 'Android_DXT'
[2020.11.02-01.45.28:380][  0]LogTargetPlatformManager: Display: Loaded TargetPlatform 'Android_ETC2'
[2020.11.02-01.45.28:380][  0]LogTargetPlatformManager: Display: Loaded TargetPlatform 'AndroidClient'
[2020.11.02-01.45.28:380][  0]LogTargetPlatformManager: Display: Loaded TargetPlatform 'Android_ASTCClient'
[2020.11.02-01.45.28:380][  0]LogTargetPlatformManager: Display: Loaded TargetPlatform 'Android_DXTClient'
[2020.11.02-01.45.28:380][  0]LogTargetPlatformManager: Display: Loaded TargetPlatform 'Android_ETC2Client'
[2020.11.02-01.45.28:380][  0]LogTargetPlatformManager: Display: Loaded TargetPlatform 'Android_Multi'
[2020.11.02-01.45.28:380][  0]LogTargetPlatformManager: Display: Loaded TargetPlatform 'Android_MultiClient'
[2020.11.02-01.45.28:413][  0]LogTargetPlatformManager: Display: Loaded TargetPlatform 'IOSClient'
[2020.11.02-01.45.28:413][  0]LogTargetPlatformManager: Display: Loaded TargetPlatform 'IOS'
[2020.11.02-01.45.28:428][  0]LogTargetPlatformManager: Display: Loaded TargetPlatform 'Linux'
[2020.11.02-01.45.28:442][  0]LogTargetPlatformManager: Display: Loaded TargetPlatform 'LinuxNoEditor'
[2020.11.02-01.45.28:454][  0]LogTargetPlatformManager: Display: Loaded TargetPlatform 'LinuxClient'
[2020.11.02-01.45.28:466][  0]LogTargetPlatformManager: Display: Loaded TargetPlatform 'LinuxServer'
[2020.11.02-01.45.28:478][  0]LogTargetPlatformManager: Display: Loaded TargetPlatform 'LinuxAArch64NoEditor'
[2020.11.02-01.45.28:491][  0]LogTargetPlatformManager: Display: Loaded TargetPlatform 'LinuxAArch64Client'
[2020.11.02-01.45.28:503][  0]LogTargetPlatformManager: Display: Loaded TargetPlatform 'LinuxAArch64Server'
[2020.11.02-01.45.28:533][  0]LogTargetPlatformManager: Display: Loaded TargetPlatform 'Lumin'
[2020.11.02-01.45.28:533][  0]LogTargetPlatformManager: Display: Loaded TargetPlatform 'LuminClient'
[2020.11.02-01.45.28:554][  0]LogTargetPlatformManager: Display: Loaded TargetPlatform 'TVOSClient'
[2020.11.02-01.45.28:555][  0]LogTargetPlatformManager: Display: Loaded TargetPlatform 'TVOS'
[2020.11.02-01.45.28:567][  0]LogTargetPlatformManager: Display: Loaded TargetPlatform 'WindowsNoEditor'
[2020.11.02-01.45.28:581][  0]LogTargetPlatformManager: Display: Loaded TargetPlatform 'Windows'
[2020.11.02-01.45.28:595][  0]LogTargetPlatformManager: Display: Loaded TargetPlatform 'WindowsClient'
[2020.11.02-01.45.28:608][  0]LogTargetPlatformManager: Display: Loaded TargetPlatform 'WindowsServer'
[2020.11.02-01.45.28:608][  0]LogTargetPlatformManager: Display: Building Assets For Windows
[2020.11.02-01.45.28:628][  0]LogAudioDebug: Display: Lib vorbis DLL was dynamically loaded.
[2020.11.02-01.45.28:780][  0]LogShaderCompilers: Guid format shader working directory is -12 characters bigger than the processId version (../../../../../../Users/jseon/Desktop/Ue4CoopGame/CoopGame/Intermediate/Shaders/WorkingDirectory/3340/).
[2020.11.02-01.45.28:781][  0]LogShaderCompilers: Cleaned the shader compiler working directory 'C:/Users/jseon/AppData/Local/Temp/UnrealShaderWorkingDir/2EBC52DC4AED4C18DE32DA8EFC6E5A1B/'.
[2020.11.02-01.45.28:781][  0]LogXGEController: Cleaning working directory: C:/Users/jseon/AppData/Local/Temp/UnrealXGEWorkingDir/
[2020.11.02-01.45.28:782][  0]LogXGEController: Cannot use XGE Controller as Incredibuild is not installed on this machine.
[2020.11.02-01.45.28:782][  0]LogShaderCompilers: Cannot use XGE Shader Compiler as Incredibuild is not installed on this machine.
[2020.11.02-01.45.28:782][  0]LogShaderCompilers: Display: Using Local Shader Compiler.
[2020.11.02-01.45.29:445][  0]LogDerivedDataCache: Display: Max Cache Size: 512 MB
[2020.11.02-01.45.29:489][  0]LogDerivedDataCache: Loaded boot cache 0.04s 75MB C:/Users/jseon/AppData/Local/UnrealEngine/4.25/DerivedDataCache/Boot.ddc.
[2020.11.02-01.45.29:489][  0]LogDerivedDataCache: Display: Loaded Boot cache: C:/Users/jseon/AppData/Local/UnrealEngine/4.25/DerivedDataCache/Boot.ddc
[2020.11.02-01.45.29:489][  0]LogDerivedDataCache: FDerivedDataBackendGraph:  Pak pak cache file ../../../../../../Users/jseon/Desktop/Ue4CoopGame/CoopGame/DerivedDataCache/DDC.ddp not found, will not use a pak cache.
[2020.11.02-01.45.29:489][  0]LogDerivedDataCache: Unable to find inner node Pak for hierarchical cache Hierarchy.
[2020.11.02-01.45.29:489][  0]LogDerivedDataCache: FDerivedDataBackendGraph:  CompressedPak pak cache file ../../../../../../Users/jseon/Desktop/Ue4CoopGame/CoopGame/DerivedDataCache/Compressed.ddp not found, will not use a pak cache.
[2020.11.02-01.45.29:489][  0]LogDerivedDataCache: Unable to find inner node CompressedPak for hierarchical cache Hierarchy.
[2020.11.02-01.45.29:498][  0]LogDerivedDataCache: Display: Pak cache opened for reading ../../../Engine/DerivedDataCache/Compressed.ddp.
[2020.11.02-01.45.29:498][  0]LogDerivedDataCache: FDerivedDataBackendGraph:  EnterprisePak pak cache file ../../../Enterprise/DerivedDataCache/Compressed.ddp not found, will not use a pak cache.
[2020.11.02-01.45.29:498][  0]LogDerivedDataCache: Unable to find inner node EnterprisePak for hierarchical cache Hierarchy.
[2020.11.02-01.45.29:500][  0]LogDerivedDataCache: Using Local data cache path C:/Users/jseon/AppData/Local/UnrealEngine/Common/DerivedDataCache: Writable
[2020.11.02-01.45.29:500][  0]LogDerivedDataCache: Shared data cache path not found in *engine.ini, will not use an Shared cache.
[2020.11.02-01.45.29:500][  0]LogDerivedDataCache: Unable to find inner node Shared for hierarchical cache Hierarchy.
[2020.11.02-01.45.29:542][  0]LogSlate: Using FreeType 2.10.0
[2020.11.02-01.45.29:542][  0]LogSlate: SlateFontServices - WITH_FREETYPE: 1, WITH_HARFBUZZ: 1
[2020.11.02-01.45.29:571][  0]LogAssetRegistry: FAssetRegistry took 0.0048 seconds to start up
[2020.11.02-01.45.29:771][  0]LogInit: Selected Device Profile: [Windows]
[2020.11.02-01.45.29:906][  0]LogMeshReduction: Using QuadricMeshReduction for automatic static mesh reduction
[2020.11.02-01.45.29:906][  0]LogMeshReduction: Using SimplygonMeshReduction for automatic skeletal mesh reduction
[2020.11.02-01.45.29:906][  0]LogMeshReduction: Using ProxyLODMeshReduction for automatic mesh merging
[2020.11.02-01.45.29:906][  0]LogMeshReduction: No distributed automatic mesh merging module available
[2020.11.02-01.45.29:906][  0]LogMeshMerging: No distributed automatic mesh merging module available
[2020.11.02-01.45.29:923][  0]LogNetVersion: CoopGame 1.0.0, NetCL: 13144385, EngineNetVer: 14, GameNetVer: 0 (Checksum: 2766024207)
[2020.11.02-01.45.30:306][  0]LogAISub: UAISubsystem::UAISubsystem AISubsystem (0000027A67944280), frame # 0
[2020.11.02-01.45.30:306][  0]LogAISub: UAISubsystem::UAISubsystem AIPerceptionSystem (0000027A67863C40), frame # 0
[2020.11.02-01.45.30:307][  0]LogAISub: UAISubsystem::UAISubsystem EnvQueryManager (0000027A678BDE00), frame # 0
[2020.11.02-01.45.30:358][  0]LogPackageLocalizationCache: Processed 19 localized package path(s) for 1 prioritized culture(s) in 0.044801 seconds
[2020.11.02-01.45.30:362][  0]LogUObjectArray: 15917 objects as part of root set at end of initial load.
[2020.11.02-01.45.30:362][  0]LogUObjectAllocator: 3965568 out of 0 bytes used by permanent object pool.
[2020.11.02-01.45.30:362][  0]LogUObjectArray: CloseDisregardForGC: 0/0 objects in disregard for GC pool
[2020.11.02-01.45.30:922][  0]LogTcpMessaging: Initializing TcpMessaging bridge
[2020.11.02-01.45.30:931][  0]LogUdpMessaging: Initializing bridge on interface 0.0.0.0:0 to multicast group 230.0.0.1:6666.
[2020.11.02-01.45.31:096][  0]SourceControl: 소스 컨트롤이 꺼졌습니다.
[2020.11.02-01.45.31:096][  0]SourceControl: 소스 컨트롤이 꺼졌습니다.
[2020.11.02-01.45.31:101][  0]SourceControl: 소스 컨트롤이 꺼졌습니다.
[2020.11.02-01.45.31:107][  0]SourceControl: 소스 컨트롤이 꺼졌습니다.
[2020.11.02-01.45.31:125][  0]SourceControl: 소스 컨트롤이 꺼졌습니다.
[2020.11.02-01.45.31:587][  0]LogAndroidPermission: UAndroidPermissionCallbackProxy::GetInstance
[2020.11.02-01.45.31:627][  0]LogAudioCaptureCore: Display: No Audio Capture implementations found. Audio input will be silent.
[2020.11.02-01.45.31:627][  0]LogAudioCaptureCore: Display: No Audio Capture implementations found. Audio input will be silent.
[2020.11.02-01.45.31:704][  0]LogOcInput: OculusInput pre-init called
[2020.11.02-01.45.31:725][  0]LogWindows: Failed to load 'OVRPlugin.dll' (GetLastError=126)
[2020.11.02-01.45.31:725][  0]LogWindows: File 'OVRPlugin.dll' does not exist
[2020.11.02-01.45.31:808][  0]LogEngine: Initializing Engine...
[2020.11.02-01.45.31:809][  0]LogHMD: Failed to initialize OpenVR with code 110
[2020.11.02-01.45.31:810][  0]LogMagicLeap: Warning: VR disabled because ZI is not enabled.  To enable, in the editor, Edit -> Project Settings -> Plugins -> Magic Leap Plugin -> Enable Zero Iteration
[2020.11.02-01.45.31:810][  0]LogStats: UGameplayTagsManager::InitializeManager -  0.000 s
[2020.11.02-01.45.31:909][  0]LogInit: Initializing FReadOnlyCVARCache
[2020.11.02-01.45.31:920][  0]LogAIModule: Creating AISystem for world Untitled
[2020.11.02-01.45.31:920][  0]LogAISub: UAISubsystem::UAISubsystem EnvQueryManager (0000027A6D013C00), frame # 0
[2020.11.02-01.45.31:920][  0]LogAISub: UAISubsystem::UAISubsystem AIPerceptionSystem (0000027A6D081080), frame # 0
[2020.11.02-01.45.31:935][  0]LogAudioMixer: Display: Audio Mixer Platform Settings:
[2020.11.02-01.45.31:935][  0]LogAudioMixer: Display: 	Sample Rate:						  48000
[2020.11.02-01.45.31:935][  0]LogAudioMixer: Display: 	Callback Buffer Frame Size Requested: 1024
[2020.11.02-01.45.31:935][  0]LogAudioMixer: Display: 	Callback Buffer Frame Size To Use:	  1024
[2020.11.02-01.45.31:935][  0]LogAudioMixer: Display: 	Number of buffers to queue:			  2
[2020.11.02-01.45.31:935][  0]LogAudioMixer: Display: 	Max Channels (voices):				  32
[2020.11.02-01.45.31:935][  0]LogAudioMixer: Display: 	Number of Async Source Workers:		  0
[2020.11.02-01.45.31:935][  0]LogAudio: Display: AudioDevice MaxSources: 32
[2020.11.02-01.45.31:936][  0]LogAudio: Display: Using built-in audio occlusion.
[2020.11.02-01.45.31:936][  0]LogAudioMixer: Display: Initializing audio mixer.
[2020.11.02-01.45.31:973][  0]LogAudioMixer: Display: 0: FrontLeft
[2020.11.02-01.45.31:973][  0]LogAudioMixer: Display: 1: FrontRight
[2020.11.02-01.45.32:059][  0]LogAudioMixer: Display: Using Audio Device 스피커(USB PnP Audio Device)
[2020.11.02-01.45.32:060][  0]LogAudioMixer: Display: Initializing Sound Submixes...
[2020.11.02-01.45.32:062][  0]LogAudioMixer: Display: Creating Master Submix 'MasterSubmixDefault'
[2020.11.02-01.45.32:062][  0]LogAudioMixer: Display: Creating Master Submix 'MasterReverbSubmixDefault'
[2020.11.02-01.45.32:063][  0]LogAudioMixer: Display: Creating Master Submix 'MasterEQSubmixDefault'
[2020.11.02-01.45.32:065][  0]LogInit: FAudioDevice initialized.
[2020.11.02-01.45.32:065][  0]LogNetVersion: Set ProjectVersion to 1.0.0.0. Version Checksum will be recalculated on next use.
[2020.11.02-01.45.32:132][  0]LogDerivedDataCache: Saved boot cache 0.07s 75MB C:/Users/jseon/AppData/Local/UnrealEngine/4.25/DerivedDataCache/Boot.ddc.
[2020.11.02-01.45.32:137][  0]LogInit: Texture streaming: Enabled
[2020.11.02-01.45.32:169][  0]LogEngineSessionManager: EngineSessionManager initialized
[2020.11.02-01.45.32:169][  0]LogEditorSessionSummary: Verbose: Initializing EditorSessionSummaryWriter for editor session tracking
[2020.11.02-01.45.32:175][  0]LogEditorSessionSummary: EditorSessionSummaryWriter initialized
[2020.11.02-01.45.32:225][  0]LogInit: Transaction tracking system initialized
[2020.11.02-01.45.32:269][  0]BlueprintLog: New page: 에디터 로드
[2020.11.02-01.45.32:405][  0]LocalizationService: 현지화 서비스가 비활성화되었습니다.
[2020.11.02-01.45.32:615][  0]LogCook: Display: Max memory allowance for cook 16384mb min free memory 0mb
[2020.11.02-01.45.32:615][  0]LogCook: Display: Mobile HDR setting 1
[2020.11.02-01.45.32:853][  0]LogFileCache: Scanning file cache for directory 'C:/Users/jseon/Desktop/Ue4CoopGame/CoopGame/Content/' took 0.00s
[2020.11.02-01.45.33:074][  0]SourceControl: 소스 컨트롤이 꺼졌습니다.
[2020.11.02-01.45.33:074][  0]LogUnrealEdMisc: Loading editor; pre map load, took 7.939
[2020.11.02-01.45.33:074][  0]Cmd: MAP LOAD FILE="../../../../../../Users/jseon/Desktop/Ue4CoopGame/CoopGame/Content/Maps/TestMap/Test1.umap" TEMPLATE=0 SHOWPROGRESS=1 FEATURELEVEL=3
[2020.11.02-01.45.33:074][  0]LightingResults: New page: 라이팅 빌드
[2020.11.02-01.45.33:075][  0]LogWorld: UWorld::CleanupWorld for Untitled, bSessionEnded=true, bCleanupResources=true
[2020.11.02-01.45.33:075][  0]LogSlate: InvalidateAllWidgets triggered.  All widgets were invalidated
[2020.11.02-01.45.33:075][  0]MapCheck: New page: 맵 체크
[2020.11.02-01.45.33:075][  0]LightingResults: New page: 라이팅 빌드
[2020.11.02-01.45.33:083][  0]LogAISub: UAISubsystem::~UAISubsystem EnvQueryManager (0000027A6D013C00), frame # 0
[2020.11.02-01.45.33:083][  0]LogAISub: UAISubsystem::~UAISubsystem AIPerceptionSystem (0000027A6D081080), frame # 0
[2020.11.02-01.45.33:084][  0]LogUObjectHash: Compacting FUObjectHashTables data took   0.54ms
[2020.11.02-01.45.33:140][  0]LogAIModule: Creating AISystem for world Test1
[2020.11.02-01.45.33:140][  0]LogAISub: UAISubsystem::UAISubsystem EnvQueryManager (0000027A6D530600), frame # 0
[2020.11.02-01.45.33:140][  0]LogAISub: UAISubsystem::UAISubsystem AIPerceptionSystem (0000027A6DA3D1C0), frame # 0
[2020.11.02-01.45.33:146][  0]LogEditorServer: Finished looking for orphan Actors (0.000 secs)
[2020.11.02-01.45.33:154][  0]LogUObjectHash: Compacting FUObjectHashTables data took   0.59ms
[2020.11.02-01.45.33:154][  0]Cmd: MAP CHECKDEP NOCLEARLOG
[2020.11.02-01.45.33:155][  0]MapCheck: 맵 체크 완료: 오류 0 회, 경고 0 회, 소요 시간 0.209ms.
[2020.11.02-01.45.33:155][  0]LogFileHelpers: Loading map 'Test1' took 0.081
[2020.11.02-01.45.33:157][  0]LogUnrealEdMisc: Total Editor Startup Time, took 8.022
[2020.11.02-01.45.33:279][  0]LogSlate: Updating window title bar state: overlay mode, drag disabled, window buttons hidden, title bar hidden
[2020.11.02-01.45.33:286][  0]LogSlate: Updating window title bar state: overlay mode, drag disabled, window buttons hidden, title bar hidden
[2020.11.02-01.45.33:292][  0]LogSlate: Updating window title bar state: overlay mode, drag disabled, window buttons hidden, title bar hidden
[2020.11.02-01.45.33:298][  0]LogSlate: Updating window title bar state: overlay mode, drag disabled, window buttons hidden, title bar hidden
[2020.11.02-01.45.33:312][  0]LogCollectionManager: Loaded 0 collections in 0.001930 seconds
[2020.11.02-01.45.33:330][  0]LogFileCache: Scanning file cache for directory 'C:/Users/jseon/Desktop/Ue4CoopGame/CoopGame/Saved/Collections/' took 0.00s
[2020.11.02-01.45.33:331][  0]LogFileCache: Scanning file cache for directory 'C:/Users/jseon/Desktop/Ue4CoopGame/CoopGame/Content/Developers/jseon/Collections/' took 0.00s
[2020.11.02-01.45.33:331][  0]LogFileCache: Scanning file cache for directory 'C:/Users/jseon/Desktop/Ue4CoopGame/CoopGame/Content/Collections/' took 0.00s
[2020.11.02-01.45.33:331][  0]LogContentBrowser: Native class hierarchy populated in 0.0083 seconds. Added 3429 classes and 824 folders.
[2020.11.02-01.45.33:335][  0]LogContentBrowser: Native class hierarchy updated for 'WidgetCarousel' in 0.0004 seconds. Added 0 classes and 0 folders.
[2020.11.02-01.45.33:397][  0]LogContentBrowser: Native class hierarchy updated for 'AddContentDialog' in 0.0004 seconds. Added 0 classes and 0 folders.
[2020.11.02-01.45.33:400][  0]LogContentBrowser: Native class hierarchy updated for 'SceneOutliner' in 0.0004 seconds. Added 2 classes and 0 folders.
[2020.11.02-01.45.33:479][  0]LogContentBrowser: Native class hierarchy updated for 'HierarchicalLODOutliner' in 0.0006 seconds. Added 0 classes and 0 folders.
[2020.11.02-01.45.33:479][  0]LogLoad: (Engine Initialization) Total time: 8.34 seconds
[2020.11.02-01.45.33:479][  0]LogLoad: (Engine Initialization) Total Blueprint compile time: 0.00 seconds
[2020.11.02-01.45.33:513][  0]LogAssetRegistry: Asset discovery search completed in 3.9453 seconds
[2020.11.02-01.45.33:517][  0]LogCollectionManager: Fixed up redirectors for 0 collections in 0.000002 seconds (updated 0 objects)
[2020.11.02-01.45.33:518][  0]LogContentStreaming: Texture pool size now 1000 MB
[2020.11.02-01.45.33:522][  0]LogSlate: Took 0.000139 seconds to synchronously load lazily loaded font '../../../Engine/Content/Slate/Fonts/Roboto-Regular.ttf' (155K)
[2020.11.02-01.45.33:524][  0]LogSlate: Took 0.001349 seconds to synchronously load lazily loaded font '../../../Engine/Content/Editor/Slate/Fonts/NanumGothic.ttf' (4243K)
[2020.11.02-01.45.33:526][  0]LogSlate: Took 0.001311 seconds to synchronously load lazily loaded font '../../../Engine/Content/Editor/Slate/Fonts/NanumGothicBold.ttf' (4188K)
[2020.11.02-01.45.33:526][  0]LogSlate: Took 0.000133 seconds to synchronously load lazily loaded font '../../../Engine/Content/Slate/Fonts/Roboto-Bold.ttf' (160K)
[2020.11.02-01.45.33:529][  0]LogSlate: Took 0.000137 seconds to synchronously load lazily loaded font '../../../Engine/Content/Editor/Slate/Fonts/FontAwesome.ttf' (139K)
[2020.11.02-01.45.33:585][  0]LogRenderer: Reallocating scene render targets to support 716x548 Format 10 NumSamples 1 (Frame:1).
[2020.11.02-01.45.33:586][  0]LogSlate: Took 0.000179 seconds to synchronously load lazily loaded font '../../../Engine/Content/Slate/Fonts/Roboto-Light.ttf' (167K)
[2020.11.02-01.45.37:407][440]LogSlate: Took 0.000212 seconds to synchronously load lazily loaded font '../../../Engine/Content/Slate/Fonts/Roboto-Light.ttf' (167K)
[2020.11.02-01.45.37:422][440]LogAssetEditorSubsystem: Opening Asset editor for Blueprint /Game/Blueprints/PlayerPawn.PlayerPawn
[2020.11.02-01.45.37:587][440]LogContentBrowser: Native class hierarchy updated for 'BlueprintGraph' in 0.0006 seconds. Added 125 classes and 0 folders.
[2020.11.02-01.45.40:211][641]LogSlate: Window 'PlayerPawn' being destroyed
[2020.11.02-01.45.40:230][641]LogWorld: UWorld::CleanupWorld for World_0, bSessionEnded=true, bCleanupResources=true
[2020.11.02-01.45.40:230][641]LogSlate: InvalidateAllWidgets triggered.  All widgets were invalidated
[2020.11.02-01.45.40:268][641]LogAssetEditorSubsystem: Opening Asset editor for Blueprint /Game/Blueprints/PlayerPawn.PlayerPawn
[2020.11.02-01.45.40:608][641]LogSlate: Took 0.000184 seconds to synchronously load lazily loaded font '../../../Engine/Content/Slate/Fonts/Roboto-BoldCondensed.ttf' (158K)
[2020.11.02-01.45.41:960][785]LogSlate: Window 'PlayerPawn' being destroyed
[2020.11.02-01.45.43:016][900]LogRenderer: Reallocating scene render targets to support 716x676 Format 10 NumSamples 1 (Frame:1).
[2020.11.02-01.46.09:591][560]LogTemp: Repeating last play command: 선택된 뷰포트
[2020.11.02-01.46.09:606][560]LogPlayLevel: PlayLevel: No blueprints needed recompiling
[2020.11.02-01.46.09:606][560]PIE: New page: PIE 세션: Test1 (2020. 11. 2. 오후 7:46:09)
[2020.11.02-01.46.09:608][560]LogOnline: OSS: Creating online subsystem instance for: NULL
[2020.11.02-01.46.09:610][560]LogOnline: OSS: TryLoadSubsystemAndSetDefault: Loaded subsystem for module [NULL]
[2020.11.02-01.46.09:610][560]LogPlayLevel: Creating play world package: /Game/Maps/TestMap/UEDPIE_0_Test1
[2020.11.02-01.46.09:612][560]LogPlayLevel: PIE: StaticDuplicateObject took: (0.002073s)
[2020.11.02-01.46.09:613][560]LogAIModule: Creating AISystem for world Test1
[2020.11.02-01.46.09:613][560]LogAISub: UAISubsystem::UAISubsystem EnvQueryManager (0000027A19001800), frame # 3560
[2020.11.02-01.46.09:613][560]LogAISub: UAISubsystem::UAISubsystem AIPerceptionSystem (0000027A2B85CF40), frame # 3560
[2020.11.02-01.46.09:614][560]LogPlayLevel: PIE: World Init took: (0.001560s)
[2020.11.02-01.46.09:614][560]LogPlayLevel: PIE: Created PIE world by copying editor world from /Game/Maps/TestMap/Test1.Test1 to /Game/Maps/TestMap/UEDPIE_0_Test1.Test1 (0.003933s)
[2020.11.02-01.46.09:634][560]LogUObjectHash: Compacting FUObjectHashTables data took   1.44ms
[2020.11.02-01.46.09:636][560]LogAudioMixer: Display: Audio Mixer Platform Settings:
[2020.11.02-01.46.09:636][560]LogAudioMixer: Display: 	Sample Rate:						  48000
[2020.11.02-01.46.09:636][560]LogAudioMixer: Display: 	Callback Buffer Frame Size Requested: 1024
[2020.11.02-01.46.09:636][560]LogAudioMixer: Display: 	Callback Buffer Frame Size To Use:	  1024
[2020.11.02-01.46.09:636][560]LogAudioMixer: Display: 	Number of buffers to queue:			  2
[2020.11.02-01.46.09:636][560]LogAudioMixer: Display: 	Max Channels (voices):				  32
[2020.11.02-01.46.09:636][560]LogAudioMixer: Display: 	Number of Async Source Workers:		  0
[2020.11.02-01.46.09:636][560]LogAudio: Display: AudioDevice MaxSources: 32
[2020.11.02-01.46.09:636][560]LogAudio: Display: Using built-in audio occlusion.
[2020.11.02-01.46.09:637][560]LogAudioMixer: Display: Initializing audio mixer.
[2020.11.02-01.46.09:652][560]LogAudioMixer: Display: 0: FrontLeft
[2020.11.02-01.46.09:652][560]LogAudioMixer: Display: 1: FrontRight
[2020.11.02-01.46.09:706][560]LogAudioMixer: Display: Using Audio Device 스피커(USB PnP Audio Device)
[2020.11.02-01.46.09:706][560]LogAudioMixer: Display: Initializing Sound Submixes...
[2020.11.02-01.46.09:707][560]LogAudioMixer: Display: Creating Master Submix 'MasterSubmixDefault'
[2020.11.02-01.46.09:707][560]LogAudioMixer: Display: Creating Master Submix 'MasterReverbSubmixDefault'
[2020.11.02-01.46.09:707][560]LogAudioMixer: Display: Creating Master Submix 'MasterEQSubmixDefault'
[2020.11.02-01.46.09:720][560]LogInit: FAudioDevice initialized.
[2020.11.02-01.46.09:734][560]LogLoad: Game class is 'CoopGameGameModeBase'
[2020.11.02-01.46.09:735][560]LogWorld: Bringing World /Game/Maps/TestMap/UEDPIE_0_Test1.Test1 up for play (max tick rate 0) at 2020.11.02-10.46.09
[2020.11.02-01.46.09:735][560]LogWorld: Bringing up level for play took: 0.000570
[2020.11.02-01.46.09:736][560]LogOnline: OSS: Creating online subsystem instance for: :Context_3
[2020.11.02-01.46.09:739][560]LogContentBrowser: Native class hierarchy updated for 'MovieSceneCapture' in 0.0004 seconds. Added 20 classes and 0 folders.
[2020.11.02-01.46.09:740][560]PIE: 서버가 로그인했습니다.
[2020.11.02-01.46.09:740][560]PIE: 에디터에서 플레이 총 시작 시간 0.138초입니다.
[2020.11.02-01.46.12:985][913]LogSlate: Updating window title bar state: overlay mode, drag disabled, window buttons hidden, title bar hidden
[2020.11.02-01.46.12:986][913]LogWorld: BeginTearingDown for /Game/Maps/TestMap/UEDPIE_0_Test1
[2020.11.02-01.46.12:986][913]LogWorld: UWorld::CleanupWorld for Test1, bSessionEnded=true, bCleanupResources=true
[2020.11.02-01.46.12:986][913]LogSlate: InvalidateAllWidgets triggered.  All widgets were invalidated
[2020.11.02-01.46.12:997][913]LogPlayLevel: Display: Shutting down PIE online subsystems
[2020.11.02-01.46.13:001][913]LogSlate: InvalidateAllWidgets triggered.  All widgets were invalidated
[2020.11.02-01.46.13:052][913]LogSlate: Updating window title bar state: overlay mode, drag disabled, window buttons hidden, title bar hidden
[2020.11.02-01.46.13:058][913]LogAISub: UAISubsystem::~UAISubsystem EnvQueryManager (0000027A19001800), frame # 3913
[2020.11.02-01.46.13:058][913]LogAISub: UAISubsystem::~UAISubsystem AIPerceptionSystem (0000027A2B85CF40), frame # 3913
[2020.11.02-01.46.13:071][913]LogUObjectHash: Compacting FUObjectHashTables data took   2.38ms
[2020.11.02-01.46.13:094][914]LogPlayLevel: Display: Destroying online subsystem :Context_3
[2020.11.02-01.46.40:969][224]BlueprintLog: New page: PlayerPawn 컴파일
[2020.11.02-01.46.41:037][224]LogUObjectHash: Compacting FUObjectHashTables data took   2.34ms
[2020.11.02-01.46.41:440][269]Cmd: OBJ SAVEPACKAGE PACKAGE="/Game/Blueprints/PlayerPawn" FILE="../../../../../../Users/jseon/Desktop/Ue4CoopGame/CoopGame/Content/Blueprints/PlayerPawn.uasset" SILENT=true
[2020.11.02-01.46.41:456][269]LogSavePackage: Moving '../../../../../../Users/jseon/Desktop/Ue4CoopGame/CoopGame/Saved/PlayerPawnA99ADE8146250330C006B99301F3E521.tmp' to '../../../../../../Users/jseon/Desktop/Ue4CoopGame/CoopGame/Content/Blueprints/PlayerPawn.uasset'
[2020.11.02-01.46.41:472][269]AssetCheck: New page: 애셋 저장: PlayerPawn
[2020.11.02-01.46.41:473][269]LogContentValidation: Display: Blueprint /Game/Blueprints/PlayerPawn.PlayerPawn 유효성 검사
[2020.11.02-01.46.42:745][420]LogSlate: Took 0.000205 seconds to synchronously load lazily loaded font '../../../Engine/Content/Slate/Fonts/Roboto-Italic.ttf' (157K)
[2020.11.02-01.46.58:901][324]LogTemp: Repeating last play command: 선택된 뷰포트
[2020.11.02-01.46.58:919][324]LogPlayLevel: PlayLevel: No blueprints needed recompiling
[2020.11.02-01.46.58:919][324]PIE: New page: PIE 세션: Test1 (2020. 11. 2. 오후 7:46:58)
[2020.11.02-01.46.58:962][324]LogPlayLevel: Creating play world package: /Game/Maps/TestMap/UEDPIE_0_Test1
[2020.11.02-01.46.58:964][324]LogPlayLevel: PIE: StaticDuplicateObject took: (0.001880s)
[2020.11.02-01.46.58:965][324]LogAIModule: Creating AISystem for world Test1
[2020.11.02-01.46.58:965][324]LogAISub: UAISubsystem::UAISubsystem EnvQueryManager (0000027A118D9000), frame # 9324
[2020.11.02-01.46.58:965][324]LogAISub: UAISubsystem::UAISubsystem AIPerceptionSystem (0000027A801B1E40), frame # 9324
[2020.11.02-01.46.58:965][324]LogPlayLevel: PIE: World Init took: (0.001290s)
[2020.11.02-01.46.58:966][324]LogPlayLevel: PIE: Created PIE world by copying editor world from /Game/Maps/TestMap/Test1.Test1 to /Game/Maps/TestMap/UEDPIE_0_Test1.Test1 (0.003522s)
[2020.11.02-01.46.58:984][324]LogUObjectHash: Compacting FUObjectHashTables data took   2.10ms
[2020.11.02-01.46.58:986][324]LogAudioMixer: Display: Audio Mixer Platform Settings:
[2020.11.02-01.46.58:986][324]LogAudioMixer: Display: 	Sample Rate:						  48000
[2020.11.02-01.46.58:986][324]LogAudioMixer: Display: 	Callback Buffer Frame Size Requested: 1024
[2020.11.02-01.46.58:986][324]LogAudioMixer: Display: 	Callback Buffer Frame Size To Use:	  1024
[2020.11.02-01.46.58:986][324]LogAudioMixer: Display: 	Number of buffers to queue:			  2
[2020.11.02-01.46.58:986][324]LogAudioMixer: Display: 	Max Channels (voices):				  32
[2020.11.02-01.46.58:986][324]LogAudioMixer: Display: 	Number of Async Source Workers:		  0
[2020.11.02-01.46.58:986][324]LogAudio: Display: AudioDevice MaxSources: 32
[2020.11.02-01.46.58:986][324]LogAudio: Display: Using built-in audio occlusion.
[2020.11.02-01.46.58:987][324]LogAudioMixer: Display: Initializing audio mixer.
[2020.11.02-01.46.59:002][324]LogAudioMixer: Display: 0: FrontLeft
[2020.11.02-01.46.59:002][324]LogAudioMixer: Display: 1: FrontRight
[2020.11.02-01.46.59:055][324]LogAudioMixer: Display: Using Audio Device 스피커(USB PnP Audio Device)
[2020.11.02-01.46.59:055][324]LogAudioMixer: Display: Initializing Sound Submixes...
[2020.11.02-01.46.59:055][324]LogAudioMixer: Display: Creating Master Submix 'MasterSubmixDefault'
[2020.11.02-01.46.59:055][324]LogAudioMixer: Display: Creating Master Submix 'MasterReverbSubmixDefault'
[2020.11.02-01.46.59:055][324]LogAudioMixer: Display: Creating Master Submix 'MasterEQSubmixDefault'
[2020.11.02-01.46.59:067][324]LogInit: FAudioDevice initialized.
[2020.11.02-01.46.59:081][324]LogLoad: Game class is 'CoopGameGameModeBase'
[2020.11.02-01.46.59:082][324]LogWorld: Bringing World /Game/Maps/TestMap/UEDPIE_0_Test1.Test1 up for play (max tick rate 0) at 2020.11.02-10.46.59
[2020.11.02-01.46.59:083][324]LogWorld: Bringing up level for play took: 0.000554
[2020.11.02-01.46.59:083][324]LogOnline: OSS: Creating online subsystem instance for: :Context_5
[2020.11.02-01.46.59:085][324]PIE: 서버가 로그인했습니다.
[2020.11.02-01.46.59:086][324]PIE: 에디터에서 플레이 총 시작 시간 0.173초입니다.
[2020.11.02-01.47.04:064][917]LogSlate: Updating window title bar state: overlay mode, drag disabled, window buttons hidden, title bar hidden
[2020.11.02-01.47.04:065][917]LogWorld: BeginTearingDown for /Game/Maps/TestMap/UEDPIE_0_Test1
[2020.11.02-01.47.04:065][917]LogWorld: UWorld::CleanupWorld for Test1, bSessionEnded=true, bCleanupResources=true
[2020.11.02-01.47.04:065][917]LogSlate: InvalidateAllWidgets triggered.  All widgets were invalidated
[2020.11.02-01.47.04:074][917]LogPlayLevel: Display: Shutting down PIE online subsystems
[2020.11.02-01.47.04:077][917]LogSlate: InvalidateAllWidgets triggered.  All widgets were invalidated
[2020.11.02-01.47.04:096][917]LogSlate: Updating window title bar state: overlay mode, drag disabled, window buttons hidden, title bar hidden
[2020.11.02-01.47.04:127][917]LogAISub: UAISubsystem::~UAISubsystem AIPerceptionSystem (0000027A801B1E40), frame # 9917
[2020.11.02-01.47.04:127][917]LogAISub: UAISubsystem::~UAISubsystem EnvQueryManager (0000027A118D9000), frame # 9917
[2020.11.02-01.47.04:129][917]LogUObjectHash: Compacting FUObjectHashTables data took   1.82ms
[2020.11.02-01.47.04:153][918]LogPlayLevel: Display: Destroying online subsystem :Context_5
[2020.11.02-01.47.48:055][110]BlueprintLog: New page: PlayerPawn 컴파일
[2020.11.02-01.47.48:111][110]LogUObjectHash: Compacting FUObjectHashTables data took   1.99ms
[2020.11.02-01.47.49:323][250]Cmd: OBJ SAVEPACKAGE PACKAGE="/Game/Blueprints/PlayerPawn" FILE="../../../../../../Users/jseon/Desktop/Ue4CoopGame/CoopGame/Content/Blueprints/PlayerPawn.uasset" SILENT=true
[2020.11.02-01.47.49:336][250]LogSavePackage: Moving '../../../../../../Users/jseon/Desktop/Ue4CoopGame/CoopGame/Saved/PlayerPawn7760968C46B8C34CFA4557B09681089B.tmp' to '../../../../../../Users/jseon/Desktop/Ue4CoopGame/CoopGame/Content/Blueprints/PlayerPawn.uasset'
[2020.11.02-01.47.49:347][250]AssetCheck: New page: 애셋 저장: PlayerPawn
[2020.11.02-01.47.49:347][250]LogContentValidation: Display: Blueprint /Game/Blueprints/PlayerPawn.PlayerPawn 유효성 검사
[2020.11.02-01.48.24:104][396]BlueprintLog: New page: PlayerPawn 컴파일
[2020.11.02-01.48.24:163][396]LogUObjectHash: Compacting FUObjectHashTables data took   2.69ms
[2020.11.02-01.48.26:659][680]Cmd: OBJ SAVEPACKAGE PACKAGE="/Game/Blueprints/PlayerPawn" FILE="../../../../../../Users/jseon/Desktop/Ue4CoopGame/CoopGame/Content/Blueprints/PlayerPawn.uasset" SILENT=true
[2020.11.02-01.48.26:673][680]LogSavePackage: Moving '../../../../../../Users/jseon/Desktop/Ue4CoopGame/CoopGame/Saved/PlayerPawn05147A5F4A3CEEA9D0CE74899D923A36.tmp' to '../../../../../../Users/jseon/Desktop/Ue4CoopGame/CoopGame/Content/Blueprints/PlayerPawn.uasset'
[2020.11.02-01.48.26:687][680]AssetCheck: New page: 애셋 저장: PlayerPawn
[2020.11.02-01.48.26:687][680]LogContentValidation: Display: Blueprint /Game/Blueprints/PlayerPawn.PlayerPawn 유효성 검사
[2020.11.02-01.48.28:943][936]Cmd: OBJ SAVEPACKAGE PACKAGE="/Game/Maps/TestMap/Test1" FILE="../../../../../../Users/jseon/Desktop/Ue4CoopGame/CoopGame/Content/Maps/TestMap/Test1.umap" SILENT=true AUTOSAVING=false KEEPDIRTY=false
[2020.11.02-01.48.28:965][936]LogUObjectHash: Compacting FUObjectHashTables data took   2.08ms
[2020.11.02-01.48.28:987][936]LogSavePackage: Moving '../../../../../../Users/jseon/Desktop/Ue4CoopGame/CoopGame/Saved/Test1E3722A8C429F766DDE165AAD5CF9619C.tmp' to '../../../../../../Users/jseon/Desktop/Ue4CoopGame/CoopGame/Content/Maps/TestMap/Test1.umap'
[2020.11.02-01.48.29:012][936]Cmd: OBJ SAVEPACKAGE PACKAGE="/Game/Maps/TestMap/Test1_BuiltData" FILE="../../../../../../Users/jseon/Desktop/Ue4CoopGame/CoopGame/Content/Maps/TestMap/Test1_BuiltData.uasset" SILENT=true
[2020.11.02-01.48.29:030][936]LogSavePackage: Moving '../../../../../../Users/jseon/Desktop/Ue4CoopGame/CoopGame/Saved/Test1_BuiltData043465A9409A952AF951BEA0BD13EF71.tmp' to '../../../../../../Users/jseon/Desktop/Ue4CoopGame/CoopGame/Content/Maps/TestMap/Test1_BuiltData.uasset'
[2020.11.02-01.48.29:049][936]AssetCheck: New page: 애셋 저장: 애셋이 다수입니다.
[2020.11.02-01.48.29:049][936]LogContentValidation: Display: World /Game/Maps/TestMap/Test1.Test1 유효성 검사
[2020.11.02-01.48.29:049][936]LogContentValidation: Display: MapBuildDataRegistry /Game/Maps/TestMap/Test1_BuiltData.Test1_BuiltData 유효성 검사
[2020.11.02-01.48.31:446][205]LogTemp: Repeating last play command: 선택된 뷰포트
[2020.11.02-01.48.31:464][205]LogPlayLevel: PlayLevel: No blueprints needed recompiling
[2020.11.02-01.48.31:464][205]PIE: New page: PIE 세션: Test1 (2020. 11. 2. 오후 7:48:31)
[2020.11.02-01.48.31:501][205]LogPlayLevel: Creating play world package: /Game/Maps/TestMap/UEDPIE_0_Test1
[2020.11.02-01.48.31:503][205]LogPlayLevel: PIE: StaticDuplicateObject took: (0.001951s)
[2020.11.02-01.48.31:504][205]LogAIModule: Creating AISystem for world Test1
[2020.11.02-01.48.31:504][205]LogAISub: UAISubsystem::UAISubsystem EnvQueryManager (0000027A1521F800), frame # 20205
[2020.11.02-01.48.31:505][205]LogAISub: UAISubsystem::UAISubsystem AIPerceptionSystem (0000027A801B2340), frame # 20205
[2020.11.02-01.48.31:505][205]LogPlayLevel: PIE: World Init took: (0.001248s)
[2020.11.02-01.48.31:505][205]LogPlayLevel: PIE: Created PIE world by copying editor world from /Game/Maps/TestMap/Test1.Test1 to /Game/Maps/TestMap/UEDPIE_0_Test1.Test1 (0.003531s)
[2020.11.02-01.48.31:524][205]LogUObjectHash: Compacting FUObjectHashTables data took   1.75ms
[2020.11.02-01.48.31:525][205]LogAudioMixer: Display: Audio Mixer Platform Settings:
[2020.11.02-01.48.31:525][205]LogAudioMixer: Display: 	Sample Rate:						  48000
[2020.11.02-01.48.31:525][205]LogAudioMixer: Display: 	Callback Buffer Frame Size Requested: 1024
[2020.11.02-01.48.31:525][205]LogAudioMixer: Display: 	Callback Buffer Frame Size To Use:	  1024
[2020.11.02-01.48.31:525][205]LogAudioMixer: Display: 	Number of buffers to queue:			  2
[2020.11.02-01.48.31:526][205]LogAudioMixer: Display: 	Max Channels (voices):				  32
[2020.11.02-01.48.31:526][205]LogAudioMixer: Display: 	Number of Async Source Workers:		  0
[2020.11.02-01.48.31:526][205]LogAudio: Display: AudioDevice MaxSources: 32
[2020.11.02-01.48.31:526][205]LogAudio: Display: Using built-in audio occlusion.
[2020.11.02-01.48.31:526][205]LogAudioMixer: Display: Initializing audio mixer.
[2020.11.02-01.48.31:542][205]LogAudioMixer: Display: 0: FrontLeft
[2020.11.02-01.48.31:542][205]LogAudioMixer: Display: 1: FrontRight
[2020.11.02-01.48.31:598][205]LogAudioMixer: Display: Using Audio Device 스피커(USB PnP Audio Device)
[2020.11.02-01.48.31:598][205]LogAudioMixer: Display: Initializing Sound Submixes...
[2020.11.02-01.48.31:598][205]LogAudioMixer: Display: Creating Master Submix 'MasterSubmixDefault'
[2020.11.02-01.48.31:598][205]LogAudioMixer: Display: Creating Master Submix 'MasterReverbSubmixDefault'
[2020.11.02-01.48.31:599][205]LogAudioMixer: Display: Creating Master Submix 'MasterEQSubmixDefault'
[2020.11.02-01.48.31:610][205]LogInit: FAudioDevice initialized.
[2020.11.02-01.48.31:623][205]LogLoad: Game class is 'CoopGameGameModeBase'
[2020.11.02-01.48.31:624][205]LogWorld: Bringing World /Game/Maps/TestMap/UEDPIE_0_Test1.Test1 up for play (max tick rate 0) at 2020.11.02-10.48.31
[2020.11.02-01.48.31:624][205]LogWorld: Bringing up level for play took: 0.000531
[2020.11.02-01.48.31:624][205]LogOnline: OSS: Creating online subsystem instance for: :Context_6
[2020.11.02-01.48.31:626][205]PIE: 서버가 로그인했습니다.
[2020.11.02-01.48.31:627][205]PIE: 에디터에서 플레이 총 시작 시간 0.169초입니다.
[2020.11.02-01.48.36:290][756]AmbientCubemap=1
[2020.11.02-01.48.36:290][756]AmbientOcclusion=1
[2020.11.02-01.48.36:290][756]AntiAliasing=1
[2020.11.02-01.48.36:291][756]Atmosphere=1
[2020.11.02-01.48.36:291][756]AudioRadius=0
[2020.11.02-01.48.36:291][756]BillboardSprites=1
[2020.11.02-01.48.36:291][756]Bloom=1
[2020.11.02-01.48.36:291][756]Bones=0
[2020.11.02-01.48.36:291][756]Bounds=0
[2020.11.02-01.48.36:291][756]Brushes=0
[2020.11.02-01.48.36:291][756]BSP=1
[2020.11.02-01.48.36:291][756]BSPSplit=0
[2020.11.02-01.48.36:291][756]BSPTriangles=1
[2020.11.02-01.48.36:291][756]BuilderBrush=1
[2020.11.02-01.48.36:291][756]CameraAspectRatioBars=0
[2020.11.02-01.48.36:291][756]CameraFrustums=0
[2020.11.02-01.48.36:292][756]CameraImperfections=1
[2020.11.02-01.48.36:292][756]CameraInterpolation=1
[2020.11.02-01.48.36:292][756]CameraSafeFrames=0
[2020.11.02-01.48.36:292][756]CapsuleShadows=1
[2020.11.02-01.48.36:292][756]Collision=0
[2020.11.02-01.48.36:292][756]CollisionPawn=0
[2020.11.02-01.48.36:292][756]CollisionVisibility=0
[2020.11.02-01.48.36:292][756]ColorGrading=1
[2020.11.02-01.48.36:292][756]CompositeEditorPrimitives=0
[2020.11.02-01.48.36:292][756]Constraints=0
[2020.11.02-01.48.36:292][756]ContactShadows=1
[2020.11.02-01.48.36:292][756]Cover=0
[2020.11.02-01.48.36:292][756]DebugAI=0
[2020.11.02-01.48.36:292][756]Decals=1
[2020.11.02-01.48.36:292][756]DeferredLighting=1
[2020.11.02-01.48.36:292][756]DepthOfField=1
[2020.11.02-01.48.36:293][756]Diffuse=1
[2020.11.02-01.48.36:293][756]DirectionalLights=1
[2020.11.02-01.48.36:293][756]DirectLighting=1
[2020.11.02-01.48.36:293][756]DistanceCulledPrimitives=0
[2020.11.02-01.48.36:293][756]DistanceFieldAO=1
[2020.11.02-01.48.36:293][756]DistanceFieldGI=1
[2020.11.02-01.48.36:293][756]DynamicShadows=1
[2020.11.02-01.48.36:293][756]Editor=0
[2020.11.02-01.48.36:293][756]EyeAdaptation=1
[2020.11.02-01.48.36:293][756]Fog=1
[2020.11.02-01.48.36:293][756]ForceFeedbackRadius=1
[2020.11.02-01.48.36:293][756]Game=1
[2020.11.02-01.48.36:293][756]GameplayDebug=1
[2020.11.02-01.48.36:293][756]GBufferHints=0
[2020.11.02-01.48.36:293][756]GlobalIllumination=1
[2020.11.02-01.48.36:293][756]Grain=1
[2020.11.02-01.48.36:293][756]Grid=0
[2020.11.02-01.48.36:293][756]HighResScreenshotMask=0
[2020.11.02-01.48.36:293][756]HISMCClusterTree=0
[2020.11.02-01.48.36:294][756]HISMCOcclusionBounds=0
[2020.11.02-01.48.36:294][756]HitProxies=0
[2020.11.02-01.48.36:294][756]HLODColoration=0
[2020.11.02-01.48.36:294][756]HMDDistortion=0
[2020.11.02-01.48.36:294][756]IndirectLightingCache=1
[2020.11.02-01.48.36:294][756]InstancedFoliage=1
[2020.11.02-01.48.36:294][756]InstancedGrass=1
[2020.11.02-01.48.36:294][756]InstancedStaticMeshes=1
[2020.11.02-01.48.36:294][756]Landscape=1
[2020.11.02-01.48.36:294][756]LargeVertices=0
[2020.11.02-01.48.36:294][756]LensFlares=1
[2020.11.02-01.48.36:294][756]LevelColoration=0
[2020.11.02-01.48.36:294][756]LightComplexity=0
[2020.11.02-01.48.36:294][756]LightFunctions=1
[2020.11.02-01.48.36:294][756]LightInfluences=0
[2020.11.02-01.48.36:294][756]Lighting=1
[2020.11.02-01.48.36:294][756]LightingOnlyOverride=0
[2020.11.02-01.48.36:294][756]LightMapDensity=0
[2020.11.02-01.48.36:294][756]LightRadius=0
[2020.11.02-01.48.36:295][756]LightShafts=1
[2020.11.02-01.48.36:295][756]LOD=1
[2020.11.02-01.48.36:295][756]LODColoration=0
[2020.11.02-01.48.36:295][756]MassProperties=0
[2020.11.02-01.48.36:295][756]Materials=1
[2020.11.02-01.48.36:295][756]MaterialTextureScaleAccuracy=0
[2020.11.02-01.48.36:295][756]MediaPlanes=1
[2020.11.02-01.48.36:295][756]MeshEdges=0
[2020.11.02-01.48.36:295][756]MeshUVDensityAccuracy=0
[2020.11.02-01.48.36:295][756]ModeWidgets=0
[2020.11.02-01.48.36:295][756]MotionBlur=1
[2020.11.02-01.48.36:295][756]Navigation=0
[2020.11.02-01.48.36:295][756]OcclusionMeshes=0
[2020.11.02-01.48.36:295][756]OnScreenDebug=1
[2020.11.02-01.48.36:295][756]OutputMaterialTextureScales=0
[2020.11.02-01.48.36:295][756]OverrideDiffuseAndSpecular=0
[2020.11.02-01.48.36:295][756]Paper2DSprites=1
[2020.11.02-01.48.36:296][756]Particles=1
[2020.11.02-01.48.36:296][756]PathTracing=0
[2020.11.02-01.48.36:296][756]PhysicalMaterialMasks=0
[2020.11.02-01.48.36:296][756]Pivot=0
[2020.11.02-01.48.36:296][756]PointLights=1
[2020.11.02-01.48.36:296][756]PostProcessing=1
[2020.11.02-01.48.36:296][756]PostProcessMaterial=1
[2020.11.02-01.48.36:296][756]PrecomputedVisibility=1
[2020.11.02-01.48.36:296][756]PrecomputedVisibilityCells=0
[2020.11.02-01.48.36:296][756]PreviewShadowsIndicator=1
[2020.11.02-01.48.36:296][756]PrimitiveDistanceAccuracy=0
[2020.11.02-01.48.36:296][756]PropertyColoration=0
[2020.11.02-01.48.36:296][756]QuadOverdraw=0
[2020.11.02-01.48.36:296][756]RayTracedDistanceFieldShadows=1
[2020.11.02-01.48.36:296][756]RayTracingDebug=0
[2020.11.02-01.48.36:296][756]RectLights=1
[2020.11.02-01.48.36:296][756]ReflectionEnvironment=1
[2020.11.02-01.48.36:296][756]ReflectionOverride=0
[2020.11.02-01.48.36:296][756]Refraction=1
[2020.11.02-01.48.36:297][756]Rendering=1
[2020.11.02-01.48.36:297][756]RequiredTextureResolution=0
[2020.11.02-01.48.36:297][756]SceneColorFringe=1
[2020.11.02-01.48.36:297][756]ScreenPercentage=1
[2020.11.02-01.48.36:297][756]ScreenSpaceAO=1
[2020.11.02-01.48.36:297][756]ScreenSpaceReflections=1
[2020.11.02-01.48.36:297][756]Selection=0
[2020.11.02-01.48.36:297][756]SelectionOutline=0
[2020.11.02-01.48.36:297][756]SeparateTranslucency=1
[2020.11.02-01.48.36:297][756]ShaderComplexity=0
[2020.11.02-01.48.36:297][756]ShaderComplexityWithQuadOverdraw=0
[2020.11.02-01.48.36:297][756]ShadowFrustums=0
[2020.11.02-01.48.36:297][756]SkeletalMeshes=1
[2020.11.02-01.48.36:297][756]SkyLighting=1
[2020.11.02-01.48.36:297][756]Snap=0
[2020.11.02-01.48.36:297][756]Specular=1
[2020.11.02-01.48.36:297][756]Splines=0
[2020.11.02-01.48.36:297][756]SpotLights=1
[2020.11.02-01.48.36:297][756]StaticMeshes=1
[2020.11.02-01.48.36:298][756]StationaryLightOverlap=0
[2020.11.02-01.48.36:298][756]StereoRendering=0
[2020.11.02-01.48.36:298][756]StreamingBounds=0
[2020.11.02-01.48.36:298][756]SubsurfaceScattering=1
[2020.11.02-01.48.36:298][756]TemporalAA=1
[2020.11.02-01.48.36:298][756]Tessellation=1
[2020.11.02-01.48.36:298][756]TestImage=0
[2020.11.02-01.48.36:298][756]TextRender=1
[2020.11.02-01.48.36:298][756]TexturedLightProfiles=1
[2020.11.02-01.48.36:298][756]Tonemapper=1
[2020.11.02-01.48.36:298][756]Translucency=1
[2020.11.02-01.48.36:298][756]VectorFields=0
[2020.11.02-01.48.36:298][756]VertexColors=0
[2020.11.02-01.48.36:298][756]Vignette=1
[2020.11.02-01.48.36:298][756]VisLog=1
[2020.11.02-01.48.36:298][756]VisualizeBuffer=0
[2020.11.02-01.48.36:298][756]VisualizeDistanceFieldAO=0
[2020.11.02-01.48.36:298][756]VisualizeDistanceFieldGI=0
[2020.11.02-01.48.36:299][756]VisualizeDOF=0
[2020.11.02-01.48.36:299][756]VisualizeGlobalDistanceField=0
[2020.11.02-01.48.36:299][756]VisualizeHDR=0
[2020.11.02-01.48.36:299][756]VisualizeLightCulling=0
[2020.11.02-01.48.36:299][756]VisualizeLPV=0
[2020.11.02-01.48.36:299][756]VisualizeMeshDistanceFields=0
[2020.11.02-01.48.36:299][756]VisualizeMotionBlur=0
[2020.11.02-01.48.36:299][756]VisualizeOutOfBoundsPixels=0
[2020.11.02-01.48.36:299][756]VisualizeSenses=1
[2020.11.02-01.48.36:299][756]VisualizeShadingModels=0
[2020.11.02-01.48.36:299][756]VisualizeSkyAtmosphere=0
[2020.11.02-01.48.36:299][756]VisualizeSSR=0
[2020.11.02-01.48.36:299][756]VisualizeSSS=0
[2020.11.02-01.48.36:299][756]VisualizeVolumetricLightmap=0
[2020.11.02-01.48.36:299][756]VolumeLightingSamples=0
[2020.11.02-01.48.36:299][756]Volumes=0
[2020.11.02-01.48.36:299][756]VolumetricFog=1
[2020.11.02-01.48.36:299][756]VolumetricLightmap=1
[2020.11.02-01.48.36:300][756]VREditing=0
[2020.11.02-01.48.36:300][756]WidgetComponents=1
[2020.11.02-01.48.36:300][756]Wireframe=0
[2020.11.02-01.48.55:205][ 10]LogSlate: Updating window title bar state: overlay mode, drag disabled, window buttons hidden, title bar hidden
[2020.11.02-01.48.55:205][ 10]LogWorld: BeginTearingDown for /Game/Maps/TestMap/UEDPIE_0_Test1
[2020.11.02-01.48.55:205][ 10]LogWorld: UWorld::CleanupWorld for Test1, bSessionEnded=true, bCleanupResources=true
[2020.11.02-01.48.55:205][ 10]LogSlate: InvalidateAllWidgets triggered.  All widgets were invalidated
[2020.11.02-01.48.55:215][ 10]LogPlayLevel: Display: Shutting down PIE online subsystems
[2020.11.02-01.48.55:219][ 10]LogSlate: InvalidateAllWidgets triggered.  All widgets were invalidated
[2020.11.02-01.48.55:279][ 10]LogSlate: Updating window title bar state: overlay mode, drag disabled, window buttons hidden, title bar hidden
[2020.11.02-01.48.55:279][ 10]LogAISub: UAISubsystem::~UAISubsystem AIPerceptionSystem (0000027A801B2340), frame # 23010
[2020.11.02-01.48.55:280][ 10]LogAISub: UAISubsystem::~UAISubsystem EnvQueryManager (0000027A1521F800), frame # 23010
[2020.11.02-01.48.55:287][ 10]LogUObjectHash: Compacting FUObjectHashTables data took   1.90ms
[2020.11.02-01.48.55:313][ 11]LogPlayLevel: Display: Destroying online subsystem :Context_6
[2020.11.02-01.49.02:092][805]Candidate modules for hot reload:
[2020.11.02-01.49.02:092][805]  CoopGame
[2020.11.02-01.49.02:093][805]Launching UnrealBuildTool... [C:/Program Files/Epic Games/UE_4.25/Engine/Binaries/DotNET/UnrealBuildTool.exe  -ModuleWithSuffix=CoopGame,4240 CoopGameEditor Win64 Development -Project="C:/Users/jseon/Desktop/Ue4CoopGame/CoopGame/CoopGame.uproject" "C:/Users/jseon/Desktop/Ue4CoopGame/CoopGame/CoopGame.uproject"  -IgnoreJunk]
[2020.11.02-01.49.02:096][805]Warning: Starting HotReload took  0.0s.
[2020.11.02-01.49.04:809][ 80]CompilerResultsLog: New page: 컴파일 - 2020. 11. 2. 오후 7:49:04
[2020.11.02-01.49.04:809][ 80]CompilerResultsLog: Using 'git status' to determine working set for adaptive non-unity build (C:\Users\jseon\Desktop\Ue4CoopGame).
[2020.11.02-01.49.04:809][ 80]CompilerResultsLog: Building CoopGameEditor...
[2020.11.02-01.49.04:809][ 80]CompilerResultsLog: Using Visual Studio 2017 14.16.27043 toolchain (C:\Program Files (x86)\Microsoft Visual Studio\2017\Community\VC\Tools\MSVC\14.16.27023) and Windows 10.0.16299.0 SDK (C:\Program Files (x86)\Windows Kits\10).
[2020.11.02-01.49.04:810][ 80]CompilerResultsLog: Building 3 actions with 6 processes...
[2020.11.02-01.49.04:810][ 80]CompilerResultsLog:   [1/3] UE4Editor-CoopGame-4240.lib
[2020.11.02-01.49.04:810][ 80]CompilerResultsLog:      C:\Users\jseon\Desktop\Ue4CoopGame\CoopGame\Intermediate\Build\Win64\UE4Editor\Development\CoopGame\UE4Editor-CoopGame-4240.lib ???̺귯?? ?? C:\Users\jseon\Desktop\Ue4CoopGame\CoopGame\Intermediate\Build\Win64\UE4Editor\Development\CoopGame\UE4Editor-CoopGame-4240.exp ??ü?? ?????ϰ? ?ֽ??ϴ?.
[2020.11.02-01.49.04:810][ 80]CompilerResultsLog:   [2/3] UE4Editor-CoopGame-4240.dll
[2020.11.02-01.49.04:810][ 80]CompilerResultsLog:      C:\Users\jseon\Desktop\Ue4CoopGame\CoopGame\Intermediate\Build\Win64\UE4Editor\Development\CoopGame\UE4Editor-CoopGame-4240.suppressed.lib ???̺귯?? ?? C:\Users\jseon\Desktop\Ue4CoopGame\CoopGame\Intermediate\Build\Win64\UE4Editor\Development\CoopGame\UE4Editor-CoopGame-4240.suppressed.exp ??ü?? ?????ϰ? ?ֽ??ϴ?.
[2020.11.02-01.49.04:810][ 80]CompilerResultsLog:   [3/3] CoopGameEditor.target
[2020.11.02-01.49.04:810][ 80]CompilerResultsLog: Total time in Parallel executor: 1.71 seconds
[2020.11.02-01.49.04:810][ 80]CompilerResultsLog: Total execution time: 2.59 seconds
[2020.11.02-01.49.04:810][ 80]LogMainFrame: MainFrame: Module compiling took 2.721 seconds
[2020.11.02-01.49.04:832][ 80]LogContentBrowser: Native class hierarchy updated for 'CoopGame' in 0.0005 seconds. Added 2 classes and 3 folders.
[2020.11.02-01.49.04:835][ 80]Display: HotReload successful (0 functions remapped  0 scriptstructs remapped)
[2020.11.02-01.49.04:921][ 80]LogContentBrowser: Native class hierarchy populated in 0.0080 seconds. Added 3429 classes and 824 folders.
[2020.11.02-01.49.04:921][ 80]Display: HotReload took  2.9s.
[2020.11.02-01.49.22:172][650]BlueprintLog: New page: PlayerPawn 컴파일
[2020.11.02-01.49.22:277][650]LogUObjectHash: Compacting FUObjectHashTables data took   3.39ms
[2020.11.02-01.49.22:559][682]Cmd: OBJ SAVEPACKAGE PACKAGE="/Game/Blueprints/PlayerPawn" FILE="../../../../../../Users/jseon/Desktop/Ue4CoopGame/CoopGame/Content/Blueprints/PlayerPawn.uasset" SILENT=true
[2020.11.02-01.49.22:573][682]LogSavePackage: Moving '../../../../../../Users/jseon/Desktop/Ue4CoopGame/CoopGame/Saved/PlayerPawn2E148AB247789249AB4E79881216A1D4.tmp' to '../../../../../../Users/jseon/Desktop/Ue4CoopGame/CoopGame/Content/Blueprints/PlayerPawn.uasset'
[2020.11.02-01.49.22:586][682]AssetCheck: New page: 애셋 저장: PlayerPawn
[2020.11.02-01.49.22:586][682]LogContentValidation: Display: Blueprint /Game/Blueprints/PlayerPawn.PlayerPawn 유효성 검사
[2020.11.02-01.49.23:282][757]LogWorld: UWorld::CleanupWorld for World_1, bSessionEnded=true, bCleanupResources=true
[2020.11.02-01.49.23:282][757]LogSlate: InvalidateAllWidgets triggered.  All widgets were invalidated
