Log file open, 11/02/20 11:09:00
LogInit: Display: Running engine for game: CoopGame
LogPlatformFile: Not using cached read wrapper
LogTaskGraph: Started task graph with 5 named threads and 20 total threads with 3 sets of task threads.
LogStats: Stats thread started at 0.274027
LogD3D11RHI: Loaded GFSDK_Aftermath_Lib.x64.dll
LogICUInternationalization: ICU TimeZone Detection - Raw Offset: +9:00, Platform Override: ''
LogPluginManager: Mounting plugin Paper2D
LogPluginManager: Mounting plugin AISupport
LogPluginManager: Mounting plugin LightPropagationVolume
LogPluginManager: Mounting plugin CameraShakePreviewer
LogPluginManager: Mounting plugin ActorLayerUtilities
LogPluginManager: Mounting plugin AnimationSharing
LogPluginManager: Mounting plugin CLionSourceCodeAccess
LogPluginManager: Mounting plugin CodeLiteSourceCodeAccess
LogPluginManager: Mounting plugin GitSourceControl
LogPluginManager: Mounting plugin KDevelopSourceCodeAccess
LogPluginManager: Mounting plugin NullSourceCodeAccess
LogPluginManager: Mounting plugin PerforceSourceControl
LogPluginManager: Mounting plugin PlasticSourceControl
LogPluginManager: Mounting plugin RiderSourceCodeAccess
LogPluginManager: Mounting plugin SubversionSourceControl
LogPluginManager: Mounting plugin UObjectPlugin
LogPluginManager: Mounting plugin VisualStudioCodeSourceCodeAccess
LogPluginManager: Mounting plugin VisualStudioSourceCodeAccess
LogPluginManager: Mounting plugin XCodeSourceCodeAccess
LogPluginManager: Mounting plugin AssetManagerEditor
LogPluginManager: Mounting plugin CryptoKeys
LogPluginManager: Mounting plugin CurveEditorTools
LogPluginManager: Mounting plugin DataValidation
LogPluginManager: Mounting plugin EditorScriptingUtilities
LogPluginManager: Mounting plugin FacialAnimation
LogPluginManager: Mounting plugin GameplayTagsEditor
LogPluginManager: Mounting plugin GeometryMode
LogPluginManager: Mounting plugin MacGraphicsSwitching
LogPluginManager: Mounting plugin MaterialAnalyzer
LogPluginManager: Mounting plugin MobileLauncherProfileWizard
LogPluginManager: Mounting plugin PluginBrowser
LogPluginManager: Mounting plugin SpeedTreeImporter
LogPluginManager: Mounting plugin DatasmithContent
LogPluginManager: Mounting plugin VariantManagerContent
LogPluginManager: Mounting plugin AlembicImporter
LogPluginManager: Mounting plugin AutomationUtils
LogPluginManager: Mounting plugin BackChannel
LogPluginManager: Mounting plugin ChaosCloth
LogPluginManager: Mounting plugin ChaosClothEditor
LogPluginManager: Mounting plugin ChaosEditor
LogPluginManager: Mounting plugin ChaosNiagara
LogPluginManager: Mounting plugin ChaosSolverPlugin
LogPluginManager: Mounting plugin CharacterAI
LogPluginManager: Mounting plugin GeometryCache
LogPluginManager: Mounting plugin GeometryCollectionPlugin
LogPluginManager: Mounting plugin GeometryProcessing
LogPluginManager: Mounting plugin PlanarCut
LogPluginManager: Mounting plugin PlatformCrypto
LogPluginManager: Mounting plugin ProxyLODPlugin
LogPluginManager: Mounting plugin SkeletalReduction
LogPluginManager: Mounting plugin Niagara
LogPluginManager: Mounting plugin MagicLeap
LogPluginManager: Mounting plugin MagicLeapLightEstimation
LogPluginManager: Mounting plugin MagicLeapMedia
LogPluginManager: Mounting plugin MagicLeapPassableWorld
LogPluginManager: Mounting plugin MLSDK
LogPluginManager: Mounting plugin AndroidMedia
LogPluginManager: Mounting plugin AvfMedia
LogPluginManager: Mounting plugin ImgMedia
LogPluginManager: Mounting plugin MediaCompositing
LogPluginManager: Mounting plugin MediaPlayerEditor
LogPluginManager: Mounting plugin WebMMedia
LogPluginManager: Mounting plugin WmfMedia
LogPluginManager: Mounting plugin MeshPainting
LogPluginManager: Mounting plugin TcpMessaging
LogPluginManager: Mounting plugin UdpMessaging
LogPluginManager: Mounting plugin ActorSequence
LogPluginManager: Mounting plugin LevelSequenceEditor
LogPluginManager: Mounting plugin MatineeToLevelSequence
LogPluginManager: Mounting plugin MovieRenderPipeline
LogPluginManager: Mounting plugin TemplateSequence
LogPluginManager: Mounting plugin NetcodeUnitTest
LogPluginManager: Mounting plugin NUTUnrealEngine4
LogPluginManager: Mounting plugin OnlineSubsystemGooglePlay
LogPluginManager: Mounting plugin OnlineSubsystemIOS
LogPluginManager: Mounting plugin OnlineSubsystem
LogPluginManager: Mounting plugin OnlineSubsystemNull
LogPluginManager: Mounting plugin OnlineSubsystemUtils
LogPluginManager: Mounting plugin LauncherChunkInstaller
LogPluginManager: Mounting plugin AndroidDeviceProfileSelector
LogPluginManager: Mounting plugin AndroidMoviePlayer
LogPluginManager: Mounting plugin AndroidPermission
LogPluginManager: Mounting plugin AppleImageUtils
LogPluginManager: Mounting plugin AppleMoviePlayer
LogPluginManager: Mounting plugin ArchVisCharacter
LogPluginManager: Mounting plugin AssetTags
LogPluginManager: Mounting plugin AudioCapture
LogPluginManager: Mounting plugin CableComponent
LogPluginManager: Mounting plugin CustomMeshComponent
LogPluginManager: Mounting plugin EditableMesh
LogPluginManager: Mounting plugin ExampleDeviceProfileSelector
LogPluginManager: Mounting plugin GoogleCloudMessaging
LogPluginManager: Mounting plugin GooglePAD
LogPluginManager: Mounting plugin IOSDeviceProfileSelector
LogPluginManager: Mounting plugin LinuxDeviceProfileSelector
LogPluginManager: Mounting plugin LocationServicesBPLibrary
LogPluginManager: Mounting plugin MobilePatchingUtils
LogPluginManager: Mounting plugin OculusVR
LogPluginManager: Mounting plugin PhysXVehicles
LogPluginManager: Mounting plugin PostSplashScreen
LogPluginManager: Mounting plugin ProceduralMeshComponent
LogPluginManager: Mounting plugin RuntimePhysXCooking
LogPluginManager: Mounting plugin SignificanceManager
LogPluginManager: Mounting plugin SoundFields
LogPluginManager: Mounting plugin SteamVR
LogPluginManager: Mounting plugin Synthesis
LogPluginManager: Mounting plugin WebMMoviePlayer
LogPluginManager: Mounting plugin WindowsMoviePlayer
LogPluginManager: Mounting plugin ScreenshotTools
LogInit: Using libcurl 7.55.1-DEV
LogInit:  - built for x86_64-pc-win32
LogInit:  - supports SSL with OpenSSL/1.1.1
LogInit:  - supports HTTP deflate (compression) using libz 1.2.8
LogInit:  - other features:
LogInit:      CURL_VERSION_SSL
LogInit:      CURL_VERSION_LIBZ
LogInit:      CURL_VERSION_IPV6
LogInit:      CURL_VERSION_ASYNCHDNS
LogInit:      CURL_VERSION_LARGEFILE
LogInit:      CURL_VERSION_IDN
LogInit:  CurlRequestOptions (configurable via config and command line):
LogInit:  - bVerifyPeer = true  - Libcurl will verify peer certificate
LogInit:  - bUseHttpProxy = false  - Libcurl will NOT use HTTP proxy
LogInit:  - bDontReuseConnections = false  - Libcurl will reuse connections
LogInit:  - MaxHostConnections = 16  - Libcurl will limit the number of connections to a host
LogInit:  - LocalHostAddr = Default
LogInit:  - BufferSize = 65536
LogOnline: OSS: Creating online subsystem instance for: NULL
LogInit: WinSock: version 1.1 (2.2), MaxSocks=32767, MaxUdp=65467
LogOnline: OSS: TryLoadSubsystemAndSetDefault: Loaded subsystem for module [NULL]
LogInit: Build: ++UE4+Release-4.25-CL-14469661
LogInit: Engine Version: 4.25.4-14469661+++UE4+Release-4.25
LogInit: Compatible Engine Version: 4.25.0-13144385+++UE4+Release-4.25
LogInit: Net CL: 13144385
LogInit: OS: Windows 10 (Release 2004) (), CPU: Intel(R) Core(TM) i5-9600KF CPU @ 3.70GHz, GPU: NVIDIA GeForce RTX 2070 SUPER
LogInit: Compiled (64-bit): Oct 11 2020 08:10:49
LogInit: Compiled with Visual C++: 19.24.28315.00
LogInit: Build Configuration: Development
LogInit: Branch Name: ++UE4+Release-4.25
LogInit: Command Line:  -skipcompile
LogInit: Base Directory: C:/Program Files/Epic Games/UE_4.25/Engine/Binaries/Win64/
LogInit: Allocator: TBB
LogInit: Installed Engine Build: 1
LogDevObjectVersion: Number of dev versions registered: 26
LogDevObjectVersion:   Dev-Blueprints (B0D832E4-1F89-4F0D-ACCF-7EB736FD4AA2): 10
LogDevObjectVersion:   Dev-Build (E1C64328-A22C-4D53-A36C-8E866417BD8C): 0
LogDevObjectVersion:   Dev-Core (375EC13C-06E4-48FB-B500-84F0262A717E): 4
LogDevObjectVersion:   Dev-Editor (E4B068ED-F494-42E9-A231-DA0B2E46BB41): 38
LogDevObjectVersion:   Dev-Framework (CFFC743F-43B0-4480-9391-14DF171D2073): 37
LogDevObjectVersion:   Dev-Mobile (B02B49B5-BB20-44E9-A304-32B752E40360): 2
LogDevObjectVersion:   Dev-Networking (A4E4105C-59A1-49B5-A7C5-40C4547EDFEE): 0
LogDevObjectVersion:   Dev-Online (39C831C9-5AE6-47DC-9A44-9C173E1C8E7C): 0
LogDevObjectVersion:   Dev-Physics (78F01B33-EBEA-4F98-B9B4-84EACCB95AA2): 4
LogDevObjectVersion:   Dev-Platform (6631380F-2D4D-43E0-8009-CF276956A95A): 0
LogDevObjectVersion:   Dev-Rendering (12F88B9F-8875-4AFC-A67C-D90C383ABD29): 43
LogDevObjectVersion:   Dev-Sequencer (7B5AE74C-D270-4C10-A958-57980B212A5A): 12
LogDevObjectVersion:   Dev-VR (D7296918-1DD6-4BDD-9DE2-64A83CC13884): 3
LogDevObjectVersion:   Dev-LoadTimes (C2A15278-BFE7-4AFE-6C17-90FF531DF755): 1
LogDevObjectVersion:   Private-Geometry (6EACA3D4-40EC-4CC1-B786-8BED09428FC5): 3
LogDevObjectVersion:   Dev-AnimPhys (29E575DD-E0A3-4627-9D10-D276232CDCEA): 17
LogDevObjectVersion:   Dev-Anim (AF43A65D-7FD3-4947-9873-3E8ED9C1BB05): 7
LogDevObjectVersion:   Dev-ReflectionCapture (6B266CEC-1EC7-4B8F-A30B-E4D90942FC07): 1
LogDevObjectVersion:   Dev-Automation (0DF73D61-A23F-47EA-B727-89E90C41499A): 1
LogDevObjectVersion:   FortniteMain (601D1886-AC64-4F84-AA16-D3DE0DEAC7D6): 31
LogDevObjectVersion:   Dev-Enterprise (9DFFBCD6-494F-0158-E221-12823C92A888): 10
LogDevObjectVersion:   Dev-Niagara (F2AED0AC-9AFE-416F-8664-AA7FFA26D6FC): 1
LogDevObjectVersion:   Dev-Destruction (174F1F0B-B4C6-45A5-B13F-2EE8D0FB917D): 10
LogDevObjectVersion:   Dev-Physics-Ext (35F94A83-E258-406C-A318-09F59610247C): 37
LogDevObjectVersion:   Dev-PhysicsMaterial-Chaos (B68FC16E-8B1B-42E2-B453-215C058844FE): 1
LogDevObjectVersion:   Dev-CineCamera (B2E18506-4273-CFC2-A54E-F4BB758BBA07): 1
LogInit: Presizing for max 25165824 objects, including 0 objects not considered by GC, pre-allocating 0 bytes for permanent pool.
LogConfig: Applying CVar settings from Section [/Script/Engine.StreamingSettings] File [C:/Users/jseon/Desktop/Ue4CoopGame/CoopGame/Saved/Config/Windows/Engine.ini]
LogConfig: Setting CVar [[s.MinBulkDataSizeForAsyncLoading:131072]]
LogConfig: Setting CVar [[s.AsyncLoadingThreadEnabled:0]]
LogConfig: Setting CVar [[s.EventDrivenLoaderEnabled:1]]
LogConfig: Setting CVar [[s.WarnIfTimeLimitExceeded:0]]
LogConfig: Setting CVar [[s.TimeLimitExceededMultiplier:1.5]]
LogConfig: Setting CVar [[s.TimeLimitExceededMinTime:0.005]]
LogConfig: Setting CVar [[s.UseBackgroundLevelStreaming:1]]
LogConfig: Setting CVar [[s.PriorityAsyncLoadingExtraTime:15.0]]
LogConfig: Setting CVar [[s.LevelStreamingActorsUpdateTimeLimit:5.0]]
LogConfig: Setting CVar [[s.PriorityLevelStreamingActorsUpdateExtraTime:5.0]]
LogConfig: Setting CVar [[s.LevelStreamingComponentsRegistrationGranularity:10]]
LogConfig: Setting CVar [[s.UnregisterComponentsTimeLimit:1.0]]
LogConfig: Setting CVar [[s.LevelStreamingComponentsUnregistrationGranularity:5]]
LogConfig: Setting CVar [[s.FlushStreamingOnExit:1]]
LogInit: Object subsystem initialized
LogConfig: Setting CVar [[con.DebugEarlyDefault:1]]
LogConfig: Setting CVar [[r.setres:1280x720]]
[2020.11.02-02.09.01:553][  0]LogConfig: Setting CVar [[r.VSync:0]]
[2020.11.02-02.09.01:553][  0]LogConfig: Setting CVar [[r.RHICmdBypass:0]]
[2020.11.02-02.09.01:553][  0]LogConfig: Applying CVar settings from Section [/Script/Engine.RendererSettings] File [C:/Users/jseon/Desktop/Ue4CoopGame/CoopGame/Saved/Config/Windows/Engine.ini]
[2020.11.02-02.09.01:553][  0]LogConfig: Setting CVar [[r.GPUCrashDebugging:0]]
[2020.11.02-02.09.01:553][  0]LogConfig: Applying CVar settings from Section [/Script/Engine.RendererOverrideSettings] File [C:/Users/jseon/Desktop/Ue4CoopGame/CoopGame/Saved/Config/Windows/Engine.ini]
[2020.11.02-02.09.01:553][  0]LogConfig: Applying CVar settings from Section [/Script/Engine.StreamingSettings] File [C:/Users/jseon/Desktop/Ue4CoopGame/CoopGame/Saved/Config/Windows/Engine.ini]
[2020.11.02-02.09.01:554][  0]LogConfig: Setting CVar [[s.MinBulkDataSizeForAsyncLoading:131072]]
[2020.11.02-02.09.01:554][  0]LogConfig: Setting CVar [[s.AsyncLoadingThreadEnabled:0]]
[2020.11.02-02.09.01:554][  0]LogConfig: Setting CVar [[s.EventDrivenLoaderEnabled:1]]
[2020.11.02-02.09.01:554][  0]LogConfig: Setting CVar [[s.WarnIfTimeLimitExceeded:0]]
[2020.11.02-02.09.01:554][  0]LogConfig: Setting CVar [[s.TimeLimitExceededMultiplier:1.5]]
[2020.11.02-02.09.01:554][  0]LogConfig: Setting CVar [[s.TimeLimitExceededMinTime:0.005]]
[2020.11.02-02.09.01:554][  0]LogConfig: Setting CVar [[s.UseBackgroundLevelStreaming:1]]
[2020.11.02-02.09.01:554][  0]LogConfig: Setting CVar [[s.PriorityAsyncLoadingExtraTime:15.0]]
[2020.11.02-02.09.01:554][  0]LogConfig: Setting CVar [[s.LevelStreamingActorsUpdateTimeLimit:5.0]]
[2020.11.02-02.09.01:554][  0]LogConfig: Setting CVar [[s.PriorityLevelStreamingActorsUpdateExtraTime:5.0]]
[2020.11.02-02.09.01:554][  0]LogConfig: Setting CVar [[s.LevelStreamingComponentsRegistrationGranularity:10]]
[2020.11.02-02.09.01:554][  0]LogConfig: Setting CVar [[s.UnregisterComponentsTimeLimit:1.0]]
[2020.11.02-02.09.01:555][  0]LogConfig: Setting CVar [[s.LevelStreamingComponentsUnregistrationGranularity:5]]
[2020.11.02-02.09.01:555][  0]LogConfig: Setting CVar [[s.FlushStreamingOnExit:1]]
[2020.11.02-02.09.01:555][  0]LogConfig: Applying CVar settings from Section [/Script/Engine.GarbageCollectionSettings] File [C:/Users/jseon/Desktop/Ue4CoopGame/CoopGame/Saved/Config/Windows/Engine.ini]
[2020.11.02-02.09.01:555][  0]LogConfig: Setting CVar [[gc.MaxObjectsNotConsideredByGC:1]]
[2020.11.02-02.09.01:555][  0]LogConfig: Setting CVar [[gc.SizeOfPermanentObjectPool:0]]
[2020.11.02-02.09.01:555][  0]LogConfig: Setting CVar [[gc.FlushStreamingOnGC:0]]
[2020.11.02-02.09.01:555][  0]LogConfig: Setting CVar [[gc.NumRetriesBeforeForcingGC:10]]
[2020.11.02-02.09.01:555][  0]LogConfig: Setting CVar [[gc.AllowParallelGC:1]]
[2020.11.02-02.09.01:555][  0]LogConfig: Setting CVar [[gc.TimeBetweenPurgingPendingKillObjects:61.1]]
[2020.11.02-02.09.01:555][  0]LogConfig: Setting CVar [[gc.MaxObjectsInEditor:25165824]]
[2020.11.02-02.09.01:555][  0]LogConfig: Setting CVar [[gc.IncrementalBeginDestroyEnabled:1]]
[2020.11.02-02.09.01:555][  0]LogConfig: Setting CVar [[gc.CreateGCClusters:1]]
[2020.11.02-02.09.01:555][  0]LogConfig: Setting CVar [[gc.MinGCClusterSize:5]]
[2020.11.02-02.09.01:555][  0]LogConfig: Setting CVar [[gc.ActorClusteringEnabled:0]]
[2020.11.02-02.09.01:555][  0]LogConfig: Setting CVar [[gc.BlueprintClusteringEnabled:0]]
[2020.11.02-02.09.01:555][  0]LogConfig: Setting CVar [[gc.UseDisregardForGCOnDedicatedServers:0]]
[2020.11.02-02.09.01:555][  0]LogConfig: Applying CVar settings from Section [/Script/Engine.NetworkSettings] File [C:/Users/jseon/Desktop/Ue4CoopGame/CoopGame/Saved/Config/Windows/Engine.ini]
[2020.11.02-02.09.01:555][  0]LogConfig: Applying CVar settings from Section [/Script/UnrealEd.CookerSettings] File [C:/Users/jseon/Desktop/Ue4CoopGame/CoopGame/Saved/Config/Windows/Engine.ini]
[2020.11.02-02.09.01:563][  0]LogConfig: Applying CVar settings from Section [ViewDistanceQuality@3] File [C:/Users/jseon/Desktop/Ue4CoopGame/CoopGame/Saved/Config/Windows/Scalability.ini]
[2020.11.02-02.09.01:563][  0]LogConfig: Setting CVar [[r.SkeletalMeshLODBias:0]]
[2020.11.02-02.09.01:563][  0]LogConfig: Setting CVar [[r.ViewDistanceScale:1.0]]
[2020.11.02-02.09.01:563][  0]LogConfig: Applying CVar settings from Section [AntiAliasingQuality@3] File [C:/Users/jseon/Desktop/Ue4CoopGame/CoopGame/Saved/Config/Windows/Scalability.ini]
[2020.11.02-02.09.01:564][  0]LogConfig: Setting CVar [[r.PostProcessAAQuality:4]]
[2020.11.02-02.09.01:564][  0]LogConfig: Applying CVar settings from Section [ShadowQuality@3] File [C:/Users/jseon/Desktop/Ue4CoopGame/CoopGame/Saved/Config/Windows/Scalability.ini]
[2020.11.02-02.09.01:564][  0]LogConfig: Setting CVar [[r.LightFunctionQuality:1]]
[2020.11.02-02.09.01:564][  0]LogConfig: Setting CVar [[r.ShadowQuality:5]]
[2020.11.02-02.09.01:564][  0]LogConfig: Setting CVar [[r.Shadow.CSM.MaxCascades:10]]
[2020.11.02-02.09.01:564][  0]LogConfig: Setting CVar [[r.Shadow.MaxResolution:2048]]
[2020.11.02-02.09.01:564][  0]LogConfig: Setting CVar [[r.Shadow.MaxCSMResolution:2048]]
[2020.11.02-02.09.01:564][  0]LogConfig: Setting CVar [[r.Shadow.RadiusThreshold:0.01]]
[2020.11.02-02.09.01:565][  0]LogConfig: Setting CVar [[r.Shadow.DistanceScale:1.0]]
[2020.11.02-02.09.01:565][  0]LogConfig: Setting CVar [[r.Shadow.CSM.TransitionScale:1.0]]
[2020.11.02-02.09.01:565][  0]LogConfig: Setting CVar [[r.Shadow.PreShadowResolutionFactor:1.0]]
[2020.11.02-02.09.01:565][  0]LogConfig: Setting CVar [[r.DistanceFieldShadowing:1]]
[2020.11.02-02.09.01:565][  0]LogConfig: Setting CVar [[r.DistanceFieldAO:1]]
[2020.11.02-02.09.01:565][  0]LogConfig: Setting CVar [[r.AOQuality:2]]
[2020.11.02-02.09.01:565][  0]LogConfig: Setting CVar [[r.VolumetricFog:1]]
[2020.11.02-02.09.01:565][  0]LogConfig: Setting CVar [[r.VolumetricFog.GridPixelSize:8]]
[2020.11.02-02.09.01:565][  0]LogConfig: Setting CVar [[r.VolumetricFog.GridSizeZ:128]]
[2020.11.02-02.09.01:565][  0]LogConfig: Setting CVar [[r.VolumetricFog.HistoryMissSupersampleCount:4]]
[2020.11.02-02.09.01:565][  0]LogConfig: Setting CVar [[r.LightMaxDrawDistanceScale:1]]
[2020.11.02-02.09.01:565][  0]LogConfig: Setting CVar [[r.CapsuleShadows:1]]
[2020.11.02-02.09.01:565][  0]LogConfig: Applying CVar settings from Section [PostProcessQuality@3] File [C:/Users/jseon/Desktop/Ue4CoopGame/CoopGame/Saved/Config/Windows/Scalability.ini]
[2020.11.02-02.09.01:565][  0]LogConfig: Setting CVar [[r.MotionBlurQuality:4]]
[2020.11.02-02.09.01:565][  0]LogConfig: Setting CVar [[r.AmbientOcclusionMipLevelFactor:0.4]]
[2020.11.02-02.09.01:565][  0]LogConfig: Setting CVar [[r.AmbientOcclusionMaxQuality:100]]
[2020.11.02-02.09.01:565][  0]LogConfig: Setting CVar [[r.AmbientOcclusionLevels:-1]]
[2020.11.02-02.09.01:565][  0]LogConfig: Setting CVar [[r.AmbientOcclusionRadiusScale:1.0]]
[2020.11.02-02.09.01:565][  0]LogConfig: Setting CVar [[r.DepthOfFieldQuality:2]]
[2020.11.02-02.09.01:565][  0]LogConfig: Setting CVar [[r.RenderTargetPoolMin:400]]
[2020.11.02-02.09.01:565][  0]LogConfig: Setting CVar [[r.LensFlareQuality:2]]
[2020.11.02-02.09.01:565][  0]LogConfig: Setting CVar [[r.SceneColorFringeQuality:1]]
[2020.11.02-02.09.01:566][  0]LogConfig: Setting CVar [[r.EyeAdaptationQuality:2]]
[2020.11.02-02.09.01:566][  0]LogConfig: Setting CVar [[r.BloomQuality:5]]
[2020.11.02-02.09.01:567][  0]LogConfig: Setting CVar [[r.FastBlurThreshold:100]]
[2020.11.02-02.09.01:567][  0]LogConfig: Setting CVar [[r.Upscale.Quality:3]]
[2020.11.02-02.09.01:567][  0]LogConfig: Setting CVar [[r.Tonemapper.GrainQuantization:1]]
[2020.11.02-02.09.01:567][  0]LogConfig: Setting CVar [[r.LightShaftQuality:1]]
[2020.11.02-02.09.01:567][  0]LogConfig: Setting CVar [[r.Filter.SizeScale:1]]
[2020.11.02-02.09.01:567][  0]LogConfig: Setting CVar [[r.Tonemapper.Quality:5]]
[2020.11.02-02.09.01:567][  0]LogConfig: Setting CVar [[r.DOF.Gather.AccumulatorQuality:1        ; higher gathering accumulator quality]]
[2020.11.02-02.09.01:568][  0]LogConfig: Setting CVar [[r.DOF.Gather.PostfilterMethod:1          ; Median3x3 postfilering method]]
[2020.11.02-02.09.01:568][  0]LogConfig: Setting CVar [[r.DOF.Gather.EnableBokehSettings:0       ; no bokeh simulation when gathering]]
[2020.11.02-02.09.01:568][  0]LogConfig: Setting CVar [[r.DOF.Gather.RingCount:4                 ; medium number of samples when gathering]]
[2020.11.02-02.09.01:568][  0]LogConfig: Setting CVar [[r.DOF.Scatter.ForegroundCompositing:1    ; additive foreground scattering]]
[2020.11.02-02.09.01:568][  0]LogConfig: Setting CVar [[r.DOF.Scatter.BackgroundCompositing:2    ; additive background scattering]]
[2020.11.02-02.09.01:568][  0]LogConfig: Setting CVar [[r.DOF.Scatter.EnableBokehSettings:1      ; bokeh simulation when scattering]]
[2020.11.02-02.09.01:568][  0]LogConfig: Setting CVar [[r.DOF.Scatter.MaxSpriteRatio:0.1         ; only a maximum of 10% of scattered bokeh]]
[2020.11.02-02.09.01:568][  0]LogConfig: Setting CVar [[r.DOF.Recombine.Quality:1                ; cheap slight out of focus]]
[2020.11.02-02.09.01:568][  0]LogConfig: Setting CVar [[r.DOF.Recombine.EnableBokehSettings:0    ; no bokeh simulation on slight out of focus]]
[2020.11.02-02.09.01:568][  0]LogConfig: Setting CVar [[r.DOF.TemporalAAQuality:1                ; more stable temporal accumulation]]
[2020.11.02-02.09.01:568][  0]LogConfig: Setting CVar [[r.DOF.Kernel.MaxForegroundRadius:0.025]]
[2020.11.02-02.09.01:568][  0]LogConfig: Setting CVar [[r.DOF.Kernel.MaxBackgroundRadius:0.025]]
[2020.11.02-02.09.01:569][  0]LogConfig: Applying CVar settings from Section [TextureQuality@3] File [C:/Users/jseon/Desktop/Ue4CoopGame/CoopGame/Saved/Config/Windows/Scalability.ini]
[2020.11.02-02.09.01:569][  0]LogConfig: Setting CVar [[r.Streaming.MipBias:0]]
[2020.11.02-02.09.01:569][  0]LogConfig: Setting CVar [[r.Streaming.AmortizeCPUToGPUCopy:0]]
[2020.11.02-02.09.01:569][  0]LogConfig: Setting CVar [[r.Streaming.MaxNumTexturesToStreamPerFrame:0]]
[2020.11.02-02.09.01:569][  0]LogConfig: Setting CVar [[r.Streaming.Boost:1]]
[2020.11.02-02.09.01:569][  0]LogConfig: Setting CVar [[r.MaxAnisotropy:8]]
[2020.11.02-02.09.01:569][  0]LogConfig: Setting CVar [[r.VT.MaxAnisotropy:8]]
[2020.11.02-02.09.01:569][  0]LogConfig: Setting CVar [[r.Streaming.LimitPoolSizeToVRAM:0]]
[2020.11.02-02.09.01:569][  0]LogConfig: Setting CVar [[r.Streaming.PoolSize:1000]]
[2020.11.02-02.09.01:569][  0]LogConfig: Setting CVar [[r.Streaming.MaxEffectiveScreenSize:0]]
[2020.11.02-02.09.01:569][  0]LogConfig: Applying CVar settings from Section [EffectsQuality@3] File [C:/Users/jseon/Desktop/Ue4CoopGame/CoopGame/Saved/Config/Windows/Scalability.ini]
[2020.11.02-02.09.01:569][  0]LogConfig: Setting CVar [[r.TranslucencyLightingVolumeDim:64]]
[2020.11.02-02.09.01:569][  0]LogConfig: Setting CVar [[r.RefractionQuality:2]]
[2020.11.02-02.09.01:569][  0]LogConfig: Setting CVar [[r.SSR.Quality:3]]
[2020.11.02-02.09.01:569][  0]LogConfig: Setting CVar [[r.SSR.HalfResSceneColor:0]]
[2020.11.02-02.09.01:569][  0]LogConfig: Setting CVar [[r.SceneColorFormat:4]]
[2020.11.02-02.09.01:569][  0]LogConfig: Setting CVar [[r.DetailMode:2]]
[2020.11.02-02.09.01:569][  0]LogConfig: Setting CVar [[r.TranslucencyVolumeBlur:1]]
[2020.11.02-02.09.01:569][  0]LogConfig: Setting CVar [[r.MaterialQualityLevel:1 ; High quality]]
[2020.11.02-02.09.01:569][  0]LogConfig: Setting CVar [[r.SSS.Scale:1]]
[2020.11.02-02.09.01:569][  0]LogConfig: Setting CVar [[r.SSS.SampleSet:2]]
[2020.11.02-02.09.01:569][  0]LogConfig: Setting CVar [[r.SSS.Quality:1]]
[2020.11.02-02.09.01:569][  0]LogConfig: Setting CVar [[r.SSS.HalfRes:0]]
[2020.11.02-02.09.01:569][  0]LogConfig: Setting CVar [[r.SSGI.Quality:3]]
[2020.11.02-02.09.01:569][  0]LogConfig: Setting CVar [[r.EmitterSpawnRateScale:1.0]]
[2020.11.02-02.09.01:569][  0]LogConfig: Setting CVar [[r.ParticleLightQuality:2]]
[2020.11.02-02.09.01:569][  0]LogConfig: Setting CVar [[r.SkyAtmosphere.AerialPerspectiveLUT.FastApplyOnOpaque:1 ; Always have FastSkyLUT 1 in this case to avoid wrong sky]]
[2020.11.02-02.09.01:570][  0]LogConfig: Setting CVar [[r.SkyAtmosphere.AerialPerspectiveLUT.SampleCountPerSlice:1]]
[2020.11.02-02.09.01:570][  0]LogConfig: Setting CVar [[r.SkyAtmosphere.AerialPerspectiveLUT.DepthResolution:16.0]]
[2020.11.02-02.09.01:570][  0]LogConfig: Setting CVar [[r.SkyAtmosphere.FastSkyLUT:1]]
[2020.11.02-02.09.01:570][  0]LogConfig: Setting CVar [[r.SkyAtmosphere.FastSkyLUT.SampleCountMin:4.0]]
[2020.11.02-02.09.01:570][  0]LogConfig: Setting CVar [[r.SkyAtmosphere.FastSkyLUT.SampleCountMax:32.0]]
[2020.11.02-02.09.01:570][  0]LogConfig: Setting CVar [[r.SkyAtmosphere.SampleCountMin:4.0]]
[2020.11.02-02.09.01:570][  0]LogConfig: Setting CVar [[r.SkyAtmosphere.SampleCountMax:32.0]]
[2020.11.02-02.09.01:570][  0]LogConfig: Setting CVar [[r.SkyAtmosphere.TransmittanceLUT.UseSmallFormat:0]]
[2020.11.02-02.09.01:570][  0]LogConfig: Setting CVar [[r.SkyAtmosphere.TransmittanceLUT.SampleCount:10.0]]
[2020.11.02-02.09.01:570][  0]LogConfig: Setting CVar [[r.SkyAtmosphere.MultiScatteringLUT.SampleCount:15.0]]
[2020.11.02-02.09.01:570][  0]LogConfig: Applying CVar settings from Section [FoliageQuality@3] File [C:/Users/jseon/Desktop/Ue4CoopGame/CoopGame/Saved/Config/Windows/Scalability.ini]
[2020.11.02-02.09.01:570][  0]LogConfig: Setting CVar [[foliage.DensityScale:1.0]]
[2020.11.02-02.09.01:570][  0]LogConfig: Setting CVar [[grass.DensityScale:1.0]]
[2020.11.02-02.09.01:570][  0]LogConfig: Applying CVar settings from Section [ShadingQuality@3] File [C:/Users/jseon/Desktop/Ue4CoopGame/CoopGame/Saved/Config/Windows/Scalability.ini]
[2020.11.02-02.09.01:570][  0]LogConfig: Setting CVar [[r.HairStrands.SkyLighting.SampleCount:16]]
[2020.11.02-02.09.01:570][  0]LogConfig: Setting CVar [[r.HairStrands.SkyLighting.JitterIntegration:0]]
[2020.11.02-02.09.01:570][  0]LogConfig: Setting CVar [[r.HairStrands.SkyAO.SampleCount:16]]
[2020.11.02-02.09.01:570][  0]LogConfig: Setting CVar [[r.HairStrands.DeepShadow.SuperSampling:0]]
[2020.11.02-02.09.01:570][  0]LogConfig: Setting CVar [[r.HairStrands.VisibilityPPLL:0]]
[2020.11.02-02.09.01:570][  0]LogConfig: Setting CVar [[r.HairStrands.RasterizationScale:0.5]]
[2020.11.02-02.09.01:570][  0]LogConfig: Setting CVar [[r.HairStrands.VelocityRasterizationScale:1]]
[2020.11.02-02.09.01:570][  0]LogInit: Selected Device Profile: [Windows]
[2020.11.02-02.09.01:570][  0]LogInit: Applying CVar settings loaded from the selected device profile: [Windows]
[2020.11.02-02.09.01:570][  0]LogHAL: Display: Platform has ~ 32 GB [34299195392 / 34359738368 / 32], which maps to Largest [LargestMinGB=32, LargerMinGB=12, DefaultMinGB=8, SmallerMinGB=6, SmallestMinGB=0)
[2020.11.02-02.09.01:570][  0]LogInit: Going up to parent DeviceProfile []
[2020.11.02-02.09.01:570][  0]LogConfig: Applying CVar settings from Section [ViewDistanceQuality@3] File [C:/Users/jseon/Desktop/Ue4CoopGame/CoopGame/Saved/Config/Windows/Scalability.ini]
[2020.11.02-02.09.01:571][  0]LogConfig: Setting CVar [[r.SkeletalMeshLODBias:0]]
[2020.11.02-02.09.01:571][  0]LogConfig: Setting CVar [[r.ViewDistanceScale:1.0]]
[2020.11.02-02.09.01:571][  0]LogConfig: Applying CVar settings from Section [AntiAliasingQuality@3] File [C:/Users/jseon/Desktop/Ue4CoopGame/CoopGame/Saved/Config/Windows/Scalability.ini]
[2020.11.02-02.09.01:571][  0]LogConfig: Setting CVar [[r.PostProcessAAQuality:4]]
[2020.11.02-02.09.01:571][  0]LogConfig: Applying CVar settings from Section [ShadowQuality@3] File [C:/Users/jseon/Desktop/Ue4CoopGame/CoopGame/Saved/Config/Windows/Scalability.ini]
[2020.11.02-02.09.01:571][  0]LogConfig: Setting CVar [[r.LightFunctionQuality:1]]
[2020.11.02-02.09.01:571][  0]LogConfig: Setting CVar [[r.ShadowQuality:5]]
[2020.11.02-02.09.01:571][  0]LogConfig: Setting CVar [[r.Shadow.CSM.MaxCascades:10]]
[2020.11.02-02.09.01:571][  0]LogConfig: Setting CVar [[r.Shadow.MaxResolution:2048]]
[2020.11.02-02.09.01:571][  0]LogConfig: Setting CVar [[r.Shadow.MaxCSMResolution:2048]]
[2020.11.02-02.09.01:571][  0]LogConfig: Setting CVar [[r.Shadow.RadiusThreshold:0.01]]
[2020.11.02-02.09.01:571][  0]LogConfig: Setting CVar [[r.Shadow.DistanceScale:1.0]]
[2020.11.02-02.09.01:571][  0]LogConfig: Setting CVar [[r.Shadow.CSM.TransitionScale:1.0]]
[2020.11.02-02.09.01:571][  0]LogConfig: Setting CVar [[r.Shadow.PreShadowResolutionFactor:1.0]]
[2020.11.02-02.09.01:571][  0]LogConfig: Setting CVar [[r.DistanceFieldShadowing:1]]
[2020.11.02-02.09.01:571][  0]LogConfig: Setting CVar [[r.DistanceFieldAO:1]]
[2020.11.02-02.09.01:571][  0]LogConfig: Setting CVar [[r.AOQuality:2]]
[2020.11.02-02.09.01:571][  0]LogConfig: Setting CVar [[r.VolumetricFog:1]]
[2020.11.02-02.09.01:571][  0]LogConfig: Setting CVar [[r.VolumetricFog.GridPixelSize:8]]
[2020.11.02-02.09.01:571][  0]LogConfig: Setting CVar [[r.VolumetricFog.GridSizeZ:128]]
[2020.11.02-02.09.01:571][  0]LogConfig: Setting CVar [[r.VolumetricFog.HistoryMissSupersampleCount:4]]
[2020.11.02-02.09.01:571][  0]LogConfig: Setting CVar [[r.LightMaxDrawDistanceScale:1]]
[2020.11.02-02.09.01:571][  0]LogConfig: Setting CVar [[r.CapsuleShadows:1]]
[2020.11.02-02.09.01:571][  0]LogConfig: Applying CVar settings from Section [PostProcessQuality@3] File [C:/Users/jseon/Desktop/Ue4CoopGame/CoopGame/Saved/Config/Windows/Scalability.ini]
[2020.11.02-02.09.01:571][  0]LogConfig: Setting CVar [[r.MotionBlurQuality:4]]
[2020.11.02-02.09.01:571][  0]LogConfig: Setting CVar [[r.AmbientOcclusionMipLevelFactor:0.4]]
[2020.11.02-02.09.01:571][  0]LogConfig: Setting CVar [[r.AmbientOcclusionMaxQuality:100]]
[2020.11.02-02.09.01:571][  0]LogConfig: Setting CVar [[r.AmbientOcclusionLevels:-1]]
[2020.11.02-02.09.01:572][  0]LogConfig: Setting CVar [[r.AmbientOcclusionRadiusScale:1.0]]
[2020.11.02-02.09.01:572][  0]LogConfig: Setting CVar [[r.DepthOfFieldQuality:2]]
[2020.11.02-02.09.01:572][  0]LogConfig: Setting CVar [[r.RenderTargetPoolMin:400]]
[2020.11.02-02.09.01:572][  0]LogConfig: Setting CVar [[r.LensFlareQuality:2]]
[2020.11.02-02.09.01:572][  0]LogConfig: Setting CVar [[r.SceneColorFringeQuality:1]]
[2020.11.02-02.09.01:572][  0]LogConfig: Setting CVar [[r.EyeAdaptationQuality:2]]
[2020.11.02-02.09.01:572][  0]LogConfig: Setting CVar [[r.BloomQuality:5]]
[2020.11.02-02.09.01:572][  0]LogConfig: Setting CVar [[r.FastBlurThreshold:100]]
[2020.11.02-02.09.01:572][  0]LogConfig: Setting CVar [[r.Upscale.Quality:3]]
[2020.11.02-02.09.01:572][  0]LogConfig: Setting CVar [[r.Tonemapper.GrainQuantization:1]]
[2020.11.02-02.09.01:572][  0]LogConfig: Setting CVar [[r.LightShaftQuality:1]]
[2020.11.02-02.09.01:572][  0]LogConfig: Setting CVar [[r.Filter.SizeScale:1]]
[2020.11.02-02.09.01:572][  0]LogConfig: Setting CVar [[r.Tonemapper.Quality:5]]
[2020.11.02-02.09.01:572][  0]LogConfig: Setting CVar [[r.DOF.Gather.AccumulatorQuality:1        ; higher gathering accumulator quality]]
[2020.11.02-02.09.01:572][  0]LogConfig: Setting CVar [[r.DOF.Gather.PostfilterMethod:1          ; Median3x3 postfilering method]]
[2020.11.02-02.09.01:572][  0]LogConfig: Setting CVar [[r.DOF.Gather.EnableBokehSettings:0       ; no bokeh simulation when gathering]]
[2020.11.02-02.09.01:572][  0]LogConfig: Setting CVar [[r.DOF.Gather.RingCount:4                 ; medium number of samples when gathering]]
[2020.11.02-02.09.01:572][  0]LogConfig: Setting CVar [[r.DOF.Scatter.ForegroundCompositing:1    ; additive foreground scattering]]
[2020.11.02-02.09.01:572][  0]LogConfig: Setting CVar [[r.DOF.Scatter.BackgroundCompositing:2    ; additive background scattering]]
[2020.11.02-02.09.01:572][  0]LogConfig: Setting CVar [[r.DOF.Scatter.EnableBokehSettings:1      ; bokeh simulation when scattering]]
[2020.11.02-02.09.01:572][  0]LogConfig: Setting CVar [[r.DOF.Scatter.MaxSpriteRatio:0.1         ; only a maximum of 10% of scattered bokeh]]
[2020.11.02-02.09.01:572][  0]LogConfig: Setting CVar [[r.DOF.Recombine.Quality:1                ; cheap slight out of focus]]
[2020.11.02-02.09.01:572][  0]LogConfig: Setting CVar [[r.DOF.Recombine.EnableBokehSettings:0    ; no bokeh simulation on slight out of focus]]
[2020.11.02-02.09.01:572][  0]LogConfig: Setting CVar [[r.DOF.TemporalAAQuality:1                ; more stable temporal accumulation]]
[2020.11.02-02.09.01:572][  0]LogConfig: Setting CVar [[r.DOF.Kernel.MaxForegroundRadius:0.025]]
[2020.11.02-02.09.01:572][  0]LogConfig: Setting CVar [[r.DOF.Kernel.MaxBackgroundRadius:0.025]]
[2020.11.02-02.09.01:573][  0]LogConfig: Applying CVar settings from Section [TextureQuality@3] File [C:/Users/jseon/Desktop/Ue4CoopGame/CoopGame/Saved/Config/Windows/Scalability.ini]
[2020.11.02-02.09.01:573][  0]LogConfig: Setting CVar [[r.Streaming.MipBias:0]]
[2020.11.02-02.09.01:573][  0]LogConfig: Setting CVar [[r.Streaming.AmortizeCPUToGPUCopy:0]]
[2020.11.02-02.09.01:573][  0]LogConfig: Setting CVar [[r.Streaming.MaxNumTexturesToStreamPerFrame:0]]
[2020.11.02-02.09.01:573][  0]LogConfig: Setting CVar [[r.Streaming.Boost:1]]
[2020.11.02-02.09.01:573][  0]LogConfig: Setting CVar [[r.MaxAnisotropy:8]]
[2020.11.02-02.09.01:573][  0]LogConfig: Setting CVar [[r.VT.MaxAnisotropy:8]]
[2020.11.02-02.09.01:573][  0]LogConfig: Setting CVar [[r.Streaming.LimitPoolSizeToVRAM:0]]
[2020.11.02-02.09.01:573][  0]LogConfig: Setting CVar [[r.Streaming.PoolSize:1000]]
[2020.11.02-02.09.01:573][  0]LogConfig: Setting CVar [[r.Streaming.MaxEffectiveScreenSize:0]]
[2020.11.02-02.09.01:573][  0]LogConfig: Applying CVar settings from Section [EffectsQuality@3] File [C:/Users/jseon/Desktop/Ue4CoopGame/CoopGame/Saved/Config/Windows/Scalability.ini]
[2020.11.02-02.09.01:573][  0]LogConfig: Setting CVar [[r.TranslucencyLightingVolumeDim:64]]
[2020.11.02-02.09.01:573][  0]LogConfig: Setting CVar [[r.RefractionQuality:2]]
[2020.11.02-02.09.01:573][  0]LogConfig: Setting CVar [[r.SSR.Quality:3]]
[2020.11.02-02.09.01:573][  0]LogConfig: Setting CVar [[r.SSR.HalfResSceneColor:0]]
[2020.11.02-02.09.01:573][  0]LogConfig: Setting CVar [[r.SceneColorFormat:4]]
[2020.11.02-02.09.01:573][  0]LogConfig: Setting CVar [[r.DetailMode:2]]
[2020.11.02-02.09.01:573][  0]LogConfig: Setting CVar [[r.TranslucencyVolumeBlur:1]]
[2020.11.02-02.09.01:573][  0]LogConfig: Setting CVar [[r.MaterialQualityLevel:1 ; High quality]]
[2020.11.02-02.09.01:573][  0]LogConfig: Setting CVar [[r.SSS.Scale:1]]
[2020.11.02-02.09.01:573][  0]LogConfig: Setting CVar [[r.SSS.SampleSet:2]]
[2020.11.02-02.09.01:573][  0]LogConfig: Setting CVar [[r.SSS.Quality:1]]
[2020.11.02-02.09.01:573][  0]LogConfig: Setting CVar [[r.SSS.HalfRes:0]]
[2020.11.02-02.09.01:573][  0]LogConfig: Setting CVar [[r.SSGI.Quality:3]]
[2020.11.02-02.09.01:573][  0]LogConfig: Setting CVar [[r.EmitterSpawnRateScale:1.0]]
[2020.11.02-02.09.01:574][  0]LogConfig: Setting CVar [[r.ParticleLightQuality:2]]
[2020.11.02-02.09.01:574][  0]LogConfig: Setting CVar [[r.SkyAtmosphere.AerialPerspectiveLUT.FastApplyOnOpaque:1 ; Always have FastSkyLUT 1 in this case to avoid wrong sky]]
[2020.11.02-02.09.01:574][  0]LogConfig: Setting CVar [[r.SkyAtmosphere.AerialPerspectiveLUT.SampleCountPerSlice:1]]
[2020.11.02-02.09.01:574][  0]LogConfig: Setting CVar [[r.SkyAtmosphere.AerialPerspectiveLUT.DepthResolution:16.0]]
[2020.11.02-02.09.01:574][  0]LogConfig: Setting CVar [[r.SkyAtmosphere.FastSkyLUT:1]]
[2020.11.02-02.09.01:574][  0]LogConfig: Setting CVar [[r.SkyAtmosphere.FastSkyLUT.SampleCountMin:4.0]]
[2020.11.02-02.09.01:574][  0]LogConfig: Setting CVar [[r.SkyAtmosphere.FastSkyLUT.SampleCountMax:32.0]]
[2020.11.02-02.09.01:574][  0]LogConfig: Setting CVar [[r.SkyAtmosphere.SampleCountMin:4.0]]
[2020.11.02-02.09.01:574][  0]LogConfig: Setting CVar [[r.SkyAtmosphere.SampleCountMax:32.0]]
[2020.11.02-02.09.01:574][  0]LogConfig: Setting CVar [[r.SkyAtmosphere.TransmittanceLUT.UseSmallFormat:0]]
[2020.11.02-02.09.01:574][  0]LogConfig: Setting CVar [[r.SkyAtmosphere.TransmittanceLUT.SampleCount:10.0]]
[2020.11.02-02.09.01:574][  0]LogConfig: Setting CVar [[r.SkyAtmosphere.MultiScatteringLUT.SampleCount:15.0]]
[2020.11.02-02.09.01:574][  0]LogConfig: Applying CVar settings from Section [FoliageQuality@3] File [C:/Users/jseon/Desktop/Ue4CoopGame/CoopGame/Saved/Config/Windows/Scalability.ini]
[2020.11.02-02.09.01:574][  0]LogConfig: Setting CVar [[foliage.DensityScale:1.0]]
[2020.11.02-02.09.01:574][  0]LogConfig: Setting CVar [[grass.DensityScale:1.0]]
[2020.11.02-02.09.01:574][  0]LogConfig: Applying CVar settings from Section [ShadingQuality@3] File [C:/Users/jseon/Desktop/Ue4CoopGame/CoopGame/Saved/Config/Windows/Scalability.ini]
[2020.11.02-02.09.01:574][  0]LogConfig: Setting CVar [[r.HairStrands.SkyLighting.SampleCount:16]]
[2020.11.02-02.09.01:574][  0]LogConfig: Setting CVar [[r.HairStrands.SkyLighting.JitterIntegration:0]]
[2020.11.02-02.09.01:575][  0]LogConfig: Setting CVar [[r.HairStrands.SkyAO.SampleCount:16]]
[2020.11.02-02.09.01:575][  0]LogConfig: Setting CVar [[r.HairStrands.DeepShadow.SuperSampling:0]]
[2020.11.02-02.09.01:575][  0]LogConfig: Setting CVar [[r.HairStrands.VisibilityPPLL:0]]
[2020.11.02-02.09.01:575][  0]LogConfig: Setting CVar [[r.HairStrands.RasterizationScale:0.5]]
[2020.11.02-02.09.01:575][  0]LogConfig: Setting CVar [[r.HairStrands.VelocityRasterizationScale:1]]
[2020.11.02-02.09.01:575][  0]LogConfig: Applying CVar settings from Section [Startup] File [../../../Engine/Config/ConsoleVariables.ini]
[2020.11.02-02.09.01:575][  0]LogConfig: Setting CVar [[net.UseAdaptiveNetUpdateFrequency:0]]
[2020.11.02-02.09.01:575][  0]LogConfig: Setting CVar [[p.chaos.AllowCreatePhysxBodies:1]]
[2020.11.02-02.09.01:575][  0]LogConfig: Setting CVar [[fx.SkipVectorVMBackendOptimizations:1]]
[2020.11.02-02.09.01:575][  0]LogConfig: Applying CVar settings from Section [ConsoleVariables] File [C:/Users/jseon/Desktop/Ue4CoopGame/CoopGame/Saved/Config/Windows/Engine.ini]
[2020.11.02-02.09.01:575][  0]LogInit: Computer: DESKTOP-2A6O102
[2020.11.02-02.09.01:575][  0]LogInit: User: jseon
[2020.11.02-02.09.01:575][  0]LogInit: CPU Page size=4096, Cores=6
[2020.11.02-02.09.01:575][  0]LogInit: High frequency timer resolution =10.000000 MHz
[2020.11.02-02.09.01:575][  0]LogMemory: Memory total: Physical=31.9GB (32GB approx)
[2020.11.02-02.09.01:576][  0]LogMemory: Platform Memory Stats for Windows
[2020.11.02-02.09.01:576][  0]LogMemory: Process Physical Memory: 115.79 MB used, 115.79 MB peak
[2020.11.02-02.09.01:576][  0]LogMemory: Process Virtual Memory: 103.98 MB used, 103.98 MB peak
[2020.11.02-02.09.01:576][  0]LogMemory: Physical Memory: 9931.11 MB used,  22779.15 MB free, 32710.26 MB total
[2020.11.02-02.09.01:576][  0]LogMemory: Virtual Memory: 5147.21 MB used,  134212584.00 MB free, 134217728.00 MB total
[2020.11.02-02.09.01:591][  0]LogWindows: WindowsPlatformFeatures enabled
[2020.11.02-02.09.01:721][  0]LogInit: Physics initialised using underlying interface: PhysX
[2020.11.02-02.09.01:722][  0]LogInit: Using OS detected language (ko-KR).
[2020.11.02-02.09.01:722][  0]LogInit: Using OS detected locale (ko-KR).
[2020.11.02-02.09.01:729][  0]LogTextLocalizationManager: No specific localization for 'ko-KR' exists, so the 'ko' localization will be used.
[2020.11.02-02.09.01:818][  0]LogInit: Setting process to per monitor DPI aware
[2020.11.02-02.09.01:913][  0]LogSlate: New Slate User Created.  User Index 0, Is Virtual User: 0
[2020.11.02-02.09.01:914][  0]LogSlate: Slate User Registered.  User Index 0, Is Virtual User: 0
[2020.11.02-02.09.02:074][  0]LogHMD: Failed to initialize OpenVR with code 110
[2020.11.02-02.09.02:074][  0]LogD3D11RHI: D3D11 min allowed feature level: 11_0
[2020.11.02-02.09.02:074][  0]LogD3D11RHI: D3D11 max allowed feature level: 11_0
[2020.11.02-02.09.02:074][  0]LogD3D11RHI: D3D11 adapters:
[2020.11.02-02.09.02:202][  0]LogD3D11RHI:    0. 'NVIDIA GeForce RTX 2070 SUPER' (Feature Level 11_0)
[2020.11.02-02.09.02:202][  0]LogD3D11RHI:       8011/0/16355 MB DedicatedVideo/DedicatedSystem/SharedSystem, Outputs:1, VendorId:0x10de
[2020.11.02-02.09.02:208][  0]LogD3D11RHI:    1. 'Microsoft Basic Render Driver' (Feature Level 11_0)
[2020.11.02-02.09.02:208][  0]LogD3D11RHI:       0/0/16355 MB DedicatedVideo/DedicatedSystem/SharedSystem, Outputs:0, VendorId:0x1414
[2020.11.02-02.09.02:208][  0]LogD3D11RHI: Chosen D3D11 Adapter: 0
[2020.11.02-02.09.02:215][  0]LogD3D11RHI: Creating new Direct3DDevice
[2020.11.02-02.09.02:215][  0]LogD3D11RHI:     GPU DeviceId: 0x1e84 (for the marketing name, search the web for "GPU Device Id")
[2020.11.02-02.09.02:215][  0]LogWindows: EnumDisplayDevices:
[2020.11.02-02.09.02:215][  0]LogWindows:    0. 'NVIDIA GeForce RTX 2070 SUPER' (P:1 D:1)
[2020.11.02-02.09.02:216][  0]LogWindows:    1. 'NVIDIA GeForce RTX 2070 SUPER' (P:0 D:0)
[2020.11.02-02.09.02:218][  0]LogWindows:    2. 'NVIDIA GeForce RTX 2070 SUPER' (P:0 D:0)
[2020.11.02-02.09.02:219][  0]LogWindows:    3. 'NVIDIA GeForce RTX 2070 SUPER' (P:0 D:0)
[2020.11.02-02.09.02:219][  0]LogWindows: DebugString: FoundDriverCount:4 
[2020.11.02-02.09.02:220][  0]LogD3D11RHI:     Adapter Name: NVIDIA GeForce RTX 2070 SUPER
[2020.11.02-02.09.02:220][  0]LogD3D11RHI:   Driver Version: 436.48 (internal:26.21.14.3648, unified:436.48)
[2020.11.02-02.09.02:220][  0]LogD3D11RHI:      Driver Date: 9-26-2019
[2020.11.02-02.09.02:220][  0]LogRHI: Texture pool is 5607 MB (70% of 8011 MB)
[2020.11.02-02.09.02:281][  0]LogD3D11RHI: RHI has support for 64 bit atomics
[2020.11.02-02.09.02:281][  0]LogD3D11RHI: Async texture creation enabled
[2020.11.02-02.09.02:281][  0]LogD3D11RHI: Array index from any shader is supported
[2020.11.02-02.09.02:358][  0]LogD3D11RHI: GPU Timing Frequency: 1000.000000 (Debug: 2 1)
[2020.11.02-02.09.02:723][  0]LogTargetPlatformManager: Display: Loaded TargetPlatform 'AllDesktop'
[2020.11.02-02.09.02:747][  0]LogTargetPlatformManager: Display: Loaded TargetPlatform 'Android'
[2020.11.02-02.09.02:747][  0]LogTargetPlatformManager: Display: Loaded TargetPlatform 'Android_ASTC'
[2020.11.02-02.09.02:747][  0]LogTargetPlatformManager: Display: Loaded TargetPlatform 'Android_DXT'
[2020.11.02-02.09.02:748][  0]LogTargetPlatformManager: Display: Loaded TargetPlatform 'Android_ETC2'
[2020.11.02-02.09.02:748][  0]LogTargetPlatformManager: Display: Loaded TargetPlatform 'AndroidClient'
[2020.11.02-02.09.02:748][  0]LogTargetPlatformManager: Display: Loaded TargetPlatform 'Android_ASTCClient'
[2020.11.02-02.09.02:748][  0]LogTargetPlatformManager: Display: Loaded TargetPlatform 'Android_DXTClient'
[2020.11.02-02.09.02:748][  0]LogTargetPlatformManager: Display: Loaded TargetPlatform 'Android_ETC2Client'
[2020.11.02-02.09.02:748][  0]LogTargetPlatformManager: Display: Loaded TargetPlatform 'Android_Multi'
[2020.11.02-02.09.02:748][  0]LogTargetPlatformManager: Display: Loaded TargetPlatform 'Android_MultiClient'
[2020.11.02-02.09.02:784][  0]LogTargetPlatformManager: Display: Loaded TargetPlatform 'IOSClient'
[2020.11.02-02.09.02:784][  0]LogTargetPlatformManager: Display: Loaded TargetPlatform 'IOS'
[2020.11.02-02.09.02:800][  0]LogTargetPlatformManager: Display: Loaded TargetPlatform 'Linux'
[2020.11.02-02.09.02:814][  0]LogTargetPlatformManager: Display: Loaded TargetPlatform 'LinuxNoEditor'
[2020.11.02-02.09.02:828][  0]LogTargetPlatformManager: Display: Loaded TargetPlatform 'LinuxClient'
[2020.11.02-02.09.02:841][  0]LogTargetPlatformManager: Display: Loaded TargetPlatform 'LinuxServer'
[2020.11.02-02.09.02:854][  0]LogTargetPlatformManager: Display: Loaded TargetPlatform 'LinuxAArch64NoEditor'
[2020.11.02-02.09.02:866][  0]LogTargetPlatformManager: Display: Loaded TargetPlatform 'LinuxAArch64Client'
[2020.11.02-02.09.02:880][  0]LogTargetPlatformManager: Display: Loaded TargetPlatform 'LinuxAArch64Server'
[2020.11.02-02.09.02:911][  0]LogTargetPlatformManager: Display: Loaded TargetPlatform 'Lumin'
[2020.11.02-02.09.02:911][  0]LogTargetPlatformManager: Display: Loaded TargetPlatform 'LuminClient'
[2020.11.02-02.09.02:931][  0]LogTargetPlatformManager: Display: Loaded TargetPlatform 'TVOSClient'
[2020.11.02-02.09.02:931][  0]LogTargetPlatformManager: Display: Loaded TargetPlatform 'TVOS'
[2020.11.02-02.09.02:944][  0]LogTargetPlatformManager: Display: Loaded TargetPlatform 'WindowsNoEditor'
[2020.11.02-02.09.02:957][  0]LogTargetPlatformManager: Display: Loaded TargetPlatform 'Windows'
[2020.11.02-02.09.02:969][  0]LogTargetPlatformManager: Display: Loaded TargetPlatform 'WindowsClient'
[2020.11.02-02.09.02:982][  0]LogTargetPlatformManager: Display: Loaded TargetPlatform 'WindowsServer'
[2020.11.02-02.09.02:982][  0]LogTargetPlatformManager: Display: Building Assets For Windows
[2020.11.02-02.09.03:002][  0]LogAudioDebug: Display: Lib vorbis DLL was dynamically loaded.
[2020.11.02-02.09.03:139][  0]LogShaderCompilers: Guid format shader working directory is -13 characters bigger than the processId version (../../../../../../Users/jseon/Desktop/Ue4CoopGame/CoopGame/Intermediate/Shaders/WorkingDirectory/13516/).
[2020.11.02-02.09.03:139][  0]LogShaderCompilers: Cleaned the shader compiler working directory 'C:/Users/jseon/AppData/Local/Temp/UnrealShaderWorkingDir/3CF492CB4D6482EB53936C90D7B41791/'.
[2020.11.02-02.09.03:140][  0]LogXGEController: Cleaning working directory: C:/Users/jseon/AppData/Local/Temp/UnrealXGEWorkingDir/
[2020.11.02-02.09.03:140][  0]LogXGEController: Cannot use XGE Controller as Incredibuild is not installed on this machine.
[2020.11.02-02.09.03:140][  0]LogShaderCompilers: Cannot use XGE Shader Compiler as Incredibuild is not installed on this machine.
[2020.11.02-02.09.03:140][  0]LogShaderCompilers: Display: Using Local Shader Compiler.
[2020.11.02-02.09.03:790][  0]LogDerivedDataCache: Display: Max Cache Size: 512 MB
[2020.11.02-02.09.03:834][  0]LogDerivedDataCache: Loaded boot cache 0.04s 75MB C:/Users/jseon/AppData/Local/UnrealEngine/4.25/DerivedDataCache/Boot.ddc.
[2020.11.02-02.09.03:834][  0]LogDerivedDataCache: Display: Loaded Boot cache: C:/Users/jseon/AppData/Local/UnrealEngine/4.25/DerivedDataCache/Boot.ddc
[2020.11.02-02.09.03:835][  0]LogDerivedDataCache: FDerivedDataBackendGraph:  Pak pak cache file ../../../../../../Users/jseon/Desktop/Ue4CoopGame/CoopGame/DerivedDataCache/DDC.ddp not found, will not use a pak cache.
[2020.11.02-02.09.03:835][  0]LogDerivedDataCache: Unable to find inner node Pak for hierarchical cache Hierarchy.
[2020.11.02-02.09.03:835][  0]LogDerivedDataCache: FDerivedDataBackendGraph:  CompressedPak pak cache file ../../../../../../Users/jseon/Desktop/Ue4CoopGame/CoopGame/DerivedDataCache/Compressed.ddp not found, will not use a pak cache.
[2020.11.02-02.09.03:835][  0]LogDerivedDataCache: Unable to find inner node CompressedPak for hierarchical cache Hierarchy.
[2020.11.02-02.09.03:843][  0]LogDerivedDataCache: Display: Pak cache opened for reading ../../../Engine/DerivedDataCache/Compressed.ddp.
[2020.11.02-02.09.03:844][  0]LogDerivedDataCache: FDerivedDataBackendGraph:  EnterprisePak pak cache file ../../../Enterprise/DerivedDataCache/Compressed.ddp not found, will not use a pak cache.
[2020.11.02-02.09.03:844][  0]LogDerivedDataCache: Unable to find inner node EnterprisePak for hierarchical cache Hierarchy.
[2020.11.02-02.09.03:845][  0]LogDerivedDataCache: Using Local data cache path C:/Users/jseon/AppData/Local/UnrealEngine/Common/DerivedDataCache: Writable
[2020.11.02-02.09.03:845][  0]LogDerivedDataCache: Shared data cache path not found in *engine.ini, will not use an Shared cache.
[2020.11.02-02.09.03:845][  0]LogDerivedDataCache: Unable to find inner node Shared for hierarchical cache Hierarchy.
[2020.11.02-02.09.03:887][  0]LogSlate: Using FreeType 2.10.0
[2020.11.02-02.09.03:888][  0]LogSlate: SlateFontServices - WITH_FREETYPE: 1, WITH_HARFBUZZ: 1
[2020.11.02-02.09.03:914][  0]LogAssetRegistry: FAssetRegistry took 0.0038 seconds to start up
[2020.11.02-02.09.04:107][  0]LogInit: Selected Device Profile: [Windows]
[2020.11.02-02.09.04:250][  0]LogMeshReduction: Using QuadricMeshReduction for automatic static mesh reduction
[2020.11.02-02.09.04:250][  0]LogMeshReduction: Using SimplygonMeshReduction for automatic skeletal mesh reduction
[2020.11.02-02.09.04:250][  0]LogMeshReduction: Using ProxyLODMeshReduction for automatic mesh merging
[2020.11.02-02.09.04:250][  0]LogMeshReduction: No distributed automatic mesh merging module available
[2020.11.02-02.09.04:250][  0]LogMeshMerging: No distributed automatic mesh merging module available
[2020.11.02-02.09.04:268][  0]LogNetVersion: CoopGame 1.0.0, NetCL: 13144385, EngineNetVer: 14, GameNetVer: 0 (Checksum: 2766024207)
[2020.11.02-02.09.04:658][  0]LogAISub: UAISubsystem::UAISubsystem AISubsystem (0000018FDF2C42C0), frame # 0
[2020.11.02-02.09.04:658][  0]LogAISub: UAISubsystem::UAISubsystem AIPerceptionSystem (0000018FDF1EFC40), frame # 0
[2020.11.02-02.09.04:659][  0]LogAISub: UAISubsystem::UAISubsystem EnvQueryManager (0000018FDF261E00), frame # 0
[2020.11.02-02.09.04:714][  0]LogPackageLocalizationCache: Processed 19 localized package path(s) for 1 prioritized culture(s) in 0.051158 seconds
[2020.11.02-02.09.04:718][  0]LogUObjectArray: 15917 objects as part of root set at end of initial load.
[2020.11.02-02.09.04:719][  0]LogUObjectAllocator: 3965568 out of 0 bytes used by permanent object pool.
[2020.11.02-02.09.04:719][  0]LogUObjectArray: CloseDisregardForGC: 0/0 objects in disregard for GC pool
[2020.11.02-02.09.05:327][  0]LogTcpMessaging: Initializing TcpMessaging bridge
[2020.11.02-02.09.05:347][  0]LogUdpMessaging: Initializing bridge on interface 0.0.0.0:0 to multicast group 230.0.0.1:6666.
[2020.11.02-02.09.05:532][  0]SourceControl: 소스 컨트롤이 꺼졌습니다.
[2020.11.02-02.09.05:532][  0]SourceControl: 소스 컨트롤이 꺼졌습니다.
[2020.11.02-02.09.05:542][  0]SourceControl: 소스 컨트롤이 꺼졌습니다.
[2020.11.02-02.09.05:549][  0]SourceControl: 소스 컨트롤이 꺼졌습니다.
[2020.11.02-02.09.05:566][  0]SourceControl: 소스 컨트롤이 꺼졌습니다.
[2020.11.02-02.09.06:062][  0]LogAndroidPermission: UAndroidPermissionCallbackProxy::GetInstance
[2020.11.02-02.09.06:109][  0]LogAudioCaptureCore: Display: No Audio Capture implementations found. Audio input will be silent.
[2020.11.02-02.09.06:109][  0]LogAudioCaptureCore: Display: No Audio Capture implementations found. Audio input will be silent.
[2020.11.02-02.09.06:190][  0]LogOcInput: OculusInput pre-init called
[2020.11.02-02.09.06:210][  0]LogWindows: Failed to load 'OVRPlugin.dll' (GetLastError=126)
[2020.11.02-02.09.06:210][  0]LogWindows: File 'OVRPlugin.dll' does not exist
[2020.11.02-02.09.06:294][  0]LogEngine: Initializing Engine...
[2020.11.02-02.09.06:295][  0]LogHMD: Failed to initialize OpenVR with code 110
[2020.11.02-02.09.06:295][  0]LogMagicLeap: Warning: VR disabled because ZI is not enabled.  To enable, in the editor, Edit -> Project Settings -> Plugins -> Magic Leap Plugin -> Enable Zero Iteration
[2020.11.02-02.09.06:296][  0]LogStats: UGameplayTagsManager::InitializeManager -  0.000 s
[2020.11.02-02.09.06:398][  0]LogInit: Initializing FReadOnlyCVARCache
[2020.11.02-02.09.06:410][  0]LogAIModule: Creating AISystem for world Untitled
[2020.11.02-02.09.06:410][  0]LogAISub: UAISubsystem::UAISubsystem EnvQueryManager (0000018FE538BC00), frame # 0
[2020.11.02-02.09.06:410][  0]LogAISub: UAISubsystem::UAISubsystem AIPerceptionSystem (0000018FE53F9580), frame # 0
[2020.11.02-02.09.06:426][  0]LogAudioMixer: Display: Audio Mixer Platform Settings:
[2020.11.02-02.09.06:426][  0]LogAudioMixer: Display: 	Sample Rate:						  48000
[2020.11.02-02.09.06:426][  0]LogAudioMixer: Display: 	Callback Buffer Frame Size Requested: 1024
[2020.11.02-02.09.06:426][  0]LogAudioMixer: Display: 	Callback Buffer Frame Size To Use:	  1024
[2020.11.02-02.09.06:426][  0]LogAudioMixer: Display: 	Number of buffers to queue:			  2
[2020.11.02-02.09.06:426][  0]LogAudioMixer: Display: 	Max Channels (voices):				  32
[2020.11.02-02.09.06:426][  0]LogAudioMixer: Display: 	Number of Async Source Workers:		  0
[2020.11.02-02.09.06:426][  0]LogAudio: Display: AudioDevice MaxSources: 32
[2020.11.02-02.09.06:426][  0]LogAudio: Display: Using built-in audio occlusion.
[2020.11.02-02.09.06:427][  0]LogAudioMixer: Display: Initializing audio mixer.
[2020.11.02-02.09.06:463][  0]LogAudioMixer: Display: 0: FrontLeft
[2020.11.02-02.09.06:463][  0]LogAudioMixer: Display: 1: FrontRight
[2020.11.02-02.09.06:550][  0]LogAudioMixer: Display: Using Audio Device 스피커(USB PnP Audio Device)
[2020.11.02-02.09.06:551][  0]LogAudioMixer: Display: Initializing Sound Submixes...
[2020.11.02-02.09.06:554][  0]LogAudioMixer: Display: Creating Master Submix 'MasterSubmixDefault'
[2020.11.02-02.09.06:554][  0]LogAudioMixer: Display: Creating Master Submix 'MasterReverbSubmixDefault'
[2020.11.02-02.09.06:555][  0]LogAudioMixer: Display: Creating Master Submix 'MasterEQSubmixDefault'
[2020.11.02-02.09.06:556][  0]LogInit: FAudioDevice initialized.
[2020.11.02-02.09.06:556][  0]LogNetVersion: Set ProjectVersion to 1.0.0.0. Version Checksum will be recalculated on next use.
[2020.11.02-02.09.06:630][  0]LogDerivedDataCache: Saved boot cache 0.07s 75MB C:/Users/jseon/AppData/Local/UnrealEngine/4.25/DerivedDataCache/Boot.ddc.
[2020.11.02-02.09.06:636][  0]LogInit: Texture streaming: Enabled
[2020.11.02-02.09.06:669][  0]LogEngineSessionManager: EngineSessionManager initialized
[2020.11.02-02.09.06:669][  0]LogEngineSessionManager: EngineSessionManager sent abnormal shutdown report. Type=Debugger, SessionId={3F2A3C99-4ACB-B26E-090D-7EB1EE3A1559}
[2020.11.02-02.09.06:669][  0]LogEditorSessionSummary: Verbose: Initializing EditorSessionSummaryWriter for editor session tracking
[2020.11.02-02.09.06:675][  0]LogEditorSessionSummary: EditorSessionSummaryWriter initialized
[2020.11.02-02.09.06:725][  0]LogInit: Transaction tracking system initialized
[2020.11.02-02.09.06:769][  0]BlueprintLog: New page: 에디터 로드
[2020.11.02-02.09.06:910][  0]LocalizationService: 현지화 서비스가 비활성화되었습니다.
[2020.11.02-02.09.07:128][  0]LogCook: Display: Max memory allowance for cook 16384mb min free memory 0mb
[2020.11.02-02.09.07:128][  0]LogCook: Display: Mobile HDR setting 1
[2020.11.02-02.09.07:376][  0]LogFileCache: Scanning file cache for directory 'C:/Users/jseon/Desktop/Ue4CoopGame/CoopGame/Content/' took 0.00s
[2020.11.02-02.09.07:620][  0]SourceControl: 소스 컨트롤이 꺼졌습니다.
[2020.11.02-02.09.07:620][  0]LogUnrealEdMisc: Loading editor; pre map load, took 8.153
[2020.11.02-02.09.07:620][  0]Cmd: MAP LOAD FILE="../../../../../../Users/jseon/Desktop/Ue4CoopGame/CoopGame/Content/Maps/TestMap/Test1.umap" TEMPLATE=0 SHOWPROGRESS=1 FEATURELEVEL=3
[2020.11.02-02.09.07:621][  0]LightingResults: New page: 라이팅 빌드
[2020.11.02-02.09.07:621][  0]LogWorld: UWorld::CleanupWorld for Untitled, bSessionEnded=true, bCleanupResources=true
[2020.11.02-02.09.07:621][  0]LogSlate: InvalidateAllWidgets triggered.  All widgets were invalidated
[2020.11.02-02.09.07:622][  0]MapCheck: New page: 맵 체크
[2020.11.02-02.09.07:622][  0]LightingResults: New page: 라이팅 빌드
[2020.11.02-02.09.07:629][  0]LogAISub: UAISubsystem::~UAISubsystem EnvQueryManager (0000018FE538BC00), frame # 0
[2020.11.02-02.09.07:630][  0]LogAISub: UAISubsystem::~UAISubsystem AIPerceptionSystem (0000018FE53F9580), frame # 0
[2020.11.02-02.09.07:630][  0]LogUObjectHash: Compacting FUObjectHashTables data took   0.56ms
[2020.11.02-02.09.07:753][  0]LogAIModule: Creating AISystem for world Test1
[2020.11.02-02.09.07:753][  0]LogAISub: UAISubsystem::UAISubsystem EnvQueryManager (0000018FE5706600), frame # 0
[2020.11.02-02.09.07:753][  0]LogAISub: UAISubsystem::UAISubsystem AIPerceptionSystem (0000018FE59C2E80), frame # 0
[2020.11.02-02.09.07:760][  0]LogEditorServer: Finished looking for orphan Actors (0.000 secs)
[2020.11.02-02.09.07:769][  0]LogUObjectHash: Compacting FUObjectHashTables data took   0.62ms
[2020.11.02-02.09.07:769][  0]Cmd: MAP CHECKDEP NOCLEARLOG
[2020.11.02-02.09.07:770][  0]MapCheck: 맵 체크 완료: 오류 0 회, 경고 0 회, 소요 시간 0.206ms.
[2020.11.02-02.09.07:770][  0]LogFileHelpers: Loading map 'Test1' took 0.150
[2020.11.02-02.09.07:773][  0]LogUnrealEdMisc: Total Editor Startup Time, took 8.307
[2020.11.02-02.09.07:928][  0]LogSlate: Updating window title bar state: overlay mode, drag disabled, window buttons hidden, title bar hidden
[2020.11.02-02.09.07:934][  0]LogSlate: Updating window title bar state: overlay mode, drag disabled, window buttons hidden, title bar hidden
[2020.11.02-02.09.07:940][  0]LogSlate: Updating window title bar state: overlay mode, drag disabled, window buttons hidden, title bar hidden
[2020.11.02-02.09.07:946][  0]LogSlate: Updating window title bar state: overlay mode, drag disabled, window buttons hidden, title bar hidden
[2020.11.02-02.09.07:958][  0]LogCollectionManager: Loaded 0 collections in 0.001620 seconds
[2020.11.02-02.09.07:975][  0]LogFileCache: Scanning file cache for directory 'C:/Users/jseon/Desktop/Ue4CoopGame/CoopGame/Saved/Collections/' took 0.00s
[2020.11.02-02.09.07:975][  0]LogFileCache: Scanning file cache for directory 'C:/Users/jseon/Desktop/Ue4CoopGame/CoopGame/Content/Developers/jseon/Collections/' took 0.00s
[2020.11.02-02.09.07:975][  0]LogFileCache: Scanning file cache for directory 'C:/Users/jseon/Desktop/Ue4CoopGame/CoopGame/Content/Collections/' took 0.00s
[2020.11.02-02.09.07:975][  0]LogContentBrowser: Native class hierarchy populated in 0.0082 seconds. Added 3429 classes and 824 folders.
[2020.11.02-02.09.07:979][  0]LogContentBrowser: Native class hierarchy updated for 'WidgetCarousel' in 0.0003 seconds. Added 0 classes and 0 folders.
[2020.11.02-02.09.08:039][  0]LogContentBrowser: Native class hierarchy updated for 'AddContentDialog' in 0.0003 seconds. Added 0 classes and 0 folders.
[2020.11.02-02.09.08:043][  0]LogContentBrowser: Native class hierarchy updated for 'SceneOutliner' in 0.0004 seconds. Added 2 classes and 0 folders.
[2020.11.02-02.09.08:143][  0]LogContentBrowser: Native class hierarchy updated for 'HierarchicalLODOutliner' in 0.0004 seconds. Added 0 classes and 0 folders.
[2020.11.02-02.09.08:144][  0]LogLoad: (Engine Initialization) Total time: 8.68 seconds
[2020.11.02-02.09.08:144][  0]LogLoad: (Engine Initialization) Total Blueprint compile time: 0.00 seconds
[2020.11.02-02.09.08:241][  0]LogAssetRegistry: Asset discovery search completed in 4.3280 seconds
[2020.11.02-02.09.08:246][  0]LogCollectionManager: Fixed up redirectors for 0 collections in 0.000002 seconds (updated 0 objects)
[2020.11.02-02.09.08:249][  0]LogContentStreaming: Texture pool size now 1000 MB
[2020.11.02-02.09.08:254][  0]LogSlate: Took 0.000160 seconds to synchronously load lazily loaded font '../../../Engine/Content/Slate/Fonts/Roboto-Regular.ttf' (155K)
[2020.11.02-02.09.08:256][  0]LogSlate: Took 0.001331 seconds to synchronously load lazily loaded font '../../../Engine/Content/Editor/Slate/Fonts/NanumGothic.ttf' (4243K)
[2020.11.02-02.09.08:258][  0]LogSlate: Took 0.001471 seconds to synchronously load lazily loaded font '../../../Engine/Content/Editor/Slate/Fonts/NanumGothicBold.ttf' (4188K)
[2020.11.02-02.09.08:259][  0]LogSlate: Took 0.000163 seconds to synchronously load lazily loaded font '../../../Engine/Content/Slate/Fonts/Roboto-Bold.ttf' (160K)
[2020.11.02-02.09.08:262][  0]LogSlate: Took 0.000139 seconds to synchronously load lazily loaded font '../../../Engine/Content/Editor/Slate/Fonts/FontAwesome.ttf' (139K)
[2020.11.02-02.09.08:325][  0]LogRenderer: Reallocating scene render targets to support 716x548 Format 10 NumSamples 1 (Frame:1).
[2020.11.02-02.09.08:326][  0]LogSlate: Took 0.000206 seconds to synchronously load lazily loaded font '../../../Engine/Content/Slate/Fonts/Roboto-Light.ttf' (167K)
[2020.11.02-02.09.48:629][601]LogSlate: Window '프로젝트 세팅' being destroyed
[2020.11.02-02.09.48:635][601]LogSlate: Window '프로젝트 세팅' being destroyed
[2020.11.02-02.09.50:863][853]LogTemp: Repeating last play command: 선택된 뷰포트
[2020.11.02-02.09.50:878][853]LogPlayLevel: PlayLevel: No blueprints needed recompiling
[2020.11.02-02.09.50:878][853]PIE: New page: PIE 세션: Test1 (2020. 11. 2. 오후 8:09:50)
[2020.11.02-02.09.50:880][853]LogOnline: OSS: Creating online subsystem instance for: NULL
[2020.11.02-02.09.50:881][853]LogOnline: OSS: TryLoadSubsystemAndSetDefault: Loaded subsystem for module [NULL]
[2020.11.02-02.09.50:882][853]LogPlayLevel: Creating play world package: /Game/Maps/TestMap/UEDPIE_0_Test1
[2020.11.02-02.09.50:884][853]LogPlayLevel: PIE: StaticDuplicateObject took: (0.002315s)
[2020.11.02-02.09.50:885][853]LogAIModule: Creating AISystem for world Test1
[2020.11.02-02.09.50:885][853]LogAISub: UAISubsystem::UAISubsystem EnvQueryManager (0000018F8BA62200), frame # 4853
[2020.11.02-02.09.50:885][853]LogAISub: UAISubsystem::UAISubsystem AIPerceptionSystem (0000018FA3975580), frame # 4853
[2020.11.02-02.09.50:885][853]LogPlayLevel: PIE: World Init took: (0.001038s)
[2020.11.02-02.09.50:885][853]LogPlayLevel: PIE: Created PIE world by copying editor world from /Game/Maps/TestMap/Test1.Test1 to /Game/Maps/TestMap/UEDPIE_0_Test1.Test1 (0.003683s)
[2020.11.02-02.09.50:893][853]LogUObjectHash: Compacting FUObjectHashTables data took   0.43ms
[2020.11.02-02.09.50:894][853]LogAudioMixer: Display: Audio Mixer Platform Settings:
[2020.11.02-02.09.50:894][853]LogAudioMixer: Display: 	Sample Rate:						  48000
[2020.11.02-02.09.50:894][853]LogAudioMixer: Display: 	Callback Buffer Frame Size Requested: 1024
[2020.11.02-02.09.50:894][853]LogAudioMixer: Display: 	Callback Buffer Frame Size To Use:	  1024
[2020.11.02-02.09.50:894][853]LogAudioMixer: Display: 	Number of buffers to queue:			  2
[2020.11.02-02.09.50:894][853]LogAudioMixer: Display: 	Max Channels (voices):				  32
[2020.11.02-02.09.50:894][853]LogAudioMixer: Display: 	Number of Async Source Workers:		  0
[2020.11.02-02.09.50:894][853]LogAudio: Display: AudioDevice MaxSources: 32
[2020.11.02-02.09.50:895][853]LogAudio: Display: Using built-in audio occlusion.
[2020.11.02-02.09.50:895][853]LogAudioMixer: Display: Initializing audio mixer.
[2020.11.02-02.09.50:910][853]LogAudioMixer: Display: 0: FrontLeft
[2020.11.02-02.09.50:911][853]LogAudioMixer: Display: 1: FrontRight
[2020.11.02-02.09.50:965][853]LogAudioMixer: Display: Using Audio Device 스피커(USB PnP Audio Device)
[2020.11.02-02.09.50:965][853]LogAudioMixer: Display: Initializing Sound Submixes...
[2020.11.02-02.09.50:965][853]LogAudioMixer: Display: Creating Master Submix 'MasterSubmixDefault'
[2020.11.02-02.09.50:965][853]LogAudioMixer: Display: Creating Master Submix 'MasterReverbSubmixDefault'
[2020.11.02-02.09.50:966][853]LogAudioMixer: Display: Creating Master Submix 'MasterEQSubmixDefault'
[2020.11.02-02.09.50:980][853]LogInit: FAudioDevice initialized.
[2020.11.02-02.09.50:989][853]LogLoad: Game class is 'CoopGameGameModeBase'
[2020.11.02-02.09.50:991][853]LogWorld: Bringing World /Game/Maps/TestMap/UEDPIE_0_Test1.Test1 up for play (max tick rate 0) at 2020.11.02-11.09.50
[2020.11.02-02.09.50:991][853]LogWorld: Bringing up level for play took: 0.000890
[2020.11.02-02.09.50:991][853]LogOnline: OSS: Creating online subsystem instance for: :Context_2
[2020.11.02-02.09.50:995][853]LogContentBrowser: Native class hierarchy updated for 'MovieSceneCapture' in 0.0004 seconds. Added 20 classes and 0 folders.
[2020.11.02-02.09.50:996][853]PIE: 서버가 로그인했습니다.
[2020.11.02-02.09.50:996][853]PIE: 에디터에서 플레이 총 시작 시간 0.121초입니다.
[2020.11.02-02.10.17:026][969]LogSlate: Updating window title bar state: overlay mode, drag disabled, window buttons hidden, title bar hidden
[2020.11.02-02.10.17:026][969]LogWorld: BeginTearingDown for /Game/Maps/TestMap/UEDPIE_0_Test1
[2020.11.02-02.10.17:026][969]LogWorld: UWorld::CleanupWorld for Test1, bSessionEnded=true, bCleanupResources=true
[2020.11.02-02.10.17:027][969]LogSlate: InvalidateAllWidgets triggered.  All widgets were invalidated
[2020.11.02-02.10.17:039][969]LogPlayLevel: Display: Shutting down PIE online subsystems
[2020.11.02-02.10.17:040][969]LogSlate: InvalidateAllWidgets triggered.  All widgets were invalidated
[2020.11.02-02.10.17:078][969]LogSlate: Updating window title bar state: overlay mode, drag disabled, window buttons hidden, title bar hidden
[2020.11.02-02.10.17:079][969]LogAISub: UAISubsystem::~UAISubsystem AIPerceptionSystem (0000018FA3975580), frame # 7969
[2020.11.02-02.10.17:079][969]LogAISub: UAISubsystem::~UAISubsystem EnvQueryManager (0000018F8BA62200), frame # 7969
[2020.11.02-02.10.17:079][969]LogUObjectHash: Compacting FUObjectHashTables data took   0.46ms
[2020.11.02-02.10.17:101][970]LogPlayLevel: Display: Destroying online subsystem :Context_2
[2020.11.02-02.12.10:942][810]LogAnimationCompression: Building Anim DDC data for AnimSequence /Game/AnimStarterPack/Jog_Lt_Rifle.Jog_Lt_Rifle
[2020.11.02-02.12.10:944][810]LogSlate: Took 0.000187 seconds to synchronously load lazily loaded font '../../../Engine/Content/Slate/Fonts/Roboto-Light.ttf' (167K)
[2020.11.02-02.12.10:967][810]LogAssetEditorSubsystem: Opening Asset editor for BlendSpace /Game/AnimStarterPack/BS_Jog.BS_Jog
[2020.11.02-02.12.10:991][810]LogContentBrowser: Native class hierarchy updated for 'SkeletonEditor' in 0.0004 seconds. Added 1 classes and 2 folders.
[2020.11.02-02.12.11:161][810]LogActorComponent: RegisterComponentWithWorld: (/Engine/Transient.World_2:PersistentLevel.AnimationEditorPreviewActor_0.DebugSkelMeshComponent_0) Already registered. Aborting.
[2020.11.02-02.12.11:164][810]LogContentBrowser: Native class hierarchy updated for 'PinnedCommandList' in 0.0003 seconds. Added 1 classes and 0 folders.
[2020.11.02-02.12.11:244][810]LogSkeletalMesh: USkeletalMeshComponent::InitArticulated : Bodies already created (/Engine/Transient.World_2:PersistentLevel.AnimationEditorPreviewActor_0.DebugSkelMeshComponent_0) - call TermArticulated first.
[2020.11.02-02.12.11:628][810]LogContentBrowser: Verbose: The majority of assets in the view are of type: AnimSequence
[2020.11.02-02.12.14:542][107]LogSlate: Window 'BS_Jog' being destroyed
[2020.11.02-02.13.38:828][102]LogBlueprint: Warning: [Compiler Ue4ASP_Character] InputAction Event 가  Jump 입력 액션  에 대해 알려지지 않은 'Jump' 액션을 참조합니다.
[2020.11.02-02.13.38:911][102]LogAssetEditorSubsystem: Opening Asset editor for AnimBlueprint /Game/AnimStarterPack/UE4ASP_HeroTPP_AnimBlueprint.UE4ASP_HeroTPP_AnimBlueprint
[2020.11.02-02.13.38:917][102]LogActorComponent: RegisterComponentWithWorld: (/Engine/Transient.World_9:PersistentLevel.AnimationEditorPreviewActor_0.DebugSkelMeshComponent_0) Already registered. Aborting.
[2020.11.02-02.13.39:043][102]LogContentBrowser: Native class hierarchy updated for 'BlueprintGraph' in 0.0007 seconds. Added 125 classes and 0 folders.
[2020.11.02-02.13.39:710][102]LogSkeletalMesh: USkeletalMeshComponent::InitArticulated : Bodies already created (/Engine/Transient.World_9:PersistentLevel.AnimationEditorPreviewActor_0.DebugSkelMeshComponent_0) - call TermArticulated first.
[2020.11.02-02.13.39:986][102]LogSlate: Took 0.000170 seconds to synchronously load lazily loaded font '../../../Engine/Content/Slate/Fonts/Roboto-BoldCondensed.ttf' (158K)
[2020.11.02-02.13.40:063][102]LogContentBrowser: Verbose: The majority of assets in the view are of type: AnimSequence
[2020.11.02-02.13.40:080][103]LogSlate: Took 0.000191 seconds to synchronously load lazily loaded font '../../../Engine/Content/Slate/Fonts/Roboto-Italic.ttf' (157K)
[2020.11.02-02.14.19:191][724]LogWorld: UWorld::CleanupWorld for World_2, bSessionEnded=true, bCleanupResources=true
[2020.11.02-02.14.19:191][724]LogSlate: InvalidateAllWidgets triggered.  All widgets were invalidated
[2020.11.02-02.14.19:289][724]LogWorld: UWorld::CleanupWorld for World_3, bSessionEnded=true, bCleanupResources=true
[2020.11.02-02.14.19:289][724]LogSlate: InvalidateAllWidgets triggered.  All widgets were invalidated
[2020.11.02-02.19.55:581][207]LogUObjectHash: Compacting FUObjectHashTables data took   1.67ms
[2020.11.02-02.19.55:585][207]LogFileHelpers: Editor autosave (incl. sublevels) for '/Game/Maps/TestMap/Test1' took 0.028
[2020.11.02-02.19.55:586][207]OBJ SavePackage: Generating thumbnails for [1] asset(s) in package [/Game/AnimStarterPack/UE4ASP_HeroTPP_AnimBlueprint] ([1] browsable assets)...
[2020.11.02-02.19.55:606][207]OBJ SavePackage:     Rendered thumbnail for [AnimBlueprint /Game/AnimStarterPack/UE4ASP_HeroTPP_AnimBlueprint.UE4ASP_HeroTPP_AnimBlueprint]
[2020.11.02-02.19.55:606][207]OBJ SavePackage: Finished generating thumbnails for package [/Game/AnimStarterPack/UE4ASP_HeroTPP_AnimBlueprint]
[2020.11.02-02.19.55:674][207]LogSavePackage: Moving '../../../../../../Users/jseon/Desktop/Ue4CoopGame/CoopGame/Saved/UE4ASP_HeroTPP_AnimBlueprint_Aut29FC26C849090F0148A0A6862A248063.tmp' to '../../../../../../Users/jseon/Desktop/Ue4CoopGame/CoopGame/Saved/Autosaves/Game/AnimStarterPack/UE4ASP_HeroTPP_AnimBlueprint_Auto1.uasset'
[2020.11.02-02.19.55:675][207]LogFileHelpers: Auto-saving content packages took 0.089
